[0.068s] Invoking command in '/home/kimm/wearable_robot_ws/build/wearable_robot_bringup': CMAKE_PREFIX_PATH=${CMAKE_PREFIX_PATH}:/opt/ros/foxy /usr/bin/cmake --build /home/kimm/wearable_robot_ws/build/wearable_robot_bringup -- -j8 -l8
[0.194s] Invoked command in '/home/kimm/wearable_robot_ws/build/wearable_robot_bringup' returned '0': CMAKE_PREFIX_PATH=${CMAKE_PREFIX_PATH}:/opt/ros/foxy /usr/bin/cmake --build /home/kimm/wearable_robot_ws/build/wearable_robot_bringup -- -j8 -l8
[0.225s] Invoking command in '/home/kimm/wearable_robot_ws/build/wearable_robot_bringup': CMAKE_PREFIX_PATH=${CMAKE_PREFIX_PATH}:/opt/ros/foxy /usr/bin/cmake --install /home/kimm/wearable_robot_ws/build/wearable_robot_bringup
[0.253s] -- Install configuration: ""
[0.256s] -- Execute custom install script
[0.256s] -- Up-to-date symlink: /home/kimm/wearable_robot_ws/install/wearable_robot_bringup/share/wearable_robot_bringup/launch/data_processing.launch.py
[0.256s] -- Up-to-date symlink: /home/kimm/wearable_robot_ws/install/wearable_robot_bringup/share/wearable_robot_bringup/launch/multi_serial_nodes.launch.py
[0.256s] -- Up-to-date symlink: /home/kimm/wearable_robot_ws/install/wearable_robot_bringup/share/wearable_robot_bringup/launch/system.launch.py
[0.257s] -- Up-to-date symlink: /home/kimm/wearable_robot_ws/install/wearable_robot_bringup/share/wearable_robot_bringup/config/calibration_params.yaml
[0.257s] -- Up-to-date symlink: /home/kimm/wearable_robot_ws/install/wearable_robot_bringup/share/wearable_robot_bringup/config/serial_params.yaml
[0.257s] -- Up-to-date symlink: /home/kimm/wearable_robot_ws/install/wearable_robot_bringup/share/wearable_robot_bringup/launch/data_processing.launch.py
[0.261s] -- Up-to-date symlink: /home/kimm/wearable_robot_ws/install/wearable_robot_bringup/share/wearable_robot_bringup/launch/multi_serial_nodes.launch.py
[0.262s] -- Up-to-date symlink: /home/kimm/wearable_robot_ws/install/wearable_robot_bringup/share/wearable_robot_bringup/launch/system.launch.py
[0.263s] -- Up-to-date symlink: /home/kimm/wearable_robot_ws/install/wearable_robot_bringup/share/wearable_robot_bringup/config/calibration_params.yaml
[0.263s] -- Up-to-date symlink: /home/kimm/wearable_robot_ws/install/wearable_robot_bringup/share/wearable_robot_bringup/config/serial_params.yaml
[0.263s] -- Up-to-date symlink: /home/kimm/wearable_robot_ws/install/wearable_robot_bringup/share/ament_index/resource_index/package_run_dependencies/wearable_robot_bringup
[0.264s] -- Up-to-date symlink: /home/kimm/wearable_robot_ws/install/wearable_robot_bringup/share/ament_index/resource_index/parent_prefix_path/wearable_robot_bringup
[0.272s] -- Up-to-date symlink: /home/kimm/wearable_robot_ws/install/wearable_robot_bringup/share/wearable_robot_bringup/environment/ament_prefix_path.sh
[0.274s] -- Up-to-date symlink: /home/kimm/wearable_robot_ws/install/wearable_robot_bringup/share/wearable_robot_bringup/environment/ament_prefix_path.dsv
[0.275s] -- Up-to-date symlink: /home/kimm/wearable_robot_ws/install/wearable_robot_bringup/share/wearable_robot_bringup/environment/path.sh
[0.275s] -- Up-to-date symlink: /home/kimm/wearable_robot_ws/install/wearable_robot_bringup/share/wearable_robot_bringup/environment/path.dsv
[0.275s] -- Up-to-date symlink: /home/kimm/wearable_robot_ws/install/wearable_robot_bringup/share/wearable_robot_bringup/local_setup.bash
[0.275s] -- Up-to-date symlink: /home/kimm/wearable_robot_ws/install/wearable_robot_bringup/share/wearable_robot_bringup/local_setup.sh
[0.275s] -- Up-to-date symlink: /home/kimm/wearable_robot_ws/install/wearable_robot_bringup/share/wearable_robot_bringup/local_setup.zsh
[0.275s] -- Up-to-date symlink: /home/kimm/wearable_robot_ws/install/wearable_robot_bringup/share/wearable_robot_bringup/local_setup.dsv
[0.276s] -- Symlinking: /home/kimm/wearable_robot_ws/install/wearable_robot_bringup/share/wearable_robot_bringup/package.dsv
[0.292s] -- Up-to-date symlink: /home/kimm/wearable_robot_ws/install/wearable_robot_bringup/share/ament_index/resource_index/packages/wearable_robot_bringup
[0.294s] -- Up-to-date symlink: /home/kimm/wearable_robot_ws/install/wearable_robot_bringup/share/wearable_robot_bringup/cmake/wearable_robot_bringupConfig.cmake
[0.295s] -- Up-to-date symlink: /home/kimm/wearable_robot_ws/install/wearable_robot_bringup/share/wearable_robot_bringup/cmake/wearable_robot_bringupConfig-version.cmake
[0.296s] -- Up-to-date symlink: /home/kimm/wearable_robot_ws/install/wearable_robot_bringup/share/wearable_robot_bringup/package.xml
[0.306s] Invoked command in '/home/kimm/wearable_robot_ws/build/wearable_robot_bringup' returned '0': CMAKE_PREFIX_PATH=${CMAKE_PREFIX_PATH}:/opt/ros/foxy /usr/bin/cmake --install /home/kimm/wearable_robot_ws/build/wearable_robot_bringup
