[0.078s] Invoking command in '/home/kimm/wearable_robot_ws/build/ros2_socketcan': CMAKE_PREFIX_PATH=/home/kimm/wearable_robot_ws/install/ros2_socketcan_msgs:/home/kimm/wearable_robot_ws/install/wearable_robot_data_processing:/home/kimm/wearable_robot_ws/install/wearable_robot_interfaces:/home/kimm/wearable_robot_ws/install/wearable_robot_control:/home/kimm/wearable_robot_ws/install/wearable_robot_bringup:/home/kimm/wearable_robot_ws/install/ros2_socketcan:/home/kimm/install/can_data_extractor:/opt/ros/foxy LD_LIBRARY_PATH=/home/kimm/wearable_robot_ws/install/ros2_socketcan_msgs/lib:/home/kimm/wearable_robot_ws/install/wearable_robot_interfaces/lib:/home/kimm/wearable_robot_ws/install/ros2_socketcan/lib:/opt/ros/foxy/opt/yaml_cpp_vendor/lib:/opt/ros/foxy/opt/rviz_ogre_vendor/lib:/opt/ros/foxy/lib/aarch64-linux-gnu:/opt/ros/foxy/lib PYTHONPATH=/home/kimm/wearable_robot_ws/install/ros2_socketcan_msgs/lib/python3.8/site-packages:/home/kimm/wearable_robot_ws/install/wearable_robot_interfaces/lib/python3.8/site-packages:/opt/ros/foxy/lib/python3.8/site-packages /usr/bin/cmake --build /home/kimm/wearable_robot_ws/build/ros2_socketcan -- -j8 -l8
[0.297s] [  9%] Built target gtest_main
[0.310s] [ 19%] Built target gtest
[0.315s] [ 28%] Built target socket_can_sender_node_exe
[0.322s] [ 52%] Built target ros2_socketcan
[0.333s] [ 61%] Built target socket_can_receiver_node_exe
[0.400s] [ 80%] Built target ros2_socketcan_test
[0.425s] [ 90%] Built target socket_can_receiver_node
[0.499s] [100%] Built target socket_can_sender_node
[0.530s] Invoked command in '/home/kimm/wearable_robot_ws/build/ros2_socketcan' returned '0': CMAKE_PREFIX_PATH=/home/kimm/wearable_robot_ws/install/ros2_socketcan_msgs:/home/kimm/wearable_robot_ws/install/wearable_robot_data_processing:/home/kimm/wearable_robot_ws/install/wearable_robot_interfaces:/home/kimm/wearable_robot_ws/install/wearable_robot_control:/home/kimm/wearable_robot_ws/install/wearable_robot_bringup:/home/kimm/wearable_robot_ws/install/ros2_socketcan:/home/kimm/install/can_data_extractor:/opt/ros/foxy LD_LIBRARY_PATH=/home/kimm/wearable_robot_ws/install/ros2_socketcan_msgs/lib:/home/kimm/wearable_robot_ws/install/wearable_robot_interfaces/lib:/home/kimm/wearable_robot_ws/install/ros2_socketcan/lib:/opt/ros/foxy/opt/yaml_cpp_vendor/lib:/opt/ros/foxy/opt/rviz_ogre_vendor/lib:/opt/ros/foxy/lib/aarch64-linux-gnu:/opt/ros/foxy/lib PYTHONPATH=/home/kimm/wearable_robot_ws/install/ros2_socketcan_msgs/lib/python3.8/site-packages:/home/kimm/wearable_robot_ws/install/wearable_robot_interfaces/lib/python3.8/site-packages:/opt/ros/foxy/lib/python3.8/site-packages /usr/bin/cmake --build /home/kimm/wearable_robot_ws/build/ros2_socketcan -- -j8 -l8
[0.539s] Invoking command in '/home/kimm/wearable_robot_ws/build/ros2_socketcan': CMAKE_PREFIX_PATH=/home/kimm/wearable_robot_ws/install/ros2_socketcan_msgs:/home/kimm/wearable_robot_ws/install/wearable_robot_data_processing:/home/kimm/wearable_robot_ws/install/wearable_robot_interfaces:/home/kimm/wearable_robot_ws/install/wearable_robot_control:/home/kimm/wearable_robot_ws/install/wearable_robot_bringup:/home/kimm/wearable_robot_ws/install/ros2_socketcan:/home/kimm/install/can_data_extractor:/opt/ros/foxy LD_LIBRARY_PATH=/home/kimm/wearable_robot_ws/install/ros2_socketcan_msgs/lib:/home/kimm/wearable_robot_ws/install/wearable_robot_interfaces/lib:/home/kimm/wearable_robot_ws/install/ros2_socketcan/lib:/opt/ros/foxy/opt/yaml_cpp_vendor/lib:/opt/ros/foxy/opt/rviz_ogre_vendor/lib:/opt/ros/foxy/lib/aarch64-linux-gnu:/opt/ros/foxy/lib PYTHONPATH=/home/kimm/wearable_robot_ws/install/ros2_socketcan_msgs/lib/python3.8/site-packages:/home/kimm/wearable_robot_ws/install/wearable_robot_interfaces/lib/python3.8/site-packages:/opt/ros/foxy/lib/python3.8/site-packages /usr/bin/cmake --install /home/kimm/wearable_robot_ws/build/ros2_socketcan
[0.560s] -- Install configuration: ""
[0.560s] -- Execute custom install script
[0.561s] -- Up-to-date symlink: /home/kimm/wearable_robot_ws/install/ros2_socketcan/lib/ros2_socketcan/socket_can_receiver_node_exe
[0.562s] -- Up-to-date symlink: /home/kimm/wearable_robot_ws/install/ros2_socketcan/lib/ros2_socketcan/socket_can_sender_node_exe
[0.563s] -- Up-to-date symlink: /home/kimm/wearable_robot_ws/install/ros2_socketcan/include/ros2_socketcan/socket_can_common.hpp
[0.564s] -- Up-to-date symlink: /home/kimm/wearable_robot_ws/install/ros2_socketcan/include/ros2_socketcan/socket_can_id.hpp
[0.564s] -- Up-to-date symlink: /home/kimm/wearable_robot_ws/install/ros2_socketcan/include/ros2_socketcan/socket_can_receiver.hpp
[0.564s] -- Up-to-date symlink: /home/kimm/wearable_robot_ws/install/ros2_socketcan/include/ros2_socketcan/socket_can_receiver_node.hpp
[0.565s] -- Up-to-date symlink: /home/kimm/wearable_robot_ws/install/ros2_socketcan/include/ros2_socketcan/socket_can_sender.hpp
[0.565s] -- Up-to-date symlink: /home/kimm/wearable_robot_ws/install/ros2_socketcan/include/ros2_socketcan/socket_can_sender_node.hpp
[0.565s] -- Up-to-date symlink: /home/kimm/wearable_robot_ws/install/ros2_socketcan/include/ros2_socketcan/visibility_control.hpp
[0.570s] -- Up-to-date symlink: /home/kimm/wearable_robot_ws/install/ros2_socketcan/share/ros2_socketcan/environment/library_path.sh
[0.570s] -- Up-to-date symlink: /home/kimm/wearable_robot_ws/install/ros2_socketcan/share/ros2_socketcan/environment/library_path.dsv
[0.570s] -- Up-to-date symlink: /home/kimm/wearable_robot_ws/install/ros2_socketcan/lib/libros2_socketcan.so
[0.571s] -- Up-to-date symlink: /home/kimm/wearable_robot_ws/install/ros2_socketcan/lib/libsocket_can_receiver_node.so
[0.571s] -- Up-to-date symlink: /home/kimm/wearable_robot_ws/install/ros2_socketcan/lib/libsocket_can_sender_node.so
[0.571s] -- Up-to-date symlink: /home/kimm/wearable_robot_ws/install/ros2_socketcan/share/ros2_socketcan/launch/socket_can_bridge.launch.xml
[0.573s] -- Up-to-date symlink: /home/kimm/wearable_robot_ws/install/ros2_socketcan/share/ros2_socketcan/launch/socket_can_receiver.launch.py
[0.574s] -- Up-to-date symlink: /home/kimm/wearable_robot_ws/install/ros2_socketcan/share/ros2_socketcan/launch/socket_can_sender.launch.py
[0.574s] -- Up-to-date symlink: /home/kimm/wearable_robot_ws/install/ros2_socketcan/share/ament_index/resource_index/package_run_dependencies/ros2_socketcan
[0.574s] -- Up-to-date symlink: /home/kimm/wearable_robot_ws/install/ros2_socketcan/share/ament_index/resource_index/parent_prefix_path/ros2_socketcan
[0.576s] -- Up-to-date symlink: /home/kimm/wearable_robot_ws/install/ros2_socketcan/share/ros2_socketcan/environment/ament_prefix_path.sh
[0.576s] -- Up-to-date symlink: /home/kimm/wearable_robot_ws/install/ros2_socketcan/share/ros2_socketcan/environment/ament_prefix_path.dsv
[0.576s] -- Up-to-date symlink: /home/kimm/wearable_robot_ws/install/ros2_socketcan/share/ros2_socketcan/environment/path.sh
[0.576s] -- Up-to-date symlink: /home/kimm/wearable_robot_ws/install/ros2_socketcan/share/ros2_socketcan/environment/path.dsv
[0.576s] -- Up-to-date symlink: /home/kimm/wearable_robot_ws/install/ros2_socketcan/share/ros2_socketcan/local_setup.bash
[0.577s] -- Up-to-date symlink: /home/kimm/wearable_robot_ws/install/ros2_socketcan/share/ros2_socketcan/local_setup.sh
[0.577s] -- Up-to-date symlink: /home/kimm/wearable_robot_ws/install/ros2_socketcan/share/ros2_socketcan/local_setup.zsh
[0.577s] -- Up-to-date symlink: /home/kimm/wearable_robot_ws/install/ros2_socketcan/share/ros2_socketcan/local_setup.dsv
[0.577s] -- Symlinking: /home/kimm/wearable_robot_ws/install/ros2_socketcan/share/ros2_socketcan/package.dsv
[0.598s] -- Up-to-date symlink: /home/kimm/wearable_robot_ws/install/ros2_socketcan/share/ament_index/resource_index/packages/ros2_socketcan
[0.599s] -- Up-to-date symlink: /home/kimm/wearable_robot_ws/install/ros2_socketcan/share/ament_index/resource_index/rclcpp_components/ros2_socketcan
[0.599s] -- Up-to-date symlink: /home/kimm/wearable_robot_ws/install/ros2_socketcan/share/ros2_socketcan/cmake/ament_cmake_export_dependencies-extras.cmake
[0.599s] -- Up-to-date symlink: /home/kimm/wearable_robot_ws/install/ros2_socketcan/share/ros2_socketcan/cmake/ament_cmake_export_include_directories-extras.cmake
[0.599s] -- Up-to-date symlink: /home/kimm/wearable_robot_ws/install/ros2_socketcan/share/ros2_socketcan/cmake/ament_cmake_export_libraries-extras.cmake
[0.600s] -- Up-to-date symlink: /home/kimm/wearable_robot_ws/install/ros2_socketcan/share/ros2_socketcan/cmake/ros2_socketcanConfig.cmake
[0.603s] -- Up-to-date symlink: /home/kimm/wearable_robot_ws/install/ros2_socketcan/share/ros2_socketcan/cmake/ros2_socketcanConfig-version.cmake
[0.604s] -- Up-to-date symlink: /home/kimm/wearable_robot_ws/install/ros2_socketcan/share/ros2_socketcan/package.xml
[0.609s] Invoked command in '/home/kimm/wearable_robot_ws/build/ros2_socketcan' returned '0': CMAKE_PREFIX_PATH=/home/kimm/wearable_robot_ws/install/ros2_socketcan_msgs:/home/kimm/wearable_robot_ws/install/wearable_robot_data_processing:/home/kimm/wearable_robot_ws/install/wearable_robot_interfaces:/home/kimm/wearable_robot_ws/install/wearable_robot_control:/home/kimm/wearable_robot_ws/install/wearable_robot_bringup:/home/kimm/wearable_robot_ws/install/ros2_socketcan:/home/kimm/install/can_data_extractor:/opt/ros/foxy LD_LIBRARY_PATH=/home/kimm/wearable_robot_ws/install/ros2_socketcan_msgs/lib:/home/kimm/wearable_robot_ws/install/wearable_robot_interfaces/lib:/home/kimm/wearable_robot_ws/install/ros2_socketcan/lib:/opt/ros/foxy/opt/yaml_cpp_vendor/lib:/opt/ros/foxy/opt/rviz_ogre_vendor/lib:/opt/ros/foxy/lib/aarch64-linux-gnu:/opt/ros/foxy/lib PYTHONPATH=/home/kimm/wearable_robot_ws/install/ros2_socketcan_msgs/lib/python3.8/site-packages:/home/kimm/wearable_robot_ws/install/wearable_robot_interfaces/lib/python3.8/site-packages:/opt/ros/foxy/lib/python3.8/site-packages /usr/bin/cmake --install /home/kimm/wearable_robot_ws/build/ros2_socketcan
