[0.049s] Invoking command in '/home/kimm/wearable_robot_ws/build/wearable_robot_data_processing': CMAKE_PREFIX_PATH=/home/kimm/wearable_robot_ws/install/ros2_socketcan:/home/kimm/wearable_robot_ws/install/wearable_robot_interfaces:/home/kimm/wearable_robot_ws/install/ros2_socketcan_msgs:/home/kimm/wearable_robot_ws/install/wearable_robot_hw:/home/kimm/wearable_robot_ws/install/wearable_robot_data_processing:/home/kimm/wearable_robot_ws/install/wearable_robot_control:/home/kimm/wearable_robot_ws/install/wearable_robot_bringup:/home/kimm/wearable_robot_ws/install/can_comm:/home/kimm/install/can_data_extractor:/opt/ros/foxy LD_LIBRARY_PATH=/home/kimm/wearable_robot_ws/install/ros2_socketcan/lib:/home/kimm/wearable_robot_ws/install/wearable_robot_interfaces/lib:/home/kimm/wearable_robot_ws/install/ros2_socketcan_msgs/lib:/opt/ros/foxy/opt/yaml_cpp_vendor/lib:/opt/ros/foxy/opt/rviz_ogre_vendor/lib:/opt/ros/foxy/lib/aarch64-linux-gnu:/opt/ros/foxy/lib /usr/bin/cmake --build /home/kimm/wearable_robot_ws/build/wearable_robot_data_processing -- -j8 -l8
[0.162s] [35m[1mScanning dependencies of target can_data_processor[0m
[0.202s] [ 40%] Built target data_parser_node
[0.202s] [ 40%] Built target displacement_data_logger
[0.205s] [ 60%] Built target displacement_processing_node
[0.235s] [ 80%] Built target IMU_processing_node
[0.241s] [ 90%] [32mBuilding CXX object CMakeFiles/can_data_processor.dir/src/can_data_processor.cpp.o[0m
[3.489s] [01m[K/home/kimm/wearable_robot_ws/src/wearable_robot_data_processing/src/can_data_processor.cpp:[m[K In member function ‘[01m[Kvoid CanDataProcessor::canFdCallback(ros2_socketcan_msgs::msg::FdFrame_<std::allocator<void> >::SharedPtr)[m[K’:
[3.489s] [01m[K/home/kimm/wearable_robot_ws/src/wearable_robot_data_processing/src/can_data_processor.cpp:42:50:[m[K [01;31m[Kerror: [m[Kno matching function for call to ‘[01m[Krosidl_runtime_cpp::BoundedVector<unsigned char, 64, std::allocator<unsigned char> >::data()[m[K’
[3.490s]    42 |         const uint8_t* raw_data = msg->data.data([01;31m[K)[m[K;
[3.490s]       |                                                  [01;31m[K^[m[K
[3.490s] In file included from [01m[K/opt/ros/foxy/include/builtin_interfaces/msg/detail/duration__struct.hpp:8[m[K,
[3.490s]                  from [01m[K/opt/ros/foxy/include/builtin_interfaces/msg/duration.hpp:7[m[K,
[3.490s]                  from [01m[K/opt/ros/foxy/include/rclcpp/duration.hpp:20[m[K,
[3.490s]                  from [01m[K/opt/ros/foxy/include/rclcpp/qos.hpp:20[m[K,
[3.490s]                  from [01m[K/opt/ros/foxy/include/rclcpp/node_interfaces/node_graph_interface.hpp:31[m[K,
[3.491s]                  from [01m[K/opt/ros/foxy/include/rclcpp/client.hpp:34[m[K,
[3.491s]                  from [01m[K/opt/ros/foxy/include/rclcpp/callback_group.hpp:23[m[K,
[3.491s]                  from [01m[K/opt/ros/foxy/include/rclcpp/any_executable.hpp:20[m[K,
[3.491s]                  from [01m[K/opt/ros/foxy/include/rclcpp/memory_strategy.hpp:24[m[K,
[3.491s]                  from [01m[K/opt/ros/foxy/include/rclcpp/memory_strategies.hpp:18[m[K,
[3.491s]                  from [01m[K/opt/ros/foxy/include/rclcpp/executor_options.hpp:20[m[K,
[3.491s]                  from [01m[K/opt/ros/foxy/include/rclcpp/executor.hpp:33[m[K,
[3.492s]                  from [01m[K/opt/ros/foxy/include/rclcpp/executors/multi_threaded_executor.hpp:26[m[K,
[3.492s]                  from [01m[K/opt/ros/foxy/include/rclcpp/executors.hpp:21[m[K,
[3.492s]                  from [01m[K/opt/ros/foxy/include/rclcpp/rclcpp.hpp:146[m[K,
[3.492s]                  from [01m[K/home/kimm/wearable_robot_ws/src/wearable_robot_data_processing/src/can_data_processor.cpp:1[m[K:
[3.492s] [01m[K/opt/ros/foxy/include/rosidl_runtime_cpp/bounded_vector.hpp:418:3:[m[K [01;36m[Knote: [m[Kcandidate: ‘[01m[Ktemplate<class T, typename std::enable_if<((! std::is_same<T, unsigned char>::value) && (! std::is_same<T, bool>::value)), void>::type* <anonymous> > T* rosidl_runtime_cpp::BoundedVector<Tp, UpperBound, Alloc>::data() [with T = T; typename std::enable_if<((! std::is_same<T, Tp>::value) && (! std::is_same<T, bool>::value))>::type* <anonymous> = <enumerator>; Tp = unsigned char; long unsigned int UpperBound = 64; Alloc = std::allocator<unsigned char>][m[K’
[3.492s]   418 |   [01;36m[Kdata[m[K() noexcept
[3.492s]       |   [01;36m[K^~~~[m[K
[3.493s] [01m[K/opt/ros/foxy/include/rosidl_runtime_cpp/bounded_vector.hpp:418:3:[m[K [01;36m[Knote: [m[K  template argument deduction/substitution failed:
[3.493s] [01m[K/home/kimm/wearable_robot_ws/src/wearable_robot_data_processing/src/can_data_processor.cpp:42:50:[m[K [01;36m[Knote: [m[K  couldn’t deduce template parameter ‘[01m[KT[m[K’
[3.493s]    42 |         const uint8_t* raw_data = msg->data.data([01;36m[K)[m[K;
[3.493s]       |                                                  [01;36m[K^[m[K
[3.493s] In file included from [01m[K/opt/ros/foxy/include/builtin_interfaces/msg/detail/duration__struct.hpp:8[m[K,
[3.493s]                  from [01m[K/opt/ros/foxy/include/builtin_interfaces/msg/duration.hpp:7[m[K,
[3.493s]                  from [01m[K/opt/ros/foxy/include/rclcpp/duration.hpp:20[m[K,
[3.493s]                  from [01m[K/opt/ros/foxy/include/rclcpp/qos.hpp:20[m[K,
[3.494s]                  from [01m[K/opt/ros/foxy/include/rclcpp/node_interfaces/node_graph_interface.hpp:31[m[K,
[3.494s]                  from [01m[K/opt/ros/foxy/include/rclcpp/client.hpp:34[m[K,
[3.494s]                  from [01m[K/opt/ros/foxy/include/rclcpp/callback_group.hpp:23[m[K,
[3.494s]                  from [01m[K/opt/ros/foxy/include/rclcpp/any_executable.hpp:20[m[K,
[3.494s]                  from [01m[K/opt/ros/foxy/include/rclcpp/memory_strategy.hpp:24[m[K,
[3.495s]                  from [01m[K/opt/ros/foxy/include/rclcpp/memory_strategies.hpp:18[m[K,
[3.495s]                  from [01m[K/opt/ros/foxy/include/rclcpp/executor_options.hpp:20[m[K,
[3.495s]                  from [01m[K/opt/ros/foxy/include/rclcpp/executor.hpp:33[m[K,
[3.495s]                  from [01m[K/opt/ros/foxy/include/rclcpp/executors/multi_threaded_executor.hpp:26[m[K,
[3.496s]                  from [01m[K/opt/ros/foxy/include/rclcpp/executors.hpp:21[m[K,
[3.496s]                  from [01m[K/opt/ros/foxy/include/rclcpp/rclcpp.hpp:146[m[K,
[3.498s]                  from [01m[K/home/kimm/wearable_robot_ws/src/wearable_robot_data_processing/src/can_data_processor.cpp:1[m[K:
[3.499s] [01m[K/opt/ros/foxy/include/rosidl_runtime_cpp/bounded_vector.hpp:431:3:[m[K [01;36m[Knote: [m[Kcandidate: ‘[01m[Ktemplate<class T, typename std::enable_if<((! std::is_same<T, unsigned char>::value) && (! std::is_same<T, bool>::value)), void>::type* <anonymous> > const T* rosidl_runtime_cpp::BoundedVector<Tp, UpperBound, Alloc>::data() const [with T = T; typename std::enable_if<((! std::is_same<T, Tp>::value) && (! std::is_same<T, bool>::value))>::type* <anonymous> = <enumerator>; Tp = unsigned char; long unsigned int UpperBound = 64; Alloc = std::allocator<unsigned char>][m[K’
[3.499s]   431 |   [01;36m[Kdata[m[K() const noexcept
[3.499s]       |   [01;36m[K^~~~[m[K
[3.500s] [01m[K/opt/ros/foxy/include/rosidl_runtime_cpp/bounded_vector.hpp:431:3:[m[K [01;36m[Knote: [m[K  template argument deduction/substitution failed:
[3.500s] [01m[K/home/kimm/wearable_robot_ws/src/wearable_robot_data_processing/src/can_data_processor.cpp:42:50:[m[K [01;36m[Knote: [m[K  couldn’t deduce template parameter ‘[01m[KT[m[K’
[3.500s]    42 |         const uint8_t* raw_data = msg->data.data([01;36m[K)[m[K;
[3.501s]       |                                                  [01;36m[K^[m[K
[3.507s] [01m[K/home/kimm/wearable_robot_ws/src/wearable_robot_data_processing/src/can_data_processor.cpp:59:50:[m[K [01;31m[Kerror: [m[Kno matching function for call to ‘[01m[Krosidl_runtime_cpp::BoundedVector<unsigned char, 64, std::allocator<unsigned char> >::data()[m[K’
[3.508s]    59 |         const uint8_t* raw_data = msg->data.data([01;31m[K)[m[K;
[3.508s]       |                                                  [01;31m[K^[m[K
[3.508s] In file included from [01m[K/opt/ros/foxy/include/builtin_interfaces/msg/detail/duration__struct.hpp:8[m[K,
[3.508s]                  from [01m[K/opt/ros/foxy/include/builtin_interfaces/msg/duration.hpp:7[m[K,
[3.508s]                  from [01m[K/opt/ros/foxy/include/rclcpp/duration.hpp:20[m[K,
[3.508s]                  from [01m[K/opt/ros/foxy/include/rclcpp/qos.hpp:20[m[K,
[3.509s]                  from [01m[K/opt/ros/foxy/include/rclcpp/node_interfaces/node_graph_interface.hpp:31[m[K,
[3.509s]                  from [01m[K/opt/ros/foxy/include/rclcpp/client.hpp:34[m[K,
[3.509s]                  from [01m[K/opt/ros/foxy/include/rclcpp/callback_group.hpp:23[m[K,
[3.509s]                  from [01m[K/opt/ros/foxy/include/rclcpp/any_executable.hpp:20[m[K,
[3.509s]                  from [01m[K/opt/ros/foxy/include/rclcpp/memory_strategy.hpp:24[m[K,
[3.509s]                  from [01m[K/opt/ros/foxy/include/rclcpp/memory_strategies.hpp:18[m[K,
[3.509s]                  from [01m[K/opt/ros/foxy/include/rclcpp/executor_options.hpp:20[m[K,
[3.510s]                  from [01m[K/opt/ros/foxy/include/rclcpp/executor.hpp:33[m[K,
[3.510s]                  from [01m[K/opt/ros/foxy/include/rclcpp/executors/multi_threaded_executor.hpp:26[m[K,
[3.510s]                  from [01m[K/opt/ros/foxy/include/rclcpp/executors.hpp:21[m[K,
[3.510s]                  from [01m[K/opt/ros/foxy/include/rclcpp/rclcpp.hpp:146[m[K,
[3.510s]                  from [01m[K/home/kimm/wearable_robot_ws/src/wearable_robot_data_processing/src/can_data_processor.cpp:1[m[K:
[3.510s] [01m[K/opt/ros/foxy/include/rosidl_runtime_cpp/bounded_vector.hpp:418:3:[m[K [01;36m[Knote: [m[Kcandidate: ‘[01m[Ktemplate<class T, typename std::enable_if<((! std::is_same<T, unsigned char>::value) && (! std::is_same<T, bool>::value)), void>::type* <anonymous> > T* rosidl_runtime_cpp::BoundedVector<Tp, UpperBound, Alloc>::data() [with T = T; typename std::enable_if<((! std::is_same<T, Tp>::value) && (! std::is_same<T, bool>::value))>::type* <anonymous> = <enumerator>; Tp = unsigned char; long unsigned int UpperBound = 64; Alloc = std::allocator<unsigned char>][m[K’
[3.510s]   418 |   [01;36m[Kdata[m[K() noexcept
[3.511s]       |   [01;36m[K^~~~[m[K
[3.511s] [01m[K/opt/ros/foxy/include/rosidl_runtime_cpp/bounded_vector.hpp:418:3:[m[K [01;36m[Knote: [m[K  template argument deduction/substitution failed:
[3.511s] [01m[K/home/kimm/wearable_robot_ws/src/wearable_robot_data_processing/src/can_data_processor.cpp:59:50:[m[K [01;36m[Knote: [m[K  couldn’t deduce template parameter ‘[01m[KT[m[K’
[3.511s]    59 |         const uint8_t* raw_data = msg->data.data([01;36m[K)[m[K;
[3.511s]       |                                                  [01;36m[K^[m[K
[3.511s] In file included from [01m[K/opt/ros/foxy/include/builtin_interfaces/msg/detail/duration__struct.hpp:8[m[K,
[3.512s]                  from [01m[K/opt/ros/foxy/include/builtin_interfaces/msg/duration.hpp:7[m[K,
[3.512s]                  from [01m[K/opt/ros/foxy/include/rclcpp/duration.hpp:20[m[K,
[3.512s]                  from [01m[K/opt/ros/foxy/include/rclcpp/qos.hpp:20[m[K,
[3.512s]                  from [01m[K/opt/ros/foxy/include/rclcpp/node_interfaces/node_graph_interface.hpp:31[m[K,
[3.513s]                  from [01m[K/opt/ros/foxy/include/rclcpp/client.hpp:34[m[K,
[3.513s]                  from [01m[K/opt/ros/foxy/include/rclcpp/callback_group.hpp:23[m[K,
[3.513s]                  from [01m[K/opt/ros/foxy/include/rclcpp/any_executable.hpp:20[m[K,
[3.513s]                  from [01m[K/opt/ros/foxy/include/rclcpp/memory_strategy.hpp:24[m[K,
[3.513s]                  from [01m[K/opt/ros/foxy/include/rclcpp/memory_strategies.hpp:18[m[K,
[3.514s]                  from [01m[K/opt/ros/foxy/include/rclcpp/executor_options.hpp:20[m[K,
[3.514s]                  from [01m[K/opt/ros/foxy/include/rclcpp/executor.hpp:33[m[K,
[3.514s]                  from [01m[K/opt/ros/foxy/include/rclcpp/executors/multi_threaded_executor.hpp:26[m[K,
[3.514s]                  from [01m[K/opt/ros/foxy/include/rclcpp/executors.hpp:21[m[K,
[3.514s]                  from [01m[K/opt/ros/foxy/include/rclcpp/rclcpp.hpp:146[m[K,
[3.514s]                  from [01m[K/home/kimm/wearable_robot_ws/src/wearable_robot_data_processing/src/can_data_processor.cpp:1[m[K:
[3.515s] [01m[K/opt/ros/foxy/include/rosidl_runtime_cpp/bounded_vector.hpp:431:3:[m[K [01;36m[Knote: [m[Kcandidate: ‘[01m[Ktemplate<class T, typename std::enable_if<((! std::is_same<T, unsigned char>::value) && (! std::is_same<T, bool>::value)), void>::type* <anonymous> > const T* rosidl_runtime_cpp::BoundedVector<Tp, UpperBound, Alloc>::data() const [with T = T; typename std::enable_if<((! std::is_same<T, Tp>::value) && (! std::is_same<T, bool>::value))>::type* <anonymous> = <enumerator>; Tp = unsigned char; long unsigned int UpperBound = 64; Alloc = std::allocator<unsigned char>][m[K’
[3.515s]   431 |   [01;36m[Kdata[m[K() const noexcept
[3.515s]       |   [01;36m[K^~~~[m[K
[3.515s] [01m[K/opt/ros/foxy/include/rosidl_runtime_cpp/bounded_vector.hpp:431:3:[m[K [01;36m[Knote: [m[K  template argument deduction/substitution failed:
[3.515s] [01m[K/home/kimm/wearable_robot_ws/src/wearable_robot_data_processing/src/can_data_processor.cpp:59:50:[m[K [01;36m[Knote: [m[K  couldn’t deduce template parameter ‘[01m[KT[m[K’
[3.516s]    59 |         const uint8_t* raw_data = msg->data.data([01;36m[K)[m[K;
[3.516s]       |                                                  [01;36m[K^[m[K
[7.554s] make[2]: *** [CMakeFiles/can_data_processor.dir/build.make:63: CMakeFiles/can_data_processor.dir/src/can_data_processor.cpp.o] Error 1
[7.554s] make[1]: *** [CMakeFiles/Makefile2:221: CMakeFiles/can_data_processor.dir/all] Error 2
[7.555s] make: *** [Makefile:141: all] Error 2
[7.561s] Invoked command in '/home/kimm/wearable_robot_ws/build/wearable_robot_data_processing' returned '2': CMAKE_PREFIX_PATH=/home/kimm/wearable_robot_ws/install/ros2_socketcan:/home/kimm/wearable_robot_ws/install/wearable_robot_interfaces:/home/kimm/wearable_robot_ws/install/ros2_socketcan_msgs:/home/kimm/wearable_robot_ws/install/wearable_robot_hw:/home/kimm/wearable_robot_ws/install/wearable_robot_data_processing:/home/kimm/wearable_robot_ws/install/wearable_robot_control:/home/kimm/wearable_robot_ws/install/wearable_robot_bringup:/home/kimm/wearable_robot_ws/install/can_comm:/home/kimm/install/can_data_extractor:/opt/ros/foxy LD_LIBRARY_PATH=/home/kimm/wearable_robot_ws/install/ros2_socketcan/lib:/home/kimm/wearable_robot_ws/install/wearable_robot_interfaces/lib:/home/kimm/wearable_robot_ws/install/ros2_socketcan_msgs/lib:/opt/ros/foxy/opt/yaml_cpp_vendor/lib:/opt/ros/foxy/opt/rviz_ogre_vendor/lib:/opt/ros/foxy/lib/aarch64-linux-gnu:/opt/ros/foxy/lib /usr/bin/cmake --build /home/kimm/wearable_robot_ws/build/wearable_robot_data_processing -- -j8 -l8
