[0.104s] Invoking command in '/home/kimm/wearable_robot_ws/build/wearable_robot_interfaces': CMAKE_PREFIX_PATH=${CMAKE_PREFIX_PATH}:/opt/ros/foxy /usr/bin/cmake --build /home/kimm/wearable_robot_ws/build/wearable_robot_interfaces -- -j8 -l8
[0.452s] [  2%] Built target wearable_robot_interfaces__cpp
[0.452s] [ 12%] Built target wearable_robot_interfaces__rosidl_generator_c
[0.559s] [ 46%] Built target wearable_robot_interfaces__rosidl_typesupport_cpp
[0.559s] [ 47%] Built target wearable_robot_interfaces__rosidl_typesupport_introspection_cpp
[0.559s] [ 47%] Built target wearable_robot_interfaces__rosidl_typesupport_c
[0.560s] [ 58%] Built target wearable_robot_interfaces__rosidl_typesupport_fastrtps_cpp
[0.576s] [ 70%] Built target wearable_robot_interfaces__rosidl_typesupport_introspection_c
[0.660s] [ 82%] Built target wearable_robot_interfaces__rosidl_typesupport_fastrtps_c
[0.719s] [ 82%] Built target wearable_robot_interfaces
[0.783s] [ 83%] Built target wearable_robot_interfaces__py
[0.894s] [ 94%] Built target wearable_robot_interfaces__python
[0.983s] [ 97%] Built target wearable_robot_interfaces__rosidl_typesupport_fastrtps_c__pyext
[0.984s] [ 98%] Built target wearable_robot_interfaces__rosidl_typesupport_c__pyext
[0.997s] [100%] Built target wearable_robot_interfaces__rosidl_typesupport_introspection_c__pyext
[1.029s] Invoked command in '/home/kimm/wearable_robot_ws/build/wearable_robot_interfaces' returned '0': CMAKE_PREFIX_PATH=${CMAKE_PREFIX_PATH}:/opt/ros/foxy /usr/bin/cmake --build /home/kimm/wearable_robot_ws/build/wearable_robot_interfaces -- -j8 -l8
[1.036s] Invoking command in '/home/kimm/wearable_robot_ws/build/wearable_robot_interfaces': CMAKE_PREFIX_PATH=${CMAKE_PREFIX_PATH}:/opt/ros/foxy /usr/bin/cmake --install /home/kimm/wearable_robot_ws/build/wearable_robot_interfaces
[1.063s] -- Install configuration: ""
[1.071s] -- Execute custom install script
[1.071s] -- Up-to-date symlink: /home/kimm/wearable_robot_ws/install/wearable_robot_interfaces/share/ament_index/resource_index/rosidl_interfaces/wearable_robot_interfaces
[1.073s] -- Up-to-date symlink: /home/kimm/wearable_robot_ws/install/wearable_robot_interfaces/include/wearable_robot_interfaces/msg/actuator_command.h
[1.073s] -- Up-to-date symlink: /home/kimm/wearable_robot_ws/install/wearable_robot_interfaces/include/wearable_robot_interfaces/msg/can_data.h
[1.074s] -- Up-to-date symlink: /home/kimm/wearable_robot_ws/install/wearable_robot_interfaces/include/wearable_robot_interfaces/msg/detail/actuator_command__functions.h
[1.074s] -- Up-to-date symlink: /home/kimm/wearable_robot_ws/install/wearable_robot_interfaces/include/wearable_robot_interfaces/msg/detail/actuator_command__struct.h
[1.075s] -- Up-to-date symlink: /home/kimm/wearable_robot_ws/install/wearable_robot_interfaces/include/wearable_robot_interfaces/msg/detail/actuator_command__type_support.h
[1.075s] -- Up-to-date symlink: /home/kimm/wearable_robot_ws/install/wearable_robot_interfaces/include/wearable_robot_interfaces/msg/detail/can_data__functions.h
[1.075s] -- Up-to-date symlink: /home/kimm/wearable_robot_ws/install/wearable_robot_interfaces/include/wearable_robot_interfaces/msg/detail/can_data__struct.h
[1.075s] -- Up-to-date symlink: /home/kimm/wearable_robot_ws/install/wearable_robot_interfaces/include/wearable_robot_interfaces/msg/detail/can_data__type_support.h
[1.075s] -- Up-to-date symlink: /home/kimm/wearable_robot_ws/install/wearable_robot_interfaces/include/wearable_robot_interfaces/msg/detail/displacement_data__functions.h
[1.076s] -- Up-to-date symlink: /home/kimm/wearable_robot_ws/install/wearable_robot_interfaces/include/wearable_robot_interfaces/msg/detail/displacement_data__struct.h
[1.076s] -- Up-to-date symlink: /home/kimm/wearable_robot_ws/install/wearable_robot_interfaces/include/wearable_robot_interfaces/msg/detail/displacement_data__type_support.h
[1.076s] -- Up-to-date symlink: /home/kimm/wearable_robot_ws/install/wearable_robot_interfaces/include/wearable_robot_interfaces/msg/detail/displacement_raw_data__functions.h
[1.078s] -- Up-to-date symlink: /home/kimm/wearable_robot_ws/install/wearable_robot_interfaces/include/wearable_robot_interfaces/msg/detail/displacement_raw_data__struct.h
[1.079s] -- Up-to-date symlink: /home/kimm/wearable_robot_ws/install/wearable_robot_interfaces/include/wearable_robot_interfaces/msg/detail/displacement_raw_data__type_support.h
[1.079s] -- Up-to-date symlink: /home/kimm/wearable_robot_ws/install/wearable_robot_interfaces/include/wearable_robot_interfaces/msg/detail/fan_command__functions.h
[1.080s] -- Up-to-date symlink: /home/kimm/wearable_robot_ws/install/wearable_robot_interfaces/include/wearable_robot_interfaces/msg/detail/fan_command__struct.h
[1.080s] -- Up-to-date symlink: /home/kimm/wearable_robot_ws/install/wearable_robot_interfaces/include/wearable_robot_interfaces/msg/detail/fan_command__type_support.h
[1.080s] -- Up-to-date symlink: /home/kimm/wearable_robot_ws/install/wearable_robot_interfaces/include/wearable_robot_interfaces/msg/detail/imu_data__functions.h
[1.081s] -- Up-to-date symlink: /home/kimm/wearable_robot_ws/install/wearable_robot_interfaces/include/wearable_robot_interfaces/msg/detail/imu_data__struct.h
[1.081s] -- Up-to-date symlink: /home/kimm/wearable_robot_ws/install/wearable_robot_interfaces/include/wearable_robot_interfaces/msg/detail/imu_data__type_support.h
[1.081s] -- Up-to-date symlink: /home/kimm/wearable_robot_ws/install/wearable_robot_interfaces/include/wearable_robot_interfaces/msg/detail/imu_raw_data__functions.h
[1.082s] -- Up-to-date symlink: /home/kimm/wearable_robot_ws/install/wearable_robot_interfaces/include/wearable_robot_interfaces/msg/detail/imu_raw_data__struct.h
[1.082s] -- Up-to-date symlink: /home/kimm/wearable_robot_ws/install/wearable_robot_interfaces/include/wearable_robot_interfaces/msg/detail/imu_raw_data__type_support.h
[1.082s] -- Up-to-date symlink: /home/kimm/wearable_robot_ws/install/wearable_robot_interfaces/include/wearable_robot_interfaces/msg/detail/imu_type__functions.h
[1.082s] -- Up-to-date symlink: /home/kimm/wearable_robot_ws/install/wearable_robot_interfaces/include/wearable_robot_interfaces/msg/detail/imu_type__struct.h
[1.082s] -- Up-to-date symlink: /home/kimm/wearable_robot_ws/install/wearable_robot_interfaces/include/wearable_robot_interfaces/msg/detail/imu_type__type_support.h
[1.082s] -- Up-to-date symlink: /home/kimm/wearable_robot_ws/install/wearable_robot_interfaces/include/wearable_robot_interfaces/msg/detail/joint_state__functions.h
[1.083s] -- Up-to-date symlink: /home/kimm/wearable_robot_ws/install/wearable_robot_interfaces/include/wearable_robot_interfaces/msg/detail/joint_state__struct.h
[1.083s] -- Up-to-date symlink: /home/kimm/wearable_robot_ws/install/wearable_robot_interfaces/include/wearable_robot_interfaces/msg/detail/joint_state__type_support.h
[1.083s] -- Up-to-date symlink: /home/kimm/wearable_robot_ws/install/wearable_robot_interfaces/include/wearable_robot_interfaces/msg/detail/temperature_data__functions.h
[1.083s] -- Up-to-date symlink: /home/kimm/wearable_robot_ws/install/wearable_robot_interfaces/include/wearable_robot_interfaces/msg/detail/temperature_data__struct.h
[1.083s] -- Up-to-date symlink: /home/kimm/wearable_robot_ws/install/wearable_robot_interfaces/include/wearable_robot_interfaces/msg/detail/temperature_data__type_support.h
[1.083s] -- Up-to-date symlink: /home/kimm/wearable_robot_ws/install/wearable_robot_interfaces/include/wearable_robot_interfaces/msg/displacement_data.h
[1.084s] -- Up-to-date symlink: /home/kimm/wearable_robot_ws/install/wearable_robot_interfaces/include/wearable_robot_interfaces/msg/displacement_raw_data.h
[1.084s] -- Up-to-date symlink: /home/kimm/wearable_robot_ws/install/wearable_robot_interfaces/include/wearable_robot_interfaces/msg/fan_command.h
[1.084s] -- Up-to-date symlink: /home/kimm/wearable_robot_ws/install/wearable_robot_interfaces/include/wearable_robot_interfaces/msg/imu_data.h
[1.084s] -- Up-to-date symlink: /home/kimm/wearable_robot_ws/install/wearable_robot_interfaces/include/wearable_robot_interfaces/msg/imu_raw_data.h
[1.084s] -- Up-to-date symlink: /home/kimm/wearable_robot_ws/install/wearable_robot_interfaces/include/wearable_robot_interfaces/msg/imu_type.h
[1.085s] -- Up-to-date symlink: /home/kimm/wearable_robot_ws/install/wearable_robot_interfaces/include/wearable_robot_interfaces/msg/joint_state.h
[1.085s] -- Up-to-date symlink: /home/kimm/wearable_robot_ws/install/wearable_robot_interfaces/include/wearable_robot_interfaces/msg/rosidl_generator_c__visibility_control.h
[1.085s] -- Up-to-date symlink: /home/kimm/wearable_robot_ws/install/wearable_robot_interfaces/include/wearable_robot_interfaces/msg/temperature_data.h
[1.086s] -- Up-to-date symlink: /home/kimm/wearable_robot_ws/install/wearable_robot_interfaces/share/wearable_robot_interfaces/environment/library_path.sh
[1.087s] -- Up-to-date symlink: /home/kimm/wearable_robot_ws/install/wearable_robot_interfaces/share/wearable_robot_interfaces/environment/library_path.dsv
[1.088s] -- Up-to-date symlink: /home/kimm/wearable_robot_ws/install/wearable_robot_interfaces/include/wearable_robot_interfaces/msg/detail/actuator_command__rosidl_typesupport_fastrtps_c.h
[1.089s] -- Up-to-date symlink: /home/kimm/wearable_robot_ws/install/wearable_robot_interfaces/include/wearable_robot_interfaces/msg/detail/can_data__rosidl_typesupport_fastrtps_c.h
[1.089s] -- Up-to-date symlink: /home/kimm/wearable_robot_ws/install/wearable_robot_interfaces/include/wearable_robot_interfaces/msg/detail/displacement_data__rosidl_typesupport_fastrtps_c.h
[1.089s] -- Up-to-date symlink: /home/kimm/wearable_robot_ws/install/wearable_robot_interfaces/include/wearable_robot_interfaces/msg/detail/displacement_raw_data__rosidl_typesupport_fastrtps_c.h
[1.090s] -- Up-to-date symlink: /home/kimm/wearable_robot_ws/install/wearable_robot_interfaces/include/wearable_robot_interfaces/msg/detail/fan_command__rosidl_typesupport_fastrtps_c.h
[1.090s] -- Up-to-date symlink: /home/kimm/wearable_robot_ws/install/wearable_robot_interfaces/include/wearable_robot_interfaces/msg/detail/imu_data__rosidl_typesupport_fastrtps_c.h
[1.090s] -- Up-to-date symlink: /home/kimm/wearable_robot_ws/install/wearable_robot_interfaces/include/wearable_robot_interfaces/msg/detail/imu_raw_data__rosidl_typesupport_fastrtps_c.h
[1.091s] -- Up-to-date symlink: /home/kimm/wearable_robot_ws/install/wearable_robot_interfaces/include/wearable_robot_interfaces/msg/detail/imu_type__rosidl_typesupport_fastrtps_c.h
[1.091s] -- Up-to-date symlink: /home/kimm/wearable_robot_ws/install/wearable_robot_interfaces/include/wearable_robot_interfaces/msg/detail/joint_state__rosidl_typesupport_fastrtps_c.h
[1.091s] -- Up-to-date symlink: /home/kimm/wearable_robot_ws/install/wearable_robot_interfaces/include/wearable_robot_interfaces/msg/detail/temperature_data__rosidl_typesupport_fastrtps_c.h
[1.092s] -- Up-to-date symlink: /home/kimm/wearable_robot_ws/install/wearable_robot_interfaces/include/wearable_robot_interfaces/msg/rosidl_typesupport_fastrtps_c__visibility_control.h
[1.093s] -- Up-to-date symlink: /home/kimm/wearable_robot_ws/install/wearable_robot_interfaces/lib/libwearable_robot_interfaces__rosidl_typesupport_fastrtps_c.so
[1.095s] -- Up-to-date symlink: /home/kimm/wearable_robot_ws/install/wearable_robot_interfaces/include/wearable_robot_interfaces/msg/detail/actuator_command__rosidl_typesupport_fastrtps_cpp.hpp
[1.095s] -- Up-to-date symlink: /home/kimm/wearable_robot_ws/install/wearable_robot_interfaces/include/wearable_robot_interfaces/msg/detail/can_data__rosidl_typesupport_fastrtps_cpp.hpp
[1.096s] -- Up-to-date symlink: /home/kimm/wearable_robot_ws/install/wearable_robot_interfaces/include/wearable_robot_interfaces/msg/detail/displacement_data__rosidl_typesupport_fastrtps_cpp.hpp
[1.097s] -- Up-to-date symlink: /home/kimm/wearable_robot_ws/install/wearable_robot_interfaces/include/wearable_robot_interfaces/msg/detail/displacement_raw_data__rosidl_typesupport_fastrtps_cpp.hpp
[1.098s] -- Up-to-date symlink: /home/kimm/wearable_robot_ws/install/wearable_robot_interfaces/include/wearable_robot_interfaces/msg/detail/fan_command__rosidl_typesupport_fastrtps_cpp.hpp
[1.098s] -- Up-to-date symlink: /home/kimm/wearable_robot_ws/install/wearable_robot_interfaces/include/wearable_robot_interfaces/msg/detail/imu_data__rosidl_typesupport_fastrtps_cpp.hpp
[1.098s] -- Up-to-date symlink: /home/kimm/wearable_robot_ws/install/wearable_robot_interfaces/include/wearable_robot_interfaces/msg/detail/imu_raw_data__rosidl_typesupport_fastrtps_cpp.hpp
[1.098s] -- Up-to-date symlink: /home/kimm/wearable_robot_ws/install/wearable_robot_interfaces/include/wearable_robot_interfaces/msg/detail/imu_type__rosidl_typesupport_fastrtps_cpp.hpp
[1.099s] -- Up-to-date symlink: /home/kimm/wearable_robot_ws/install/wearable_robot_interfaces/include/wearable_robot_interfaces/msg/detail/joint_state__rosidl_typesupport_fastrtps_cpp.hpp
[1.099s] -- Up-to-date symlink: /home/kimm/wearable_robot_ws/install/wearable_robot_interfaces/include/wearable_robot_interfaces/msg/detail/temperature_data__rosidl_typesupport_fastrtps_cpp.hpp
[1.099s] -- Up-to-date symlink: /home/kimm/wearable_robot_ws/install/wearable_robot_interfaces/include/wearable_robot_interfaces/msg/rosidl_typesupport_fastrtps_cpp__visibility_control.h
[1.099s] -- Up-to-date symlink: /home/kimm/wearable_robot_ws/install/wearable_robot_interfaces/lib/libwearable_robot_interfaces__rosidl_typesupport_fastrtps_cpp.so
[1.100s] -- Up-to-date symlink: /home/kimm/wearable_robot_ws/install/wearable_robot_interfaces/include/wearable_robot_interfaces/msg/detail/actuator_command__rosidl_typesupport_introspection_c.h
[1.101s] -- Up-to-date symlink: /home/kimm/wearable_robot_ws/install/wearable_robot_interfaces/include/wearable_robot_interfaces/msg/detail/can_data__rosidl_typesupport_introspection_c.h
[1.101s] -- Up-to-date symlink: /home/kimm/wearable_robot_ws/install/wearable_robot_interfaces/include/wearable_robot_interfaces/msg/detail/displacement_data__rosidl_typesupport_introspection_c.h
[1.101s] -- Up-to-date symlink: /home/kimm/wearable_robot_ws/install/wearable_robot_interfaces/include/wearable_robot_interfaces/msg/detail/displacement_raw_data__rosidl_typesupport_introspection_c.h
[1.102s] -- Up-to-date symlink: /home/kimm/wearable_robot_ws/install/wearable_robot_interfaces/include/wearable_robot_interfaces/msg/detail/fan_command__rosidl_typesupport_introspection_c.h
[1.102s] -- Up-to-date symlink: /home/kimm/wearable_robot_ws/install/wearable_robot_interfaces/include/wearable_robot_interfaces/msg/detail/imu_data__rosidl_typesupport_introspection_c.h
[1.102s] -- Up-to-date symlink: /home/kimm/wearable_robot_ws/install/wearable_robot_interfaces/include/wearable_robot_interfaces/msg/detail/imu_raw_data__rosidl_typesupport_introspection_c.h
[1.103s] -- Up-to-date symlink: /home/kimm/wearable_robot_ws/install/wearable_robot_interfaces/include/wearable_robot_interfaces/msg/detail/imu_type__rosidl_typesupport_introspection_c.h
[1.103s] -- Up-to-date symlink: /home/kimm/wearable_robot_ws/install/wearable_robot_interfaces/include/wearable_robot_interfaces/msg/detail/joint_state__rosidl_typesupport_introspection_c.h
[1.103s] -- Up-to-date symlink: /home/kimm/wearable_robot_ws/install/wearable_robot_interfaces/include/wearable_robot_interfaces/msg/detail/temperature_data__rosidl_typesupport_introspection_c.h
[1.103s] -- Up-to-date symlink: /home/kimm/wearable_robot_ws/install/wearable_robot_interfaces/include/wearable_robot_interfaces/msg/rosidl_typesupport_introspection_c__visibility_control.h
[1.105s] -- Up-to-date symlink: /home/kimm/wearable_robot_ws/install/wearable_robot_interfaces/include/wearable_robot_interfaces/msg/actuator_command.hpp
[1.107s] -- Up-to-date symlink: /home/kimm/wearable_robot_ws/install/wearable_robot_interfaces/include/wearable_robot_interfaces/msg/can_data.hpp
[1.107s] -- Up-to-date symlink: /home/kimm/wearable_robot_ws/install/wearable_robot_interfaces/include/wearable_robot_interfaces/msg/detail/actuator_command__builder.hpp
[1.108s] -- Up-to-date symlink: /home/kimm/wearable_robot_ws/install/wearable_robot_interfaces/include/wearable_robot_interfaces/msg/detail/actuator_command__struct.hpp
[1.108s] -- Up-to-date symlink: /home/kimm/wearable_robot_ws/install/wearable_robot_interfaces/include/wearable_robot_interfaces/msg/detail/actuator_command__traits.hpp
[1.108s] -- Up-to-date symlink: /home/kimm/wearable_robot_ws/install/wearable_robot_interfaces/include/wearable_robot_interfaces/msg/detail/actuator_command__type_support.hpp
[1.108s] -- Up-to-date symlink: /home/kimm/wearable_robot_ws/install/wearable_robot_interfaces/include/wearable_robot_interfaces/msg/detail/can_data__builder.hpp
[1.108s] -- Up-to-date symlink: /home/kimm/wearable_robot_ws/install/wearable_robot_interfaces/include/wearable_robot_interfaces/msg/detail/can_data__struct.hpp
[1.109s] -- Up-to-date symlink: /home/kimm/wearable_robot_ws/install/wearable_robot_interfaces/include/wearable_robot_interfaces/msg/detail/can_data__traits.hpp
[1.109s] -- Up-to-date symlink: /home/kimm/wearable_robot_ws/install/wearable_robot_interfaces/include/wearable_robot_interfaces/msg/detail/can_data__type_support.hpp
[1.109s] -- Up-to-date symlink: /home/kimm/wearable_robot_ws/install/wearable_robot_interfaces/include/wearable_robot_interfaces/msg/detail/displacement_data__builder.hpp
[1.109s] -- Up-to-date symlink: /home/kimm/wearable_robot_ws/install/wearable_robot_interfaces/include/wearable_robot_interfaces/msg/detail/displacement_data__struct.hpp
[1.109s] -- Up-to-date symlink: /home/kimm/wearable_robot_ws/install/wearable_robot_interfaces/include/wearable_robot_interfaces/msg/detail/displacement_data__traits.hpp
[1.113s] -- Up-to-date symlink: /home/kimm/wearable_robot_ws/install/wearable_robot_interfaces/include/wearable_robot_interfaces/msg/detail/displacement_data__type_support.hpp
[1.114s] -- Up-to-date symlink: /home/kimm/wearable_robot_ws/install/wearable_robot_interfaces/include/wearable_robot_interfaces/msg/detail/displacement_raw_data__builder.hpp
[1.114s] -- Up-to-date symlink: /home/kimm/wearable_robot_ws/install/wearable_robot_interfaces/include/wearable_robot_interfaces/msg/detail/displacement_raw_data__struct.hpp
[1.114s] -- Up-to-date symlink: /home/kimm/wearable_robot_ws/install/wearable_robot_interfaces/include/wearable_robot_interfaces/msg/detail/displacement_raw_data__traits.hpp
[1.114s] -- Up-to-date symlink: /home/kimm/wearable_robot_ws/install/wearable_robot_interfaces/include/wearable_robot_interfaces/msg/detail/displacement_raw_data__type_support.hpp
[1.115s] -- Up-to-date symlink: /home/kimm/wearable_robot_ws/install/wearable_robot_interfaces/include/wearable_robot_interfaces/msg/detail/fan_command__builder.hpp
[1.115s] -- Up-to-date symlink: /home/kimm/wearable_robot_ws/install/wearable_robot_interfaces/include/wearable_robot_interfaces/msg/detail/fan_command__struct.hpp
[1.115s] -- Up-to-date symlink: /home/kimm/wearable_robot_ws/install/wearable_robot_interfaces/include/wearable_robot_interfaces/msg/detail/fan_command__traits.hpp
[1.115s] -- Up-to-date symlink: /home/kimm/wearable_robot_ws/install/wearable_robot_interfaces/include/wearable_robot_interfaces/msg/detail/fan_command__type_support.hpp
[1.115s] -- Up-to-date symlink: /home/kimm/wearable_robot_ws/install/wearable_robot_interfaces/include/wearable_robot_interfaces/msg/detail/imu_data__builder.hpp
[1.115s] -- Up-to-date symlink: /home/kimm/wearable_robot_ws/install/wearable_robot_interfaces/include/wearable_robot_interfaces/msg/detail/imu_data__struct.hpp
[1.116s] -- Up-to-date symlink: /home/kimm/wearable_robot_ws/install/wearable_robot_interfaces/include/wearable_robot_interfaces/msg/detail/imu_data__traits.hpp
[1.116s] -- Up-to-date symlink: /home/kimm/wearable_robot_ws/install/wearable_robot_interfaces/include/wearable_robot_interfaces/msg/detail/imu_data__type_support.hpp
[1.116s] -- Up-to-date symlink: /home/kimm/wearable_robot_ws/install/wearable_robot_interfaces/include/wearable_robot_interfaces/msg/detail/imu_raw_data__builder.hpp
[1.116s] -- Up-to-date symlink: /home/kimm/wearable_robot_ws/install/wearable_robot_interfaces/include/wearable_robot_interfaces/msg/detail/imu_raw_data__struct.hpp
[1.116s] -- Up-to-date symlink: /home/kimm/wearable_robot_ws/install/wearable_robot_interfaces/include/wearable_robot_interfaces/msg/detail/imu_raw_data__traits.hpp
[1.116s] -- Up-to-date symlink: /home/kimm/wearable_robot_ws/install/wearable_robot_interfaces/include/wearable_robot_interfaces/msg/detail/imu_raw_data__type_support.hpp
[1.117s] -- Up-to-date symlink: /home/kimm/wearable_robot_ws/install/wearable_robot_interfaces/include/wearable_robot_interfaces/msg/detail/imu_type__builder.hpp
[1.117s] -- Up-to-date symlink: /home/kimm/wearable_robot_ws/install/wearable_robot_interfaces/include/wearable_robot_interfaces/msg/detail/imu_type__struct.hpp
[1.117s] -- Up-to-date symlink: /home/kimm/wearable_robot_ws/install/wearable_robot_interfaces/include/wearable_robot_interfaces/msg/detail/imu_type__traits.hpp
[1.117s] -- Up-to-date symlink: /home/kimm/wearable_robot_ws/install/wearable_robot_interfaces/include/wearable_robot_interfaces/msg/detail/imu_type__type_support.hpp
[1.118s] -- Up-to-date symlink: /home/kimm/wearable_robot_ws/install/wearable_robot_interfaces/include/wearable_robot_interfaces/msg/detail/joint_state__builder.hpp
[1.118s] -- Up-to-date symlink: /home/kimm/wearable_robot_ws/install/wearable_robot_interfaces/include/wearable_robot_interfaces/msg/detail/joint_state__struct.hpp
[1.118s] -- Up-to-date symlink: /home/kimm/wearable_robot_ws/install/wearable_robot_interfaces/include/wearable_robot_interfaces/msg/detail/joint_state__traits.hpp
[1.118s] -- Up-to-date symlink: /home/kimm/wearable_robot_ws/install/wearable_robot_interfaces/include/wearable_robot_interfaces/msg/detail/joint_state__type_support.hpp
[1.118s] -- Up-to-date symlink: /home/kimm/wearable_robot_ws/install/wearable_robot_interfaces/include/wearable_robot_interfaces/msg/detail/temperature_data__builder.hpp
[1.118s] -- Up-to-date symlink: /home/kimm/wearable_robot_ws/install/wearable_robot_interfaces/include/wearable_robot_interfaces/msg/detail/temperature_data__struct.hpp
[1.119s] -- Up-to-date symlink: /home/kimm/wearable_robot_ws/install/wearable_robot_interfaces/include/wearable_robot_interfaces/msg/detail/temperature_data__traits.hpp
[1.119s] -- Up-to-date symlink: /home/kimm/wearable_robot_ws/install/wearable_robot_interfaces/include/wearable_robot_interfaces/msg/detail/temperature_data__type_support.hpp
[1.119s] -- Up-to-date symlink: /home/kimm/wearable_robot_ws/install/wearable_robot_interfaces/include/wearable_robot_interfaces/msg/displacement_data.hpp
[1.120s] -- Up-to-date symlink: /home/kimm/wearable_robot_ws/install/wearable_robot_interfaces/include/wearable_robot_interfaces/msg/displacement_raw_data.hpp
[1.120s] -- Up-to-date symlink: /home/kimm/wearable_robot_ws/install/wearable_robot_interfaces/include/wearable_robot_interfaces/msg/fan_command.hpp
[1.120s] -- Up-to-date symlink: /home/kimm/wearable_robot_ws/install/wearable_robot_interfaces/include/wearable_robot_interfaces/msg/imu_data.hpp
[1.120s] -- Up-to-date symlink: /home/kimm/wearable_robot_ws/install/wearable_robot_interfaces/include/wearable_robot_interfaces/msg/imu_raw_data.hpp
[1.121s] -- Up-to-date symlink: /home/kimm/wearable_robot_ws/install/wearable_robot_interfaces/include/wearable_robot_interfaces/msg/imu_type.hpp
[1.121s] -- Up-to-date symlink: /home/kimm/wearable_robot_ws/install/wearable_robot_interfaces/include/wearable_robot_interfaces/msg/joint_state.hpp
[1.121s] -- Up-to-date symlink: /home/kimm/wearable_robot_ws/install/wearable_robot_interfaces/include/wearable_robot_interfaces/msg/rosidl_generator_cpp__visibility_control.hpp
[1.124s] -- Up-to-date symlink: /home/kimm/wearable_robot_ws/install/wearable_robot_interfaces/include/wearable_robot_interfaces/msg/temperature_data.hpp
[1.126s] -- Up-to-date symlink: /home/kimm/wearable_robot_ws/install/wearable_robot_interfaces/include/wearable_robot_interfaces/msg/detail/actuator_command__rosidl_typesupport_introspection_cpp.hpp
[1.126s] -- Up-to-date symlink: /home/kimm/wearable_robot_ws/install/wearable_robot_interfaces/include/wearable_robot_interfaces/msg/detail/can_data__rosidl_typesupport_introspection_cpp.hpp
[1.126s] -- Up-to-date symlink: /home/kimm/wearable_robot_ws/install/wearable_robot_interfaces/include/wearable_robot_interfaces/msg/detail/displacement_data__rosidl_typesupport_introspection_cpp.hpp
[1.127s] -- Up-to-date symlink: /home/kimm/wearable_robot_ws/install/wearable_robot_interfaces/include/wearable_robot_interfaces/msg/detail/displacement_raw_data__rosidl_typesupport_introspection_cpp.hpp
[1.127s] -- Up-to-date symlink: /home/kimm/wearable_robot_ws/install/wearable_robot_interfaces/include/wearable_robot_interfaces/msg/detail/fan_command__rosidl_typesupport_introspection_cpp.hpp
[1.127s] -- Up-to-date symlink: /home/kimm/wearable_robot_ws/install/wearable_robot_interfaces/include/wearable_robot_interfaces/msg/detail/imu_data__rosidl_typesupport_introspection_cpp.hpp
[1.127s] -- Up-to-date symlink: /home/kimm/wearable_robot_ws/install/wearable_robot_interfaces/include/wearable_robot_interfaces/msg/detail/imu_raw_data__rosidl_typesupport_introspection_cpp.hpp
[1.128s] -- Up-to-date symlink: /home/kimm/wearable_robot_ws/install/wearable_robot_interfaces/include/wearable_robot_interfaces/msg/detail/imu_type__rosidl_typesupport_introspection_cpp.hpp
[1.128s] -- Up-to-date symlink: /home/kimm/wearable_robot_ws/install/wearable_robot_interfaces/include/wearable_robot_interfaces/msg/detail/joint_state__rosidl_typesupport_introspection_cpp.hpp
[1.128s] -- Up-to-date symlink: /home/kimm/wearable_robot_ws/install/wearable_robot_interfaces/include/wearable_robot_interfaces/msg/detail/temperature_data__rosidl_typesupport_introspection_cpp.hpp
[1.128s] -- Up-to-date symlink: /home/kimm/wearable_robot_ws/install/wearable_robot_interfaces/share/wearable_robot_interfaces/environment/pythonpath.sh
[1.128s] -- Up-to-date symlink: /home/kimm/wearable_robot_ws/install/wearable_robot_interfaces/share/wearable_robot_interfaces/environment/pythonpath.dsv
[1.128s] -- Up-to-date symlink: /home/kimm/wearable_robot_ws/install/wearable_robot_interfaces/lib/python3.8/site-packages/wearable_robot_interfaces/__init__.py
[1.129s] -- Up-to-date symlink: /home/kimm/wearable_robot_ws/install/wearable_robot_interfaces/lib/python3.8/site-packages/wearable_robot_interfaces/msg/__init__.py
[1.129s] -- Up-to-date symlink: /home/kimm/wearable_robot_ws/install/wearable_robot_interfaces/lib/python3.8/site-packages/wearable_robot_interfaces/msg/_actuator_command.py
[1.130s] -- Up-to-date symlink: /home/kimm/wearable_robot_ws/install/wearable_robot_interfaces/lib/python3.8/site-packages/wearable_robot_interfaces/msg/_can_data.py
[1.130s] -- Up-to-date symlink: /home/kimm/wearable_robot_ws/install/wearable_robot_interfaces/lib/python3.8/site-packages/wearable_robot_interfaces/msg/_displacement_data.py
[1.130s] -- Up-to-date symlink: /home/kimm/wearable_robot_ws/install/wearable_robot_interfaces/lib/python3.8/site-packages/wearable_robot_interfaces/msg/_displacement_raw_data.py
[1.131s] -- Up-to-date symlink: /home/kimm/wearable_robot_ws/install/wearable_robot_interfaces/lib/python3.8/site-packages/wearable_robot_interfaces/msg/_fan_command.py
[1.131s] -- Up-to-date symlink: /home/kimm/wearable_robot_ws/install/wearable_robot_interfaces/lib/python3.8/site-packages/wearable_robot_interfaces/msg/_imu_data.py
[1.131s] -- Up-to-date symlink: /home/kimm/wearable_robot_ws/install/wearable_robot_interfaces/lib/python3.8/site-packages/wearable_robot_interfaces/msg/_imu_raw_data.py
[1.132s] -- Up-to-date symlink: /home/kimm/wearable_robot_ws/install/wearable_robot_interfaces/lib/python3.8/site-packages/wearable_robot_interfaces/msg/_imu_type.py
[1.132s] -- Up-to-date symlink: /home/kimm/wearable_robot_ws/install/wearable_robot_interfaces/lib/python3.8/site-packages/wearable_robot_interfaces/msg/_joint_state.py
[1.132s] -- Up-to-date symlink: /home/kimm/wearable_robot_ws/install/wearable_robot_interfaces/lib/python3.8/site-packages/wearable_robot_interfaces/msg/_temperature_data.py
[1.133s] -- Up-to-date symlink: /home/kimm/wearable_robot_ws/install/wearable_robot_interfaces/lib/python3.8/site-packages/wearable_robot_interfaces/wearable_robot_interfaces_s__rosidl_typesupport_fastrtps_c.cpython-38-aarch64-linux-gnu.so
[1.134s] -- Up-to-date symlink: /home/kimm/wearable_robot_ws/install/wearable_robot_interfaces/lib/python3.8/site-packages/wearable_robot_interfaces/wearable_robot_interfaces_s__rosidl_typesupport_introspection_c.cpython-38-aarch64-linux-gnu.so
[1.135s] -- Up-to-date symlink: /home/kimm/wearable_robot_ws/install/wearable_robot_interfaces/lib/python3.8/site-packages/wearable_robot_interfaces/wearable_robot_interfaces_s__rosidl_typesupport_c.cpython-38-aarch64-linux-gnu.so
[1.136s] -- Up-to-date symlink: /home/kimm/wearable_robot_ws/install/wearable_robot_interfaces/lib/libwearable_robot_interfaces__python.so
[1.137s] -- Up-to-date symlink: /home/kimm/wearable_robot_ws/install/wearable_robot_interfaces/share/wearable_robot_interfaces/msg/DisplacementRawData.idl
[1.137s] -- Up-to-date symlink: /home/kimm/wearable_robot_ws/install/wearable_robot_interfaces/share/wearable_robot_interfaces/msg/IMURawData.idl
[1.138s] -- Up-to-date symlink: /home/kimm/wearable_robot_ws/install/wearable_robot_interfaces/share/wearable_robot_interfaces/msg/DisplacementData.idl
[1.139s] -- Up-to-date symlink: /home/kimm/wearable_robot_ws/install/wearable_robot_interfaces/share/wearable_robot_interfaces/msg/IMUData.idl
[1.139s] -- Up-to-date symlink: /home/kimm/wearable_robot_ws/install/wearable_robot_interfaces/share/wearable_robot_interfaces/msg/IMUType.idl
[1.140s] -- Up-to-date symlink: /home/kimm/wearable_robot_ws/install/wearable_robot_interfaces/share/wearable_robot_interfaces/msg/TemperatureData.idl
[1.140s] -- Up-to-date symlink: /home/kimm/wearable_robot_ws/install/wearable_robot_interfaces/share/wearable_robot_interfaces/msg/ActuatorCommand.idl
[1.140s] -- Up-to-date symlink: /home/kimm/wearable_robot_ws/install/wearable_robot_interfaces/share/wearable_robot_interfaces/msg/FanCommand.idl
[1.141s] -- Up-to-date symlink: /home/kimm/wearable_robot_ws/install/wearable_robot_interfaces/share/wearable_robot_interfaces/msg/CANData.idl
[1.141s] -- Up-to-date symlink: /home/kimm/wearable_robot_ws/install/wearable_robot_interfaces/share/wearable_robot_interfaces/msg/JointState.idl
[1.142s] -- Up-to-date symlink: /home/kimm/wearable_robot_ws/install/wearable_robot_interfaces/share/wearable_robot_interfaces/msg/DisplacementRawData.msg
[1.142s] -- Up-to-date symlink: /home/kimm/wearable_robot_ws/install/wearable_robot_interfaces/share/wearable_robot_interfaces/msg/IMURawData.msg
[1.143s] -- Up-to-date symlink: /home/kimm/wearable_robot_ws/install/wearable_robot_interfaces/share/wearable_robot_interfaces/msg/DisplacementData.msg
[1.143s] -- Up-to-date symlink: /home/kimm/wearable_robot_ws/install/wearable_robot_interfaces/share/wearable_robot_interfaces/msg/IMUData.msg
[1.144s] -- Up-to-date symlink: /home/kimm/wearable_robot_ws/install/wearable_robot_interfaces/share/wearable_robot_interfaces/msg/IMUType.msg
[1.144s] -- Up-to-date symlink: /home/kimm/wearable_robot_ws/install/wearable_robot_interfaces/share/wearable_robot_interfaces/msg/TemperatureData.msg
[1.144s] -- Up-to-date symlink: /home/kimm/wearable_robot_ws/install/wearable_robot_interfaces/share/wearable_robot_interfaces/msg/ActuatorCommand.msg
[1.145s] -- Up-to-date symlink: /home/kimm/wearable_robot_ws/install/wearable_robot_interfaces/share/wearable_robot_interfaces/msg/FanCommand.msg
[1.145s] -- Up-to-date symlink: /home/kimm/wearable_robot_ws/install/wearable_robot_interfaces/share/wearable_robot_interfaces/msg/CANData.msg
[1.146s] -- Up-to-date symlink: /home/kimm/wearable_robot_ws/install/wearable_robot_interfaces/share/wearable_robot_interfaces/msg/JointState.msg
[1.146s] -- Up-to-date symlink: /home/kimm/wearable_robot_ws/install/wearable_robot_interfaces/share/ament_index/resource_index/package_run_dependencies/wearable_robot_interfaces
[1.147s] -- Up-to-date symlink: /home/kimm/wearable_robot_ws/install/wearable_robot_interfaces/share/ament_index/resource_index/parent_prefix_path/wearable_robot_interfaces
[1.148s] -- Up-to-date symlink: /home/kimm/wearable_robot_ws/install/wearable_robot_interfaces/share/wearable_robot_interfaces/environment/ament_prefix_path.sh
[1.148s] -- Up-to-date symlink: /home/kimm/wearable_robot_ws/install/wearable_robot_interfaces/share/wearable_robot_interfaces/environment/ament_prefix_path.dsv
[1.148s] -- Up-to-date symlink: /home/kimm/wearable_robot_ws/install/wearable_robot_interfaces/share/wearable_robot_interfaces/environment/path.sh
[1.149s] -- Up-to-date symlink: /home/kimm/wearable_robot_ws/install/wearable_robot_interfaces/share/wearable_robot_interfaces/environment/path.dsv
[1.149s] -- Up-to-date symlink: /home/kimm/wearable_robot_ws/install/wearable_robot_interfaces/share/wearable_robot_interfaces/local_setup.bash
[1.150s] -- Up-to-date symlink: /home/kimm/wearable_robot_ws/install/wearable_robot_interfaces/share/wearable_robot_interfaces/local_setup.sh
[1.150s] -- Up-to-date symlink: /home/kimm/wearable_robot_ws/install/wearable_robot_interfaces/share/wearable_robot_interfaces/local_setup.zsh
[1.151s] -- Up-to-date symlink: /home/kimm/wearable_robot_ws/install/wearable_robot_interfaces/share/wearable_robot_interfaces/local_setup.dsv
[1.151s] -- Symlinking: /home/kimm/wearable_robot_ws/install/wearable_robot_interfaces/share/wearable_robot_interfaces/package.dsv
[1.174s] -- Up-to-date symlink: /home/kimm/wearable_robot_ws/install/wearable_robot_interfaces/share/ament_index/resource_index/packages/wearable_robot_interfaces
[1.174s] -- Up-to-date symlink: /home/kimm/wearable_robot_ws/install/wearable_robot_interfaces/share/wearable_robot_interfaces/cmake/rosidl_cmake-extras.cmake
[1.174s] -- Up-to-date symlink: /home/kimm/wearable_robot_ws/install/wearable_robot_interfaces/share/wearable_robot_interfaces/cmake/ament_cmake_export_dependencies-extras.cmake
[1.175s] -- Up-to-date symlink: /home/kimm/wearable_robot_ws/install/wearable_robot_interfaces/share/wearable_robot_interfaces/cmake/ament_cmake_export_libraries-extras.cmake
[1.175s] -- Up-to-date symlink: /home/kimm/wearable_robot_ws/install/wearable_robot_interfaces/share/wearable_robot_interfaces/cmake/ament_cmake_export_targets-extras.cmake
[1.176s] -- Up-to-date symlink: /home/kimm/wearable_robot_ws/install/wearable_robot_interfaces/share/wearable_robot_interfaces/cmake/ament_cmake_export_include_directories-extras.cmake
[1.176s] -- Up-to-date symlink: /home/kimm/wearable_robot_ws/install/wearable_robot_interfaces/share/wearable_robot_interfaces/cmake/rosidl_cmake_export_typesupport_libraries-extras.cmake
[1.177s] -- Up-to-date symlink: /home/kimm/wearable_robot_ws/install/wearable_robot_interfaces/share/wearable_robot_interfaces/cmake/rosidl_cmake_export_typesupport_targets-extras.cmake
[1.177s] -- Up-to-date symlink: /home/kimm/wearable_robot_ws/install/wearable_robot_interfaces/share/wearable_robot_interfaces/cmake/wearable_robot_interfacesConfig.cmake
[1.178s] -- Up-to-date symlink: /home/kimm/wearable_robot_ws/install/wearable_robot_interfaces/share/wearable_robot_interfaces/cmake/wearable_robot_interfacesConfig-version.cmake
[1.178s] -- Up-to-date symlink: /home/kimm/wearable_robot_ws/install/wearable_robot_interfaces/share/wearable_robot_interfaces/package.xml
[1.181s] -- Up-to-date: /home/kimm/wearable_robot_ws/install/wearable_robot_interfaces/lib/libwearable_robot_interfaces__rosidl_generator_c.so
[1.181s] -- Up-to-date: /home/kimm/wearable_robot_ws/install/wearable_robot_interfaces/lib/libwearable_robot_interfaces__rosidl_typesupport_introspection_c.so
[1.181s] -- Up-to-date: /home/kimm/wearable_robot_ws/install/wearable_robot_interfaces/lib/libwearable_robot_interfaces__rosidl_typesupport_c.so
[1.182s] -- Up-to-date: /home/kimm/wearable_robot_ws/install/wearable_robot_interfaces/lib/libwearable_robot_interfaces__rosidl_typesupport_introspection_cpp.so
[1.184s] -- Up-to-date: /home/kimm/wearable_robot_ws/install/wearable_robot_interfaces/lib/libwearable_robot_interfaces__rosidl_typesupport_cpp.so
[1.272s] -- Up-to-date: /home/kimm/wearable_robot_ws/install/wearable_robot_interfaces/share/wearable_robot_interfaces/cmake/wearable_robot_interfaces__rosidl_generator_cExport.cmake
[1.272s] -- Up-to-date: /home/kimm/wearable_robot_ws/install/wearable_robot_interfaces/share/wearable_robot_interfaces/cmake/wearable_robot_interfaces__rosidl_generator_cExport-noconfig.cmake
[1.273s] -- Up-to-date: /home/kimm/wearable_robot_ws/install/wearable_robot_interfaces/share/wearable_robot_interfaces/cmake/wearable_robot_interfaces__rosidl_typesupport_introspection_cExport.cmake
[1.273s] -- Up-to-date: /home/kimm/wearable_robot_ws/install/wearable_robot_interfaces/share/wearable_robot_interfaces/cmake/wearable_robot_interfaces__rosidl_typesupport_introspection_cExport-noconfig.cmake
[1.274s] -- Up-to-date: /home/kimm/wearable_robot_ws/install/wearable_robot_interfaces/share/wearable_robot_interfaces/cmake/wearable_robot_interfaces__rosidl_typesupport_cExport.cmake
[1.274s] -- Up-to-date: /home/kimm/wearable_robot_ws/install/wearable_robot_interfaces/share/wearable_robot_interfaces/cmake/wearable_robot_interfaces__rosidl_typesupport_cExport-noconfig.cmake
[1.275s] -- Up-to-date: /home/kimm/wearable_robot_ws/install/wearable_robot_interfaces/share/wearable_robot_interfaces/cmake/wearable_robot_interfaces__rosidl_generator_cppExport.cmake
[1.277s] -- Up-to-date: /home/kimm/wearable_robot_ws/install/wearable_robot_interfaces/share/wearable_robot_interfaces/cmake/wearable_robot_interfaces__rosidl_typesupport_introspection_cppExport.cmake
[1.277s] -- Up-to-date: /home/kimm/wearable_robot_ws/install/wearable_robot_interfaces/share/wearable_robot_interfaces/cmake/wearable_robot_interfaces__rosidl_typesupport_introspection_cppExport-noconfig.cmake
[1.277s] -- Up-to-date: /home/kimm/wearable_robot_ws/install/wearable_robot_interfaces/share/wearable_robot_interfaces/cmake/wearable_robot_interfaces__rosidl_typesupport_cppExport.cmake
[1.278s] -- Up-to-date: /home/kimm/wearable_robot_ws/install/wearable_robot_interfaces/share/wearable_robot_interfaces/cmake/wearable_robot_interfaces__rosidl_typesupport_cppExport-noconfig.cmake
[1.284s] Invoked command in '/home/kimm/wearable_robot_ws/build/wearable_robot_interfaces' returned '0': CMAKE_PREFIX_PATH=${CMAKE_PREFIX_PATH}:/opt/ros/foxy /usr/bin/cmake --install /home/kimm/wearable_robot_ws/build/wearable_robot_interfaces
