[0.037s] Invoking command in '/home/kimm/wearable_robot_ws/build/wearable_robot_interfaces': CMAKE_PREFIX_PATH=${CMAKE_PREFIX_PATH}:/opt/ros/foxy /usr/bin/cmake --build /home/kimm/wearable_robot_ws/build/wearable_robot_interfaces -- -j8 -l8
[0.104s] -- Found ament_cmake: 0.9.12 (/opt/ros/foxy/share/ament_cmake/cmake)
[0.148s] -- Found PythonInterp: /usr/bin/python3 (found suitable version "3.8.10", minimum required is "3") 
[0.148s] -- Using PYTHON_EXECUTABLE: /usr/bin/python3
[0.535s] -- Override CMake install command with custom implementation using symlinks instead of copying resources
[0.550s] -- Found rosidl_default_generators: 1.0.1 (/opt/ros/foxy/share/rosidl_default_generators/cmake)
[0.555s] -- Using all available rosidl_typesupport_c: rosidl_typesupport_fastrtps_c;rosidl_typesupport_introspection_c
[0.562s] -- Found rosidl_adapter: 1.3.1 (/opt/ros/foxy/share/rosidl_adapter/cmake)
[0.838s] -- Using all available rosidl_typesupport_cpp: rosidl_typesupport_fastrtps_cpp;rosidl_typesupport_introspection_cpp
[0.881s] -- Found std_msgs: 2.0.5 (/opt/ros/foxy/share/std_msgs/cmake)
[0.940s] CMake Error at /opt/ros/foxy/share/rosidl_cmake/cmake/rosidl_generate_interfaces.cmake:93 (message):
[0.941s]   rosidl_generate_interfaces() the passed file 'msg/IMURawData.msg' doesn't
[0.941s]   exist relative to the CMAKE_CURRENT_SOURCE_DIR
[0.941s]   '/home/kimm/wearable_robot_ws/src/wearable_robot_interfaces'
[0.941s] Call Stack (most recent call first):
[0.941s]   CMakeLists.txt:26 (rosidl_generate_interfaces)
[0.942s] 
[0.942s] 
[0.944s] -- Configuring incomplete, errors occurred!
[0.944s] See also "/home/kimm/wearable_robot_ws/build/wearable_robot_interfaces/CMakeFiles/CMakeOutput.log".
[0.958s] make: *** [Makefile:2908: cmake_check_build_system] Error 1
[0.964s] Invoked command in '/home/kimm/wearable_robot_ws/build/wearable_robot_interfaces' returned '2': CMAKE_PREFIX_PATH=${CMAKE_PREFIX_PATH}:/opt/ros/foxy /usr/bin/cmake --build /home/kimm/wearable_robot_ws/build/wearable_robot_interfaces -- -j8 -l8
