-- Found ament_cmake: 0.9.12 (/opt/ros/foxy/share/ament_cmake/cmake)
-- Using PYTHON_EXECUTABLE: /usr/bin/python3
-- Override CMake install command with custom implementation using symlinks instead of copying resources
-- Found rclcpp: 2.4.3 (/opt/ros/foxy/share/rclcpp/cmake)
-- Using all available rosidl_typesupport_c: rosidl_typesupport_fastrtps_c;rosidl_typesupport_introspection_c
-- Found rosidl_adapter: 1.3.1 (/opt/ros/foxy/share/rosidl_adapter/cmake)
-- Using all available rosidl_typesupport_cpp: rosidl_typesupport_fastrtps_cpp;rosidl_typesupport_introspection_cpp
-- Found rmw_implementation_cmake: 1.0.4 (/opt/ros/foxy/share/rmw_implementation_cmake/cmake)
-- Using RMW implementation 'rmw_fastrtps_cpp' as default
-- Found wearable_robot_interfaces: 0.0.0 (/home/kimm/wearable_robot_ws/install/wearable_robot_interfaces/share/wearable_robot_interfaces/cmake)
-- Found rclcpp_lifecycle: 2.4.3 (/opt/ros/foxy/share/rclcpp_lifecycle/cmake)
-- Found ros2_socketcan_msgs: 1.3.0 (/home/kimm/wearable_robot_ws/install/ros2_socketcan_msgs/share/ros2_socketcan_msgs/cmake)
-- Found ros2_socketcan: 1.3.0 (/home/kimm/wearable_robot_ws/install/ros2_socketcan/share/ros2_socketcan/cmake)
-- Found ament_lint_auto: 0.9.8 (/opt/ros/foxy/share/ament_lint_auto/cmake)
-- Added test 'copyright' to check source files copyright and LICENSE
-- Added test 'cppcheck' to perform static code analysis on C / C++ code
-- Configured cppcheck include dirs: /home/kimm/wearable_robot_ws/src/wearable_robot_data_processing/include
-- Configured cppcheck exclude dirs and/or files: 
-- Added test 'cpplint' to check C / C++ code against the Google style
-- Configured cpplint exclude dirs and/or files: 
-- Added test 'lint_cmake' to check CMake code style
-- Added test 'uncrustify' to check C / C++ code style
-- Configured uncrustify additional arguments: 
-- Added test 'xmllint' to check XML markup files
-- Configuring done
-- Generating done
-- Build files have been written to: /home/kimm/wearable_robot_ws/build/wearable_robot_data_processing
[35m[1mScanning dependencies of target can_data_processor[0m
[35m[1mScanning dependencies of target data_parser_node[0m
[35m[1mScanning dependencies of target displacement_processing_node[0m
[35m[1mScanning dependencies of target IMU_processing_node[0m
[35m[1mScanning dependencies of target displacement_data_logger[0m
[ 10%] [32mBuilding CXX object CMakeFiles/can_data_processor.dir/src/can_data_processor.cpp.o[0m
[ 20%] [32mBuilding CXX object CMakeFiles/displacement_data_logger.dir/src/displacement_data_logger_node.cpp.o[0m
[ 30%] [32mBuilding CXX object CMakeFiles/data_parser_node.dir/src/data_parser_node.cpp.o[0m
[ 40%] [32mBuilding CXX object CMakeFiles/displacement_processing_node.dir/src/displacement_processing_node.cpp.o[0m
[ 50%] [32mBuilding CXX object CMakeFiles/IMU_processing_node.dir/src/IMU_processing_node.cpp.o[0m
