[0.073s] Invoking command in '/home/kimm/wearable_robot_ws/build/wearable_robot_data_processing': CMAKE_PREFIX_PATH=/home/kimm/wearable_robot_ws/install/ros2_socketcan:/home/kimm/wearable_robot_ws/install/wearable_robot_interfaces:/home/kimm/wearable_robot_ws/install/ros2_socketcan_msgs:/home/kimm/wearable_robot_ws/install/wearable_robot_hw:/home/kimm/wearable_robot_ws/install/wearable_robot_data_processing:/home/kimm/wearable_robot_ws/install/wearable_robot_control:/home/kimm/wearable_robot_ws/install/wearable_robot_bringup:/home/kimm/wearable_robot_ws/install/can_comm:/home/kimm/install/can_data_extractor:/opt/ros/foxy LD_LIBRARY_PATH=/home/kimm/wearable_robot_ws/install/ros2_socketcan/lib:/home/kimm/wearable_robot_ws/install/wearable_robot_interfaces/lib:/home/kimm/wearable_robot_ws/install/ros2_socketcan_msgs/lib:/opt/ros/foxy/opt/yaml_cpp_vendor/lib:/opt/ros/foxy/opt/rviz_ogre_vendor/lib:/opt/ros/foxy/lib/aarch64-linux-gnu:/opt/ros/foxy/lib /usr/bin/cmake --build /home/kimm/wearable_robot_ws/build/wearable_robot_data_processing -- -j8 -l8
[0.140s] -- Found ament_cmake: 0.9.12 (/opt/ros/foxy/share/ament_cmake/cmake)
[0.207s] -- Using PYTHON_EXECUTABLE: /usr/bin/python3
[0.635s] -- Override CMake install command with custom implementation using symlinks instead of copying resources
[0.652s] -- Found rclcpp: 2.4.3 (/opt/ros/foxy/share/rclcpp/cmake)
[0.721s] -- Using all available rosidl_typesupport_c: rosidl_typesupport_fastrtps_c;rosidl_typesupport_introspection_c
[0.728s] -- Found rosidl_adapter: 1.3.1 (/opt/ros/foxy/share/rosidl_adapter/cmake)
[0.991s] -- Using all available rosidl_typesupport_cpp: rosidl_typesupport_fastrtps_cpp;rosidl_typesupport_introspection_cpp
[1.091s] -- Found rmw_implementation_cmake: 1.0.4 (/opt/ros/foxy/share/rmw_implementation_cmake/cmake)
[1.094s] -- Using RMW implementation 'rmw_fastrtps_cpp' as default
[1.375s] -- Found wearable_robot_interfaces: 0.0.0 (/home/kimm/wearable_robot_ws/install/wearable_robot_interfaces/share/wearable_robot_interfaces/cmake)
[1.434s] -- Found rclcpp_lifecycle: 2.4.3 (/opt/ros/foxy/share/rclcpp_lifecycle/cmake)
[1.488s] -- Found ros2_socketcan_msgs: 1.3.0 (/home/kimm/wearable_robot_ws/install/ros2_socketcan_msgs/share/ros2_socketcan_msgs/cmake)
[1.555s] -- Found ros2_socketcan: 1.3.0 (/home/kimm/wearable_robot_ws/install/ros2_socketcan/share/ros2_socketcan/cmake)
[1.808s] -- Found ament_lint_auto: 0.9.8 (/opt/ros/foxy/share/ament_lint_auto/cmake)
[1.996s] -- Added test 'copyright' to check source files copyright and LICENSE
[1.998s] -- Added test 'cppcheck' to perform static code analysis on C / C++ code
[1.999s] -- Configured cppcheck include dirs: /home/kimm/wearable_robot_ws/src/wearable_robot_data_processing/include
[2.000s] -- Configured cppcheck exclude dirs and/or files: 
[2.001s] -- Added test 'cpplint' to check C / C++ code against the Google style
[2.001s] -- Configured cpplint exclude dirs and/or files: 
[2.002s] -- Added test 'lint_cmake' to check CMake code style
[2.004s] -- Added test 'uncrustify' to check C / C++ code style
[2.004s] -- Configured uncrustify additional arguments: 
[2.005s] -- Added test 'xmllint' to check XML markup files
[2.013s] -- Configuring done
[2.063s] -- Generating done
[2.086s] -- Build files have been written to: /home/kimm/wearable_robot_ws/build/wearable_robot_data_processing
[2.163s] [35m[1mScanning dependencies of target can_data_processor[0m
[2.163s] [35m[1mScanning dependencies of target data_parser_node[0m
[2.164s] [35m[1mScanning dependencies of target displacement_processing_node[0m
[2.165s] [35m[1mScanning dependencies of target IMU_processing_node[0m
[2.171s] [35m[1mScanning dependencies of target displacement_data_logger[0m
[2.240s] [ 10%] [32mBuilding CXX object CMakeFiles/can_data_processor.dir/src/can_data_processor.cpp.o[0m
[2.248s] [ 20%] [32mBuilding CXX object CMakeFiles/displacement_data_logger.dir/src/displacement_data_logger_node.cpp.o[0m
[2.253s] [ 30%] [32mBuilding CXX object CMakeFiles/data_parser_node.dir/src/data_parser_node.cpp.o[0m
[2.256s] [ 40%] [32mBuilding CXX object CMakeFiles/displacement_processing_node.dir/src/displacement_processing_node.cpp.o[0m
[2.278s] [ 50%] [32mBuilding CXX object CMakeFiles/IMU_processing_node.dir/src/IMU_processing_node.cpp.o[0m
[6.284s] [01m[K/home/kimm/wearable_robot_ws/src/wearable_robot_data_processing/src/displacement_processing_node.cpp:[m[K In member function ‘[01m[Kvoid DisplacementProcessingNode::displacement_callback(wearable_robot_interfaces::msg::DisplacementRawData_<std::allocator<void> >::SharedPtr)[m[K’:
[6.284s] [01m[K/home/kimm/wearable_robot_ws/src/wearable_robot_data_processing/src/displacement_processing_node.cpp:99:18:[m[K [01;31m[Kerror: [m[K‘[01m[Kusing element_type = struct wearable_robot_interfaces::msg::DisplacementRawData_<std::allocator<void> >[m[K’ {aka ‘[01m[Kstruct wearable_robot_interfaces::msg::DisplacementRawData_<std::allocator<void> >[m[K’} has no member named ‘[01m[Kdisplacement0[m[K’; did you mean ‘[01m[Kdisplacement_raw[m[K’?
[6.285s]    99 |             msg->[01;31m[Kdisplacement0[m[K, msg->displacement1, msg->displacement2, msg->displacement3, msg->displacement4,
[6.285s]       |                  [01;31m[K^~~~~~~~~~~~~[m[K
[6.286s]       |                  [32m[Kdisplacement_raw[m[K
[6.287s] [01m[K/home/kimm/wearable_robot_ws/src/wearable_robot_data_processing/src/displacement_processing_node.cpp:99:38:[m[K [01;31m[Kerror: [m[K‘[01m[Kusing element_type = struct wearable_robot_interfaces::msg::DisplacementRawData_<std::allocator<void> >[m[K’ {aka ‘[01m[Kstruct wearable_robot_interfaces::msg::DisplacementRawData_<std::allocator<void> >[m[K’} has no member named ‘[01m[Kdisplacement1[m[K’; did you mean ‘[01m[Kdisplacement_raw[m[K’?
[6.287s]    99 |             msg->displacement0, msg->[01;31m[Kdisplacement1[m[K, msg->displacement2, msg->displacement3, msg->displacement4,
[6.287s]       |                                      [01;31m[K^~~~~~~~~~~~~[m[K
[6.287s]       |                                      [32m[Kdisplacement_raw[m[K
[6.287s] [01m[K/home/kimm/wearable_robot_ws/src/wearable_robot_data_processing/src/displacement_processing_node.cpp:99:58:[m[K [01;31m[Kerror: [m[K‘[01m[Kusing element_type = struct wearable_robot_interfaces::msg::DisplacementRawData_<std::allocator<void> >[m[K’ {aka ‘[01m[Kstruct wearable_robot_interfaces::msg::DisplacementRawData_<std::allocator<void> >[m[K’} has no member named ‘[01m[Kdisplacement2[m[K’; did you mean ‘[01m[Kdisplacement_raw[m[K’?
[6.287s]    99 |             msg->displacement0, msg->displacement1, msg->[01;31m[Kdisplacement2[m[K, msg->displacement3, msg->displacement4,
[6.287s]       |                                                          [01;31m[K^~~~~~~~~~~~~[m[K
[6.288s]       |                                                          [32m[Kdisplacement_raw[m[K
[6.288s] [01m[K/home/kimm/wearable_robot_ws/src/wearable_robot_data_processing/src/displacement_processing_node.cpp:99:78:[m[K [01;31m[Kerror: [m[K‘[01m[Kusing element_type = struct wearable_robot_interfaces::msg::DisplacementRawData_<std::allocator<void> >[m[K’ {aka ‘[01m[Kstruct wearable_robot_interfaces::msg::DisplacementRawData_<std::allocator<void> >[m[K’} has no member named ‘[01m[Kdisplacement3[m[K’; did you mean ‘[01m[Kdisplacement_raw[m[K’?
[6.288s]    99 |             msg->displacement0, msg->displacement1, msg->displacement2, msg->[01;31m[Kdisplacement3[m[K, msg->displacement4,
[6.288s]       |                                                                              [01;31m[K^~~~~~~~~~~~~[m[K
[6.288s]       |                                                                              [32m[Kdisplacement_raw[m[K
[6.288s] [01m[K/home/kimm/wearable_robot_ws/src/wearable_robot_data_processing/src/displacement_processing_node.cpp:99:98:[m[K [01;31m[Kerror: [m[K‘[01m[Kusing element_type = struct wearable_robot_interfaces::msg::DisplacementRawData_<std::allocator<void> >[m[K’ {aka ‘[01m[Kstruct wearable_robot_interfaces::msg::DisplacementRawData_<std::allocator<void> >[m[K’} has no member named ‘[01m[Kdisplacement4[m[K’; did you mean ‘[01m[Kdisplacement_raw[m[K’?
[6.289s]    99 |             msg->displacement0, msg->displacement1, msg->displacement2, msg->displacement3, msg->[01;31m[Kdisplacement4[m[K,
[6.289s]       |                                                                                                  [01;31m[K^~~~~~~~~~~~~[m[K
[6.289s]       |                                                                                                  [32m[Kdisplacement_raw[m[K
[6.289s] [01m[K/home/kimm/wearable_robot_ws/src/wearable_robot_data_processing/src/displacement_processing_node.cpp:100:18:[m[K [01;31m[Kerror: [m[K‘[01m[Kusing element_type = struct wearable_robot_interfaces::msg::DisplacementRawData_<std::allocator<void> >[m[K’ {aka ‘[01m[Kstruct wearable_robot_interfaces::msg::DisplacementRawData_<std::allocator<void> >[m[K’} has no member named ‘[01m[Kdisplacement5[m[K’; did you mean ‘[01m[Kdisplacement_raw[m[K’?
[6.289s]   100 |             msg->[01;31m[Kdisplacement5[m[K, msg->displacement6, msg->displacement7, msg->displacement8, msg->displacement9
[6.289s]       |                  [01;31m[K^~~~~~~~~~~~~[m[K
[6.289s]       |                  [32m[Kdisplacement_raw[m[K
[6.290s] [01m[K/home/kimm/wearable_robot_ws/src/wearable_robot_data_processing/src/displacement_processing_node.cpp:100:38:[m[K [01;31m[Kerror: [m[K‘[01m[Kusing element_type = struct wearable_robot_interfaces::msg::DisplacementRawData_<std::allocator<void> >[m[K’ {aka ‘[01m[Kstruct wearable_robot_interfaces::msg::DisplacementRawData_<std::allocator<void> >[m[K’} has no member named ‘[01m[Kdisplacement6[m[K’; did you mean ‘[01m[Kdisplacement_raw[m[K’?
[6.290s]   100 |             msg->displacement5, msg->[01;31m[Kdisplacement6[m[K, msg->displacement7, msg->displacement8, msg->displacement9
[6.290s]       |                                      [01;31m[K^~~~~~~~~~~~~[m[K
[6.290s]       |                                      [32m[Kdisplacement_raw[m[K
[6.290s] [01m[K/home/kimm/wearable_robot_ws/src/wearable_robot_data_processing/src/displacement_processing_node.cpp:100:58:[m[K [01;31m[Kerror: [m[K‘[01m[Kusing element_type = struct wearable_robot_interfaces::msg::DisplacementRawData_<std::allocator<void> >[m[K’ {aka ‘[01m[Kstruct wearable_robot_interfaces::msg::DisplacementRawData_<std::allocator<void> >[m[K’} has no member named ‘[01m[Kdisplacement7[m[K’; did you mean ‘[01m[Kdisplacement_raw[m[K’?
[6.290s]   100 |             msg->displacement5, msg->displacement6, msg->[01;31m[Kdisplacement7[m[K, msg->displacement8, msg->displacement9
[6.290s]       |                                                          [01;31m[K^~~~~~~~~~~~~[m[K
[6.291s]       |                                                          [32m[Kdisplacement_raw[m[K
[6.291s] [01m[K/home/kimm/wearable_robot_ws/src/wearable_robot_data_processing/src/displacement_processing_node.cpp:100:78:[m[K [01;31m[Kerror: [m[K‘[01m[Kusing element_type = struct wearable_robot_interfaces::msg::DisplacementRawData_<std::allocator<void> >[m[K’ {aka ‘[01m[Kstruct wearable_robot_interfaces::msg::DisplacementRawData_<std::allocator<void> >[m[K’} has no member named ‘[01m[Kdisplacement8[m[K’; did you mean ‘[01m[Kdisplacement_raw[m[K’?
[6.291s]   100 |             msg->displacement5, msg->displacement6, msg->displacement7, msg->[01;31m[Kdisplacement8[m[K, msg->displacement9
[6.291s]       |                                                                              [01;31m[K^~~~~~~~~~~~~[m[K
[6.299s]       |                                                                              [32m[Kdisplacement_raw[m[K
[6.299s] [01m[K/home/kimm/wearable_robot_ws/src/wearable_robot_data_processing/src/displacement_processing_node.cpp:100:98:[m[K [01;31m[Kerror: [m[K‘[01m[Kusing element_type = struct wearable_robot_interfaces::msg::DisplacementRawData_<std::allocator<void> >[m[K’ {aka ‘[01m[Kstruct wearable_robot_interfaces::msg::DisplacementRawData_<std::allocator<void> >[m[K’} has no member named ‘[01m[Kdisplacement9[m[K’; did you mean ‘[01m[Kdisplacement_raw[m[K’?
[6.300s]   100 |             msg->displacement5, msg->displacement6, msg->displacement7, msg->displacement8, msg->[01;31m[Kdisplacement9[m[K
[6.300s]       |                                                                                                  [01;31m[K^~~~~~~~~~~~~[m[K
[6.300s]       |                                                                                                  [32m[Kdisplacement_raw[m[K
[6.300s] [01m[K/home/kimm/wearable_robot_ws/src/wearable_robot_data_processing/src/displacement_processing_node.cpp:111:39:[m[K [01;31m[Kerror: [m[K‘[01m[Kstruct wearable_robot_interfaces::msg::DisplacementData_<std::allocator<void> >[m[K’ has no member named ‘[01m[Kdisplacement0[m[K’; did you mean ‘[01m[Kdisplacement[m[K’?
[6.300s]   111 |                 case 0: processed_msg.[01;31m[Kdisplacement0[m[K = calibrated_value; break;
[6.300s]       |                                       [01;31m[K^~~~~~~~~~~~~[m[K
[6.301s]       |                                       [32m[Kdisplacement[m[K
[6.301s] [01m[K/home/kimm/wearable_robot_ws/src/wearable_robot_data_processing/src/displacement_processing_node.cpp:112:39:[m[K [01;31m[Kerror: [m[K‘[01m[Kstruct wearable_robot_interfaces::msg::DisplacementData_<std::allocator<void> >[m[K’ has no member named ‘[01m[Kdisplacement1[m[K’; did you mean ‘[01m[Kdisplacement[m[K’?
[6.301s]   112 |                 case 1: processed_msg.[01;31m[Kdisplacement1[m[K = calibrated_value; break;
[6.301s]       |                                       [01;31m[K^~~~~~~~~~~~~[m[K
[6.301s]       |                                       [32m[Kdisplacement[m[K
[6.301s] [01m[K/home/kimm/wearable_robot_ws/src/wearable_robot_data_processing/src/displacement_processing_node.cpp:113:39:[m[K [01;31m[Kerror: [m[K‘[01m[Kstruct wearable_robot_interfaces::msg::DisplacementData_<std::allocator<void> >[m[K’ has no member named ‘[01m[Kdisplacement2[m[K’; did you mean ‘[01m[Kdisplacement[m[K’?
[6.301s]   113 |                 case 2: processed_msg.[01;31m[Kdisplacement2[m[K = calibrated_value; break;
[6.302s]       |                                       [01;31m[K^~~~~~~~~~~~~[m[K
[6.302s]       |                                       [32m[Kdisplacement[m[K
[6.302s] [01m[K/home/kimm/wearable_robot_ws/src/wearable_robot_data_processing/src/displacement_processing_node.cpp:114:39:[m[K [01;31m[Kerror: [m[K‘[01m[Kstruct wearable_robot_interfaces::msg::DisplacementData_<std::allocator<void> >[m[K’ has no member named ‘[01m[Kdisplacement3[m[K’; did you mean ‘[01m[Kdisplacement[m[K’?
[6.302s]   114 |                 case 3: processed_msg.[01;31m[Kdisplacement3[m[K = calibrated_value; break;
[6.302s]       |                                       [01;31m[K^~~~~~~~~~~~~[m[K
[6.302s]       |                                       [32m[Kdisplacement[m[K
[6.302s] [01m[K/home/kimm/wearable_robot_ws/src/wearable_robot_data_processing/src/displacement_processing_node.cpp:115:39:[m[K [01;31m[Kerror: [m[K‘[01m[Kstruct wearable_robot_interfaces::msg::DisplacementData_<std::allocator<void> >[m[K’ has no member named ‘[01m[Kdisplacement4[m[K’; did you mean ‘[01m[Kdisplacement[m[K’?
[6.302s]   115 |                 case 4: processed_msg.[01;31m[Kdisplacement4[m[K = calibrated_value; break;
[6.303s]       |                                       [01;31m[K^~~~~~~~~~~~~[m[K
[6.303s]       |                                       [32m[Kdisplacement[m[K
[6.303s] [01m[K/home/kimm/wearable_robot_ws/src/wearable_robot_data_processing/src/displacement_processing_node.cpp:116:39:[m[K [01;31m[Kerror: [m[K‘[01m[Kstruct wearable_robot_interfaces::msg::DisplacementData_<std::allocator<void> >[m[K’ has no member named ‘[01m[Kdisplacement5[m[K’; did you mean ‘[01m[Kdisplacement[m[K’?
[6.303s]   116 |                 case 5: processed_msg.[01;31m[Kdisplacement5[m[K = calibrated_value; break;
[6.303s]       |                                       [01;31m[K^~~~~~~~~~~~~[m[K
[6.303s]       |                                       [32m[Kdisplacement[m[K
[6.303s] [01m[K/home/kimm/wearable_robot_ws/src/wearable_robot_data_processing/src/displacement_processing_node.cpp:117:39:[m[K [01;31m[Kerror: [m[K‘[01m[Kstruct wearable_robot_interfaces::msg::DisplacementData_<std::allocator<void> >[m[K’ has no member named ‘[01m[Kdisplacement6[m[K’; did you mean ‘[01m[Kdisplacement[m[K’?
[6.304s]   117 |                 case 6: processed_msg.[01;31m[Kdisplacement6[m[K = calibrated_value; break;
[6.304s]       |                                       [01;31m[K^~~~~~~~~~~~~[m[K
[6.304s]       |                                       [32m[Kdisplacement[m[K
[6.304s] [01m[K/home/kimm/wearable_robot_ws/src/wearable_robot_data_processing/src/displacement_processing_node.cpp:118:39:[m[K [01;31m[Kerror: [m[K‘[01m[Kstruct wearable_robot_interfaces::msg::DisplacementData_<std::allocator<void> >[m[K’ has no member named ‘[01m[Kdisplacement7[m[K’; did you mean ‘[01m[Kdisplacement[m[K’?
[6.306s]   118 |                 case 7: processed_msg.[01;31m[Kdisplacement7[m[K = calibrated_value; break;
[6.306s]       |                                       [01;31m[K^~~~~~~~~~~~~[m[K
[6.307s]       |                                       [32m[Kdisplacement[m[K
[6.307s] [01m[K/home/kimm/wearable_robot_ws/src/wearable_robot_data_processing/src/displacement_processing_node.cpp:119:39:[m[K [01;31m[Kerror: [m[K‘[01m[Kstruct wearable_robot_interfaces::msg::DisplacementData_<std::allocator<void> >[m[K’ has no member named ‘[01m[Kdisplacement8[m[K’; did you mean ‘[01m[Kdisplacement[m[K’?
[6.307s]   119 |                 case 8: processed_msg.[01;31m[Kdisplacement8[m[K = calibrated_value; break;
[6.307s]       |                                       [01;31m[K^~~~~~~~~~~~~[m[K
[6.307s]       |                                       [32m[Kdisplacement[m[K
[6.307s] [01m[K/home/kimm/wearable_robot_ws/src/wearable_robot_data_processing/src/displacement_processing_node.cpp:120:39:[m[K [01;31m[Kerror: [m[K‘[01m[Kstruct wearable_robot_interfaces::msg::DisplacementData_<std::allocator<void> >[m[K’ has no member named ‘[01m[Kdisplacement9[m[K’; did you mean ‘[01m[Kdisplacement[m[K’?
[6.307s]   120 |                 case 9: processed_msg.[01;31m[Kdisplacement9[m[K = calibrated_value; break;
[6.308s]       |                                       [01;31m[K^~~~~~~~~~~~~[m[K
[6.308s]       |                                       [32m[Kdisplacement[m[K
[6.308s] In file included from [01m[K/opt/ros/foxy/include/rclcpp/client.hpp:40[m[K,
[6.308s]                  from [01m[K/opt/ros/foxy/include/rclcpp/callback_group.hpp:23[m[K,
[6.308s]                  from [01m[K/opt/ros/foxy/include/rclcpp/any_executable.hpp:20[m[K,
[6.308s]                  from [01m[K/opt/ros/foxy/include/rclcpp/memory_strategy.hpp:24[m[K,
[6.308s]                  from [01m[K/opt/ros/foxy/include/rclcpp/memory_strategies.hpp:18[m[K,
[6.313s]                  from [01m[K/opt/ros/foxy/include/rclcpp/executor_options.hpp:20[m[K,
[6.314s]                  from [01m[K/opt/ros/foxy/include/rclcpp/executor.hpp:33[m[K,
[6.314s]                  from [01m[K/opt/ros/foxy/include/rclcpp/executors/multi_threaded_executor.hpp:26[m[K,
[6.314s]                  from [01m[K/opt/ros/foxy/include/rclcpp/executors.hpp:21[m[K,
[6.314s]                  from [01m[K/opt/ros/foxy/include/rclcpp/rclcpp.hpp:146[m[K,
[6.314s]                  from [01m[K/home/kimm/wearable_robot_ws/src/wearable_robot_data_processing/src/displacement_processing_node.cpp:1[m[K:
[6.314s] [01m[K/home/kimm/wearable_robot_ws/src/wearable_robot_data_processing/src/displacement_processing_node.cpp:128:27:[m[K [01;31m[Kerror: [m[K‘[01m[Kstruct wearable_robot_interfaces::msg::DisplacementData_<std::allocator<void> >[m[K’ has no member named ‘[01m[Kdisplacement0[m[K’; did you mean ‘[01m[Kdisplacement[m[K’?
[6.315s]   128 |             processed_msg.[01;31m[Kdisplacement0[m[K, processed_msg.displacement1);
[6.315s]       |                           [01;31m[K^~~~~~~~~~~~~[m[K
[6.315s] [01m[K/home/kimm/wearable_robot_ws/src/wearable_robot_data_processing/src/displacement_processing_node.cpp:128:56:[m[K [01;31m[Kerror: [m[K‘[01m[Kstruct wearable_robot_interfaces::msg::DisplacementData_<std::allocator<void> >[m[K’ has no member named ‘[01m[Kdisplacement1[m[K’; did you mean ‘[01m[Kdisplacement[m[K’?
[6.315s]   128 |             processed_msg.displacement0, processed_msg.[01;31m[Kdisplacement1[m[K);
[6.315s]       |                                                        [01;31m[K^~~~~~~~~~~~~[m[K
[6.384s] [01m[K/home/kimm/wearable_robot_ws/src/wearable_robot_data_processing/src/data_parser_node.cpp:[m[K In member function ‘[01m[Kvoid DataParserNode::CAN_data_100_callback(wearable_robot_interfaces::msg::CANData_<std::allocator<void> >::SharedPtr)[m[K’:
[6.384s] [01m[K/home/kimm/wearable_robot_ws/src/wearable_robot_data_processing/src/data_parser_node.cpp:44:26:[m[K [01;31m[Kerror: [m[K‘[01m[Kstruct wearable_robot_interfaces::msg::DisplacementRawData_<std::allocator<void> >[m[K’ has no member named ‘[01m[Kcan_id[m[K’
[6.384s]    44 |         displacement_msg.[01;31m[Kcan_id[m[K = msg->can_id;
[6.385s]       |                          [01;31m[K^~~~~~[m[K
[6.385s] [01m[K/home/kimm/wearable_robot_ws/src/wearable_robot_data_processing/src/data_parser_node.cpp:47:26:[m[K [01;31m[Kerror: [m[K‘[01m[Kstruct wearable_robot_interfaces::msg::DisplacementRawData_<std::allocator<void> >[m[K’ has no member named ‘[01m[Kdisplacement0[m[K’; did you mean ‘[01m[Kdisplacement_raw[m[K’?
[6.385s]    47 |         displacement_msg.[01;31m[Kdisplacement0[m[K = msg->data[0];
[6.385s]       |                          [01;31m[K^~~~~~~~~~~~~[m[K
[6.385s]       |                          [32m[Kdisplacement_raw[m[K
[6.386s] [01m[K/home/kimm/wearable_robot_ws/src/wearable_robot_data_processing/src/data_parser_node.cpp:48:26:[m[K [01;31m[Kerror: [m[K‘[01m[Kstruct wearable_robot_interfaces::msg::DisplacementRawData_<std::allocator<void> >[m[K’ has no member named ‘[01m[Kdisplacement1[m[K’; did you mean ‘[01m[Kdisplacement_raw[m[K’?
[6.386s]    48 |         displacement_msg.[01;31m[Kdisplacement1[m[K = msg->data[1];
[6.386s]       |                          [01;31m[K^~~~~~~~~~~~~[m[K
[6.387s]       |                          [32m[Kdisplacement_raw[m[K
[6.387s] [01m[K/home/kimm/wearable_robot_ws/src/wearable_robot_data_processing/src/data_parser_node.cpp:49:26:[m[K [01;31m[Kerror: [m[K‘[01m[Kstruct wearable_robot_interfaces::msg::DisplacementRawData_<std::allocator<void> >[m[K’ has no member named ‘[01m[Kdisplacement2[m[K’; did you mean ‘[01m[Kdisplacement_raw[m[K’?
[6.387s]    49 |         displacement_msg.[01;31m[Kdisplacement2[m[K = msg->data[2];
[6.387s]       |                          [01;31m[K^~~~~~~~~~~~~[m[K
[6.387s]       |                          [32m[Kdisplacement_raw[m[K
[6.388s] [01m[K/home/kimm/wearable_robot_ws/src/wearable_robot_data_processing/src/data_parser_node.cpp:50:26:[m[K [01;31m[Kerror: [m[K‘[01m[Kstruct wearable_robot_interfaces::msg::DisplacementRawData_<std::allocator<void> >[m[K’ has no member named ‘[01m[Kdisplacement3[m[K’; did you mean ‘[01m[Kdisplacement_raw[m[K’?
[6.388s]    50 |         displacement_msg.[01;31m[Kdisplacement3[m[K = msg->data[3];
[6.388s]       |                          [01;31m[K^~~~~~~~~~~~~[m[K
[6.389s]       |                          [32m[Kdisplacement_raw[m[K
[6.389s] [01m[K/home/kimm/wearable_robot_ws/src/wearable_robot_data_processing/src/data_parser_node.cpp:51:26:[m[K [01;31m[Kerror: [m[K‘[01m[Kstruct wearable_robot_interfaces::msg::DisplacementRawData_<std::allocator<void> >[m[K’ has no member named ‘[01m[Kdisplacement4[m[K’; did you mean ‘[01m[Kdisplacement_raw[m[K’?
[6.389s]    51 |         displacement_msg.[01;31m[Kdisplacement4[m[K = msg->data[4];
[6.389s]       |                          [01;31m[K^~~~~~~~~~~~~[m[K
[6.389s]       |                          [32m[Kdisplacement_raw[m[K
[6.389s] [01m[K/home/kimm/wearable_robot_ws/src/wearable_robot_data_processing/src/data_parser_node.cpp:52:26:[m[K [01;31m[Kerror: [m[K‘[01m[Kstruct wearable_robot_interfaces::msg::DisplacementRawData_<std::allocator<void> >[m[K’ has no member named ‘[01m[Kdisplacement5[m[K’; did you mean ‘[01m[Kdisplacement_raw[m[K’?
[6.390s]    52 |         displacement_msg.[01;31m[Kdisplacement5[m[K = msg->data[5];
[6.390s]       |                          [01;31m[K^~~~~~~~~~~~~[m[K
[6.390s]       |                          [32m[Kdisplacement_raw[m[K
[6.391s] [01m[K/home/kimm/wearable_robot_ws/src/wearable_robot_data_processing/src/data_parser_node.cpp:53:26:[m[K [01;31m[Kerror: [m[K‘[01m[Kstruct wearable_robot_interfaces::msg::DisplacementRawData_<std::allocator<void> >[m[K’ has no member named ‘[01m[Kdisplacement6[m[K’; did you mean ‘[01m[Kdisplacement_raw[m[K’?
[6.391s]    53 |         displacement_msg.[01;31m[Kdisplacement6[m[K = msg->data[6];
[6.391s]       |                          [01;31m[K^~~~~~~~~~~~~[m[K
[6.391s]       |                          [32m[Kdisplacement_raw[m[K
[6.392s] [01m[K/home/kimm/wearable_robot_ws/src/wearable_robot_data_processing/src/data_parser_node.cpp:54:26:[m[K [01;31m[Kerror: [m[K‘[01m[Kstruct wearable_robot_interfaces::msg::DisplacementRawData_<std::allocator<void> >[m[K’ has no member named ‘[01m[Kdisplacement7[m[K’; did you mean ‘[01m[Kdisplacement_raw[m[K’?
[6.392s]    54 |         displacement_msg.[01;31m[Kdisplacement7[m[K = msg->data[7];
[6.392s]       |                          [01;31m[K^~~~~~~~~~~~~[m[K
[6.392s]       |                          [32m[Kdisplacement_raw[m[K
[6.393s] [01m[K/home/kimm/wearable_robot_ws/src/wearable_robot_data_processing/src/data_parser_node.cpp:55:26:[m[K [01;31m[Kerror: [m[K‘[01m[Kstruct wearable_robot_interfaces::msg::DisplacementRawData_<std::allocator<void> >[m[K’ has no member named ‘[01m[Kdisplacement8[m[K’; did you mean ‘[01m[Kdisplacement_raw[m[K’?
[6.393s]    55 |         displacement_msg.[01;31m[Kdisplacement8[m[K = msg->data[8];
[6.394s]       |                          [01;31m[K^~~~~~~~~~~~~[m[K
[6.394s]       |                          [32m[Kdisplacement_raw[m[K
[6.394s] [01m[K/home/kimm/wearable_robot_ws/src/wearable_robot_data_processing/src/data_parser_node.cpp:56:26:[m[K [01;31m[Kerror: [m[K‘[01m[Kstruct wearable_robot_interfaces::msg::DisplacementRawData_<std::allocator<void> >[m[K’ has no member named ‘[01m[Kdisplacement9[m[K’; did you mean ‘[01m[Kdisplacement_raw[m[K’?
[6.394s]    56 |         displacement_msg.[01;31m[Kdisplacement9[m[K = msg->data[9];
[6.394s]       |                          [01;31m[K^~~~~~~~~~~~~[m[K
[6.394s]       |                          [32m[Kdisplacement_raw[m[K
[6.432s] [01m[K/home/kimm/wearable_robot_ws/src/wearable_robot_data_processing/src/data_parser_node.cpp:[m[K In member function ‘[01m[Kvoid DataParserNode::CAN_data_401_callback(wearable_robot_interfaces::msg::CANData_<std::allocator<void> >::SharedPtr)[m[K’:
[6.433s] [01m[K/home/kimm/wearable_robot_ws/src/wearable_robot_data_processing/src/data_parser_node.cpp:96:17:[m[K [01;31m[Kerror: [m[K‘[01m[Kstruct wearable_robot_interfaces::msg::ActuatorCommand_<std::allocator<void> >[m[K’ has no member named ‘[01m[Kpwm0[m[K’; did you mean ‘[01m[Kpwm[m[K’?
[6.433s]    96 |         pwm_msg.[01;31m[Kpwm0[m[K = msg->data[0];
[6.433s]       |                 [01;31m[K^~~~[m[K
[6.434s]       |                 [32m[Kpwm[m[K
[6.434s] [01m[K/home/kimm/wearable_robot_ws/src/wearable_robot_data_processing/src/data_parser_node.cpp:97:17:[m[K [01;31m[Kerror: [m[K‘[01m[Kstruct wearable_robot_interfaces::msg::ActuatorCommand_<std::allocator<void> >[m[K’ has no member named ‘[01m[Kpwm1[m[K’; did you mean ‘[01m[Kpwm[m[K’?
[6.435s]    97 |         pwm_msg.[01;31m[Kpwm1[m[K = msg->data[1];
[6.435s]       |                 [01;31m[K^~~~[m[K
[6.435s]       |                 [32m[Kpwm[m[K
[6.436s] [01m[K/home/kimm/wearable_robot_ws/src/wearable_robot_data_processing/src/data_parser_node.cpp:98:17:[m[K [01;31m[Kerror: [m[K‘[01m[Kstruct wearable_robot_interfaces::msg::ActuatorCommand_<std::allocator<void> >[m[K’ has no member named ‘[01m[Kpwm2[m[K’; did you mean ‘[01m[Kpwm[m[K’?
[6.436s]    98 |         pwm_msg.[01;31m[Kpwm2[m[K = msg->data[2];
[6.436s]       |                 [01;31m[K^~~~[m[K
[6.436s]       |                 [32m[Kpwm[m[K
[6.437s] [01m[K/home/kimm/wearable_robot_ws/src/wearable_robot_data_processing/src/data_parser_node.cpp:99:17:[m[K [01;31m[Kerror: [m[K‘[01m[Kstruct wearable_robot_interfaces::msg::ActuatorCommand_<std::allocator<void> >[m[K’ has no member named ‘[01m[Kpwm3[m[K’; did you mean ‘[01m[Kpwm[m[K’?
[6.437s]    99 |         pwm_msg.[01;31m[Kpwm3[m[K = msg->data[3];
[6.437s]       |                 [01;31m[K^~~~[m[K
[6.437s]       |                 [32m[Kpwm[m[K
[6.438s] [01m[K/home/kimm/wearable_robot_ws/src/wearable_robot_data_processing/src/data_parser_node.cpp:107:17:[m[K [01;31m[Kerror: [m[K‘[01m[Kstruct wearable_robot_interfaces::msg::FanCommand_<std::allocator<void> >[m[K’ has no member named ‘[01m[Kfan0[m[K’; did you mean ‘[01m[Kfan[m[K’?
[6.438s]   107 |         fan_msg.[01;31m[Kfan0[m[K = msg->data[4] > 0;
[6.438s]       |                 [01;31m[K^~~~[m[K
[6.438s]       |                 [32m[Kfan[m[K
[6.439s] [01m[K/home/kimm/wearable_robot_ws/src/wearable_robot_data_processing/src/data_parser_node.cpp:108:17:[m[K [01;31m[Kerror: [m[K‘[01m[Kstruct wearable_robot_interfaces::msg::FanCommand_<std::allocator<void> >[m[K’ has no member named ‘[01m[Kfan1[m[K’; did you mean ‘[01m[Kfan[m[K’?
[6.439s]   108 |         fan_msg.[01;31m[Kfan1[m[K = msg->data[5] > 0;
[6.439s]       |                 [01;31m[K^~~~[m[K
[6.439s]       |                 [32m[Kfan[m[K
[6.440s] [01m[K/home/kimm/wearable_robot_ws/src/wearable_robot_data_processing/src/data_parser_node.cpp:109:17:[m[K [01;31m[Kerror: [m[K‘[01m[Kstruct wearable_robot_interfaces::msg::FanCommand_<std::allocator<void> >[m[K’ has no member named ‘[01m[Kfan2[m[K’; did you mean ‘[01m[Kfan[m[K’?
[6.440s]   109 |         fan_msg.[01;31m[Kfan2[m[K = msg->data[6] > 0;
[6.440s]       |                 [01;31m[K^~~~[m[K
[6.440s]       |                 [32m[Kfan[m[K
[6.441s] [01m[K/home/kimm/wearable_robot_ws/src/wearable_robot_data_processing/src/data_parser_node.cpp:110:17:[m[K [01;31m[Kerror: [m[K‘[01m[Kstruct wearable_robot_interfaces::msg::FanCommand_<std::allocator<void> >[m[K’ has no member named ‘[01m[Kfan3[m[K’; did you mean ‘[01m[Kfan[m[K’?
[6.442s]   110 |         fan_msg.[01;31m[Kfan3[m[K = msg->data[7] > 0;
[6.442s]       |                 [01;31m[K^~~~[m[K
[6.442s]       |                 [32m[Kfan[m[K
[6.443s] [01m[K/home/kimm/wearable_robot_ws/src/wearable_robot_data_processing/src/data_parser_node.cpp:118:18:[m[K [01;31m[Kerror: [m[K‘[01m[Kstruct wearable_robot_interfaces::msg::TemperatureData_<std::allocator<void> >[m[K’ has no member named ‘[01m[Ktemperature0[m[K’; did you mean ‘[01m[Ktemperature[m[K’?
[6.443s]   118 |         temp_msg.[01;31m[Ktemperature0[m[K = static_cast<float>(msg->data[8]) * 0.25f;
[6.443s]       |                  [01;31m[K^~~~~~~~~~~~[m[K
[6.443s]       |                  [32m[Ktemperature[m[K
[6.444s] [01m[K/home/kimm/wearable_robot_ws/src/wearable_robot_data_processing/src/data_parser_node.cpp:119:18:[m[K [01;31m[Kerror: [m[K‘[01m[Kstruct wearable_robot_interfaces::msg::TemperatureData_<std::allocator<void> >[m[K’ has no member named ‘[01m[Ktemperature1[m[K’; did you mean ‘[01m[Ktemperature[m[K’?
[6.444s]   119 |         temp_msg.[01;31m[Ktemperature1[m[K = static_cast<float>(msg->data[9]) * 0.25f;
[6.444s]       |                  [01;31m[K^~~~~~~~~~~~[m[K
[6.444s]       |                  [32m[Ktemperature[m[K
[6.444s] [01m[K/home/kimm/wearable_robot_ws/src/wearable_robot_data_processing/src/data_parser_node.cpp:120:18:[m[K [01;31m[Kerror: [m[K‘[01m[Kstruct wearable_robot_interfaces::msg::TemperatureData_<std::allocator<void> >[m[K’ has no member named ‘[01m[Ktemperature2[m[K’; did you mean ‘[01m[Ktemperature[m[K’?
[6.444s]   120 |         temp_msg.[01;31m[Ktemperature2[m[K = static_cast<float>(msg->data[10]) * 0.25f;
[6.445s]       |                  [01;31m[K^~~~~~~~~~~~[m[K
[6.445s]       |                  [32m[Ktemperature[m[K
[6.445s] [01m[K/home/kimm/wearable_robot_ws/src/wearable_robot_data_processing/src/data_parser_node.cpp:121:18:[m[K [01;31m[Kerror: [m[K‘[01m[Kstruct wearable_robot_interfaces::msg::TemperatureData_<std::allocator<void> >[m[K’ has no member named ‘[01m[Ktemperature3[m[K’; did you mean ‘[01m[Ktemperature[m[K’?
[6.445s]   121 |         temp_msg.[01;31m[Ktemperature3[m[K = static_cast<float>(msg->data[11]) * 0.25f;
[6.445s]       |                  [01;31m[K^~~~~~~~~~~~[m[K
[6.445s]       |                  [32m[Ktemperature[m[K
[6.514s] In file included from [01m[K/opt/ros/foxy/include/rclcpp/client.hpp:40[m[K,
[6.514s]                  from [01m[K/opt/ros/foxy/include/rclcpp/callback_group.hpp:23[m[K,
[6.515s]                  from [01m[K/opt/ros/foxy/include/rclcpp/any_executable.hpp:20[m[K,
[6.515s]                  from [01m[K/opt/ros/foxy/include/rclcpp/memory_strategy.hpp:24[m[K,
[6.515s]                  from [01m[K/opt/ros/foxy/include/rclcpp/memory_strategies.hpp:18[m[K,
[6.515s]                  from [01m[K/opt/ros/foxy/include/rclcpp/executor_options.hpp:20[m[K,
[6.516s]                  from [01m[K/opt/ros/foxy/include/rclcpp/executor.hpp:33[m[K,
[6.516s]                  from [01m[K/opt/ros/foxy/include/rclcpp/executors/multi_threaded_executor.hpp:26[m[K,
[6.516s]                  from [01m[K/opt/ros/foxy/include/rclcpp/executors.hpp:21[m[K,
[6.516s]                  from [01m[K/opt/ros/foxy/include/rclcpp/rclcpp.hpp:146[m[K,
[6.517s]                  from [01m[K/home/kimm/wearable_robot_ws/src/wearable_robot_data_processing/src/data_parser_node.cpp:1[m[K:
[6.517s] [01m[K/home/kimm/wearable_robot_ws/src/wearable_robot_data_processing/src/data_parser_node.cpp:130:21:[m[K [01;31m[Kerror: [m[K‘[01m[Kstruct wearable_robot_interfaces::msg::ActuatorCommand_<std::allocator<void> >[m[K’ has no member named ‘[01m[Kpwm0[m[K’; did you mean ‘[01m[Kpwm[m[K’?
[6.517s]   130 |             pwm_msg.[01;31m[Kpwm0[m[K, fan_msg.fan0, temp_msg.temperature0);
[6.517s]       |                     [01;31m[K^~~~[m[K
[6.518s] [01m[K/home/kimm/wearable_robot_ws/src/wearable_robot_data_processing/src/data_parser_node.cpp:130:35:[m[K [01;31m[Kerror: [m[K‘[01m[Kstruct wearable_robot_interfaces::msg::FanCommand_<std::allocator<void> >[m[K’ has no member named ‘[01m[Kfan0[m[K’; did you mean ‘[01m[Kfan[m[K’?
[6.518s]   130 |             pwm_msg.pwm0, fan_msg.[01;31m[Kfan0[m[K, temp_msg.temperature0);
[6.519s]       |                                   [01;31m[K^~~~[m[K
[6.519s] [01m[K/home/kimm/wearable_robot_ws/src/wearable_robot_data_processing/src/data_parser_node.cpp:130:50:[m[K [01;31m[Kerror: [m[K‘[01m[Kstruct wearable_robot_interfaces::msg::TemperatureData_<std::allocator<void> >[m[K’ has no member named ‘[01m[Ktemperature0[m[K’; did you mean ‘[01m[Ktemperature[m[K’?
[6.520s]   130 |             pwm_msg.pwm0, fan_msg.fan0, temp_msg.[01;31m[Ktemperature0[m[K);
[6.520s]       |                                                  [01;31m[K^~~~~~~~~~~~[m[K
[6.556s] [01m[K/home/kimm/wearable_robot_ws/src/wearable_robot_data_processing/src/displacement_data_logger_node.cpp:[m[K In member function ‘[01m[Kvoid DisplacementDataLogger::topic_callback(wearable_robot_interfaces::msg::DisplacementRawData_<std::allocator<void> >::SharedPtr)[m[K’:
[6.557s] [01m[K/home/kimm/wearable_robot_ws/src/wearable_robot_data_processing/src/displacement_data_logger_node.cpp:68:26:[m[K [01;31m[Kerror: [m[K‘[01m[Kusing element_type = struct wearable_robot_interfaces::msg::DisplacementRawData_<std::allocator<void> >[m[K’ {aka ‘[01m[Kstruct wearable_robot_interfaces::msg::DisplacementRawData_<std::allocator<void> >[m[K’} has no member named ‘[01m[Kcan_id[m[K’
[6.557s]    68 |                  << msg->[01;31m[Kcan_id[m[K << ","
[6.557s]       |                          [01;31m[K^~~~~~[m[K
[6.558s] [01m[K/home/kimm/wearable_robot_ws/src/wearable_robot_data_processing/src/displacement_data_logger_node.cpp:69:26:[m[K [01;31m[Kerror: [m[K‘[01m[Kusing element_type = struct wearable_robot_interfaces::msg::DisplacementRawData_<std::allocator<void> >[m[K’ {aka ‘[01m[Kstruct wearable_robot_interfaces::msg::DisplacementRawData_<std::allocator<void> >[m[K’} has no member named ‘[01m[Kdisplacement0[m[K’; did you mean ‘[01m[Kdisplacement_raw[m[K’?
[6.558s]    69 |                  << msg->[01;31m[Kdisplacement0[m[K << ","
[6.558s]       |                          [01;31m[K^~~~~~~~~~~~~[m[K
[6.558s]       |                          [32m[Kdisplacement_raw[m[K
[6.558s] [01m[K/home/kimm/wearable_robot_ws/src/wearable_robot_data_processing/src/displacement_data_logger_node.cpp:70:26:[m[K [01;31m[Kerror: [m[K‘[01m[Kusing element_type = struct wearable_robot_interfaces::msg::DisplacementRawData_<std::allocator<void> >[m[K’ {aka ‘[01m[Kstruct wearable_robot_interfaces::msg::DisplacementRawData_<std::allocator<void> >[m[K’} has no member named ‘[01m[Kdisplacement1[m[K’; did you mean ‘[01m[Kdisplacement_raw[m[K’?
[6.559s]    70 |                  << msg->[01;31m[Kdisplacement1[m[K << ","
[6.559s]       |                          [01;31m[K^~~~~~~~~~~~~[m[K
[6.559s]       |                          [32m[Kdisplacement_raw[m[K
[6.559s] [01m[K/home/kimm/wearable_robot_ws/src/wearable_robot_data_processing/src/displacement_data_logger_node.cpp:71:26:[m[K [01;31m[Kerror: [m[K‘[01m[Kusing element_type = struct wearable_robot_interfaces::msg::DisplacementRawData_<std::allocator<void> >[m[K’ {aka ‘[01m[Kstruct wearable_robot_interfaces::msg::DisplacementRawData_<std::allocator<void> >[m[K’} has no member named ‘[01m[Kdisplacement2[m[K’; did you mean ‘[01m[Kdisplacement_raw[m[K’?
[6.559s]    71 |                  << msg->[01;31m[Kdisplacement2[m[K << ","
[6.559s]       |                          [01;31m[K^~~~~~~~~~~~~[m[K
[6.559s]       |                          [32m[Kdisplacement_raw[m[K
[6.560s] [01m[K/home/kimm/wearable_robot_ws/src/wearable_robot_data_processing/src/displacement_data_logger_node.cpp:72:26:[m[K [01;31m[Kerror: [m[K‘[01m[Kusing element_type = struct wearable_robot_interfaces::msg::DisplacementRawData_<std::allocator<void> >[m[K’ {aka ‘[01m[Kstruct wearable_robot_interfaces::msg::DisplacementRawData_<std::allocator<void> >[m[K’} has no member named ‘[01m[Kdisplacement3[m[K’; did you mean ‘[01m[Kdisplacement_raw[m[K’?
[6.560s]    72 |                  << msg->[01;31m[Kdisplacement3[m[K << ","
[6.560s]       |                          [01;31m[K^~~~~~~~~~~~~[m[K
[6.560s]       |                          [32m[Kdisplacement_raw[m[K
[6.560s] [01m[K/home/kimm/wearable_robot_ws/src/wearable_robot_data_processing/src/displacement_data_logger_node.cpp:73:26:[m[K [01;31m[Kerror: [m[K‘[01m[Kusing element_type = struct wearable_robot_interfaces::msg::DisplacementRawData_<std::allocator<void> >[m[K’ {aka ‘[01m[Kstruct wearable_robot_interfaces::msg::DisplacementRawData_<std::allocator<void> >[m[K’} has no member named ‘[01m[Kdisplacement4[m[K’; did you mean ‘[01m[Kdisplacement_raw[m[K’?
[6.560s]    73 |                  << msg->[01;31m[Kdisplacement4[m[K << ","
[6.560s]       |                          [01;31m[K^~~~~~~~~~~~~[m[K
[6.560s]       |                          [32m[Kdisplacement_raw[m[K
[6.561s] [01m[K/home/kimm/wearable_robot_ws/src/wearable_robot_data_processing/src/displacement_data_logger_node.cpp:74:26:[m[K [01;31m[Kerror: [m[K‘[01m[Kusing element_type = struct wearable_robot_interfaces::msg::DisplacementRawData_<std::allocator<void> >[m[K’ {aka ‘[01m[Kstruct wearable_robot_interfaces::msg::DisplacementRawData_<std::allocator<void> >[m[K’} has no member named ‘[01m[Kdisplacement5[m[K’; did you mean ‘[01m[Kdisplacement_raw[m[K’?
[6.561s]    74 |                  << msg->[01;31m[Kdisplacement5[m[K << ","
[6.561s]       |                          [01;31m[K^~~~~~~~~~~~~[m[K
[6.561s]       |                          [32m[Kdisplacement_raw[m[K
[6.561s] [01m[K/home/kimm/wearable_robot_ws/src/wearable_robot_data_processing/src/displacement_data_logger_node.cpp:75:26:[m[K [01;31m[Kerror: [m[K‘[01m[Kusing element_type = struct wearable_robot_interfaces::msg::DisplacementRawData_<std::allocator<void> >[m[K’ {aka ‘[01m[Kstruct wearable_robot_interfaces::msg::DisplacementRawData_<std::allocator<void> >[m[K’} has no member named ‘[01m[Kdisplacement6[m[K’; did you mean ‘[01m[Kdisplacement_raw[m[K’?
[6.561s]    75 |                  << msg->[01;31m[Kdisplacement6[m[K << ","
[6.561s]       |                          [01;31m[K^~~~~~~~~~~~~[m[K
[6.562s]       |                          [32m[Kdisplacement_raw[m[K
[6.562s] [01m[K/home/kimm/wearable_robot_ws/src/wearable_robot_data_processing/src/displacement_data_logger_node.cpp:76:26:[m[K [01;31m[Kerror: [m[K‘[01m[Kusing element_type = struct wearable_robot_interfaces::msg::DisplacementRawData_<std::allocator<void> >[m[K’ {aka ‘[01m[Kstruct wearable_robot_interfaces::msg::DisplacementRawData_<std::allocator<void> >[m[K’} has no member named ‘[01m[Kdisplacement7[m[K’; did you mean ‘[01m[Kdisplacement_raw[m[K’?
[6.562s]    76 |                  << msg->[01;31m[Kdisplacement7[m[K << ","
[6.562s]       |                          [01;31m[K^~~~~~~~~~~~~[m[K
[6.562s]       |                          [32m[Kdisplacement_raw[m[K
[6.562s] [01m[K/home/kimm/wearable_robot_ws/src/wearable_robot_data_processing/src/displacement_data_logger_node.cpp:77:26:[m[K [01;31m[Kerror: [m[K‘[01m[Kusing element_type = struct wearable_robot_interfaces::msg::DisplacementRawData_<std::allocator<void> >[m[K’ {aka ‘[01m[Kstruct wearable_robot_interfaces::msg::DisplacementRawData_<std::allocator<void> >[m[K’} has no member named ‘[01m[Kdisplacement8[m[K’; did you mean ‘[01m[Kdisplacement_raw[m[K’?
[6.563s]    77 |                  << msg->[01;31m[Kdisplacement8[m[K << ","
[6.563s]       |                          [01;31m[K^~~~~~~~~~~~~[m[K
[6.563s]       |                          [32m[Kdisplacement_raw[m[K
[6.564s] [01m[K/home/kimm/wearable_robot_ws/src/wearable_robot_data_processing/src/displacement_data_logger_node.cpp:78:26:[m[K [01;31m[Kerror: [m[K‘[01m[Kusing element_type = struct wearable_robot_interfaces::msg::DisplacementRawData_<std::allocator<void> >[m[K’ {aka ‘[01m[Kstruct wearable_robot_interfaces::msg::DisplacementRawData_<std::allocator<void> >[m[K’} has no member named ‘[01m[Kdisplacement9[m[K’; did you mean ‘[01m[Kdisplacement_raw[m[K’?
[6.564s]    78 |                  << msg->[01;31m[Kdisplacement9[m[K
[6.565s]       |                          [01;31m[K^~~~~~~~~~~~~[m[K
[6.565s]       |                          [32m[Kdisplacement_raw[m[K
[10.714s] make[2]: *** [CMakeFiles/displacement_data_logger.dir/build.make:63: CMakeFiles/displacement_data_logger.dir/src/displacement_data_logger_node.cpp.o] Error 1
[10.714s] make[1]: *** [CMakeFiles/Makefile2:221: CMakeFiles/displacement_data_logger.dir/all] Error 2
[10.714s] make[1]: *** Waiting for unfinished jobs....
[10.775s] make[2]: *** [CMakeFiles/can_data_processor.dir/build.make:63: CMakeFiles/can_data_processor.dir/src/can_data_processor.cpp.o] Interrupt
[10.776s] make[2]: *** [CMakeFiles/data_parser_node.dir/build.make:63: CMakeFiles/data_parser_node.dir/src/data_parser_node.cpp.o] Interrupt
[10.777s] make[2]: *** wait: No child processes.  Stop.
[10.777s] make[2]: *** Waiting for unfinished jobs....
[10.777s] make[2]: *** wait: No child processes.  Stop.
[10.777s] make[2]: *** [CMakeFiles/displacement_processing_node.dir/build.make:63: CMakeFiles/displacement_processing_node.dir/src/displacement_processing_node.cpp.o] Interrupt
[10.777s] make[1]: *** [CMakeFiles/Makefile2:86: CMakeFiles/can_data_processor.dir/all] Interrupt
[10.777s] make[1]: *** [CMakeFiles/Makefile2:194: CMakeFiles/displacement_processing_node.dir/all] Interrupt
[10.778s] make[1]: *** [CMakeFiles/Makefile2:167: CMakeFiles/data_parser_node.dir/all] Interrupt
[10.778s] make[1]: *** [CMakeFiles/Makefile2:248: CMakeFiles/IMU_processing_node.dir/all] Error 2
[10.778s] make: *** [Makefile:141: all] Interrupt
[10.850s] Invoked command in '/home/kimm/wearable_robot_ws/build/wearable_robot_data_processing' returned '-2': CMAKE_PREFIX_PATH=/home/kimm/wearable_robot_ws/install/ros2_socketcan:/home/kimm/wearable_robot_ws/install/wearable_robot_interfaces:/home/kimm/wearable_robot_ws/install/ros2_socketcan_msgs:/home/kimm/wearable_robot_ws/install/wearable_robot_hw:/home/kimm/wearable_robot_ws/install/wearable_robot_data_processing:/home/kimm/wearable_robot_ws/install/wearable_robot_control:/home/kimm/wearable_robot_ws/install/wearable_robot_bringup:/home/kimm/wearable_robot_ws/install/can_comm:/home/kimm/install/can_data_extractor:/opt/ros/foxy LD_LIBRARY_PATH=/home/kimm/wearable_robot_ws/install/ros2_socketcan/lib:/home/kimm/wearable_robot_ws/install/wearable_robot_interfaces/lib:/home/kimm/wearable_robot_ws/install/ros2_socketcan_msgs/lib:/opt/ros/foxy/opt/yaml_cpp_vendor/lib:/opt/ros/foxy/opt/rviz_ogre_vendor/lib:/opt/ros/foxy/lib/aarch64-linux-gnu:/opt/ros/foxy/lib /usr/bin/cmake --build /home/kimm/wearable_robot_ws/build/wearable_robot_data_processing -- -j8 -l8
