[  1%] Built target wearable_robot_interfaces__cpp
[ 12%] Built target wearable_robot_interfaces__rosidl_generator_c
[ 24%] Built target wearable_robot_interfaces__rosidl_typesupport_cpp
[ 35%] Built target wearable_robot_interfaces__rosidl_typesupport_c
[ 47%] Built target wearable_robot_interfaces__rosidl_typesupport_fastrtps_cpp
[ 58%] Built target wearable_robot_interfaces__rosidl_typesupport_introspection_cpp
[ 70%] Built target wearable_robot_interfaces__rosidl_typesupport_introspection_c
[ 82%] Built target wearable_robot_interfaces__rosidl_typesupport_fastrtps_c
[ 82%] Built target wearable_robot_interfaces
[ 83%] Built target wearable_robot_interfaces__py
[ 93%] Built target wearable_robot_interfaces__python
[ 95%] Built target wearable_robot_interfaces__rosidl_typesupport_fastrtps_c__pyext
[ 97%] Built target wearable_robot_interfaces__rosidl_typesupport_c__pyext
[100%] Built target wearable_robot_interfaces__rosidl_typesupport_introspection_c__pyext
-- Install configuration: ""
-- Execute custom install script
-- Up-to-date symlink: /home/kimm/wearable_robot_ws/install/wearable_robot_interfaces/share/ament_index/resource_index/rosidl_interfaces/wearable_robot_interfaces
-- Up-to-date symlink: /home/kimm/wearable_robot_ws/install/wearable_robot_interfaces/include/wearable_robot_interfaces/msg/actuator_command.h
-- Up-to-date symlink: /home/kimm/wearable_robot_ws/install/wearable_robot_interfaces/include/wearable_robot_interfaces/msg/can_data_frame.h
-- Up-to-date symlink: /home/kimm/wearable_robot_ws/install/wearable_robot_interfaces/include/wearable_robot_interfaces/msg/detail/actuator_command__functions.h
-- Up-to-date symlink: /home/kimm/wearable_robot_ws/install/wearable_robot_interfaces/include/wearable_robot_interfaces/msg/detail/actuator_command__struct.h
-- Up-to-date symlink: /home/kimm/wearable_robot_ws/install/wearable_robot_interfaces/include/wearable_robot_interfaces/msg/detail/actuator_command__type_support.h
-- Up-to-date symlink: /home/kimm/wearable_robot_ws/install/wearable_robot_interfaces/include/wearable_robot_interfaces/msg/detail/can_data_frame__functions.h
-- Up-to-date symlink: /home/kimm/wearable_robot_ws/install/wearable_robot_interfaces/include/wearable_robot_interfaces/msg/detail/can_data_frame__struct.h
-- Up-to-date symlink: /home/kimm/wearable_robot_ws/install/wearable_robot_interfaces/include/wearable_robot_interfaces/msg/detail/can_data_frame__type_support.h
-- Up-to-date symlink: /home/kimm/wearable_robot_ws/install/wearable_robot_interfaces/include/wearable_robot_interfaces/msg/detail/displacement_data__functions.h
-- Up-to-date symlink: /home/kimm/wearable_robot_ws/install/wearable_robot_interfaces/include/wearable_robot_interfaces/msg/detail/displacement_data__struct.h
-- Up-to-date symlink: /home/kimm/wearable_robot_ws/install/wearable_robot_interfaces/include/wearable_robot_interfaces/msg/detail/displacement_data__type_support.h
-- Up-to-date symlink: /home/kimm/wearable_robot_ws/install/wearable_robot_interfaces/include/wearable_robot_interfaces/msg/detail/displacement_raw_data__functions.h
-- Up-to-date symlink: /home/kimm/wearable_robot_ws/install/wearable_robot_interfaces/include/wearable_robot_interfaces/msg/detail/displacement_raw_data__struct.h
-- Up-to-date symlink: /home/kimm/wearable_robot_ws/install/wearable_robot_interfaces/include/wearable_robot_interfaces/msg/detail/displacement_raw_data__type_support.h
-- Up-to-date symlink: /home/kimm/wearable_robot_ws/install/wearable_robot_interfaces/include/wearable_robot_interfaces/msg/detail/fan_command__functions.h
-- Up-to-date symlink: /home/kimm/wearable_robot_ws/install/wearable_robot_interfaces/include/wearable_robot_interfaces/msg/detail/fan_command__struct.h
-- Up-to-date symlink: /home/kimm/wearable_robot_ws/install/wearable_robot_interfaces/include/wearable_robot_interfaces/msg/detail/fan_command__type_support.h
-- Up-to-date symlink: /home/kimm/wearable_robot_ws/install/wearable_robot_interfaces/include/wearable_robot_interfaces/msg/detail/imu_data__functions.h
-- Up-to-date symlink: /home/kimm/wearable_robot_ws/install/wearable_robot_interfaces/include/wearable_robot_interfaces/msg/detail/imu_data__struct.h
-- Up-to-date symlink: /home/kimm/wearable_robot_ws/install/wearable_robot_interfaces/include/wearable_robot_interfaces/msg/detail/imu_data__type_support.h
-- Up-to-date symlink: /home/kimm/wearable_robot_ws/install/wearable_robot_interfaces/include/wearable_robot_interfaces/msg/detail/imu_type__functions.h
-- Up-to-date symlink: /home/kimm/wearable_robot_ws/install/wearable_robot_interfaces/include/wearable_robot_interfaces/msg/detail/imu_type__struct.h
-- Up-to-date symlink: /home/kimm/wearable_robot_ws/install/wearable_robot_interfaces/include/wearable_robot_interfaces/msg/detail/imu_type__type_support.h
-- Up-to-date symlink: /home/kimm/wearable_robot_ws/install/wearable_robot_interfaces/include/wearable_robot_interfaces/msg/detail/joint_state__functions.h
-- Up-to-date symlink: /home/kimm/wearable_robot_ws/install/wearable_robot_interfaces/include/wearable_robot_interfaces/msg/detail/joint_state__struct.h
-- Up-to-date symlink: /home/kimm/wearable_robot_ws/install/wearable_robot_interfaces/include/wearable_robot_interfaces/msg/detail/joint_state__type_support.h
-- Up-to-date symlink: /home/kimm/wearable_robot_ws/install/wearable_robot_interfaces/include/wearable_robot_interfaces/msg/detail/temperature_data__functions.h
-- Up-to-date symlink: /home/kimm/wearable_robot_ws/install/wearable_robot_interfaces/include/wearable_robot_interfaces/msg/detail/temperature_data__struct.h
-- Up-to-date symlink: /home/kimm/wearable_robot_ws/install/wearable_robot_interfaces/include/wearable_robot_interfaces/msg/detail/temperature_data__type_support.h
-- Up-to-date symlink: /home/kimm/wearable_robot_ws/install/wearable_robot_interfaces/include/wearable_robot_interfaces/msg/displacement_data.h
-- Up-to-date symlink: /home/kimm/wearable_robot_ws/install/wearable_robot_interfaces/include/wearable_robot_interfaces/msg/displacement_raw_data.h
-- Up-to-date symlink: /home/kimm/wearable_robot_ws/install/wearable_robot_interfaces/include/wearable_robot_interfaces/msg/fan_command.h
-- Up-to-date symlink: /home/kimm/wearable_robot_ws/install/wearable_robot_interfaces/include/wearable_robot_interfaces/msg/imu_data.h
-- Up-to-date symlink: /home/kimm/wearable_robot_ws/install/wearable_robot_interfaces/include/wearable_robot_interfaces/msg/imu_type.h
-- Up-to-date symlink: /home/kimm/wearable_robot_ws/install/wearable_robot_interfaces/include/wearable_robot_interfaces/msg/joint_state.h
-- Up-to-date symlink: /home/kimm/wearable_robot_ws/install/wearable_robot_interfaces/include/wearable_robot_interfaces/msg/rosidl_generator_c__visibility_control.h
-- Up-to-date symlink: /home/kimm/wearable_robot_ws/install/wearable_robot_interfaces/include/wearable_robot_interfaces/msg/temperature_data.h
-- Up-to-date symlink: /home/kimm/wearable_robot_ws/install/wearable_robot_interfaces/share/wearable_robot_interfaces/environment/library_path.sh
-- Up-to-date symlink: /home/kimm/wearable_robot_ws/install/wearable_robot_interfaces/share/wearable_robot_interfaces/environment/library_path.dsv
-- Up-to-date symlink: /home/kimm/wearable_robot_ws/install/wearable_robot_interfaces/include/wearable_robot_interfaces/msg/detail/actuator_command__rosidl_typesupport_fastrtps_c.h
-- Up-to-date symlink: /home/kimm/wearable_robot_ws/install/wearable_robot_interfaces/include/wearable_robot_interfaces/msg/detail/can_data_frame__rosidl_typesupport_fastrtps_c.h
-- Up-to-date symlink: /home/kimm/wearable_robot_ws/install/wearable_robot_interfaces/include/wearable_robot_interfaces/msg/detail/displacement_data__rosidl_typesupport_fastrtps_c.h
-- Up-to-date symlink: /home/kimm/wearable_robot_ws/install/wearable_robot_interfaces/include/wearable_robot_interfaces/msg/detail/displacement_raw_data__rosidl_typesupport_fastrtps_c.h
-- Up-to-date symlink: /home/kimm/wearable_robot_ws/install/wearable_robot_interfaces/include/wearable_robot_interfaces/msg/detail/fan_command__rosidl_typesupport_fastrtps_c.h
-- Up-to-date symlink: /home/kimm/wearable_robot_ws/install/wearable_robot_interfaces/include/wearable_robot_interfaces/msg/detail/imu_data__rosidl_typesupport_fastrtps_c.h
-- Up-to-date symlink: /home/kimm/wearable_robot_ws/install/wearable_robot_interfaces/include/wearable_robot_interfaces/msg/detail/imu_type__rosidl_typesupport_fastrtps_c.h
-- Up-to-date symlink: /home/kimm/wearable_robot_ws/install/wearable_robot_interfaces/include/wearable_robot_interfaces/msg/detail/joint_state__rosidl_typesupport_fastrtps_c.h
-- Up-to-date symlink: /home/kimm/wearable_robot_ws/install/wearable_robot_interfaces/include/wearable_robot_interfaces/msg/detail/temperature_data__rosidl_typesupport_fastrtps_c.h
-- Up-to-date symlink: /home/kimm/wearable_robot_ws/install/wearable_robot_interfaces/include/wearable_robot_interfaces/msg/rosidl_typesupport_fastrtps_c__visibility_control.h
-- Up-to-date symlink: /home/kimm/wearable_robot_ws/install/wearable_robot_interfaces/lib/libwearable_robot_interfaces__rosidl_typesupport_fastrtps_c.so
-- Up-to-date symlink: /home/kimm/wearable_robot_ws/install/wearable_robot_interfaces/include/wearable_robot_interfaces/msg/detail/actuator_command__rosidl_typesupport_fastrtps_cpp.hpp
-- Up-to-date symlink: /home/kimm/wearable_robot_ws/install/wearable_robot_interfaces/include/wearable_robot_interfaces/msg/detail/can_data_frame__rosidl_typesupport_fastrtps_cpp.hpp
-- Up-to-date symlink: /home/kimm/wearable_robot_ws/install/wearable_robot_interfaces/include/wearable_robot_interfaces/msg/detail/displacement_data__rosidl_typesupport_fastrtps_cpp.hpp
-- Up-to-date symlink: /home/kimm/wearable_robot_ws/install/wearable_robot_interfaces/include/wearable_robot_interfaces/msg/detail/displacement_raw_data__rosidl_typesupport_fastrtps_cpp.hpp
-- Up-to-date symlink: /home/kimm/wearable_robot_ws/install/wearable_robot_interfaces/include/wearable_robot_interfaces/msg/detail/fan_command__rosidl_typesupport_fastrtps_cpp.hpp
-- Up-to-date symlink: /home/kimm/wearable_robot_ws/install/wearable_robot_interfaces/include/wearable_robot_interfaces/msg/detail/imu_data__rosidl_typesupport_fastrtps_cpp.hpp
-- Up-to-date symlink: /home/kimm/wearable_robot_ws/install/wearable_robot_interfaces/include/wearable_robot_interfaces/msg/detail/imu_type__rosidl_typesupport_fastrtps_cpp.hpp
-- Up-to-date symlink: /home/kimm/wearable_robot_ws/install/wearable_robot_interfaces/include/wearable_robot_interfaces/msg/detail/joint_state__rosidl_typesupport_fastrtps_cpp.hpp
-- Up-to-date symlink: /home/kimm/wearable_robot_ws/install/wearable_robot_interfaces/include/wearable_robot_interfaces/msg/detail/temperature_data__rosidl_typesupport_fastrtps_cpp.hpp
-- Up-to-date symlink: /home/kimm/wearable_robot_ws/install/wearable_robot_interfaces/include/wearable_robot_interfaces/msg/rosidl_typesupport_fastrtps_cpp__visibility_control.h
-- Up-to-date symlink: /home/kimm/wearable_robot_ws/install/wearable_robot_interfaces/lib/libwearable_robot_interfaces__rosidl_typesupport_fastrtps_cpp.so
-- Up-to-date symlink: /home/kimm/wearable_robot_ws/install/wearable_robot_interfaces/include/wearable_robot_interfaces/msg/detail/actuator_command__rosidl_typesupport_introspection_c.h
-- Up-to-date symlink: /home/kimm/wearable_robot_ws/install/wearable_robot_interfaces/include/wearable_robot_interfaces/msg/detail/can_data_frame__rosidl_typesupport_introspection_c.h
-- Up-to-date symlink: /home/kimm/wearable_robot_ws/install/wearable_robot_interfaces/include/wearable_robot_interfaces/msg/detail/displacement_data__rosidl_typesupport_introspection_c.h
-- Up-to-date symlink: /home/kimm/wearable_robot_ws/install/wearable_robot_interfaces/include/wearable_robot_interfaces/msg/detail/displacement_raw_data__rosidl_typesupport_introspection_c.h
-- Up-to-date symlink: /home/kimm/wearable_robot_ws/install/wearable_robot_interfaces/include/wearable_robot_interfaces/msg/detail/fan_command__rosidl_typesupport_introspection_c.h
-- Up-to-date symlink: /home/kimm/wearable_robot_ws/install/wearable_robot_interfaces/include/wearable_robot_interfaces/msg/detail/imu_data__rosidl_typesupport_introspection_c.h
-- Up-to-date symlink: /home/kimm/wearable_robot_ws/install/wearable_robot_interfaces/include/wearable_robot_interfaces/msg/detail/imu_type__rosidl_typesupport_introspection_c.h
-- Up-to-date symlink: /home/kimm/wearable_robot_ws/install/wearable_robot_interfaces/include/wearable_robot_interfaces/msg/detail/joint_state__rosidl_typesupport_introspection_c.h
-- Up-to-date symlink: /home/kimm/wearable_robot_ws/install/wearable_robot_interfaces/include/wearable_robot_interfaces/msg/detail/temperature_data__rosidl_typesupport_introspection_c.h
-- Up-to-date symlink: /home/kimm/wearable_robot_ws/install/wearable_robot_interfaces/include/wearable_robot_interfaces/msg/rosidl_typesupport_introspection_c__visibility_control.h
-- Up-to-date symlink: /home/kimm/wearable_robot_ws/install/wearable_robot_interfaces/include/wearable_robot_interfaces/msg/actuator_command.hpp
-- Up-to-date symlink: /home/kimm/wearable_robot_ws/install/wearable_robot_interfaces/include/wearable_robot_interfaces/msg/can_data_frame.hpp
-- Up-to-date symlink: /home/kimm/wearable_robot_ws/install/wearable_robot_interfaces/include/wearable_robot_interfaces/msg/detail/actuator_command__builder.hpp
-- Up-to-date symlink: /home/kimm/wearable_robot_ws/install/wearable_robot_interfaces/include/wearable_robot_interfaces/msg/detail/actuator_command__struct.hpp
-- Up-to-date symlink: /home/kimm/wearable_robot_ws/install/wearable_robot_interfaces/include/wearable_robot_interfaces/msg/detail/actuator_command__traits.hpp
-- Up-to-date symlink: /home/kimm/wearable_robot_ws/install/wearable_robot_interfaces/include/wearable_robot_interfaces/msg/detail/actuator_command__type_support.hpp
-- Up-to-date symlink: /home/kimm/wearable_robot_ws/install/wearable_robot_interfaces/include/wearable_robot_interfaces/msg/detail/can_data_frame__builder.hpp
-- Up-to-date symlink: /home/kimm/wearable_robot_ws/install/wearable_robot_interfaces/include/wearable_robot_interfaces/msg/detail/can_data_frame__struct.hpp
-- Up-to-date symlink: /home/kimm/wearable_robot_ws/install/wearable_robot_interfaces/include/wearable_robot_interfaces/msg/detail/can_data_frame__traits.hpp
-- Up-to-date symlink: /home/kimm/wearable_robot_ws/install/wearable_robot_interfaces/include/wearable_robot_interfaces/msg/detail/can_data_frame__type_support.hpp
-- Up-to-date symlink: /home/kimm/wearable_robot_ws/install/wearable_robot_interfaces/include/wearable_robot_interfaces/msg/detail/displacement_data__builder.hpp
-- Up-to-date symlink: /home/kimm/wearable_robot_ws/install/wearable_robot_interfaces/include/wearable_robot_interfaces/msg/detail/displacement_data__struct.hpp
-- Up-to-date symlink: /home/kimm/wearable_robot_ws/install/wearable_robot_interfaces/include/wearable_robot_interfaces/msg/detail/displacement_data__traits.hpp
-- Up-to-date symlink: /home/kimm/wearable_robot_ws/install/wearable_robot_interfaces/include/wearable_robot_interfaces/msg/detail/displacement_data__type_support.hpp
-- Up-to-date symlink: /home/kimm/wearable_robot_ws/install/wearable_robot_interfaces/include/wearable_robot_interfaces/msg/detail/displacement_raw_data__builder.hpp
-- Up-to-date symlink: /home/kimm/wearable_robot_ws/install/wearable_robot_interfaces/include/wearable_robot_interfaces/msg/detail/displacement_raw_data__struct.hpp
-- Up-to-date symlink: /home/kimm/wearable_robot_ws/install/wearable_robot_interfaces/include/wearable_robot_interfaces/msg/detail/displacement_raw_data__traits.hpp
-- Up-to-date symlink: /home/kimm/wearable_robot_ws/install/wearable_robot_interfaces/include/wearable_robot_interfaces/msg/detail/displacement_raw_data__type_support.hpp
-- Up-to-date symlink: /home/kimm/wearable_robot_ws/install/wearable_robot_interfaces/include/wearable_robot_interfaces/msg/detail/fan_command__builder.hpp
-- Up-to-date symlink: /home/kimm/wearable_robot_ws/install/wearable_robot_interfaces/include/wearable_robot_interfaces/msg/detail/fan_command__struct.hpp
-- Up-to-date symlink: /home/kimm/wearable_robot_ws/install/wearable_robot_interfaces/include/wearable_robot_interfaces/msg/detail/fan_command__traits.hpp
-- Up-to-date symlink: /home/kimm/wearable_robot_ws/install/wearable_robot_interfaces/include/wearable_robot_interfaces/msg/detail/fan_command__type_support.hpp
-- Up-to-date symlink: /home/kimm/wearable_robot_ws/install/wearable_robot_interfaces/include/wearable_robot_interfaces/msg/detail/imu_data__builder.hpp
-- Up-to-date symlink: /home/kimm/wearable_robot_ws/install/wearable_robot_interfaces/include/wearable_robot_interfaces/msg/detail/imu_data__struct.hpp
-- Up-to-date symlink: /home/kimm/wearable_robot_ws/install/wearable_robot_interfaces/include/wearable_robot_interfaces/msg/detail/imu_data__traits.hpp
-- Up-to-date symlink: /home/kimm/wearable_robot_ws/install/wearable_robot_interfaces/include/wearable_robot_interfaces/msg/detail/imu_data__type_support.hpp
-- Up-to-date symlink: /home/kimm/wearable_robot_ws/install/wearable_robot_interfaces/include/wearable_robot_interfaces/msg/detail/imu_type__builder.hpp
-- Up-to-date symlink: /home/kimm/wearable_robot_ws/install/wearable_robot_interfaces/include/wearable_robot_interfaces/msg/detail/imu_type__struct.hpp
-- Up-to-date symlink: /home/kimm/wearable_robot_ws/install/wearable_robot_interfaces/include/wearable_robot_interfaces/msg/detail/imu_type__traits.hpp
-- Up-to-date symlink: /home/kimm/wearable_robot_ws/install/wearable_robot_interfaces/include/wearable_robot_interfaces/msg/detail/imu_type__type_support.hpp
-- Up-to-date symlink: /home/kimm/wearable_robot_ws/install/wearable_robot_interfaces/include/wearable_robot_interfaces/msg/detail/joint_state__builder.hpp
-- Up-to-date symlink: /home/kimm/wearable_robot_ws/install/wearable_robot_interfaces/include/wearable_robot_interfaces/msg/detail/joint_state__struct.hpp
-- Up-to-date symlink: /home/kimm/wearable_robot_ws/install/wearable_robot_interfaces/include/wearable_robot_interfaces/msg/detail/joint_state__traits.hpp
-- Up-to-date symlink: /home/kimm/wearable_robot_ws/install/wearable_robot_interfaces/include/wearable_robot_interfaces/msg/detail/joint_state__type_support.hpp
-- Up-to-date symlink: /home/kimm/wearable_robot_ws/install/wearable_robot_interfaces/include/wearable_robot_interfaces/msg/detail/temperature_data__builder.hpp
-- Up-to-date symlink: /home/kimm/wearable_robot_ws/install/wearable_robot_interfaces/include/wearable_robot_interfaces/msg/detail/temperature_data__struct.hpp
-- Up-to-date symlink: /home/kimm/wearable_robot_ws/install/wearable_robot_interfaces/include/wearable_robot_interfaces/msg/detail/temperature_data__traits.hpp
-- Up-to-date symlink: /home/kimm/wearable_robot_ws/install/wearable_robot_interfaces/include/wearable_robot_interfaces/msg/detail/temperature_data__type_support.hpp
-- Up-to-date symlink: /home/kimm/wearable_robot_ws/install/wearable_robot_interfaces/include/wearable_robot_interfaces/msg/displacement_data.hpp
-- Up-to-date symlink: /home/kimm/wearable_robot_ws/install/wearable_robot_interfaces/include/wearable_robot_interfaces/msg/displacement_raw_data.hpp
-- Up-to-date symlink: /home/kimm/wearable_robot_ws/install/wearable_robot_interfaces/include/wearable_robot_interfaces/msg/fan_command.hpp
-- Up-to-date symlink: /home/kimm/wearable_robot_ws/install/wearable_robot_interfaces/include/wearable_robot_interfaces/msg/imu_data.hpp
-- Up-to-date symlink: /home/kimm/wearable_robot_ws/install/wearable_robot_interfaces/include/wearable_robot_interfaces/msg/imu_type.hpp
-- Up-to-date symlink: /home/kimm/wearable_robot_ws/install/wearable_robot_interfaces/include/wearable_robot_interfaces/msg/joint_state.hpp
-- Up-to-date symlink: /home/kimm/wearable_robot_ws/install/wearable_robot_interfaces/include/wearable_robot_interfaces/msg/rosidl_generator_cpp__visibility_control.hpp
-- Up-to-date symlink: /home/kimm/wearable_robot_ws/install/wearable_robot_interfaces/include/wearable_robot_interfaces/msg/temperature_data.hpp
-- Up-to-date symlink: /home/kimm/wearable_robot_ws/install/wearable_robot_interfaces/include/wearable_robot_interfaces/msg/detail/actuator_command__rosidl_typesupport_introspection_cpp.hpp
-- Up-to-date symlink: /home/kimm/wearable_robot_ws/install/wearable_robot_interfaces/include/wearable_robot_interfaces/msg/detail/can_data_frame__rosidl_typesupport_introspection_cpp.hpp
-- Up-to-date symlink: /home/kimm/wearable_robot_ws/install/wearable_robot_interfaces/include/wearable_robot_interfaces/msg/detail/displacement_data__rosidl_typesupport_introspection_cpp.hpp
-- Up-to-date symlink: /home/kimm/wearable_robot_ws/install/wearable_robot_interfaces/include/wearable_robot_interfaces/msg/detail/displacement_raw_data__rosidl_typesupport_introspection_cpp.hpp
-- Up-to-date symlink: /home/kimm/wearable_robot_ws/install/wearable_robot_interfaces/include/wearable_robot_interfaces/msg/detail/fan_command__rosidl_typesupport_introspection_cpp.hpp
-- Up-to-date symlink: /home/kimm/wearable_robot_ws/install/wearable_robot_interfaces/include/wearable_robot_interfaces/msg/detail/imu_data__rosidl_typesupport_introspection_cpp.hpp
-- Up-to-date symlink: /home/kimm/wearable_robot_ws/install/wearable_robot_interfaces/include/wearable_robot_interfaces/msg/detail/imu_type__rosidl_typesupport_introspection_cpp.hpp
-- Up-to-date symlink: /home/kimm/wearable_robot_ws/install/wearable_robot_interfaces/include/wearable_robot_interfaces/msg/detail/joint_state__rosidl_typesupport_introspection_cpp.hpp
-- Up-to-date symlink: /home/kimm/wearable_robot_ws/install/wearable_robot_interfaces/include/wearable_robot_interfaces/msg/detail/temperature_data__rosidl_typesupport_introspection_cpp.hpp
-- Up-to-date symlink: /home/kimm/wearable_robot_ws/install/wearable_robot_interfaces/share/wearable_robot_interfaces/environment/pythonpath.sh
-- Up-to-date symlink: /home/kimm/wearable_robot_ws/install/wearable_robot_interfaces/share/wearable_robot_interfaces/environment/pythonpath.dsv
-- Up-to-date symlink: /home/kimm/wearable_robot_ws/install/wearable_robot_interfaces/lib/python3.8/site-packages/wearable_robot_interfaces/__init__.py
-- Up-to-date symlink: /home/kimm/wearable_robot_ws/install/wearable_robot_interfaces/lib/python3.8/site-packages/wearable_robot_interfaces/msg/__init__.py
-- Up-to-date symlink: /home/kimm/wearable_robot_ws/install/wearable_robot_interfaces/lib/python3.8/site-packages/wearable_robot_interfaces/msg/_actuator_command.py
-- Up-to-date symlink: /home/kimm/wearable_robot_ws/install/wearable_robot_interfaces/lib/python3.8/site-packages/wearable_robot_interfaces/msg/_can_data_frame.py
-- Up-to-date symlink: /home/kimm/wearable_robot_ws/install/wearable_robot_interfaces/lib/python3.8/site-packages/wearable_robot_interfaces/msg/_displacement_data.py
-- Up-to-date symlink: /home/kimm/wearable_robot_ws/install/wearable_robot_interfaces/lib/python3.8/site-packages/wearable_robot_interfaces/msg/_displacement_raw_data.py
-- Up-to-date symlink: /home/kimm/wearable_robot_ws/install/wearable_robot_interfaces/lib/python3.8/site-packages/wearable_robot_interfaces/msg/_fan_command.py
-- Up-to-date symlink: /home/kimm/wearable_robot_ws/install/wearable_robot_interfaces/lib/python3.8/site-packages/wearable_robot_interfaces/msg/_imu_data.py
-- Up-to-date symlink: /home/kimm/wearable_robot_ws/install/wearable_robot_interfaces/lib/python3.8/site-packages/wearable_robot_interfaces/msg/_imu_type.py
-- Up-to-date symlink: /home/kimm/wearable_robot_ws/install/wearable_robot_interfaces/lib/python3.8/site-packages/wearable_robot_interfaces/msg/_joint_state.py
-- Up-to-date symlink: /home/kimm/wearable_robot_ws/install/wearable_robot_interfaces/lib/python3.8/site-packages/wearable_robot_interfaces/msg/_temperature_data.py
-- Up-to-date symlink: /home/kimm/wearable_robot_ws/install/wearable_robot_interfaces/lib/python3.8/site-packages/wearable_robot_interfaces/wearable_robot_interfaces_s__rosidl_typesupport_fastrtps_c.cpython-38-aarch64-linux-gnu.so
-- Up-to-date symlink: /home/kimm/wearable_robot_ws/install/wearable_robot_interfaces/lib/python3.8/site-packages/wearable_robot_interfaces/wearable_robot_interfaces_s__rosidl_typesupport_introspection_c.cpython-38-aarch64-linux-gnu.so
-- Up-to-date symlink: /home/kimm/wearable_robot_ws/install/wearable_robot_interfaces/lib/python3.8/site-packages/wearable_robot_interfaces/wearable_robot_interfaces_s__rosidl_typesupport_c.cpython-38-aarch64-linux-gnu.so
-- Up-to-date symlink: /home/kimm/wearable_robot_ws/install/wearable_robot_interfaces/lib/libwearable_robot_interfaces__python.so
-- Up-to-date symlink: /home/kimm/wearable_robot_ws/install/wearable_robot_interfaces/share/wearable_robot_interfaces/msg/DisplacementRawData.idl
-- Up-to-date symlink: /home/kimm/wearable_robot_ws/install/wearable_robot_interfaces/share/wearable_robot_interfaces/msg/DisplacementData.idl
-- Up-to-date symlink: /home/kimm/wearable_robot_ws/install/wearable_robot_interfaces/share/wearable_robot_interfaces/msg/IMUData.idl
-- Up-to-date symlink: /home/kimm/wearable_robot_ws/install/wearable_robot_interfaces/share/wearable_robot_interfaces/msg/IMUType.idl
-- Up-to-date symlink: /home/kimm/wearable_robot_ws/install/wearable_robot_interfaces/share/wearable_robot_interfaces/msg/TemperatureData.idl
-- Up-to-date symlink: /home/kimm/wearable_robot_ws/install/wearable_robot_interfaces/share/wearable_robot_interfaces/msg/ActuatorCommand.idl
-- Up-to-date symlink: /home/kimm/wearable_robot_ws/install/wearable_robot_interfaces/share/wearable_robot_interfaces/msg/FanCommand.idl
-- Up-to-date symlink: /home/kimm/wearable_robot_ws/install/wearable_robot_interfaces/share/wearable_robot_interfaces/msg/CANDataFrame.idl
-- Up-to-date symlink: /home/kimm/wearable_robot_ws/install/wearable_robot_interfaces/share/wearable_robot_interfaces/msg/JointState.idl
-- Up-to-date symlink: /home/kimm/wearable_robot_ws/install/wearable_robot_interfaces/share/wearable_robot_interfaces/msg/DisplacementRawData.msg
-- Up-to-date symlink: /home/kimm/wearable_robot_ws/install/wearable_robot_interfaces/share/wearable_robot_interfaces/msg/DisplacementData.msg
-- Up-to-date symlink: /home/kimm/wearable_robot_ws/install/wearable_robot_interfaces/share/wearable_robot_interfaces/msg/IMUData.msg
-- Up-to-date symlink: /home/kimm/wearable_robot_ws/install/wearable_robot_interfaces/share/wearable_robot_interfaces/msg/IMUType.msg
-- Up-to-date symlink: /home/kimm/wearable_robot_ws/install/wearable_robot_interfaces/share/wearable_robot_interfaces/msg/TemperatureData.msg
-- Up-to-date symlink: /home/kimm/wearable_robot_ws/install/wearable_robot_interfaces/share/wearable_robot_interfaces/msg/ActuatorCommand.msg
-- Up-to-date symlink: /home/kimm/wearable_robot_ws/install/wearable_robot_interfaces/share/wearable_robot_interfaces/msg/FanCommand.msg
-- Up-to-date symlink: /home/kimm/wearable_robot_ws/install/wearable_robot_interfaces/share/wearable_robot_interfaces/msg/CANDataFrame.msg
-- Up-to-date symlink: /home/kimm/wearable_robot_ws/install/wearable_robot_interfaces/share/wearable_robot_interfaces/msg/JointState.msg
-- Up-to-date symlink: /home/kimm/wearable_robot_ws/install/wearable_robot_interfaces/share/ament_index/resource_index/package_run_dependencies/wearable_robot_interfaces
-- Up-to-date symlink: /home/kimm/wearable_robot_ws/install/wearable_robot_interfaces/share/ament_index/resource_index/parent_prefix_path/wearable_robot_interfaces
-- Up-to-date symlink: /home/kimm/wearable_robot_ws/install/wearable_robot_interfaces/share/wearable_robot_interfaces/environment/ament_prefix_path.sh
-- Up-to-date symlink: /home/kimm/wearable_robot_ws/install/wearable_robot_interfaces/share/wearable_robot_interfaces/environment/ament_prefix_path.dsv
-- Up-to-date symlink: /home/kimm/wearable_robot_ws/install/wearable_robot_interfaces/share/wearable_robot_interfaces/environment/path.sh
-- Up-to-date symlink: /home/kimm/wearable_robot_ws/install/wearable_robot_interfaces/share/wearable_robot_interfaces/environment/path.dsv
-- Up-to-date symlink: /home/kimm/wearable_robot_ws/install/wearable_robot_interfaces/share/wearable_robot_interfaces/local_setup.bash
-- Up-to-date symlink: /home/kimm/wearable_robot_ws/install/wearable_robot_interfaces/share/wearable_robot_interfaces/local_setup.sh
-- Up-to-date symlink: /home/kimm/wearable_robot_ws/install/wearable_robot_interfaces/share/wearable_robot_interfaces/local_setup.zsh
-- Up-to-date symlink: /home/kimm/wearable_robot_ws/install/wearable_robot_interfaces/share/wearable_robot_interfaces/local_setup.dsv
-- Symlinking: /home/kimm/wearable_robot_ws/install/wearable_robot_interfaces/share/wearable_robot_interfaces/package.dsv
-- Up-to-date symlink: /home/kimm/wearable_robot_ws/install/wearable_robot_interfaces/share/ament_index/resource_index/packages/wearable_robot_interfaces
-- Up-to-date symlink: /home/kimm/wearable_robot_ws/install/wearable_robot_interfaces/share/wearable_robot_interfaces/cmake/rosidl_cmake-extras.cmake
-- Up-to-date symlink: /home/kimm/wearable_robot_ws/install/wearable_robot_interfaces/share/wearable_robot_interfaces/cmake/ament_cmake_export_dependencies-extras.cmake
-- Up-to-date symlink: /home/kimm/wearable_robot_ws/install/wearable_robot_interfaces/share/wearable_robot_interfaces/cmake/ament_cmake_export_libraries-extras.cmake
-- Up-to-date symlink: /home/kimm/wearable_robot_ws/install/wearable_robot_interfaces/share/wearable_robot_interfaces/cmake/ament_cmake_export_targets-extras.cmake
-- Up-to-date symlink: /home/kimm/wearable_robot_ws/install/wearable_robot_interfaces/share/wearable_robot_interfaces/cmake/ament_cmake_export_include_directories-extras.cmake
-- Up-to-date symlink: /home/kimm/wearable_robot_ws/install/wearable_robot_interfaces/share/wearable_robot_interfaces/cmake/rosidl_cmake_export_typesupport_libraries-extras.cmake
-- Up-to-date symlink: /home/kimm/wearable_robot_ws/install/wearable_robot_interfaces/share/wearable_robot_interfaces/cmake/rosidl_cmake_export_typesupport_targets-extras.cmake
-- Up-to-date symlink: /home/kimm/wearable_robot_ws/install/wearable_robot_interfaces/share/wearable_robot_interfaces/cmake/wearable_robot_interfacesConfig.cmake
-- Up-to-date symlink: /home/kimm/wearable_robot_ws/install/wearable_robot_interfaces/share/wearable_robot_interfaces/cmake/wearable_robot_interfacesConfig-version.cmake
-- Up-to-date symlink: /home/kimm/wearable_robot_ws/install/wearable_robot_interfaces/share/wearable_robot_interfaces/package.xml
-- Up-to-date: /home/kimm/wearable_robot_ws/install/wearable_robot_interfaces/lib/libwearable_robot_interfaces__rosidl_generator_c.so
-- Up-to-date: /home/kimm/wearable_robot_ws/install/wearable_robot_interfaces/lib/libwearable_robot_interfaces__rosidl_typesupport_introspection_c.so
-- Up-to-date: /home/kimm/wearable_robot_ws/install/wearable_robot_interfaces/lib/libwearable_robot_interfaces__rosidl_typesupport_c.so
-- Up-to-date: /home/kimm/wearable_robot_ws/install/wearable_robot_interfaces/lib/libwearable_robot_interfaces__rosidl_typesupport_introspection_cpp.so
-- Up-to-date: /home/kimm/wearable_robot_ws/install/wearable_robot_interfaces/lib/libwearable_robot_interfaces__rosidl_typesupport_cpp.so
-- Up-to-date: /home/kimm/wearable_robot_ws/install/wearable_robot_interfaces/share/wearable_robot_interfaces/cmake/wearable_robot_interfaces__rosidl_generator_cExport.cmake
-- Up-to-date: /home/kimm/wearable_robot_ws/install/wearable_robot_interfaces/share/wearable_robot_interfaces/cmake/wearable_robot_interfaces__rosidl_generator_cExport-noconfig.cmake
-- Up-to-date: /home/kimm/wearable_robot_ws/install/wearable_robot_interfaces/share/wearable_robot_interfaces/cmake/wearable_robot_interfaces__rosidl_typesupport_introspection_cExport.cmake
-- Up-to-date: /home/kimm/wearable_robot_ws/install/wearable_robot_interfaces/share/wearable_robot_interfaces/cmake/wearable_robot_interfaces__rosidl_typesupport_introspection_cExport-noconfig.cmake
-- Up-to-date: /home/kimm/wearable_robot_ws/install/wearable_robot_interfaces/share/wearable_robot_interfaces/cmake/wearable_robot_interfaces__rosidl_typesupport_cExport.cmake
-- Up-to-date: /home/kimm/wearable_robot_ws/install/wearable_robot_interfaces/share/wearable_robot_interfaces/cmake/wearable_robot_interfaces__rosidl_typesupport_cExport-noconfig.cmake
-- Up-to-date: /home/kimm/wearable_robot_ws/install/wearable_robot_interfaces/share/wearable_robot_interfaces/cmake/wearable_robot_interfaces__rosidl_generator_cppExport.cmake
-- Up-to-date: /home/kimm/wearable_robot_ws/install/wearable_robot_interfaces/share/wearable_robot_interfaces/cmake/wearable_robot_interfaces__rosidl_typesupport_introspection_cppExport.cmake
-- Up-to-date: /home/kimm/wearable_robot_ws/install/wearable_robot_interfaces/share/wearable_robot_interfaces/cmake/wearable_robot_interfaces__rosidl_typesupport_introspection_cppExport-noconfig.cmake
-- Up-to-date: /home/kimm/wearable_robot_ws/install/wearable_robot_interfaces/share/wearable_robot_interfaces/cmake/wearable_robot_interfaces__rosidl_typesupport_cppExport.cmake
-- Up-to-date: /home/kimm/wearable_robot_ws/install/wearable_robot_interfaces/share/wearable_robot_interfaces/cmake/wearable_robot_interfaces__rosidl_typesupport_cppExport-noconfig.cmake
