[0.040s] Invoking command in '/home/kimm/wearable_robot_ws/build/wearable_robot_data_processing': CMAKE_PREFIX_PATH=/home/kimm/wearable_robot_ws/install/ros2_socketcan:/home/kimm/wearable_robot_ws/install/wearable_robot_interfaces:/home/kimm/wearable_robot_ws/install/ros2_socketcan_msgs:/home/kimm/wearable_robot_ws/install/wearable_robot_data_processing:/home/kimm/wearable_robot_ws/install/wearable_robot_control:/home/kimm/wearable_robot_ws/install/wearable_robot_bringup:/home/kimm/install/can_data_extractor:/opt/ros/foxy LD_LIBRARY_PATH=/home/kimm/wearable_robot_ws/install/ros2_socketcan/lib:/home/kimm/wearable_robot_ws/install/wearable_robot_interfaces/lib:/home/kimm/wearable_robot_ws/install/ros2_socketcan_msgs/lib:/opt/ros/foxy/opt/yaml_cpp_vendor/lib:/opt/ros/foxy/opt/rviz_ogre_vendor/lib:/opt/ros/foxy/lib/aarch64-linux-gnu:/opt/ros/foxy/lib /usr/bin/cmake --build /home/kimm/wearable_robot_ws/build/wearable_robot_data_processing -- -j8 -l8
[0.178s] [100%] Built target data_parser_node
[0.181s] [100%] Built target can_data_processor
[0.181s] [100%] Built target displacement_processing_node
[0.181s] [100%] Built target IMU_processing_node
[0.208s] Invoked command in '/home/kimm/wearable_robot_ws/build/wearable_robot_data_processing' returned '0': CMAKE_PREFIX_PATH=/home/kimm/wearable_robot_ws/install/ros2_socketcan:/home/kimm/wearable_robot_ws/install/wearable_robot_interfaces:/home/kimm/wearable_robot_ws/install/ros2_socketcan_msgs:/home/kimm/wearable_robot_ws/install/wearable_robot_data_processing:/home/kimm/wearable_robot_ws/install/wearable_robot_control:/home/kimm/wearable_robot_ws/install/wearable_robot_bringup:/home/kimm/install/can_data_extractor:/opt/ros/foxy LD_LIBRARY_PATH=/home/kimm/wearable_robot_ws/install/ros2_socketcan/lib:/home/kimm/wearable_robot_ws/install/wearable_robot_interfaces/lib:/home/kimm/wearable_robot_ws/install/ros2_socketcan_msgs/lib:/opt/ros/foxy/opt/yaml_cpp_vendor/lib:/opt/ros/foxy/opt/rviz_ogre_vendor/lib:/opt/ros/foxy/lib/aarch64-linux-gnu:/opt/ros/foxy/lib /usr/bin/cmake --build /home/kimm/wearable_robot_ws/build/wearable_robot_data_processing -- -j8 -l8
[0.216s] Invoking command in '/home/kimm/wearable_robot_ws/build/wearable_robot_data_processing': CMAKE_PREFIX_PATH=/home/kimm/wearable_robot_ws/install/ros2_socketcan:/home/kimm/wearable_robot_ws/install/wearable_robot_interfaces:/home/kimm/wearable_robot_ws/install/ros2_socketcan_msgs:/home/kimm/wearable_robot_ws/install/wearable_robot_data_processing:/home/kimm/wearable_robot_ws/install/wearable_robot_control:/home/kimm/wearable_robot_ws/install/wearable_robot_bringup:/home/kimm/install/can_data_extractor:/opt/ros/foxy LD_LIBRARY_PATH=/home/kimm/wearable_robot_ws/install/ros2_socketcan/lib:/home/kimm/wearable_robot_ws/install/wearable_robot_interfaces/lib:/home/kimm/wearable_robot_ws/install/ros2_socketcan_msgs/lib:/opt/ros/foxy/opt/yaml_cpp_vendor/lib:/opt/ros/foxy/opt/rviz_ogre_vendor/lib:/opt/ros/foxy/lib/aarch64-linux-gnu:/opt/ros/foxy/lib /usr/bin/cmake --install /home/kimm/wearable_robot_ws/build/wearable_robot_data_processing
[0.236s] -- Install configuration: ""
[0.237s] -- Execute custom install script
[0.238s] -- Up-to-date symlink: /home/kimm/wearable_robot_ws/install/wearable_robot_data_processing/lib/wearable_robot_data_processing/can_data_processor
[0.238s] -- Up-to-date symlink: /home/kimm/wearable_robot_ws/install/wearable_robot_data_processing/lib/wearable_robot_data_processing/data_parser_node
[0.239s] -- Up-to-date symlink: /home/kimm/wearable_robot_ws/install/wearable_robot_data_processing/lib/wearable_robot_data_processing/IMU_processing_node
[0.240s] -- Up-to-date symlink: /home/kimm/wearable_robot_ws/install/wearable_robot_data_processing/share/ament_index/resource_index/package_run_dependencies/wearable_robot_data_processing
[0.240s] -- Up-to-date symlink: /home/kimm/wearable_robot_ws/install/wearable_robot_data_processing/share/ament_index/resource_index/parent_prefix_path/wearable_robot_data_processing
[0.241s] -- Up-to-date symlink: /home/kimm/wearable_robot_ws/install/wearable_robot_data_processing/share/wearable_robot_data_processing/environment/ament_prefix_path.sh
[0.241s] -- Up-to-date symlink: /home/kimm/wearable_robot_ws/install/wearable_robot_data_processing/share/wearable_robot_data_processing/environment/ament_prefix_path.dsv
[0.242s] -- Up-to-date symlink: /home/kimm/wearable_robot_ws/install/wearable_robot_data_processing/share/wearable_robot_data_processing/environment/path.sh
[0.242s] -- Up-to-date symlink: /home/kimm/wearable_robot_ws/install/wearable_robot_data_processing/share/wearable_robot_data_processing/environment/path.dsv
[0.243s] -- Up-to-date symlink: /home/kimm/wearable_robot_ws/install/wearable_robot_data_processing/share/wearable_robot_data_processing/local_setup.bash
[0.243s] -- Up-to-date symlink: /home/kimm/wearable_robot_ws/install/wearable_robot_data_processing/share/wearable_robot_data_processing/local_setup.sh
[0.244s] -- Up-to-date symlink: /home/kimm/wearable_robot_ws/install/wearable_robot_data_processing/share/wearable_robot_data_processing/local_setup.zsh
[0.244s] -- Up-to-date symlink: /home/kimm/wearable_robot_ws/install/wearable_robot_data_processing/share/wearable_robot_data_processing/local_setup.dsv
[0.245s] -- Symlinking: /home/kimm/wearable_robot_ws/install/wearable_robot_data_processing/share/wearable_robot_data_processing/package.dsv
[0.264s] -- Up-to-date symlink: /home/kimm/wearable_robot_ws/install/wearable_robot_data_processing/share/ament_index/resource_index/packages/wearable_robot_data_processing
[0.265s] -- Up-to-date symlink: /home/kimm/wearable_robot_ws/install/wearable_robot_data_processing/share/wearable_robot_data_processing/cmake/wearable_robot_data_processingConfig.cmake
[0.265s] -- Up-to-date symlink: /home/kimm/wearable_robot_ws/install/wearable_robot_data_processing/share/wearable_robot_data_processing/cmake/wearable_robot_data_processingConfig-version.cmake
[0.265s] -- Up-to-date symlink: /home/kimm/wearable_robot_ws/install/wearable_robot_data_processing/share/wearable_robot_data_processing/package.xml
[0.273s] Invoked command in '/home/kimm/wearable_robot_ws/build/wearable_robot_data_processing' returned '0': CMAKE_PREFIX_PATH=/home/kimm/wearable_robot_ws/install/ros2_socketcan:/home/kimm/wearable_robot_ws/install/wearable_robot_interfaces:/home/kimm/wearable_robot_ws/install/ros2_socketcan_msgs:/home/kimm/wearable_robot_ws/install/wearable_robot_data_processing:/home/kimm/wearable_robot_ws/install/wearable_robot_control:/home/kimm/wearable_robot_ws/install/wearable_robot_bringup:/home/kimm/install/can_data_extractor:/opt/ros/foxy LD_LIBRARY_PATH=/home/kimm/wearable_robot_ws/install/ros2_socketcan/lib:/home/kimm/wearable_robot_ws/install/wearable_robot_interfaces/lib:/home/kimm/wearable_robot_ws/install/ros2_socketcan_msgs/lib:/opt/ros/foxy/opt/yaml_cpp_vendor/lib:/opt/ros/foxy/opt/rviz_ogre_vendor/lib:/opt/ros/foxy/lib/aarch64-linux-gnu:/opt/ros/foxy/lib /usr/bin/cmake --install /home/kimm/wearable_robot_ws/build/wearable_robot_data_processing
