[0.081s] Invoking command in '/home/kimm/wearable_robot_ws/build/ros2_socketcan_msgs': CMAKE_PREFIX_PATH=${CMAKE_PREFIX_PATH}:/opt/ros/foxy /usr/bin/cmake --build /home/kimm/wearable_robot_ws/build/ros2_socketcan_msgs -- -j8 -l8
[0.208s] [  3%] Built target ros2_socketcan_msgs__cpp
[0.222s] [ 12%] Built target ros2_socketcan_msgs__rosidl_generator_c
[0.301s] [ 32%] Built target ros2_socketcan_msgs__rosidl_typesupport_fastrtps_cpp
[0.302s] [ 32%] Built target ros2_socketcan_msgs__rosidl_typesupport_introspection_cpp
[0.329s] [ 41%] Built target ros2_socketcan_msgs__rosidl_typesupport_c
[0.331s] [ 51%] Built target ros2_socketcan_msgs__rosidl_typesupport_cpp
[0.350s] [ 61%] Built target ros2_socketcan_msgs__rosidl_typesupport_introspection_c
[0.397s] [ 70%] Built target ros2_socketcan_msgs__rosidl_typesupport_fastrtps_c
[0.453s] [ 70%] Built target ros2_socketcan_msgs
[0.517s] [ 74%] Built target ros2_socketcan_msgs__py
[0.567s] [ 80%] Built target ros2_socketcan_msgs__python
[0.624s] [100%] Built target ros2_socketcan_msgs__rosidl_typesupport_c__pyext
[0.624s] [100%] Built target ros2_socketcan_msgs__rosidl_typesupport_introspection_c__pyext
[0.624s] [100%] Built target ros2_socketcan_msgs__rosidl_typesupport_fastrtps_c__pyext
[0.661s] Invoked command in '/home/kimm/wearable_robot_ws/build/ros2_socketcan_msgs' returned '0': CMAKE_PREFIX_PATH=${CMAKE_PREFIX_PATH}:/opt/ros/foxy /usr/bin/cmake --build /home/kimm/wearable_robot_ws/build/ros2_socketcan_msgs -- -j8 -l8
[0.663s] Invoking command in '/home/kimm/wearable_robot_ws/build/ros2_socketcan_msgs': CMAKE_PREFIX_PATH=${CMAKE_PREFIX_PATH}:/opt/ros/foxy /usr/bin/cmake --install /home/kimm/wearable_robot_ws/build/ros2_socketcan_msgs
[0.681s] -- Install configuration: ""
[0.682s] -- Execute custom install script
[0.683s] -- Up-to-date symlink: /home/kimm/wearable_robot_ws/install/ros2_socketcan_msgs/share/ament_index/resource_index/rosidl_interfaces/ros2_socketcan_msgs
[0.684s] -- Up-to-date symlink: /home/kimm/wearable_robot_ws/install/ros2_socketcan_msgs/include/ros2_socketcan_msgs/msg/detail/fd_frame__functions.h
[0.685s] -- Up-to-date symlink: /home/kimm/wearable_robot_ws/install/ros2_socketcan_msgs/include/ros2_socketcan_msgs/msg/detail/fd_frame__struct.h
[0.685s] -- Up-to-date symlink: /home/kimm/wearable_robot_ws/install/ros2_socketcan_msgs/include/ros2_socketcan_msgs/msg/detail/fd_frame__type_support.h
[0.686s] -- Up-to-date symlink: /home/kimm/wearable_robot_ws/install/ros2_socketcan_msgs/include/ros2_socketcan_msgs/msg/fd_frame.h
[0.686s] -- Up-to-date symlink: /home/kimm/wearable_robot_ws/install/ros2_socketcan_msgs/include/ros2_socketcan_msgs/msg/rosidl_generator_c__visibility_control.h
[0.686s] -- Up-to-date symlink: /home/kimm/wearable_robot_ws/install/ros2_socketcan_msgs/share/ros2_socketcan_msgs/environment/library_path.sh
[0.687s] -- Up-to-date symlink: /home/kimm/wearable_robot_ws/install/ros2_socketcan_msgs/share/ros2_socketcan_msgs/environment/library_path.dsv
[0.688s] -- Up-to-date symlink: /home/kimm/wearable_robot_ws/install/ros2_socketcan_msgs/include/ros2_socketcan_msgs/msg/detail/fd_frame__rosidl_typesupport_fastrtps_c.h
[0.689s] -- Up-to-date symlink: /home/kimm/wearable_robot_ws/install/ros2_socketcan_msgs/include/ros2_socketcan_msgs/msg/rosidl_typesupport_fastrtps_c__visibility_control.h
[0.689s] -- Up-to-date symlink: /home/kimm/wearable_robot_ws/install/ros2_socketcan_msgs/lib/libros2_socketcan_msgs__rosidl_typesupport_fastrtps_c.so
[0.690s] -- Up-to-date symlink: /home/kimm/wearable_robot_ws/install/ros2_socketcan_msgs/include/ros2_socketcan_msgs/msg/detail/fd_frame__rosidl_typesupport_fastrtps_cpp.hpp
[0.691s] -- Up-to-date symlink: /home/kimm/wearable_robot_ws/install/ros2_socketcan_msgs/include/ros2_socketcan_msgs/msg/rosidl_typesupport_fastrtps_cpp__visibility_control.h
[0.691s] -- Up-to-date symlink: /home/kimm/wearable_robot_ws/install/ros2_socketcan_msgs/lib/libros2_socketcan_msgs__rosidl_typesupport_fastrtps_cpp.so
[0.692s] -- Up-to-date symlink: /home/kimm/wearable_robot_ws/install/ros2_socketcan_msgs/include/ros2_socketcan_msgs/msg/detail/fd_frame__rosidl_typesupport_introspection_c.h
[0.692s] -- Up-to-date symlink: /home/kimm/wearable_robot_ws/install/ros2_socketcan_msgs/include/ros2_socketcan_msgs/msg/rosidl_typesupport_introspection_c__visibility_control.h
[0.693s] -- Up-to-date symlink: /home/kimm/wearable_robot_ws/install/ros2_socketcan_msgs/include/ros2_socketcan_msgs/msg/detail/fd_frame__builder.hpp
[0.694s] -- Up-to-date symlink: /home/kimm/wearable_robot_ws/install/ros2_socketcan_msgs/include/ros2_socketcan_msgs/msg/detail/fd_frame__struct.hpp
[0.694s] -- Up-to-date symlink: /home/kimm/wearable_robot_ws/install/ros2_socketcan_msgs/include/ros2_socketcan_msgs/msg/detail/fd_frame__traits.hpp
[0.695s] -- Up-to-date symlink: /home/kimm/wearable_robot_ws/install/ros2_socketcan_msgs/include/ros2_socketcan_msgs/msg/detail/fd_frame__type_support.hpp
[0.695s] -- Up-to-date symlink: /home/kimm/wearable_robot_ws/install/ros2_socketcan_msgs/include/ros2_socketcan_msgs/msg/fd_frame.hpp
[0.695s] -- Up-to-date symlink: /home/kimm/wearable_robot_ws/install/ros2_socketcan_msgs/include/ros2_socketcan_msgs/msg/rosidl_generator_cpp__visibility_control.hpp
[0.696s] -- Up-to-date symlink: /home/kimm/wearable_robot_ws/install/ros2_socketcan_msgs/include/ros2_socketcan_msgs/msg/detail/fd_frame__rosidl_typesupport_introspection_cpp.hpp
[0.696s] -- Up-to-date symlink: /home/kimm/wearable_robot_ws/install/ros2_socketcan_msgs/share/ros2_socketcan_msgs/environment/pythonpath.sh
[0.697s] -- Up-to-date symlink: /home/kimm/wearable_robot_ws/install/ros2_socketcan_msgs/share/ros2_socketcan_msgs/environment/pythonpath.dsv
[0.697s] -- Up-to-date symlink: /home/kimm/wearable_robot_ws/install/ros2_socketcan_msgs/lib/python3.8/site-packages/ros2_socketcan_msgs/__init__.py
[0.698s] -- Up-to-date symlink: /home/kimm/wearable_robot_ws/install/ros2_socketcan_msgs/lib/python3.8/site-packages/ros2_socketcan_msgs/msg/__init__.py
[0.699s] -- Up-to-date symlink: /home/kimm/wearable_robot_ws/install/ros2_socketcan_msgs/lib/python3.8/site-packages/ros2_socketcan_msgs/msg/_fd_frame.py
[0.699s] -- Up-to-date symlink: /home/kimm/wearable_robot_ws/install/ros2_socketcan_msgs/lib/python3.8/site-packages/ros2_socketcan_msgs/ros2_socketcan_msgs_s__rosidl_typesupport_fastrtps_c.cpython-38-aarch64-linux-gnu.so
[0.700s] -- Up-to-date symlink: /home/kimm/wearable_robot_ws/install/ros2_socketcan_msgs/lib/python3.8/site-packages/ros2_socketcan_msgs/ros2_socketcan_msgs_s__rosidl_typesupport_introspection_c.cpython-38-aarch64-linux-gnu.so
[0.701s] -- Up-to-date symlink: /home/kimm/wearable_robot_ws/install/ros2_socketcan_msgs/lib/python3.8/site-packages/ros2_socketcan_msgs/ros2_socketcan_msgs_s__rosidl_typesupport_c.cpython-38-aarch64-linux-gnu.so
[0.702s] -- Up-to-date symlink: /home/kimm/wearable_robot_ws/install/ros2_socketcan_msgs/lib/libros2_socketcan_msgs__python.so
[0.702s] -- Up-to-date symlink: /home/kimm/wearable_robot_ws/install/ros2_socketcan_msgs/share/ros2_socketcan_msgs/msg/FdFrame.idl
[0.703s] -- Up-to-date symlink: /home/kimm/wearable_robot_ws/install/ros2_socketcan_msgs/share/ros2_socketcan_msgs/msg/FdFrame.msg
[0.704s] -- Up-to-date symlink: /home/kimm/wearable_robot_ws/install/ros2_socketcan_msgs/share/ament_index/resource_index/package_run_dependencies/ros2_socketcan_msgs
[0.704s] -- Up-to-date symlink: /home/kimm/wearable_robot_ws/install/ros2_socketcan_msgs/share/ament_index/resource_index/parent_prefix_path/ros2_socketcan_msgs
[0.705s] -- Up-to-date symlink: /home/kimm/wearable_robot_ws/install/ros2_socketcan_msgs/share/ros2_socketcan_msgs/environment/ament_prefix_path.sh
[0.705s] -- Up-to-date symlink: /home/kimm/wearable_robot_ws/install/ros2_socketcan_msgs/share/ros2_socketcan_msgs/environment/ament_prefix_path.dsv
[0.706s] -- Up-to-date symlink: /home/kimm/wearable_robot_ws/install/ros2_socketcan_msgs/share/ros2_socketcan_msgs/environment/path.sh
[0.706s] -- Up-to-date symlink: /home/kimm/wearable_robot_ws/install/ros2_socketcan_msgs/share/ros2_socketcan_msgs/environment/path.dsv
[0.707s] -- Up-to-date symlink: /home/kimm/wearable_robot_ws/install/ros2_socketcan_msgs/share/ros2_socketcan_msgs/local_setup.bash
[0.707s] -- Up-to-date symlink: /home/kimm/wearable_robot_ws/install/ros2_socketcan_msgs/share/ros2_socketcan_msgs/local_setup.sh
[0.708s] -- Up-to-date symlink: /home/kimm/wearable_robot_ws/install/ros2_socketcan_msgs/share/ros2_socketcan_msgs/local_setup.zsh
[0.708s] -- Up-to-date symlink: /home/kimm/wearable_robot_ws/install/ros2_socketcan_msgs/share/ros2_socketcan_msgs/local_setup.dsv
[0.708s] -- Symlinking: /home/kimm/wearable_robot_ws/install/ros2_socketcan_msgs/share/ros2_socketcan_msgs/package.dsv
[0.739s] -- Up-to-date symlink: /home/kimm/wearable_robot_ws/install/ros2_socketcan_msgs/share/ament_index/resource_index/packages/ros2_socketcan_msgs
[0.740s] -- Up-to-date symlink: /home/kimm/wearable_robot_ws/install/ros2_socketcan_msgs/share/ros2_socketcan_msgs/cmake/rosidl_cmake-extras.cmake
[0.740s] -- Up-to-date symlink: /home/kimm/wearable_robot_ws/install/ros2_socketcan_msgs/share/ros2_socketcan_msgs/cmake/ament_cmake_export_dependencies-extras.cmake
[0.740s] -- Up-to-date symlink: /home/kimm/wearable_robot_ws/install/ros2_socketcan_msgs/share/ros2_socketcan_msgs/cmake/ament_cmake_export_libraries-extras.cmake
[0.741s] -- Up-to-date symlink: /home/kimm/wearable_robot_ws/install/ros2_socketcan_msgs/share/ros2_socketcan_msgs/cmake/ament_cmake_export_targets-extras.cmake
[0.741s] -- Up-to-date symlink: /home/kimm/wearable_robot_ws/install/ros2_socketcan_msgs/share/ros2_socketcan_msgs/cmake/ament_cmake_export_include_directories-extras.cmake
[0.741s] -- Up-to-date symlink: /home/kimm/wearable_robot_ws/install/ros2_socketcan_msgs/share/ros2_socketcan_msgs/cmake/rosidl_cmake_export_typesupport_libraries-extras.cmake
[0.741s] -- Up-to-date symlink: /home/kimm/wearable_robot_ws/install/ros2_socketcan_msgs/share/ros2_socketcan_msgs/cmake/rosidl_cmake_export_typesupport_targets-extras.cmake
[0.742s] -- Up-to-date symlink: /home/kimm/wearable_robot_ws/install/ros2_socketcan_msgs/share/ros2_socketcan_msgs/cmake/ros2_socketcan_msgsConfig.cmake
[0.742s] -- Up-to-date symlink: /home/kimm/wearable_robot_ws/install/ros2_socketcan_msgs/share/ros2_socketcan_msgs/cmake/ros2_socketcan_msgsConfig-version.cmake
[0.742s] -- Up-to-date symlink: /home/kimm/wearable_robot_ws/install/ros2_socketcan_msgs/share/ros2_socketcan_msgs/package.xml
[0.742s] -- Up-to-date: /home/kimm/wearable_robot_ws/install/ros2_socketcan_msgs/lib/libros2_socketcan_msgs__rosidl_generator_c.so
[0.743s] -- Up-to-date: /home/kimm/wearable_robot_ws/install/ros2_socketcan_msgs/lib/libros2_socketcan_msgs__rosidl_typesupport_introspection_c.so
[0.743s] -- Up-to-date: /home/kimm/wearable_robot_ws/install/ros2_socketcan_msgs/lib/libros2_socketcan_msgs__rosidl_typesupport_c.so
[0.744s] -- Up-to-date: /home/kimm/wearable_robot_ws/install/ros2_socketcan_msgs/lib/libros2_socketcan_msgs__rosidl_typesupport_introspection_cpp.so
[0.745s] -- Up-to-date: /home/kimm/wearable_robot_ws/install/ros2_socketcan_msgs/lib/libros2_socketcan_msgs__rosidl_typesupport_cpp.so
[0.820s] -- Up-to-date: /home/kimm/wearable_robot_ws/install/ros2_socketcan_msgs/share/ros2_socketcan_msgs/cmake/ros2_socketcan_msgs__rosidl_generator_cExport.cmake
[0.820s] -- Up-to-date: /home/kimm/wearable_robot_ws/install/ros2_socketcan_msgs/share/ros2_socketcan_msgs/cmake/ros2_socketcan_msgs__rosidl_generator_cExport-noconfig.cmake
[0.820s] -- Up-to-date: /home/kimm/wearable_robot_ws/install/ros2_socketcan_msgs/share/ros2_socketcan_msgs/cmake/ros2_socketcan_msgs__rosidl_typesupport_introspection_cExport.cmake
[0.821s] -- Up-to-date: /home/kimm/wearable_robot_ws/install/ros2_socketcan_msgs/share/ros2_socketcan_msgs/cmake/ros2_socketcan_msgs__rosidl_typesupport_introspection_cExport-noconfig.cmake
[0.821s] -- Up-to-date: /home/kimm/wearable_robot_ws/install/ros2_socketcan_msgs/share/ros2_socketcan_msgs/cmake/ros2_socketcan_msgs__rosidl_typesupport_cExport.cmake
[0.821s] -- Up-to-date: /home/kimm/wearable_robot_ws/install/ros2_socketcan_msgs/share/ros2_socketcan_msgs/cmake/ros2_socketcan_msgs__rosidl_typesupport_cExport-noconfig.cmake
[0.822s] -- Up-to-date: /home/kimm/wearable_robot_ws/install/ros2_socketcan_msgs/share/ros2_socketcan_msgs/cmake/ros2_socketcan_msgs__rosidl_generator_cppExport.cmake
[0.822s] -- Up-to-date: /home/kimm/wearable_robot_ws/install/ros2_socketcan_msgs/share/ros2_socketcan_msgs/cmake/ros2_socketcan_msgs__rosidl_typesupport_introspection_cppExport.cmake
[0.823s] -- Up-to-date: /home/kimm/wearable_robot_ws/install/ros2_socketcan_msgs/share/ros2_socketcan_msgs/cmake/ros2_socketcan_msgs__rosidl_typesupport_introspection_cppExport-noconfig.cmake
[0.823s] -- Up-to-date: /home/kimm/wearable_robot_ws/install/ros2_socketcan_msgs/share/ros2_socketcan_msgs/cmake/ros2_socketcan_msgs__rosidl_typesupport_cppExport.cmake
[0.824s] -- Up-to-date: /home/kimm/wearable_robot_ws/install/ros2_socketcan_msgs/share/ros2_socketcan_msgs/cmake/ros2_socketcan_msgs__rosidl_typesupport_cppExport-noconfig.cmake
[0.833s] Invoked command in '/home/kimm/wearable_robot_ws/build/ros2_socketcan_msgs' returned '0': CMAKE_PREFIX_PATH=${CMAKE_PREFIX_PATH}:/opt/ros/foxy /usr/bin/cmake --install /home/kimm/wearable_robot_ws/build/ros2_socketcan_msgs
