[0.119s] Invoking command in '/home/kimm/wearable_robot_ws/build/ros2_socketcan': CMAKE_PREFIX_PATH=/home/kimm/wearable_robot_ws/install/ros2_socketcan_msgs:/home/kimm/wearable_robot_ws/install/ros2_socketcan:/home/kimm/wearable_robot_ws/install/wearable_robot_hw:/home/kimm/wearable_robot_ws/install/wearable_robot_data_processing:/home/kimm/wearable_robot_ws/install/wearable_robot_interfaces:/home/kimm/wearable_robot_ws/install/wearable_robot_control:/home/kimm/wearable_robot_ws/install/wearable_robot_bringup:/home/kimm/install/can_data_extractor:/opt/ros/foxy LD_LIBRARY_PATH=/home/kimm/wearable_robot_ws/install/ros2_socketcan_msgs/lib:/home/kimm/wearable_robot_ws/install/ros2_socketcan/lib:/home/kimm/wearable_robot_ws/install/wearable_robot_interfaces/lib:/opt/ros/foxy/opt/yaml_cpp_vendor/lib:/opt/ros/foxy/opt/rviz_ogre_vendor/lib:/opt/ros/foxy/lib/aarch64-linux-gnu:/opt/ros/foxy/lib /usr/bin/cmake --build /home/kimm/wearable_robot_ws/build/ros2_socketcan -- -j8 -l8
[0.341s] [  9%] Built target socket_can_receiver_node_exe
[0.355s] [ 19%] Built target gtest_main
[0.359s] [ 28%] Built target gtest
[0.391s] [ 52%] Built target ros2_socketcan
[0.409s] [ 61%] Built target socket_can_sender_node_exe
[0.535s] [ 80%] Built target ros2_socketcan_test
[0.559s] [ 90%] Built target socket_can_receiver_node
[0.641s] [100%] Built target socket_can_sender_node
[0.707s] Invoked command in '/home/kimm/wearable_robot_ws/build/ros2_socketcan' returned '0': CMAKE_PREFIX_PATH=/home/kimm/wearable_robot_ws/install/ros2_socketcan_msgs:/home/kimm/wearable_robot_ws/install/ros2_socketcan:/home/kimm/wearable_robot_ws/install/wearable_robot_hw:/home/kimm/wearable_robot_ws/install/wearable_robot_data_processing:/home/kimm/wearable_robot_ws/install/wearable_robot_interfaces:/home/kimm/wearable_robot_ws/install/wearable_robot_control:/home/kimm/wearable_robot_ws/install/wearable_robot_bringup:/home/kimm/install/can_data_extractor:/opt/ros/foxy LD_LIBRARY_PATH=/home/kimm/wearable_robot_ws/install/ros2_socketcan_msgs/lib:/home/kimm/wearable_robot_ws/install/ros2_socketcan/lib:/home/kimm/wearable_robot_ws/install/wearable_robot_interfaces/lib:/opt/ros/foxy/opt/yaml_cpp_vendor/lib:/opt/ros/foxy/opt/rviz_ogre_vendor/lib:/opt/ros/foxy/lib/aarch64-linux-gnu:/opt/ros/foxy/lib /usr/bin/cmake --build /home/kimm/wearable_robot_ws/build/ros2_socketcan -- -j8 -l8
[0.713s] Invoking command in '/home/kimm/wearable_robot_ws/build/ros2_socketcan': CMAKE_PREFIX_PATH=/home/kimm/wearable_robot_ws/install/ros2_socketcan_msgs:/home/kimm/wearable_robot_ws/install/ros2_socketcan:/home/kimm/wearable_robot_ws/install/wearable_robot_hw:/home/kimm/wearable_robot_ws/install/wearable_robot_data_processing:/home/kimm/wearable_robot_ws/install/wearable_robot_interfaces:/home/kimm/wearable_robot_ws/install/wearable_robot_control:/home/kimm/wearable_robot_ws/install/wearable_robot_bringup:/home/kimm/install/can_data_extractor:/opt/ros/foxy LD_LIBRARY_PATH=/home/kimm/wearable_robot_ws/install/ros2_socketcan_msgs/lib:/home/kimm/wearable_robot_ws/install/ros2_socketcan/lib:/home/kimm/wearable_robot_ws/install/wearable_robot_interfaces/lib:/opt/ros/foxy/opt/yaml_cpp_vendor/lib:/opt/ros/foxy/opt/rviz_ogre_vendor/lib:/opt/ros/foxy/lib/aarch64-linux-gnu:/opt/ros/foxy/lib /usr/bin/cmake --install /home/kimm/wearable_robot_ws/build/ros2_socketcan
[0.736s] -- Install configuration: ""
[0.736s] -- Execute custom install script
[0.738s] -- Up-to-date symlink: /home/kimm/wearable_robot_ws/install/ros2_socketcan/lib/ros2_socketcan/socket_can_receiver_node_exe
[0.738s] -- Up-to-date symlink: /home/kimm/wearable_robot_ws/install/ros2_socketcan/lib/ros2_socketcan/socket_can_sender_node_exe
[0.739s] -- Up-to-date symlink: /home/kimm/wearable_robot_ws/install/ros2_socketcan/include/ros2_socketcan/socket_can_common.hpp
[0.740s] -- Up-to-date symlink: /home/kimm/wearable_robot_ws/install/ros2_socketcan/include/ros2_socketcan/socket_can_id.hpp
[0.740s] -- Up-to-date symlink: /home/kimm/wearable_robot_ws/install/ros2_socketcan/include/ros2_socketcan/socket_can_receiver.hpp
[0.740s] -- Up-to-date symlink: /home/kimm/wearable_robot_ws/install/ros2_socketcan/include/ros2_socketcan/socket_can_receiver_node.hpp
[0.741s] -- Up-to-date symlink: /home/kimm/wearable_robot_ws/install/ros2_socketcan/include/ros2_socketcan/socket_can_sender.hpp
[0.743s] -- Up-to-date symlink: /home/kimm/wearable_robot_ws/install/ros2_socketcan/include/ros2_socketcan/socket_can_sender_node.hpp
[0.743s] -- Up-to-date symlink: /home/kimm/wearable_robot_ws/install/ros2_socketcan/include/ros2_socketcan/visibility_control.hpp
[0.744s] -- Up-to-date symlink: /home/kimm/wearable_robot_ws/install/ros2_socketcan/share/ros2_socketcan/environment/library_path.sh
[0.744s] -- Up-to-date symlink: /home/kimm/wearable_robot_ws/install/ros2_socketcan/share/ros2_socketcan/environment/library_path.dsv
[0.744s] -- Up-to-date symlink: /home/kimm/wearable_robot_ws/install/ros2_socketcan/lib/libros2_socketcan.so
[0.744s] -- Up-to-date symlink: /home/kimm/wearable_robot_ws/install/ros2_socketcan/lib/libsocket_can_receiver_node.so
[0.744s] -- Up-to-date symlink: /home/kimm/wearable_robot_ws/install/ros2_socketcan/lib/libsocket_can_sender_node.so
[0.745s] -- Up-to-date symlink: /home/kimm/wearable_robot_ws/install/ros2_socketcan/share/ros2_socketcan/launch/socket_can_bridge.launch.xml
[0.746s] -- Up-to-date symlink: /home/kimm/wearable_robot_ws/install/ros2_socketcan/share/ros2_socketcan/launch/socket_can_receiver.launch.py
[0.746s] -- Up-to-date symlink: /home/kimm/wearable_robot_ws/install/ros2_socketcan/share/ros2_socketcan/launch/socket_can_sender.launch.py
[0.746s] -- Up-to-date symlink: /home/kimm/wearable_robot_ws/install/ros2_socketcan/share/ament_index/resource_index/package_run_dependencies/ros2_socketcan
[0.747s] -- Up-to-date symlink: /home/kimm/wearable_robot_ws/install/ros2_socketcan/share/ament_index/resource_index/parent_prefix_path/ros2_socketcan
[0.748s] -- Up-to-date symlink: /home/kimm/wearable_robot_ws/install/ros2_socketcan/share/ros2_socketcan/environment/ament_prefix_path.sh
[0.749s] -- Up-to-date symlink: /home/kimm/wearable_robot_ws/install/ros2_socketcan/share/ros2_socketcan/environment/ament_prefix_path.dsv
[0.749s] -- Up-to-date symlink: /home/kimm/wearable_robot_ws/install/ros2_socketcan/share/ros2_socketcan/environment/path.sh
[0.749s] -- Up-to-date symlink: /home/kimm/wearable_robot_ws/install/ros2_socketcan/share/ros2_socketcan/environment/path.dsv
[0.751s] -- Up-to-date symlink: /home/kimm/wearable_robot_ws/install/ros2_socketcan/share/ros2_socketcan/local_setup.bash
[0.752s] -- Up-to-date symlink: /home/kimm/wearable_robot_ws/install/ros2_socketcan/share/ros2_socketcan/local_setup.sh
[0.752s] -- Up-to-date symlink: /home/kimm/wearable_robot_ws/install/ros2_socketcan/share/ros2_socketcan/local_setup.zsh
[0.753s] -- Up-to-date symlink: /home/kimm/wearable_robot_ws/install/ros2_socketcan/share/ros2_socketcan/local_setup.dsv
[0.753s] -- Symlinking: /home/kimm/wearable_robot_ws/install/ros2_socketcan/share/ros2_socketcan/package.dsv
[0.779s] -- Up-to-date symlink: /home/kimm/wearable_robot_ws/install/ros2_socketcan/share/ament_index/resource_index/packages/ros2_socketcan
[0.781s] -- Up-to-date symlink: /home/kimm/wearable_robot_ws/install/ros2_socketcan/share/ament_index/resource_index/rclcpp_components/ros2_socketcan
[0.783s] -- Up-to-date symlink: /home/kimm/wearable_robot_ws/install/ros2_socketcan/share/ros2_socketcan/cmake/ament_cmake_export_dependencies-extras.cmake
[0.785s] -- Up-to-date symlink: /home/kimm/wearable_robot_ws/install/ros2_socketcan/share/ros2_socketcan/cmake/ament_cmake_export_include_directories-extras.cmake
[0.785s] -- Up-to-date symlink: /home/kimm/wearable_robot_ws/install/ros2_socketcan/share/ros2_socketcan/cmake/ament_cmake_export_libraries-extras.cmake
[0.808s] -- Up-to-date symlink: /home/kimm/wearable_robot_ws/install/ros2_socketcan/share/ros2_socketcan/cmake/ros2_socketcanConfig.cmake
[0.808s] -- Up-to-date symlink: /home/kimm/wearable_robot_ws/install/ros2_socketcan/share/ros2_socketcan/cmake/ros2_socketcanConfig-version.cmake
[0.808s] -- Up-to-date symlink: /home/kimm/wearable_robot_ws/install/ros2_socketcan/share/ros2_socketcan/package.xml
[0.809s] Invoked command in '/home/kimm/wearable_robot_ws/build/ros2_socketcan' returned '0': CMAKE_PREFIX_PATH=/home/kimm/wearable_robot_ws/install/ros2_socketcan_msgs:/home/kimm/wearable_robot_ws/install/ros2_socketcan:/home/kimm/wearable_robot_ws/install/wearable_robot_hw:/home/kimm/wearable_robot_ws/install/wearable_robot_data_processing:/home/kimm/wearable_robot_ws/install/wearable_robot_interfaces:/home/kimm/wearable_robot_ws/install/wearable_robot_control:/home/kimm/wearable_robot_ws/install/wearable_robot_bringup:/home/kimm/install/can_data_extractor:/opt/ros/foxy LD_LIBRARY_PATH=/home/kimm/wearable_robot_ws/install/ros2_socketcan_msgs/lib:/home/kimm/wearable_robot_ws/install/ros2_socketcan/lib:/home/kimm/wearable_robot_ws/install/wearable_robot_interfaces/lib:/opt/ros/foxy/opt/yaml_cpp_vendor/lib:/opt/ros/foxy/opt/rviz_ogre_vendor/lib:/opt/ros/foxy/lib/aarch64-linux-gnu:/opt/ros/foxy/lib /usr/bin/cmake --install /home/kimm/wearable_robot_ws/build/ros2_socketcan
