[0.072s] Invoking command in '/home/kimm/wearable_robot_ws/build/wearable_robot_bringup': CMAKE_PREFIX_PATH=${CMAKE_PREFIX_PATH}:/opt/ros/foxy /usr/bin/cmake /home/kimm/wearable_robot_ws/src/wearable_robot_bringup -DAMENT_CMAKE_SYMLINK_INSTALL=1 -DCMAKE_INSTALL_PREFIX=/home/kimm/wearable_robot_ws/install/wearable_robot_bringup
[0.229s] -- The C compiler identification is GNU 9.4.0
[0.348s] -- The CXX compiler identification is GNU 9.4.0
[0.357s] -- Check for working C compiler: /usr/bin/cc
[0.556s] -- Check for working C compiler: /usr/bin/cc -- works
[0.556s] -- Detecting C compiler ABI info
[0.748s] -- Detecting C compiler ABI info - done
[0.770s] -- Detecting C compile features
[0.776s] -- Detecting C compile features - done
[0.782s] -- Check for working CXX compiler: /usr/bin/c++
[1.033s] -- Check for working CXX compiler: /usr/bin/c++ -- works
[1.033s] -- Detecting CXX compiler ABI info
[1.259s] -- Detecting CXX compiler ABI info - done
[1.290s] -- Detecting CXX compile features
[1.291s] -- Detecting CXX compile features - done
[1.297s] -- Found ament_cmake: 0.9.12 (/opt/ros/foxy/share/ament_cmake/cmake)
[1.372s] -- Found PythonInterp: /usr/bin/python3 (found suitable version "3.8.10", minimum required is "3") 
[1.372s] -- Using PYTHON_EXECUTABLE: /usr/bin/python3
[1.799s] -- Override CMake install command with custom implementation using symlinks instead of copying resources
[1.844s] -- Found ament_lint_auto: 0.9.8 (/opt/ros/foxy/share/ament_lint_auto/cmake)
[2.034s] -- Added test 'copyright' to check source files copyright and LICENSE
[2.039s] -- Added test 'flake8' to check Python code syntax and style conventions
[2.044s] -- Added test 'lint_cmake' to check CMake code style
[2.045s] -- Added test 'pep257' to check Python code against some of the style conventions in PEP 257
[2.048s] -- Added test 'xmllint' to check XML markup files
[2.056s] -- Configuring done
[2.061s] -- Generating done
[2.067s] -- Build files have been written to: /home/kimm/wearable_robot_ws/build/wearable_robot_bringup
[2.092s] Invoked command in '/home/kimm/wearable_robot_ws/build/wearable_robot_bringup' returned '0': CMAKE_PREFIX_PATH=${CMAKE_PREFIX_PATH}:/opt/ros/foxy /usr/bin/cmake /home/kimm/wearable_robot_ws/src/wearable_robot_bringup -DAMENT_CMAKE_SYMLINK_INSTALL=1 -DCMAKE_INSTALL_PREFIX=/home/kimm/wearable_robot_ws/install/wearable_robot_bringup
[2.096s] Invoking command in '/home/kimm/wearable_robot_ws/build/wearable_robot_bringup': CMAKE_PREFIX_PATH=${CMAKE_PREFIX_PATH}:/opt/ros/foxy /usr/bin/cmake --build /home/kimm/wearable_robot_ws/build/wearable_robot_bringup -- -j8 -l8
[2.183s] Invoked command in '/home/kimm/wearable_robot_ws/build/wearable_robot_bringup' returned '0': CMAKE_PREFIX_PATH=${CMAKE_PREFIX_PATH}:/opt/ros/foxy /usr/bin/cmake --build /home/kimm/wearable_robot_ws/build/wearable_robot_bringup -- -j8 -l8
[2.216s] Invoking command in '/home/kimm/wearable_robot_ws/build/wearable_robot_bringup': CMAKE_PREFIX_PATH=${CMAKE_PREFIX_PATH}:/opt/ros/foxy /usr/bin/cmake --install /home/kimm/wearable_robot_ws/build/wearable_robot_bringup
[2.249s] -- Install configuration: ""
[2.250s] -- Execute custom install script
[2.250s] -- Symlinking: /home/kimm/wearable_robot_ws/install/wearable_robot_bringup/share/wearable_robot_bringup/launch/data_processing.launch.py
[2.277s] -- Symlinking: /home/kimm/wearable_robot_ws/install/wearable_robot_bringup/share/wearable_robot_bringup/launch/multi_serial_nodes.launch.py
[2.311s] -- Symlinking: /home/kimm/wearable_robot_ws/install/wearable_robot_bringup/share/wearable_robot_bringup/launch/system.launch.py
[2.334s] -- Symlinking: /home/kimm/wearable_robot_ws/install/wearable_robot_bringup/share/wearable_robot_bringup/config/calibration_params.yaml
[2.357s] -- Symlinking: /home/kimm/wearable_robot_ws/install/wearable_robot_bringup/share/wearable_robot_bringup/config/serial_params.yaml
[2.377s] -- Up-to-date symlink: /home/kimm/wearable_robot_ws/install/wearable_robot_bringup/share/wearable_robot_bringup/launch/data_processing.launch.py
[2.377s] -- Up-to-date symlink: /home/kimm/wearable_robot_ws/install/wearable_robot_bringup/share/wearable_robot_bringup/launch/multi_serial_nodes.launch.py
[2.377s] -- Up-to-date symlink: /home/kimm/wearable_robot_ws/install/wearable_robot_bringup/share/wearable_robot_bringup/launch/system.launch.py
[2.379s] -- Up-to-date symlink: /home/kimm/wearable_robot_ws/install/wearable_robot_bringup/share/wearable_robot_bringup/config/calibration_params.yaml
[2.380s] -- Up-to-date symlink: /home/kimm/wearable_robot_ws/install/wearable_robot_bringup/share/wearable_robot_bringup/config/serial_params.yaml
[2.380s] -- Symlinking: /home/kimm/wearable_robot_ws/install/wearable_robot_bringup/share/ament_index/resource_index/package_run_dependencies/wearable_robot_bringup
[2.398s] -- Symlinking: /home/kimm/wearable_robot_ws/install/wearable_robot_bringup/share/ament_index/resource_index/parent_prefix_path/wearable_robot_bringup
[2.419s] -- Symlinking: /home/kimm/wearable_robot_ws/install/wearable_robot_bringup/share/wearable_robot_bringup/environment/ament_prefix_path.sh
[2.442s] -- Symlinking: /home/kimm/wearable_robot_ws/install/wearable_robot_bringup/share/wearable_robot_bringup/environment/ament_prefix_path.dsv
[2.466s] -- Symlinking: /home/kimm/wearable_robot_ws/install/wearable_robot_bringup/share/wearable_robot_bringup/environment/path.sh
[2.487s] -- Symlinking: /home/kimm/wearable_robot_ws/install/wearable_robot_bringup/share/wearable_robot_bringup/environment/path.dsv
[2.513s] -- Symlinking: /home/kimm/wearable_robot_ws/install/wearable_robot_bringup/share/wearable_robot_bringup/local_setup.bash
[2.542s] -- Symlinking: /home/kimm/wearable_robot_ws/install/wearable_robot_bringup/share/wearable_robot_bringup/local_setup.sh
[2.567s] -- Symlinking: /home/kimm/wearable_robot_ws/install/wearable_robot_bringup/share/wearable_robot_bringup/local_setup.zsh
[2.590s] -- Symlinking: /home/kimm/wearable_robot_ws/install/wearable_robot_bringup/share/wearable_robot_bringup/local_setup.dsv
[2.623s] -- Symlinking: /home/kimm/wearable_robot_ws/install/wearable_robot_bringup/share/wearable_robot_bringup/package.dsv
[2.646s] -- Symlinking: /home/kimm/wearable_robot_ws/install/wearable_robot_bringup/share/ament_index/resource_index/packages/wearable_robot_bringup
[2.674s] -- Symlinking: /home/kimm/wearable_robot_ws/install/wearable_robot_bringup/share/wearable_robot_bringup/cmake/wearable_robot_bringupConfig.cmake
[2.703s] -- Symlinking: /home/kimm/wearable_robot_ws/install/wearable_robot_bringup/share/wearable_robot_bringup/cmake/wearable_robot_bringupConfig-version.cmake
[2.725s] -- Symlinking: /home/kimm/wearable_robot_ws/install/wearable_robot_bringup/share/wearable_robot_bringup/package.xml
[2.755s] Invoked command in '/home/kimm/wearable_robot_ws/build/wearable_robot_bringup' returned '0': CMAKE_PREFIX_PATH=${CMAKE_PREFIX_PATH}:/opt/ros/foxy /usr/bin/cmake --install /home/kimm/wearable_robot_ws/build/wearable_robot_bringup
