[0.090s] Invoking command in '/home/kimm/wearable_robot_ws/build/wearable_robot_bringup': CMAKE_PREFIX_PATH=${CMAKE_PREFIX_PATH}:/opt/ros/foxy /usr/bin/cmake --build /home/kimm/wearable_robot_ws/build/wearable_robot_bringup -- -j8 -l8
[0.190s] Invoked command in '/home/kimm/wearable_robot_ws/build/wearable_robot_bringup' returned '0': CMAKE_PREFIX_PATH=${CMAKE_PREFIX_PATH}:/opt/ros/foxy /usr/bin/cmake --build /home/kimm/wearable_robot_ws/build/wearable_robot_bringup -- -j8 -l8
[0.227s] Invoking command in '/home/kimm/wearable_robot_ws/build/wearable_robot_bringup': CMAKE_PREFIX_PATH=${CMAKE_PREFIX_PATH}:/opt/ros/foxy /usr/bin/cmake --install /home/kimm/wearable_robot_ws/build/wearable_robot_bringup
[0.250s] -- Install configuration: ""
[0.251s] -- Execute custom install script
[0.251s] -- Up-to-date symlink: /home/kimm/wearable_robot_ws/install/wearable_robot_bringup/share/wearable_robot_bringup/launch/bringup_all.launch.py
[0.251s] -- Up-to-date symlink: /home/kimm/wearable_robot_ws/install/wearable_robot_bringup/share/wearable_robot_bringup/launch/data_processing.launch.py
[0.252s] -- Up-to-date symlink: /home/kimm/wearable_robot_ws/install/wearable_robot_bringup/share/wearable_robot_bringup/launch/temperature_control_experiment.launch.py
[0.252s] -- Up-to-date symlink: /home/kimm/wearable_robot_ws/install/wearable_robot_bringup/share/wearable_robot_bringup/config/calibration_params.yaml
[0.255s] -- Up-to-date symlink: /home/kimm/wearable_robot_ws/install/wearable_robot_bringup/share/wearable_robot_bringup/config/temperature_control_params.yaml
[0.255s] -- Up-to-date symlink: /home/kimm/wearable_robot_ws/install/wearable_robot_bringup/share/wearable_robot_bringup/launch/bringup_all.launch.py
[0.255s] -- Up-to-date symlink: /home/kimm/wearable_robot_ws/install/wearable_robot_bringup/share/wearable_robot_bringup/launch/data_processing.launch.py
[0.255s] -- Up-to-date symlink: /home/kimm/wearable_robot_ws/install/wearable_robot_bringup/share/wearable_robot_bringup/launch/temperature_control_experiment.launch.py
[0.255s] -- Up-to-date symlink: /home/kimm/wearable_robot_ws/install/wearable_robot_bringup/share/wearable_robot_bringup/config/calibration_params.yaml
[0.256s] -- Up-to-date symlink: /home/kimm/wearable_robot_ws/install/wearable_robot_bringup/share/wearable_robot_bringup/config/temperature_control_params.yaml
[0.256s] -- Up-to-date symlink: /home/kimm/wearable_robot_ws/install/wearable_robot_bringup/share/ament_index/resource_index/package_run_dependencies/wearable_robot_bringup
[0.256s] -- Up-to-date symlink: /home/kimm/wearable_robot_ws/install/wearable_robot_bringup/share/ament_index/resource_index/parent_prefix_path/wearable_robot_bringup
[0.257s] -- Up-to-date symlink: /home/kimm/wearable_robot_ws/install/wearable_robot_bringup/share/wearable_robot_bringup/environment/ament_prefix_path.sh
[0.257s] -- Up-to-date symlink: /home/kimm/wearable_robot_ws/install/wearable_robot_bringup/share/wearable_robot_bringup/environment/ament_prefix_path.dsv
[0.257s] -- Up-to-date symlink: /home/kimm/wearable_robot_ws/install/wearable_robot_bringup/share/wearable_robot_bringup/environment/path.sh
[0.258s] -- Up-to-date symlink: /home/kimm/wearable_robot_ws/install/wearable_robot_bringup/share/wearable_robot_bringup/environment/path.dsv
[0.258s] -- Up-to-date symlink: /home/kimm/wearable_robot_ws/install/wearable_robot_bringup/share/wearable_robot_bringup/local_setup.bash
[0.259s] -- Up-to-date symlink: /home/kimm/wearable_robot_ws/install/wearable_robot_bringup/share/wearable_robot_bringup/local_setup.sh
[0.260s] -- Up-to-date symlink: /home/kimm/wearable_robot_ws/install/wearable_robot_bringup/share/wearable_robot_bringup/local_setup.zsh
[0.260s] -- Up-to-date symlink: /home/kimm/wearable_robot_ws/install/wearable_robot_bringup/share/wearable_robot_bringup/local_setup.dsv
[0.260s] -- Symlinking: /home/kimm/wearable_robot_ws/install/wearable_robot_bringup/share/wearable_robot_bringup/package.dsv
[0.286s] -- Up-to-date symlink: /home/kimm/wearable_robot_ws/install/wearable_robot_bringup/share/ament_index/resource_index/packages/wearable_robot_bringup
[0.287s] -- Up-to-date symlink: /home/kimm/wearable_robot_ws/install/wearable_robot_bringup/share/wearable_robot_bringup/cmake/wearable_robot_bringupConfig.cmake
[0.287s] -- Up-to-date symlink: /home/kimm/wearable_robot_ws/install/wearable_robot_bringup/share/wearable_robot_bringup/cmake/wearable_robot_bringupConfig-version.cmake
[0.305s] -- Up-to-date symlink: /home/kimm/wearable_robot_ws/install/wearable_robot_bringup/share/wearable_robot_bringup/package.xml
[0.307s] Invoked command in '/home/kimm/wearable_robot_ws/build/wearable_robot_bringup' returned '0': CMAKE_PREFIX_PATH=${CMAKE_PREFIX_PATH}:/opt/ros/foxy /usr/bin/cmake --install /home/kimm/wearable_robot_ws/build/wearable_robot_bringup
