[0.036s] Invoking command in '/home/kimm/wearable_robot_ws/build/wearable_robot_data_processing': CMAKE_PREFIX_PATH=/home/kimm/wearable_robot_ws/install/ros2_socketcan:/home/kimm/wearable_robot_ws/install/wearable_robot_interfaces:/home/kimm/wearable_robot_ws/install/ros2_socketcan_msgs:/home/kimm/wearable_robot_ws/install/wearable_robot_data_processing:/home/kimm/wearable_robot_ws/install/wearable_robot_control:/home/kimm/wearable_robot_ws/install/wearable_robot_bringup:/home/kimm/install/can_data_extractor:/opt/ros/foxy LD_LIBRARY_PATH=/home/kimm/wearable_robot_ws/install/ros2_socketcan/lib:/home/kimm/wearable_robot_ws/install/wearable_robot_interfaces/lib:/home/kimm/wearable_robot_ws/install/ros2_socketcan_msgs/lib:/opt/ros/foxy/opt/yaml_cpp_vendor/lib:/opt/ros/foxy/opt/rviz_ogre_vendor/lib:/opt/ros/foxy/lib/aarch64-linux-gnu:/opt/ros/foxy/lib /usr/bin/cmake --build /home/kimm/wearable_robot_ws/build/wearable_robot_data_processing -- -j8 -l8
[0.172s] [100%] Built target IMU_processing_node
[0.172s] [100%] Built target data_parser_node
[0.172s] [100%] Built target displacement_processing_node
[0.172s] [100%] Built target can_data_processor
[0.199s] Invoked command in '/home/kimm/wearable_robot_ws/build/wearable_robot_data_processing' returned '0': CMAKE_PREFIX_PATH=/home/kimm/wearable_robot_ws/install/ros2_socketcan:/home/kimm/wearable_robot_ws/install/wearable_robot_interfaces:/home/kimm/wearable_robot_ws/install/ros2_socketcan_msgs:/home/kimm/wearable_robot_ws/install/wearable_robot_data_processing:/home/kimm/wearable_robot_ws/install/wearable_robot_control:/home/kimm/wearable_robot_ws/install/wearable_robot_bringup:/home/kimm/install/can_data_extractor:/opt/ros/foxy LD_LIBRARY_PATH=/home/kimm/wearable_robot_ws/install/ros2_socketcan/lib:/home/kimm/wearable_robot_ws/install/wearable_robot_interfaces/lib:/home/kimm/wearable_robot_ws/install/ros2_socketcan_msgs/lib:/opt/ros/foxy/opt/yaml_cpp_vendor/lib:/opt/ros/foxy/opt/rviz_ogre_vendor/lib:/opt/ros/foxy/lib/aarch64-linux-gnu:/opt/ros/foxy/lib /usr/bin/cmake --build /home/kimm/wearable_robot_ws/build/wearable_robot_data_processing -- -j8 -l8
[0.208s] Invoking command in '/home/kimm/wearable_robot_ws/build/wearable_robot_data_processing': CMAKE_PREFIX_PATH=/home/kimm/wearable_robot_ws/install/ros2_socketcan:/home/kimm/wearable_robot_ws/install/wearable_robot_interfaces:/home/kimm/wearable_robot_ws/install/ros2_socketcan_msgs:/home/kimm/wearable_robot_ws/install/wearable_robot_data_processing:/home/kimm/wearable_robot_ws/install/wearable_robot_control:/home/kimm/wearable_robot_ws/install/wearable_robot_bringup:/home/kimm/install/can_data_extractor:/opt/ros/foxy LD_LIBRARY_PATH=/home/kimm/wearable_robot_ws/install/ros2_socketcan/lib:/home/kimm/wearable_robot_ws/install/wearable_robot_interfaces/lib:/home/kimm/wearable_robot_ws/install/ros2_socketcan_msgs/lib:/opt/ros/foxy/opt/yaml_cpp_vendor/lib:/opt/ros/foxy/opt/rviz_ogre_vendor/lib:/opt/ros/foxy/lib/aarch64-linux-gnu:/opt/ros/foxy/lib /usr/bin/cmake --install /home/kimm/wearable_robot_ws/build/wearable_robot_data_processing
[0.226s] -- Install configuration: ""
[0.226s] -- Execute custom install script
[0.227s] -- Up-to-date symlink: /home/kimm/wearable_robot_ws/install/wearable_robot_data_processing/lib/wearable_robot_data_processing/can_data_processor
[0.228s] -- Up-to-date symlink: /home/kimm/wearable_robot_ws/install/wearable_robot_data_processing/lib/wearable_robot_data_processing/data_parser_node
[0.228s] -- Up-to-date symlink: /home/kimm/wearable_robot_ws/install/wearable_robot_data_processing/lib/wearable_robot_data_processing/IMU_processing_node
[0.230s] -- Up-to-date symlink: /home/kimm/wearable_robot_ws/install/wearable_robot_data_processing/share/ament_index/resource_index/package_run_dependencies/wearable_robot_data_processing
[0.230s] -- Up-to-date symlink: /home/kimm/wearable_robot_ws/install/wearable_robot_data_processing/share/ament_index/resource_index/parent_prefix_path/wearable_robot_data_processing
[0.231s] -- Up-to-date symlink: /home/kimm/wearable_robot_ws/install/wearable_robot_data_processing/share/wearable_robot_data_processing/environment/ament_prefix_path.sh
[0.231s] -- Up-to-date symlink: /home/kimm/wearable_robot_ws/install/wearable_robot_data_processing/share/wearable_robot_data_processing/environment/ament_prefix_path.dsv
[0.232s] -- Up-to-date symlink: /home/kimm/wearable_robot_ws/install/wearable_robot_data_processing/share/wearable_robot_data_processing/environment/path.sh
[0.232s] -- Up-to-date symlink: /home/kimm/wearable_robot_ws/install/wearable_robot_data_processing/share/wearable_robot_data_processing/environment/path.dsv
[0.233s] -- Up-to-date symlink: /home/kimm/wearable_robot_ws/install/wearable_robot_data_processing/share/wearable_robot_data_processing/local_setup.bash
[0.233s] -- Up-to-date symlink: /home/kimm/wearable_robot_ws/install/wearable_robot_data_processing/share/wearable_robot_data_processing/local_setup.sh
[0.234s] -- Up-to-date symlink: /home/kimm/wearable_robot_ws/install/wearable_robot_data_processing/share/wearable_robot_data_processing/local_setup.zsh
[0.234s] -- Up-to-date symlink: /home/kimm/wearable_robot_ws/install/wearable_robot_data_processing/share/wearable_robot_data_processing/local_setup.dsv
[0.235s] -- Symlinking: /home/kimm/wearable_robot_ws/install/wearable_robot_data_processing/share/wearable_robot_data_processing/package.dsv
[0.255s] -- Up-to-date symlink: /home/kimm/wearable_robot_ws/install/wearable_robot_data_processing/share/ament_index/resource_index/packages/wearable_robot_data_processing
[0.255s] -- Up-to-date symlink: /home/kimm/wearable_robot_ws/install/wearable_robot_data_processing/share/wearable_robot_data_processing/cmake/wearable_robot_data_processingConfig.cmake
[0.256s] -- Up-to-date symlink: /home/kimm/wearable_robot_ws/install/wearable_robot_data_processing/share/wearable_robot_data_processing/cmake/wearable_robot_data_processingConfig-version.cmake
[0.256s] -- Up-to-date symlink: /home/kimm/wearable_robot_ws/install/wearable_robot_data_processing/share/wearable_robot_data_processing/package.xml
[0.264s] Invoked command in '/home/kimm/wearable_robot_ws/build/wearable_robot_data_processing' returned '0': CMAKE_PREFIX_PATH=/home/kimm/wearable_robot_ws/install/ros2_socketcan:/home/kimm/wearable_robot_ws/install/wearable_robot_interfaces:/home/kimm/wearable_robot_ws/install/ros2_socketcan_msgs:/home/kimm/wearable_robot_ws/install/wearable_robot_data_processing:/home/kimm/wearable_robot_ws/install/wearable_robot_control:/home/kimm/wearable_robot_ws/install/wearable_robot_bringup:/home/kimm/install/can_data_extractor:/opt/ros/foxy LD_LIBRARY_PATH=/home/kimm/wearable_robot_ws/install/ros2_socketcan/lib:/home/kimm/wearable_robot_ws/install/wearable_robot_interfaces/lib:/home/kimm/wearable_robot_ws/install/ros2_socketcan_msgs/lib:/opt/ros/foxy/opt/yaml_cpp_vendor/lib:/opt/ros/foxy/opt/rviz_ogre_vendor/lib:/opt/ros/foxy/lib/aarch64-linux-gnu:/opt/ros/foxy/lib /usr/bin/cmake --install /home/kimm/wearable_robot_ws/build/wearable_robot_data_processing
