[0.036s] Invoking command in '/home/kimm/wearable_robot_ws/build/wearable_robot_data_processing': CMAKE_PREFIX_PATH=/home/kimm/wearable_robot_ws/install/ros2_socketcan:/home/kimm/wearable_robot_ws/install/wearable_robot_interfaces:/home/kimm/wearable_robot_ws/install/ros2_socketcan_msgs:/home/kimm/wearable_robot_ws/install/wearable_robot_data_processing:/home/kimm/wearable_robot_ws/install/wearable_robot_control:/home/kimm/wearable_robot_ws/install/wearable_robot_bringup:/home/kimm/install/can_data_extractor:/opt/ros/foxy LD_LIBRARY_PATH=/home/kimm/wearable_robot_ws/install/ros2_socketcan/lib:/home/kimm/wearable_robot_ws/install/wearable_robot_interfaces/lib:/home/kimm/wearable_robot_ws/install/ros2_socketcan_msgs/lib:/opt/ros/foxy/opt/yaml_cpp_vendor/lib:/opt/ros/foxy/opt/rviz_ogre_vendor/lib:/opt/ros/foxy/lib/aarch64-linux-gnu:/opt/ros/foxy/lib /usr/bin/cmake /home/kimm/wearable_robot_ws/src/wearable_robot_data_processing -DAMENT_CMAKE_SYMLINK_INSTALL=1 -DCMAKE_INSTALL_PREFIX=/home/kimm/wearable_robot_ws/install/wearable_robot_data_processing
[0.154s] -- The C compiler identification is GNU 9.4.0
[0.266s] -- The CXX compiler identification is GNU 9.4.0
[0.276s] -- Check for working C compiler: /usr/bin/cc
[0.419s] -- Check for working C compiler: /usr/bin/cc -- works
[0.422s] -- Detecting C compiler ABI info
[0.573s] -- Detecting C compiler ABI info - done
[0.606s] -- Detecting C compile features
[0.606s] -- Detecting C compile features - done
[0.612s] -- Check for working CXX compiler: /usr/bin/c++
[0.774s] -- Check for working CXX compiler: /usr/bin/c++ -- works
[0.776s] -- Detecting CXX compiler ABI info
[0.931s] -- Detecting CXX compiler ABI info - done
[0.951s] -- Detecting CXX compile features
[0.952s] -- Detecting CXX compile features - done
[0.958s] -- Found ament_cmake: 0.9.12 (/opt/ros/foxy/share/ament_cmake/cmake)
[1.009s] -- Found PythonInterp: /usr/bin/python3 (found suitable version "3.8.10", minimum required is "3") 
[1.010s] -- Using PYTHON_EXECUTABLE: /usr/bin/python3
[1.401s] -- Override CMake install command with custom implementation using symlinks instead of copying resources
[1.455s] -- Found rclcpp: 2.4.3 (/opt/ros/foxy/share/rclcpp/cmake)
[1.547s] -- Using all available rosidl_typesupport_c: rosidl_typesupport_fastrtps_c;rosidl_typesupport_introspection_c
[1.561s] -- Found rosidl_adapter: 1.3.1 (/opt/ros/foxy/share/rosidl_adapter/cmake)
[1.735s] -- Found OpenSSL: /usr/lib/aarch64-linux-gnu/libcrypto.so (found version "1.1.1f")  
[1.804s] -- Found FastRTPS: /opt/ros/foxy/include  
[1.981s] -- Using all available rosidl_typesupport_cpp: rosidl_typesupport_fastrtps_cpp;rosidl_typesupport_introspection_cpp
[2.101s] -- Found rmw_implementation_cmake: 1.0.4 (/opt/ros/foxy/share/rmw_implementation_cmake/cmake)
[2.104s] -- Using RMW implementation 'rmw_fastrtps_cpp' as default
[2.106s] -- Looking for pthread.h
[2.263s] -- Looking for pthread.h - found
[2.263s] -- Performing Test CMAKE_HAVE_LIBC_PTHREAD
[2.411s] -- Performing Test CMAKE_HAVE_LIBC_PTHREAD - Failed
[2.412s] -- Looking for pthread_create in pthreads
[2.536s] -- Looking for pthread_create in pthreads - not found
[2.536s] -- Looking for pthread_create in pthread
[2.688s] -- Looking for pthread_create in pthread - found
[2.689s] -- Found Threads: TRUE  
[2.980s] -- Found wearable_robot_interfaces: 0.0.0 (/home/kimm/wearable_robot_ws/install/wearable_robot_interfaces/share/wearable_robot_interfaces/cmake)
[3.038s] -- Found rclcpp_lifecycle: 2.4.3 (/opt/ros/foxy/share/rclcpp_lifecycle/cmake)
[3.097s] -- Found ros2_socketcan_msgs: 1.3.0 (/home/kimm/wearable_robot_ws/install/ros2_socketcan_msgs/share/ros2_socketcan_msgs/cmake)
[3.163s] -- Found ros2_socketcan: 1.3.0 (/home/kimm/wearable_robot_ws/install/ros2_socketcan/share/ros2_socketcan/cmake)
[3.422s] -- Found ament_lint_auto: 0.9.8 (/opt/ros/foxy/share/ament_lint_auto/cmake)
[3.590s] -- Added test 'copyright' to check source files copyright and LICENSE
[3.593s] -- Added test 'cppcheck' to perform static code analysis on C / C++ code
[3.594s] -- Configured cppcheck include dirs: /home/kimm/wearable_robot_ws/src/wearable_robot_data_processing/include
[3.594s] -- Configured cppcheck exclude dirs and/or files: 
[3.596s] -- Added test 'cpplint' to check C / C++ code against the Google style
[3.596s] -- Configured cpplint exclude dirs and/or files: 
[3.598s] -- Added test 'lint_cmake' to check CMake code style
[3.600s] -- Added test 'uncrustify' to check C / C++ code style
[3.600s] -- Configured uncrustify additional arguments: 
[3.601s] -- Added test 'xmllint' to check XML markup files
[3.610s] -- Configuring done
[3.648s] -- Generating done
[3.667s] -- Build files have been written to: /home/kimm/wearable_robot_ws/build/wearable_robot_data_processing
[3.692s] Invoked command in '/home/kimm/wearable_robot_ws/build/wearable_robot_data_processing' returned '0': CMAKE_PREFIX_PATH=/home/kimm/wearable_robot_ws/install/ros2_socketcan:/home/kimm/wearable_robot_ws/install/wearable_robot_interfaces:/home/kimm/wearable_robot_ws/install/ros2_socketcan_msgs:/home/kimm/wearable_robot_ws/install/wearable_robot_data_processing:/home/kimm/wearable_robot_ws/install/wearable_robot_control:/home/kimm/wearable_robot_ws/install/wearable_robot_bringup:/home/kimm/install/can_data_extractor:/opt/ros/foxy LD_LIBRARY_PATH=/home/kimm/wearable_robot_ws/install/ros2_socketcan/lib:/home/kimm/wearable_robot_ws/install/wearable_robot_interfaces/lib:/home/kimm/wearable_robot_ws/install/ros2_socketcan_msgs/lib:/opt/ros/foxy/opt/yaml_cpp_vendor/lib:/opt/ros/foxy/opt/rviz_ogre_vendor/lib:/opt/ros/foxy/lib/aarch64-linux-gnu:/opt/ros/foxy/lib /usr/bin/cmake /home/kimm/wearable_robot_ws/src/wearable_robot_data_processing -DAMENT_CMAKE_SYMLINK_INSTALL=1 -DCMAKE_INSTALL_PREFIX=/home/kimm/wearable_robot_ws/install/wearable_robot_data_processing
[3.699s] Invoking command in '/home/kimm/wearable_robot_ws/build/wearable_robot_data_processing': CMAKE_PREFIX_PATH=/home/kimm/wearable_robot_ws/install/ros2_socketcan:/home/kimm/wearable_robot_ws/install/wearable_robot_interfaces:/home/kimm/wearable_robot_ws/install/ros2_socketcan_msgs:/home/kimm/wearable_robot_ws/install/wearable_robot_data_processing:/home/kimm/wearable_robot_ws/install/wearable_robot_control:/home/kimm/wearable_robot_ws/install/wearable_robot_bringup:/home/kimm/install/can_data_extractor:/opt/ros/foxy LD_LIBRARY_PATH=/home/kimm/wearable_robot_ws/install/ros2_socketcan/lib:/home/kimm/wearable_robot_ws/install/wearable_robot_interfaces/lib:/home/kimm/wearable_robot_ws/install/ros2_socketcan_msgs/lib:/opt/ros/foxy/opt/yaml_cpp_vendor/lib:/opt/ros/foxy/opt/rviz_ogre_vendor/lib:/opt/ros/foxy/lib/aarch64-linux-gnu:/opt/ros/foxy/lib /usr/bin/cmake --build /home/kimm/wearable_robot_ws/build/wearable_robot_data_processing -- -j8 -l8
[3.790s] [35m[1mScanning dependencies of target IMU_processing_node[0m
[3.790s] [35m[1mScanning dependencies of target can_data_processor[0m
[3.790s] [35m[1mScanning dependencies of target data_parser_node[0m
[3.791s] [35m[1mScanning dependencies of target displacement_processing_node[0m
[3.884s] [ 37%] [32mBuilding CXX object CMakeFiles/can_data_processor.dir/src/can_data_processor.cpp.o[0m
[3.885s] [ 37%] [32mBuilding CXX object CMakeFiles/data_parser_node.dir/src/data_parser_node.cpp.o[0m
[3.885s] [ 37%] [32mBuilding CXX object CMakeFiles/displacement_processing_node.dir/src/displacement_processing_node.cpp.o[0m
[3.888s] [ 50%] [32mBuilding CXX object CMakeFiles/IMU_processing_node.dir/src/IMU_processing_node.cpp.o[0m
[17.140s] [ 62%] [32m[1mLinking CXX executable can_data_processor[0m
[17.239s] [ 75%] [32m[1mLinking CXX executable IMU_processing_node[0m
[17.571s] [ 87%] [32m[1mLinking CXX executable displacement_processing_node[0m
[17.716s] [ 87%] Built target can_data_processor
[17.807s] [ 87%] Built target IMU_processing_node
[18.132s] [ 87%] Built target displacement_processing_node
[21.040s] [100%] [32m[1mLinking CXX executable data_parser_node[0m
[21.687s] [100%] Built target data_parser_node
[21.714s] Invoked command in '/home/kimm/wearable_robot_ws/build/wearable_robot_data_processing' returned '0': CMAKE_PREFIX_PATH=/home/kimm/wearable_robot_ws/install/ros2_socketcan:/home/kimm/wearable_robot_ws/install/wearable_robot_interfaces:/home/kimm/wearable_robot_ws/install/ros2_socketcan_msgs:/home/kimm/wearable_robot_ws/install/wearable_robot_data_processing:/home/kimm/wearable_robot_ws/install/wearable_robot_control:/home/kimm/wearable_robot_ws/install/wearable_robot_bringup:/home/kimm/install/can_data_extractor:/opt/ros/foxy LD_LIBRARY_PATH=/home/kimm/wearable_robot_ws/install/ros2_socketcan/lib:/home/kimm/wearable_robot_ws/install/wearable_robot_interfaces/lib:/home/kimm/wearable_robot_ws/install/ros2_socketcan_msgs/lib:/opt/ros/foxy/opt/yaml_cpp_vendor/lib:/opt/ros/foxy/opt/rviz_ogre_vendor/lib:/opt/ros/foxy/lib/aarch64-linux-gnu:/opt/ros/foxy/lib /usr/bin/cmake --build /home/kimm/wearable_robot_ws/build/wearable_robot_data_processing -- -j8 -l8
[21.723s] Invoking command in '/home/kimm/wearable_robot_ws/build/wearable_robot_data_processing': CMAKE_PREFIX_PATH=/home/kimm/wearable_robot_ws/install/ros2_socketcan:/home/kimm/wearable_robot_ws/install/wearable_robot_interfaces:/home/kimm/wearable_robot_ws/install/ros2_socketcan_msgs:/home/kimm/wearable_robot_ws/install/wearable_robot_data_processing:/home/kimm/wearable_robot_ws/install/wearable_robot_control:/home/kimm/wearable_robot_ws/install/wearable_robot_bringup:/home/kimm/install/can_data_extractor:/opt/ros/foxy LD_LIBRARY_PATH=/home/kimm/wearable_robot_ws/install/ros2_socketcan/lib:/home/kimm/wearable_robot_ws/install/wearable_robot_interfaces/lib:/home/kimm/wearable_robot_ws/install/ros2_socketcan_msgs/lib:/opt/ros/foxy/opt/yaml_cpp_vendor/lib:/opt/ros/foxy/opt/rviz_ogre_vendor/lib:/opt/ros/foxy/lib/aarch64-linux-gnu:/opt/ros/foxy/lib /usr/bin/cmake --install /home/kimm/wearable_robot_ws/build/wearable_robot_data_processing
[21.741s] -- Install configuration: ""
[21.742s] -- Execute custom install script
[21.743s] -- Symlinking: /home/kimm/wearable_robot_ws/install/wearable_robot_data_processing/lib/wearable_robot_data_processing/can_data_processor
[21.764s] -- Symlinking: /home/kimm/wearable_robot_ws/install/wearable_robot_data_processing/lib/wearable_robot_data_processing/data_parser_node
[21.784s] -- Symlinking: /home/kimm/wearable_robot_ws/install/wearable_robot_data_processing/lib/wearable_robot_data_processing/IMU_processing_node
[21.807s] -- Symlinking: /home/kimm/wearable_robot_ws/install/wearable_robot_data_processing/share/ament_index/resource_index/package_run_dependencies/wearable_robot_data_processing
[21.826s] -- Symlinking: /home/kimm/wearable_robot_ws/install/wearable_robot_data_processing/share/ament_index/resource_index/parent_prefix_path/wearable_robot_data_processing
[21.845s] -- Symlinking: /home/kimm/wearable_robot_ws/install/wearable_robot_data_processing/share/wearable_robot_data_processing/environment/ament_prefix_path.sh
[21.866s] -- Symlinking: /home/kimm/wearable_robot_ws/install/wearable_robot_data_processing/share/wearable_robot_data_processing/environment/ament_prefix_path.dsv
[21.889s] -- Symlinking: /home/kimm/wearable_robot_ws/install/wearable_robot_data_processing/share/wearable_robot_data_processing/environment/path.sh
[21.910s] -- Symlinking: /home/kimm/wearable_robot_ws/install/wearable_robot_data_processing/share/wearable_robot_data_processing/environment/path.dsv
[21.932s] -- Symlinking: /home/kimm/wearable_robot_ws/install/wearable_robot_data_processing/share/wearable_robot_data_processing/local_setup.bash
[21.952s] -- Symlinking: /home/kimm/wearable_robot_ws/install/wearable_robot_data_processing/share/wearable_robot_data_processing/local_setup.sh
[21.975s] -- Symlinking: /home/kimm/wearable_robot_ws/install/wearable_robot_data_processing/share/wearable_robot_data_processing/local_setup.zsh
[21.996s] -- Symlinking: /home/kimm/wearable_robot_ws/install/wearable_robot_data_processing/share/wearable_robot_data_processing/local_setup.dsv
[22.018s] -- Symlinking: /home/kimm/wearable_robot_ws/install/wearable_robot_data_processing/share/wearable_robot_data_processing/package.dsv
[22.038s] -- Symlinking: /home/kimm/wearable_robot_ws/install/wearable_robot_data_processing/share/ament_index/resource_index/packages/wearable_robot_data_processing
[22.058s] -- Symlinking: /home/kimm/wearable_robot_ws/install/wearable_robot_data_processing/share/wearable_robot_data_processing/cmake/wearable_robot_data_processingConfig.cmake
[22.079s] -- Symlinking: /home/kimm/wearable_robot_ws/install/wearable_robot_data_processing/share/wearable_robot_data_processing/cmake/wearable_robot_data_processingConfig-version.cmake
[22.102s] -- Symlinking: /home/kimm/wearable_robot_ws/install/wearable_robot_data_processing/share/wearable_robot_data_processing/package.xml
[22.131s] Invoked command in '/home/kimm/wearable_robot_ws/build/wearable_robot_data_processing' returned '0': CMAKE_PREFIX_PATH=/home/kimm/wearable_robot_ws/install/ros2_socketcan:/home/kimm/wearable_robot_ws/install/wearable_robot_interfaces:/home/kimm/wearable_robot_ws/install/ros2_socketcan_msgs:/home/kimm/wearable_robot_ws/install/wearable_robot_data_processing:/home/kimm/wearable_robot_ws/install/wearable_robot_control:/home/kimm/wearable_robot_ws/install/wearable_robot_bringup:/home/kimm/install/can_data_extractor:/opt/ros/foxy LD_LIBRARY_PATH=/home/kimm/wearable_robot_ws/install/ros2_socketcan/lib:/home/kimm/wearable_robot_ws/install/wearable_robot_interfaces/lib:/home/kimm/wearable_robot_ws/install/ros2_socketcan_msgs/lib:/opt/ros/foxy/opt/yaml_cpp_vendor/lib:/opt/ros/foxy/opt/rviz_ogre_vendor/lib:/opt/ros/foxy/lib/aarch64-linux-gnu:/opt/ros/foxy/lib /usr/bin/cmake --install /home/kimm/wearable_robot_ws/build/wearable_robot_data_processing
