[0.471s] DEBUG:colcon:Command line arguments: ['/usr/bin/colcon', 'build', '--packages-select', 'ros2_socketcan']
[0.472s] DEBUG:colcon:Parsed command line arguments: Namespace(allow_overriding=[], ament_cmake_args=None, base_paths=['.'], build_base='build', catkin_cmake_args=None, catkin_skip_building_tests=False, cmake_args=None, cmake_clean_cache=False, cmake_clean_first=False, cmake_force_configure=False, cmake_target=None, cmake_target_skip_unavailable=False, continue_on_error=False, event_handlers=None, executor='parallel', ignore_user_meta=False, install_base='install', log_base=None, log_level=None, main=<bound method BuildVerb.main of <colcon_core.verb.build.BuildVerb object at 0xffffb56b4cd0>>, merge_install=False, metas=['./colcon.meta'], packages_above=None, packages_above_and_dependencies=None, packages_above_depth=None, packages_end=None, packages_ignore=None, packages_ignore_regex=None, packages_select=['ros2_socketcan'], packages_select_build_failed=False, packages_select_by_dep=None, packages_select_regex=None, packages_select_test_failures=False, packages_skip=None, packages_skip_build_finished=False, packages_skip_by_dep=None, packages_skip_regex=None, packages_skip_test_passed=False, packages_skip_up_to=None, packages_start=None, packages_up_to=None, packages_up_to_regex=None, parallel_workers=8, paths=None, symlink_install=False, test_result_base=None, verb_extension=<colcon_core.verb.build.BuildVerb object at 0xffffb56b4cd0>, verb_name='build', verb_parser=<colcon_defaults.argument_parser.defaults.DefaultArgumentsDecorator object at 0xffffb5656ee0>)
[0.811s] Level 1:colcon.colcon_core.package_discovery:discover_packages(colcon_meta) check parameters
[0.811s] Level 1:colcon.colcon_core.package_discovery:discover_packages(recursive) check parameters
[0.811s] Level 1:colcon.colcon_core.package_discovery:discover_packages(ignore) check parameters
[0.811s] Level 1:colcon.colcon_core.package_discovery:discover_packages(path) check parameters
[0.812s] Level 1:colcon.colcon_core.package_discovery:discover_packages(colcon_meta) discover
[0.812s] Level 1:colcon.colcon_core.package_discovery:discover_packages(recursive) discover
[0.812s] INFO:colcon.colcon_core.package_discovery:Crawling recursively for packages in '/home/kimm/wearable_robot_ws'
[0.812s] Level 1:colcon.colcon_core.package_identification:_identify(.) by extensions ['ignore', 'ignore_ament_install']
[0.812s] Level 1:colcon.colcon_core.package_identification:_identify(.) by extension 'ignore'
[0.813s] Level 1:colcon.colcon_core.package_identification:_identify(.) by extension 'ignore_ament_install'
[0.813s] Level 1:colcon.colcon_core.package_identification:_identify(.) by extensions ['colcon_pkg']
[0.813s] Level 1:colcon.colcon_core.package_identification:_identify(.) by extension 'colcon_pkg'
[0.813s] Level 1:colcon.colcon_core.package_identification:_identify(.) by extensions ['colcon_meta']
[0.813s] Level 1:colcon.colcon_core.package_identification:_identify(.) by extension 'colcon_meta'
[0.813s] Level 1:colcon.colcon_core.package_identification:_identify(.) by extensions ['ros']
[0.813s] Level 1:colcon.colcon_core.package_identification:_identify(.) by extension 'ros'
[0.838s] Level 1:colcon.colcon_core.package_identification:_identify(.) by extensions ['cmake', 'python']
[0.839s] Level 1:colcon.colcon_core.package_identification:_identify(.) by extension 'cmake'
[0.839s] Level 1:colcon.colcon_core.package_identification:_identify(.) by extension 'python'
[0.839s] Level 1:colcon.colcon_core.package_identification:_identify(.) by extensions ['python_setup_py']
[0.839s] Level 1:colcon.colcon_core.package_identification:_identify(.) by extension 'python_setup_py'
[0.840s] Level 1:colcon.colcon_core.package_identification:_identify(build) by extensions ['ignore', 'ignore_ament_install']
[0.840s] Level 1:colcon.colcon_core.package_identification:_identify(build) by extension 'ignore'
[0.840s] Level 1:colcon.colcon_core.package_identification:_identify(build) ignored
[0.841s] Level 1:colcon.colcon_core.package_identification:_identify(install) by extensions ['ignore', 'ignore_ament_install']
[0.841s] Level 1:colcon.colcon_core.package_identification:_identify(install) by extension 'ignore'
[0.842s] Level 1:colcon.colcon_core.package_identification:_identify(install) ignored
[0.842s] Level 1:colcon.colcon_core.package_identification:_identify(log) by extensions ['ignore', 'ignore_ament_install']
[0.842s] Level 1:colcon.colcon_core.package_identification:_identify(log) by extension 'ignore'
[0.842s] Level 1:colcon.colcon_core.package_identification:_identify(log) ignored
[0.843s] Level 1:colcon.colcon_core.package_identification:_identify(src) by extensions ['ignore', 'ignore_ament_install']
[0.843s] Level 1:colcon.colcon_core.package_identification:_identify(src) by extension 'ignore'
[0.843s] Level 1:colcon.colcon_core.package_identification:_identify(src) by extension 'ignore_ament_install'
[0.843s] Level 1:colcon.colcon_core.package_identification:_identify(src) by extensions ['colcon_pkg']
[0.843s] Level 1:colcon.colcon_core.package_identification:_identify(src) by extension 'colcon_pkg'
[0.843s] Level 1:colcon.colcon_core.package_identification:_identify(src) by extensions ['colcon_meta']
[0.843s] Level 1:colcon.colcon_core.package_identification:_identify(src) by extension 'colcon_meta'
[0.843s] Level 1:colcon.colcon_core.package_identification:_identify(src) by extensions ['ros']
[0.844s] Level 1:colcon.colcon_core.package_identification:_identify(src) by extension 'ros'
[0.844s] Level 1:colcon.colcon_core.package_identification:_identify(src) by extensions ['cmake', 'python']
[0.844s] Level 1:colcon.colcon_core.package_identification:_identify(src) by extension 'cmake'
[0.844s] Level 1:colcon.colcon_core.package_identification:_identify(src) by extension 'python'
[0.844s] Level 1:colcon.colcon_core.package_identification:_identify(src) by extensions ['python_setup_py']
[0.844s] Level 1:colcon.colcon_core.package_identification:_identify(src) by extension 'python_setup_py'
[0.844s] Level 1:colcon.colcon_core.package_identification:_identify(src/build) by extensions ['ignore', 'ignore_ament_install']
[0.845s] Level 1:colcon.colcon_core.package_identification:_identify(src/build) by extension 'ignore'
[0.845s] Level 1:colcon.colcon_core.package_identification:_identify(src/build) ignored
[0.845s] Level 1:colcon.colcon_core.package_identification:_identify(src/install) by extensions ['ignore', 'ignore_ament_install']
[0.845s] Level 1:colcon.colcon_core.package_identification:_identify(src/install) by extension 'ignore'
[0.845s] Level 1:colcon.colcon_core.package_identification:_identify(src/install) ignored
[0.846s] Level 1:colcon.colcon_core.package_identification:_identify(src/log) by extensions ['ignore', 'ignore_ament_install']
[0.846s] Level 1:colcon.colcon_core.package_identification:_identify(src/log) by extension 'ignore'
[0.846s] Level 1:colcon.colcon_core.package_identification:_identify(src/log) ignored
[0.846s] Level 1:colcon.colcon_core.package_identification:_identify(src/ros2_socketcan) by extensions ['ignore', 'ignore_ament_install']
[0.846s] Level 1:colcon.colcon_core.package_identification:_identify(src/ros2_socketcan) by extension 'ignore'
[0.846s] Level 1:colcon.colcon_core.package_identification:_identify(src/ros2_socketcan) by extension 'ignore_ament_install'
[0.846s] Level 1:colcon.colcon_core.package_identification:_identify(src/ros2_socketcan) by extensions ['colcon_pkg']
[0.846s] Level 1:colcon.colcon_core.package_identification:_identify(src/ros2_socketcan) by extension 'colcon_pkg'
[0.847s] Level 1:colcon.colcon_core.package_identification:_identify(src/ros2_socketcan) by extensions ['colcon_meta']
[0.847s] Level 1:colcon.colcon_core.package_identification:_identify(src/ros2_socketcan) by extension 'colcon_meta'
[0.847s] Level 1:colcon.colcon_core.package_identification:_identify(src/ros2_socketcan) by extensions ['ros']
[0.847s] Level 1:colcon.colcon_core.package_identification:_identify(src/ros2_socketcan) by extension 'ros'
[0.847s] Level 1:colcon.colcon_core.package_identification:_identify(src/ros2_socketcan) by extensions ['cmake', 'python']
[0.847s] Level 1:colcon.colcon_core.package_identification:_identify(src/ros2_socketcan) by extension 'cmake'
[0.847s] Level 1:colcon.colcon_core.package_identification:_identify(src/ros2_socketcan) by extension 'python'
[0.847s] Level 1:colcon.colcon_core.package_identification:_identify(src/ros2_socketcan) by extensions ['python_setup_py']
[0.847s] Level 1:colcon.colcon_core.package_identification:_identify(src/ros2_socketcan) by extension 'python_setup_py'
[0.848s] Level 1:colcon.colcon_core.package_identification:_identify(src/ros2_socketcan/ros2_socketcan) by extensions ['ignore', 'ignore_ament_install']
[0.848s] Level 1:colcon.colcon_core.package_identification:_identify(src/ros2_socketcan/ros2_socketcan) by extension 'ignore'
[0.848s] Level 1:colcon.colcon_core.package_identification:_identify(src/ros2_socketcan/ros2_socketcan) by extension 'ignore_ament_install'
[0.848s] Level 1:colcon.colcon_core.package_identification:_identify(src/ros2_socketcan/ros2_socketcan) by extensions ['colcon_pkg']
[0.848s] Level 1:colcon.colcon_core.package_identification:_identify(src/ros2_socketcan/ros2_socketcan) by extension 'colcon_pkg'
[0.848s] Level 1:colcon.colcon_core.package_identification:_identify(src/ros2_socketcan/ros2_socketcan) by extensions ['colcon_meta']
[0.848s] Level 1:colcon.colcon_core.package_identification:_identify(src/ros2_socketcan/ros2_socketcan) by extension 'colcon_meta'
[0.848s] Level 1:colcon.colcon_core.package_identification:_identify(src/ros2_socketcan/ros2_socketcan) by extensions ['ros']
[0.849s] Level 1:colcon.colcon_core.package_identification:_identify(src/ros2_socketcan/ros2_socketcan) by extension 'ros'
[0.856s] DEBUG:colcon.colcon_core.package_identification:Package 'src/ros2_socketcan/ros2_socketcan' with type 'ros.ament_cmake' and name 'ros2_socketcan'
[0.856s] Level 1:colcon.colcon_core.package_identification:_identify(src/ros2_socketcan/ros2_socketcan_msgs) by extensions ['ignore', 'ignore_ament_install']
[0.857s] Level 1:colcon.colcon_core.package_identification:_identify(src/ros2_socketcan/ros2_socketcan_msgs) by extension 'ignore'
[0.857s] Level 1:colcon.colcon_core.package_identification:_identify(src/ros2_socketcan/ros2_socketcan_msgs) by extension 'ignore_ament_install'
[0.857s] Level 1:colcon.colcon_core.package_identification:_identify(src/ros2_socketcan/ros2_socketcan_msgs) by extensions ['colcon_pkg']
[0.858s] Level 1:colcon.colcon_core.package_identification:_identify(src/ros2_socketcan/ros2_socketcan_msgs) by extension 'colcon_pkg'
[0.858s] Level 1:colcon.colcon_core.package_identification:_identify(src/ros2_socketcan/ros2_socketcan_msgs) by extensions ['colcon_meta']
[0.858s] Level 1:colcon.colcon_core.package_identification:_identify(src/ros2_socketcan/ros2_socketcan_msgs) by extension 'colcon_meta'
[0.858s] Level 1:colcon.colcon_core.package_identification:_identify(src/ros2_socketcan/ros2_socketcan_msgs) by extensions ['ros']
[0.858s] Level 1:colcon.colcon_core.package_identification:_identify(src/ros2_socketcan/ros2_socketcan_msgs) by extension 'ros'
[0.860s] DEBUG:colcon.colcon_core.package_identification:Package 'src/ros2_socketcan/ros2_socketcan_msgs' with type 'ros.ament_cmake' and name 'ros2_socketcan_msgs'
[0.860s] Level 1:colcon.colcon_core.package_identification:_identify(src/wearable_robot_bringup) by extensions ['ignore', 'ignore_ament_install']
[0.860s] Level 1:colcon.colcon_core.package_identification:_identify(src/wearable_robot_bringup) by extension 'ignore'
[0.861s] Level 1:colcon.colcon_core.package_identification:_identify(src/wearable_robot_bringup) by extension 'ignore_ament_install'
[0.861s] Level 1:colcon.colcon_core.package_identification:_identify(src/wearable_robot_bringup) by extensions ['colcon_pkg']
[0.861s] Level 1:colcon.colcon_core.package_identification:_identify(src/wearable_robot_bringup) by extension 'colcon_pkg'
[0.861s] Level 1:colcon.colcon_core.package_identification:_identify(src/wearable_robot_bringup) by extensions ['colcon_meta']
[0.861s] Level 1:colcon.colcon_core.package_identification:_identify(src/wearable_robot_bringup) by extension 'colcon_meta'
[0.861s] Level 1:colcon.colcon_core.package_identification:_identify(src/wearable_robot_bringup) by extensions ['ros']
[0.861s] Level 1:colcon.colcon_core.package_identification:_identify(src/wearable_robot_bringup) by extension 'ros'
[0.862s] DEBUG:colcon.colcon_core.package_identification:Package 'src/wearable_robot_bringup' with type 'ros.ament_cmake' and name 'wearable_robot_bringup'
[0.863s] Level 1:colcon.colcon_core.package_identification:_identify(src/wearable_robot_control) by extensions ['ignore', 'ignore_ament_install']
[0.863s] Level 1:colcon.colcon_core.package_identification:_identify(src/wearable_robot_control) by extension 'ignore'
[0.863s] Level 1:colcon.colcon_core.package_identification:_identify(src/wearable_robot_control) by extension 'ignore_ament_install'
[0.863s] Level 1:colcon.colcon_core.package_identification:_identify(src/wearable_robot_control) by extensions ['colcon_pkg']
[0.863s] Level 1:colcon.colcon_core.package_identification:_identify(src/wearable_robot_control) by extension 'colcon_pkg'
[0.863s] Level 1:colcon.colcon_core.package_identification:_identify(src/wearable_robot_control) by extensions ['colcon_meta']
[0.863s] Level 1:colcon.colcon_core.package_identification:_identify(src/wearable_robot_control) by extension 'colcon_meta'
[0.863s] Level 1:colcon.colcon_core.package_identification:_identify(src/wearable_robot_control) by extensions ['ros']
[0.864s] Level 1:colcon.colcon_core.package_identification:_identify(src/wearable_robot_control) by extension 'ros'
[0.865s] DEBUG:colcon.colcon_core.package_identification:Package 'src/wearable_robot_control' with type 'ros.ament_cmake' and name 'wearable_robot_control'
[0.865s] Level 1:colcon.colcon_core.package_identification:_identify(src/wearable_robot_data_processing) by extensions ['ignore', 'ignore_ament_install']
[0.865s] Level 1:colcon.colcon_core.package_identification:_identify(src/wearable_robot_data_processing) by extension 'ignore'
[0.866s] Level 1:colcon.colcon_core.package_identification:_identify(src/wearable_robot_data_processing) by extension 'ignore_ament_install'
[0.866s] Level 1:colcon.colcon_core.package_identification:_identify(src/wearable_robot_data_processing) by extensions ['colcon_pkg']
[0.866s] Level 1:colcon.colcon_core.package_identification:_identify(src/wearable_robot_data_processing) by extension 'colcon_pkg'
[0.866s] Level 1:colcon.colcon_core.package_identification:_identify(src/wearable_robot_data_processing) by extensions ['colcon_meta']
[0.866s] Level 1:colcon.colcon_core.package_identification:_identify(src/wearable_robot_data_processing) by extension 'colcon_meta'
[0.866s] Level 1:colcon.colcon_core.package_identification:_identify(src/wearable_robot_data_processing) by extensions ['ros']
[0.866s] Level 1:colcon.colcon_core.package_identification:_identify(src/wearable_robot_data_processing) by extension 'ros'
[0.868s] DEBUG:colcon.colcon_core.package_identification:Package 'src/wearable_robot_data_processing' with type 'ros.ament_cmake' and name 'wearable_robot_data_processing'
[0.868s] Level 1:colcon.colcon_core.package_identification:_identify(src/wearable_robot_hw) by extensions ['ignore', 'ignore_ament_install']
[0.868s] Level 1:colcon.colcon_core.package_identification:_identify(src/wearable_robot_hw) by extension 'ignore'
[0.869s] Level 1:colcon.colcon_core.package_identification:_identify(src/wearable_robot_hw) by extension 'ignore_ament_install'
[0.869s] Level 1:colcon.colcon_core.package_identification:_identify(src/wearable_robot_hw) by extensions ['colcon_pkg']
[0.869s] Level 1:colcon.colcon_core.package_identification:_identify(src/wearable_robot_hw) by extension 'colcon_pkg'
[0.869s] Level 1:colcon.colcon_core.package_identification:_identify(src/wearable_robot_hw) by extensions ['colcon_meta']
[0.869s] Level 1:colcon.colcon_core.package_identification:_identify(src/wearable_robot_hw) by extension 'colcon_meta'
[0.869s] Level 1:colcon.colcon_core.package_identification:_identify(src/wearable_robot_hw) by extensions ['ros']
[0.869s] Level 1:colcon.colcon_core.package_identification:_identify(src/wearable_robot_hw) by extension 'ros'
[0.871s] DEBUG:colcon.colcon_core.package_identification:Package 'src/wearable_robot_hw' with type 'ros.ament_cmake' and name 'wearable_robot_hw'
[0.871s] Level 1:colcon.colcon_core.package_identification:_identify(src/wearable_robot_interfaces) by extensions ['ignore', 'ignore_ament_install']
[0.871s] Level 1:colcon.colcon_core.package_identification:_identify(src/wearable_robot_interfaces) by extension 'ignore'
[0.872s] Level 1:colcon.colcon_core.package_identification:_identify(src/wearable_robot_interfaces) by extension 'ignore_ament_install'
[0.872s] Level 1:colcon.colcon_core.package_identification:_identify(src/wearable_robot_interfaces) by extensions ['colcon_pkg']
[0.872s] Level 1:colcon.colcon_core.package_identification:_identify(src/wearable_robot_interfaces) by extension 'colcon_pkg'
[0.872s] Level 1:colcon.colcon_core.package_identification:_identify(src/wearable_robot_interfaces) by extensions ['colcon_meta']
[0.872s] Level 1:colcon.colcon_core.package_identification:_identify(src/wearable_robot_interfaces) by extension 'colcon_meta'
[0.872s] Level 1:colcon.colcon_core.package_identification:_identify(src/wearable_robot_interfaces) by extensions ['ros']
[0.872s] Level 1:colcon.colcon_core.package_identification:_identify(src/wearable_robot_interfaces) by extension 'ros'
[0.874s] DEBUG:colcon.colcon_core.package_identification:Package 'src/wearable_robot_interfaces' with type 'ros.ament_cmake' and name 'wearable_robot_interfaces'
[0.874s] Level 1:colcon.colcon_core.package_discovery:discover_packages(recursive) using defaults
[0.875s] Level 1:colcon.colcon_core.package_discovery:discover_packages(ignore) discover
[0.875s] Level 1:colcon.colcon_core.package_discovery:discover_packages(ignore) using defaults
[0.875s] Level 1:colcon.colcon_core.package_discovery:discover_packages(path) discover
[0.875s] Level 1:colcon.colcon_core.package_discovery:discover_packages(path) using defaults
[0.919s] INFO:colcon.colcon_core.package_selection:Skipping not selected package 'ros2_socketcan_msgs' in 'src/ros2_socketcan/ros2_socketcan_msgs'
[0.919s] INFO:colcon.colcon_core.package_selection:Skipping not selected package 'wearable_robot_bringup' in 'src/wearable_robot_bringup'
[0.919s] INFO:colcon.colcon_core.package_selection:Skipping not selected package 'wearable_robot_control' in 'src/wearable_robot_control'
[0.919s] INFO:colcon.colcon_core.package_selection:Skipping not selected package 'wearable_robot_interfaces' in 'src/wearable_robot_interfaces'
[0.919s] INFO:colcon.colcon_core.package_selection:Skipping not selected package 'wearable_robot_data_processing' in 'src/wearable_robot_data_processing'
[0.919s] INFO:colcon.colcon_core.package_selection:Skipping not selected package 'wearable_robot_hw' in 'src/wearable_robot_hw'
[0.920s] Level 1:colcon.colcon_core.package_discovery:discover_packages(prefix_path) check parameters
[0.921s] Level 1:colcon.colcon_core.package_discovery:discover_packages(prefix_path) discover
[0.927s] DEBUG:colcon.colcon_installed_package_information.package_discovery:Found 9 installed packages in /home/kimm/wearable_robot_ws/install
[0.929s] DEBUG:colcon.colcon_installed_package_information.package_discovery:Found 1 installed packages in /home/kimm/install
[0.931s] DEBUG:colcon.colcon_installed_package_information.package_discovery:Found 262 installed packages in /opt/ros/foxy
[0.934s] Level 1:colcon.colcon_core.package_discovery:discover_packages(prefix_path) using defaults
[1.109s] Level 5:colcon.colcon_core.verb:set package 'ros2_socketcan' build argument 'cmake_args' from command line to 'None'
[1.110s] Level 5:colcon.colcon_core.verb:set package 'ros2_socketcan' build argument 'cmake_target' from command line to 'None'
[1.110s] Level 5:colcon.colcon_core.verb:set package 'ros2_socketcan' build argument 'cmake_target_skip_unavailable' from command line to 'False'
[1.110s] Level 5:colcon.colcon_core.verb:set package 'ros2_socketcan' build argument 'cmake_clean_cache' from command line to 'False'
[1.110s] Level 5:colcon.colcon_core.verb:set package 'ros2_socketcan' build argument 'cmake_clean_first' from command line to 'False'
[1.110s] Level 5:colcon.colcon_core.verb:set package 'ros2_socketcan' build argument 'cmake_force_configure' from command line to 'False'
[1.110s] Level 5:colcon.colcon_core.verb:set package 'ros2_socketcan' build argument 'ament_cmake_args' from command line to 'None'
[1.110s] Level 5:colcon.colcon_core.verb:set package 'ros2_socketcan' build argument 'catkin_cmake_args' from command line to 'None'
[1.110s] Level 5:colcon.colcon_core.verb:set package 'ros2_socketcan' build argument 'catkin_skip_building_tests' from command line to 'False'
[1.110s] DEBUG:colcon.colcon_core.verb:Building package 'ros2_socketcan' with the following arguments: {'ament_cmake_args': None, 'build_base': '/home/kimm/wearable_robot_ws/build/ros2_socketcan', 'catkin_cmake_args': None, 'catkin_skip_building_tests': False, 'cmake_args': None, 'cmake_clean_cache': False, 'cmake_clean_first': False, 'cmake_force_configure': False, 'cmake_target': None, 'cmake_target_skip_unavailable': False, 'install_base': '/home/kimm/wearable_robot_ws/install/ros2_socketcan', 'merge_install': False, 'path': '/home/kimm/wearable_robot_ws/src/ros2_socketcan/ros2_socketcan', 'symlink_install': False, 'test_result_base': None}
[1.111s] INFO:colcon.colcon_core.executor:Executing jobs using 'parallel' executor
[1.119s] DEBUG:colcon.colcon_parallel_executor.executor.parallel:run_until_complete
[1.119s] INFO:colcon.colcon_ros.task.ament_cmake.build:Building ROS package in '/home/kimm/wearable_robot_ws/src/ros2_socketcan/ros2_socketcan' with build type 'ament_cmake'
[1.120s] INFO:colcon.colcon_cmake.task.cmake.build:Building CMake package in '/home/kimm/wearable_robot_ws/src/ros2_socketcan/ros2_socketcan'
[1.124s] INFO:colcon.colcon_core.plugin_system:Skipping extension 'colcon_core.shell.bat': Not used on non-Windows systems
[1.124s] INFO:colcon.colcon_core.shell:Skip shell extension 'powershell' for command environment: Not usable outside of PowerShell
[1.125s] DEBUG:colcon.colcon_core.shell:Skip shell extension 'dsv' for command environment
[1.201s] DEBUG:colcon.colcon_core.event_handler.log_command:Invoking command in '/home/kimm/wearable_robot_ws/build/ros2_socketcan': CMAKE_PREFIX_PATH=/home/kimm/wearable_robot_ws/install/ros2_socketcan_msgs:/home/kimm/wearable_robot_ws/install/wearable_robot_hw:/home/kimm/wearable_robot_ws/install/wearable_robot_data_processing:/home/kimm/wearable_robot_ws/install/wearable_robot_interfaces:/home/kimm/wearable_robot_ws/install/wearable_robot_control:/home/kimm/wearable_robot_ws/install/wearable_robot_bringup:/home/kimm/wearable_robot_ws/install/ros2_socketcan:/home/kimm/wearable_robot_ws/install/can_comm:/home/kimm/install/can_data_extractor:/opt/ros/foxy LD_LIBRARY_PATH=/home/kimm/wearable_robot_ws/install/ros2_socketcan_msgs/lib:/home/kimm/wearable_robot_ws/install/wearable_robot_interfaces/lib:/home/kimm/wearable_robot_ws/install/ros2_socketcan/lib:/opt/ros/foxy/opt/yaml_cpp_vendor/lib:/opt/ros/foxy/opt/rviz_ogre_vendor/lib:/opt/ros/foxy/lib/aarch64-linux-gnu:/opt/ros/foxy/lib PYTHONPATH=/home/kimm/wearable_robot_ws/install/ros2_socketcan_msgs/lib/python3.8/site-packages:/home/kimm/wearable_robot_ws/install/wearable_robot_interfaces/lib/python3.8/site-packages:/opt/ros/foxy/lib/python3.8/site-packages /usr/bin/cmake --build /home/kimm/wearable_robot_ws/build/ros2_socketcan -- -j8 -l8
[11.383s] DEBUG:colcon.colcon_core.event_handler.log_command:Invoked command in '/home/kimm/wearable_robot_ws/build/ros2_socketcan' returned '2': CMAKE_PREFIX_PATH=/home/kimm/wearable_robot_ws/install/ros2_socketcan_msgs:/home/kimm/wearable_robot_ws/install/wearable_robot_hw:/home/kimm/wearable_robot_ws/install/wearable_robot_data_processing:/home/kimm/wearable_robot_ws/install/wearable_robot_interfaces:/home/kimm/wearable_robot_ws/install/wearable_robot_control:/home/kimm/wearable_robot_ws/install/wearable_robot_bringup:/home/kimm/wearable_robot_ws/install/ros2_socketcan:/home/kimm/wearable_robot_ws/install/can_comm:/home/kimm/install/can_data_extractor:/opt/ros/foxy LD_LIBRARY_PATH=/home/kimm/wearable_robot_ws/install/ros2_socketcan_msgs/lib:/home/kimm/wearable_robot_ws/install/wearable_robot_interfaces/lib:/home/kimm/wearable_robot_ws/install/ros2_socketcan/lib:/opt/ros/foxy/opt/yaml_cpp_vendor/lib:/opt/ros/foxy/opt/rviz_ogre_vendor/lib:/opt/ros/foxy/lib/aarch64-linux-gnu:/opt/ros/foxy/lib PYTHONPATH=/home/kimm/wearable_robot_ws/install/ros2_socketcan_msgs/lib/python3.8/site-packages:/home/kimm/wearable_robot_ws/install/wearable_robot_interfaces/lib/python3.8/site-packages:/opt/ros/foxy/lib/python3.8/site-packages /usr/bin/cmake --build /home/kimm/wearable_robot_ws/build/ros2_socketcan -- -j8 -l8
[11.385s] Level 1:colcon.colcon_core.environment:create_environment_scripts_only(ros2_socketcan)
[11.391s] Level 1:colcon.colcon_core.environment:checking '/home/kimm/wearable_robot_ws/install/ros2_socketcan' for CMake module files
[11.393s] Level 1:colcon.colcon_core.environment:checking '/home/kimm/wearable_robot_ws/install/ros2_socketcan' for CMake config files
[11.393s] Level 1:colcon.colcon_core.shell:create_environment_hook('ros2_socketcan', 'cmake_prefix_path')
[11.394s] INFO:colcon.colcon_core.shell:Creating environment hook '/home/kimm/wearable_robot_ws/install/ros2_socketcan/share/ros2_socketcan/hook/cmake_prefix_path.ps1'
[11.396s] INFO:colcon.colcon_core.shell:Creating environment descriptor '/home/kimm/wearable_robot_ws/install/ros2_socketcan/share/ros2_socketcan/hook/cmake_prefix_path.dsv'
[11.397s] INFO:colcon.colcon_core.shell:Creating environment hook '/home/kimm/wearable_robot_ws/install/ros2_socketcan/share/ros2_socketcan/hook/cmake_prefix_path.sh'
[11.399s] Level 1:colcon.colcon_core.environment:checking '/home/kimm/wearable_robot_ws/install/ros2_socketcan/lib'
[11.399s] Level 1:colcon.colcon_core.shell:create_environment_hook('ros2_socketcan', 'ld_library_path_lib')
[11.400s] INFO:colcon.colcon_core.shell:Creating environment hook '/home/kimm/wearable_robot_ws/install/ros2_socketcan/share/ros2_socketcan/hook/ld_library_path_lib.ps1'
[11.401s] INFO:colcon.colcon_core.shell:Creating environment descriptor '/home/kimm/wearable_robot_ws/install/ros2_socketcan/share/ros2_socketcan/hook/ld_library_path_lib.dsv'
[11.402s] INFO:colcon.colcon_core.shell:Creating environment hook '/home/kimm/wearable_robot_ws/install/ros2_socketcan/share/ros2_socketcan/hook/ld_library_path_lib.sh'
[11.403s] Level 1:colcon.colcon_core.environment:checking '/home/kimm/wearable_robot_ws/install/ros2_socketcan/bin'
[11.403s] Level 1:colcon.colcon_core.environment:checking '/home/kimm/wearable_robot_ws/install/ros2_socketcan/lib/pkgconfig/ros2_socketcan.pc'
[11.403s] Level 1:colcon.colcon_core.environment:checking '/home/kimm/wearable_robot_ws/install/ros2_socketcan/lib/python3.8/site-packages'
[11.404s] Level 1:colcon.colcon_core.environment:checking '/home/kimm/wearable_robot_ws/install/ros2_socketcan/bin'
[11.406s] INFO:colcon.colcon_core.shell:Creating package script '/home/kimm/wearable_robot_ws/install/ros2_socketcan/share/ros2_socketcan/package.ps1'
[11.408s] INFO:colcon.colcon_core.shell:Creating package descriptor '/home/kimm/wearable_robot_ws/install/ros2_socketcan/share/ros2_socketcan/package.dsv'
[11.410s] INFO:colcon.colcon_core.shell:Creating package script '/home/kimm/wearable_robot_ws/install/ros2_socketcan/share/ros2_socketcan/package.sh'
[11.412s] INFO:colcon.colcon_core.shell:Creating package script '/home/kimm/wearable_robot_ws/install/ros2_socketcan/share/ros2_socketcan/package.bash'
[11.413s] INFO:colcon.colcon_core.shell:Creating package script '/home/kimm/wearable_robot_ws/install/ros2_socketcan/share/ros2_socketcan/package.zsh'
[11.415s] Level 1:colcon.colcon_core.environment:create_file_with_runtime_dependencies(/home/kimm/wearable_robot_ws/install/ros2_socketcan/share/colcon-core/packages/ros2_socketcan)
[11.426s] DEBUG:colcon.colcon_parallel_executor.executor.parallel:closing loop
[11.427s] DEBUG:colcon.colcon_parallel_executor.executor.parallel:loop closed
[11.428s] DEBUG:colcon.colcon_parallel_executor.executor.parallel:run_until_complete finished with '2'
[11.428s] DEBUG:colcon.colcon_core.event_reactor:joining thread
[11.443s] INFO:colcon.colcon_core.plugin_system:Skipping extension 'colcon_notification.desktop_notification.terminal_notifier': Not used on non-Darwin systems
[11.443s] INFO:colcon.colcon_core.plugin_system:Skipping extension 'colcon_notification.desktop_notification.win32': Not used on non-Windows systems
[11.444s] INFO:colcon.colcon_notification.desktop_notification:Sending desktop notification using 'notify2'
[11.489s] DEBUG:colcon.colcon_core.event_reactor:joined thread
[11.490s] INFO:colcon.colcon_core.shell:Creating prefix script '/home/kimm/wearable_robot_ws/install/local_setup.ps1'
[11.493s] INFO:colcon.colcon_core.shell:Creating prefix util module '/home/kimm/wearable_robot_ws/install/_local_setup_util_ps1.py'
[11.495s] INFO:colcon.colcon_core.shell:Creating prefix chain script '/home/kimm/wearable_robot_ws/install/setup.ps1'
[11.498s] INFO:colcon.colcon_core.shell:Creating prefix script '/home/kimm/wearable_robot_ws/install/local_setup.sh'
[11.499s] INFO:colcon.colcon_core.shell:Creating prefix util module '/home/kimm/wearable_robot_ws/install/_local_setup_util_sh.py'
[11.501s] INFO:colcon.colcon_core.shell:Creating prefix chain script '/home/kimm/wearable_robot_ws/install/setup.sh'
[11.503s] INFO:colcon.colcon_core.shell:Creating prefix script '/home/kimm/wearable_robot_ws/install/local_setup.bash'
[11.504s] INFO:colcon.colcon_core.shell:Creating prefix chain script '/home/kimm/wearable_robot_ws/install/setup.bash'
[11.507s] INFO:colcon.colcon_core.shell:Creating prefix script '/home/kimm/wearable_robot_ws/install/local_setup.zsh'
[11.508s] INFO:colcon.colcon_core.shell:Creating prefix chain script '/home/kimm/wearable_robot_ws/install/setup.zsh'
