[  9%] Built target gtest_main
[ 19%] Built target gtest
[ 42%] Built target ros2_socketcan
[ 52%] Built target socket_can_receiver_node_exe
[ 61%] Built target socket_can_sender_node_exe
[35m[1mScanning dependencies of target socket_can_receiver_node[0m
[ 80%] Built target ros2_socketcan_test
[ 85%] [32mBuilding CXX object CMakeFiles/socket_can_receiver_node.dir/src/socket_can_receiver_node.cpp.o[0m
[01m[K/home/kimm/wearable_robot_ws/src/ros2_socketcan/ros2_socketcan/src/socket_can_receiver_node.cpp:1:3:[m[K [01;31m[Kerror: [m[Kinvalid preprocessing directive #socket_can_receiver_node
    1 | # [01;31m[Ksocket_can_receiver_node[m[K.cpp
      |   [01;31m[K^~~~~~~~~~~~~~~~~~~~~~~~[m[K
In file included from [01m[K/home/kimm/wearable_robot_ws/src/ros2_socketcan/ros2_socketcan/src/socket_can_receiver_node.cpp:2[m[K:
[01m[K/home/kimm/wearable_robot_ws/src/ros2_socketcan/ros2_socketcan/include/ros2_socketcan/socket_can_receiver_node.hpp:1:3:[m[K [01;31m[Kerror: [m[Kinvalid preprocessing directive #socket_can_receiver_node
    1 | # [01;31m[Ksocket_can_receiver_node[m[K.hpp
      |   [01;31m[K^~~~~~~~~~~~~~~~~~~~~~~~[m[K
In file included from [01m[K/home/kimm/wearable_robot_ws/src/ros2_socketcan/ros2_socketcan/src/socket_can_receiver_node.cpp:2[m[K:
[01m[K/home/kimm/wearable_robot_ws/src/ros2_socketcan/ros2_socketcan/include/ros2_socketcan/socket_can_receiver_node.hpp:22:46:[m[K [01;31m[Kerror: [m[Kexpected initializer before ‘[01m[Kfinal[m[K’
   22 | class SOCKETCAN_PUBLIC SocketCanReceiverNode [01;31m[Kfinal[m[K
      |                                              [01;31m[K^~~~~[m[K
[01m[K/home/kimm/wearable_robot_ws/src/ros2_socketcan/ros2_socketcan/src/socket_can_receiver_node.cpp:18:1:[m[K [01;31m[Kerror: [m[K‘[01m[KSocketCanReceiverNode[m[K’ does not name a type; did you mean ‘[01m[KSocketCanReceiver[m[K’?
   18 | [01;31m[KSocketCanReceiverNode[m[K::SocketCanReceiverNode(const rclcpp::NodeOptions & options)
      | [01;31m[K^~~~~~~~~~~~~~~~~~~~~[m[K
      | [32m[KSocketCanReceiver[m[K
[01m[K/home/kimm/wearable_robot_ws/src/ros2_socketcan/ros2_socketcan/src/socket_can_receiver_node.cpp:37:1:[m[K [01;31m[Kerror: [m[K‘[01m[KSocketCanReceiverNode[m[K’ does not name a type; did you mean ‘[01m[KSocketCanReceiver[m[K’?
   37 | [01;31m[KSocketCanReceiverNode[m[K::CallbackReturn
      | [01;31m[K^~~~~~~~~~~~~~~~~~~~~[m[K
      | [32m[KSocketCanReceiver[m[K
[01m[K/home/kimm/wearable_robot_ws/src/ros2_socketcan/ros2_socketcan/src/socket_can_receiver_node.cpp:65:1:[m[K [01;31m[Kerror: [m[K‘[01m[KSocketCanReceiverNode[m[K’ does not name a type; did you mean ‘[01m[KSocketCanReceiver[m[K’?
   65 | [01;31m[KSocketCanReceiverNode[m[K::CallbackReturn
      | [01;31m[K^~~~~~~~~~~~~~~~~~~~~[m[K
      | [32m[KSocketCanReceiver[m[K
[01m[K/home/kimm/wearable_robot_ws/src/ros2_socketcan/ros2_socketcan/src/socket_can_receiver_node.cpp:74:1:[m[K [01;31m[Kerror: [m[K‘[01m[KSocketCanReceiverNode[m[K’ does not name a type; did you mean ‘[01m[KSocketCanReceiver[m[K’?
   74 | [01;31m[KSocketCanReceiverNode[m[K::CallbackReturn
      | [01;31m[K^~~~~~~~~~~~~~~~~~~~~[m[K
      | [32m[KSocketCanReceiver[m[K
[01m[K/home/kimm/wearable_robot_ws/src/ros2_socketcan/ros2_socketcan/src/socket_can_receiver_node.cpp:83:1:[m[K [01;31m[Kerror: [m[K‘[01m[KSocketCanReceiverNode[m[K’ does not name a type; did you mean ‘[01m[KSocketCanReceiver[m[K’?
   83 | [01;31m[KSocketCanReceiverNode[m[K::CallbackReturn
      | [01;31m[K^~~~~~~~~~~~~~~~~~~~~[m[K
      | [32m[KSocketCanReceiver[m[K
[01m[K/home/kimm/wearable_robot_ws/src/ros2_socketcan/ros2_socketcan/src/socket_can_receiver_node.cpp:99:1:[m[K [01;31m[Kerror: [m[K‘[01m[KSocketCanReceiverNode[m[K’ does not name a type; did you mean ‘[01m[KSocketCanReceiver[m[K’?
   99 | [01;31m[KSocketCanReceiverNode[m[K::CallbackReturn
      | [01;31m[K^~~~~~~~~~~~~~~~~~~~~[m[K
      | [32m[KSocketCanReceiver[m[K
[01m[K/home/kimm/wearable_robot_ws/src/ros2_socketcan/ros2_socketcan/src/socket_can_receiver_node.cpp:106:6:[m[K [01;31m[Kerror: [m[K‘[01m[KSocketCanReceiverNode[m[K’ has not been declared
  106 | void [01;31m[KSocketCanReceiverNode[m[K::receive()
      |      [01;31m[K^~~~~~~~~~~~~~~~~~~~~[m[K
[01m[K/home/kimm/wearable_robot_ws/src/ros2_socketcan/ros2_socketcan/src/socket_can_receiver_node.cpp:[m[K In function ‘[01m[Kvoid drivers::socketcan::receive()[m[K’:
[01m[K/home/kimm/wearable_robot_ws/src/ros2_socketcan/ros2_socketcan/src/socket_can_receiver_node.cpp:110:3:[m[K [01;31m[Kerror: [m[K‘[01m[KCanId[m[K’ was not declared in this scope
  110 |   [01;31m[KCanId[m[K receive_id{};
      |   [01;31m[K^~~~~[m[K
[01m[K/home/kimm/wearable_robot_ws/src/ros2_socketcan/ros2_socketcan/src/socket_can_receiver_node.cpp:113:9:[m[K [01;31m[Kerror: [m[K‘[01m[Kget_current_state[m[K’ was not declared in this scope
  113 |     if ([01;31m[Kget_current_state[m[K().id() != lifecycle_msgs::msg::State::PRIMARY_STATE_ACTIVE) {
      |         [01;31m[K^~~~~~~~~~~~~~~~~[m[K
[01m[K/home/kimm/wearable_robot_ws/src/ros2_socketcan/ros2_socketcan/src/socket_can_receiver_node.cpp:113:58:[m[K [01;31m[Kerror: [m[K‘[01m[Klifecycle_msgs::msg::State[m[K’ has not been declared
  113 |     if (get_current_state().id() != lifecycle_msgs::msg::[01;31m[KState[m[K::PRIMARY_STATE_ACTIVE) {
      |                                                          [01;31m[K^~~~~[m[K
[01m[K/home/kimm/wearable_robot_ws/src/ros2_socketcan/ros2_socketcan/src/socket_can_receiver_node.cpp:119:7:[m[K [01;31m[Kerror: [m[K‘[01m[Kreceive_id[m[K’ was not declared in this scope; did you mean ‘[01m[Kreceive[m[K’?
  119 |       [01;31m[Kreceive_id[m[K = receiver_->receive(frame.data.data(), interval_ns_);
      |       [01;31m[K^~~~~~~~~~[m[K
      |       [32m[Kreceive[m[K
[01m[K/home/kimm/wearable_robot_ws/src/ros2_socketcan/ros2_socketcan/src/socket_can_receiver_node.cpp:119:20:[m[K [01;31m[Kerror: [m[K‘[01m[Kreceiver_[m[K’ was not declared in this scope; did you mean ‘[01m[Kreceive[m[K’?
  119 |       receive_id = [01;31m[Kreceiver_[m[K->receive(frame.data.data(), interval_ns_);
      |                    [01;31m[K^~~~~~~~~[m[K
      |                    [32m[Kreceive[m[K
[01m[K/home/kimm/wearable_robot_ws/src/ros2_socketcan/ros2_socketcan/src/socket_can_receiver_node.cpp:119:58:[m[K [01;31m[Kerror: [m[K‘[01m[Kinterval_ns_[m[K’ was not declared in this scope
  119 |       receive_id = receiver_->receive(frame.data.data(), [01;31m[Kinterval_ns_[m[K);
      |                                                          [01;31m[K^~~~~~~~~~~~[m[K
[01m[K/home/kimm/wearable_robot_ws/src/ros2_socketcan/ros2_socketcan/src/socket_can_receiver_node.cpp:124:52:[m[K [01;31m[Kerror: [m[K‘[01m[KFrameType[m[K’ has not been declared
  124 |       frame.is_error = (receive_id.frame_type() == [01;31m[KFrameType[m[K::ERROR);
      |                                                    [01;31m[K^~~~~~~~~[m[K
[01m[K/home/kimm/wearable_robot_ws/src/ros2_socketcan/ros2_socketcan/src/socket_can_receiver_node.cpp:125:50:[m[K [01;31m[Kerror: [m[K‘[01m[KFrameType[m[K’ has not been declared
  125 |       frame.is_rtr = (receive_id.frame_type() == [01;31m[KFrameType[m[K::REMOTE);
      |                                                  [01;31m[K^~~~~~~~~[m[K
[01m[K/home/kimm/wearable_robot_ws/src/ros2_socketcan/ros2_socketcan/src/socket_can_receiver_node.cpp:127:11:[m[K [01;31m[Kerror: [m[K‘[01m[Kuse_bus_time_[m[K’ was not declared in this scope
  127 |       if ([01;31m[Kuse_bus_time_[m[K) {
      |           [01;31m[K^~~~~~~~~~~~~[m[K
[01m[K/home/kimm/wearable_robot_ws/src/ros2_socketcan/ros2_socketcan/src/socket_can_receiver_node.cpp:130:30:[m[K [01;31m[Kerror: [m[K‘[01m[Know[m[K’ was not declared in this scope; did you mean ‘[01m[Kpow[m[K’?
  130 |         frame.header.stamp = [01;31m[Know[m[K();
      |                              [01;31m[K^~~[m[K
      |                              [32m[Kpow[m[K
[01m[K/home/kimm/wearable_robot_ws/src/ros2_socketcan/ros2_socketcan/src/socket_can_receiver_node.cpp:136:33:[m[K [01;31m[Kerror: [m[K‘[01m[Know[m[K’ was not declared in this scope; did you mean ‘[01m[Kpow[m[K’?
  136 |             auto current_time = [01;31m[Know[m[K();
      |                                 [01;31m[K^~~[m[K
      |                                 [32m[Kpow[m[K
[01m[K/home/kimm/wearable_robot_ws/src/ros2_socketcan/ros2_socketcan/src/socket_can_receiver_node.cpp:137:33:[m[K [01;31m[Kerror: [m[K‘[01m[Klast_pub_100_[m[K’ was not declared in this scope
  137 |             if ((current_time - [01;31m[Klast_pub_100_[m[K).nanoseconds() >= interval_100_.count()) {
      |                                 [01;31m[K^~~~~~~~~~~~~[m[K
[01m[K/home/kimm/wearable_robot_ws/src/ros2_socketcan/ros2_socketcan/src/socket_can_receiver_node.cpp:137:65:[m[K [01;31m[Kerror: [m[K‘[01m[Kinterval_100_[m[K’ was not declared in this scope
  137 |             if ((current_time - last_pub_100_).nanoseconds() >= [01;31m[Kinterval_100_[m[K.count()) {
      |                                                                 [01;31m[K^~~~~~~~~~~~~[m[K
[01m[K/home/kimm/wearable_robot_ws/src/ros2_socketcan/ros2_socketcan/src/socket_can_receiver_node.cpp:138:15:[m[K [01;31m[Kerror: [m[K‘[01m[Kframes_pub_100_[m[K’ was not declared in this scope
  138 |               [01;31m[Kframes_pub_100_[m[K->publish(frame);
      |               [01;31m[K^~~~~~~~~~~~~~~[m[K
In file included from [01m[K/opt/ros/foxy/include/rclcpp/service.hpp:34[m[K,
                 from [01m[K/opt/ros/foxy/include/rclcpp/callback_group.hpp:25[m[K,
                 from [01m[K/opt/ros/foxy/include/rclcpp/any_executable.hpp:20[m[K,
                 from [01m[K/opt/ros/foxy/include/rclcpp/memory_strategy.hpp:24[m[K,
                 from [01m[K/opt/ros/foxy/include/rclcpp/memory_strategies.hpp:18[m[K,
                 from [01m[K/opt/ros/foxy/include/rclcpp/executor_options.hpp:20[m[K,
                 from [01m[K/opt/ros/foxy/include/rclcpp/executor.hpp:33[m[K,
                 from [01m[K/opt/ros/foxy/include/rclcpp/executors/multi_threaded_executor.hpp:26[m[K,
                 from [01m[K/opt/ros/foxy/include/rclcpp/executors.hpp:21[m[K,
                 from [01m[K/opt/ros/foxy/include/rclcpp/rclcpp.hpp:146[m[K,
                 from [01m[K/home/kimm/wearable_robot_ws/src/ros2_socketcan/ros2_socketcan/include/ros2_socketcan/socket_can_receiver_node.hpp:5[m[K,
                 from [01m[K/home/kimm/wearable_robot_ws/src/ros2_socketcan/ros2_socketcan/src/socket_can_receiver_node.cpp:2[m[K:
[01m[K/home/kimm/wearable_robot_ws/src/ros2_socketcan/ros2_socketcan/src/socket_can_receiver_node.cpp:143:15:[m[K [01;31m[Kerror: [m[K‘[01m[Kget_logger[m[K’ was not declared in this scope; did you mean ‘[01m[Krclcpp::get_logger[m[K’?
  143 |               [01;31m[Kget_logger[m[K(),
      |               [01;31m[K^~~~~~~~~~[m[K
In file included from [01m[K/opt/ros/foxy/include/rclcpp/logging.hpp:23[m[K,
                 from [01m[K/opt/ros/foxy/include/rclcpp/service.hpp:34[m[K,
                 from [01m[K/opt/ros/foxy/include/rclcpp/callback_group.hpp:25[m[K,
                 from [01m[K/opt/ros/foxy/include/rclcpp/any_executable.hpp:20[m[K,
                 from [01m[K/opt/ros/foxy/include/rclcpp/memory_strategy.hpp:24[m[K,
                 from [01m[K/opt/ros/foxy/include/rclcpp/memory_strategies.hpp:18[m[K,
                 from [01m[K/opt/ros/foxy/include/rclcpp/executor_options.hpp:20[m[K,
                 from [01m[K/opt/ros/foxy/include/rclcpp/executor.hpp:33[m[K,
                 from [01m[K/opt/ros/foxy/include/rclcpp/executors/multi_threaded_executor.hpp:26[m[K,
                 from [01m[K/opt/ros/foxy/include/rclcpp/executors.hpp:21[m[K,
                 from [01m[K/opt/ros/foxy/include/rclcpp/rclcpp.hpp:146[m[K,
                 from [01m[K/home/kimm/wearable_robot_ws/src/ros2_socketcan/ros2_socketcan/include/ros2_socketcan/socket_can_receiver_node.hpp:5[m[K,
                 from [01m[K/home/kimm/wearable_robot_ws/src/ros2_socketcan/ros2_socketcan/src/socket_can_receiver_node.cpp:2[m[K:
[01m[K/opt/ros/foxy/include/rclcpp/logger.hpp:80:17:[m[K [01;36m[Knote: [m[K‘[01m[Krclcpp::get_logger[m[K’ declared here
   80 |   friend Logger [01;36m[Krclcpp[m[K::get_logger(const std::string & name);
      |                 [01;36m[K^~~~~~[m[K
In file included from [01m[K/opt/ros/foxy/include/rclcpp/service.hpp:34[m[K,
                 from [01m[K/opt/ros/foxy/include/rclcpp/callback_group.hpp:25[m[K,
                 from [01m[K/opt/ros/foxy/include/rclcpp/any_executable.hpp:20[m[K,
                 from [01m[K/opt/ros/foxy/include/rclcpp/memory_strategy.hpp:24[m[K,
                 from [01m[K/opt/ros/foxy/include/rclcpp/memory_strategies.hpp:18[m[K,
                 from [01m[K/opt/ros/foxy/include/rclcpp/executor_options.hpp:20[m[K,
                 from [01m[K/opt/ros/foxy/include/rclcpp/executor.hpp:33[m[K,
                 from [01m[K/opt/ros/foxy/include/rclcpp/executors/multi_threaded_executor.hpp:26[m[K,
                 from [01m[K/opt/ros/foxy/include/rclcpp/executors.hpp:21[m[K,
                 from [01m[K/opt/ros/foxy/include/rclcpp/rclcpp.hpp:146[m[K,
                 from [01m[K/home/kimm/wearable_robot_ws/src/ros2_socketcan/ros2_socketcan/include/ros2_socketcan/socket_can_receiver_node.hpp:5[m[K,
                 from [01m[K/home/kimm/wearable_robot_ws/src/ros2_socketcan/ros2_socketcan/src/socket_can_receiver_node.cpp:2[m[K:
[01m[K/home/kimm/wearable_robot_ws/src/ros2_socketcan/ros2_socketcan/src/socket_can_receiver_node.cpp:142:13:[m[K [01;31m[Kerror: [m[Ktemplate argument 1 is invalid
  142 |             [01;31m[KRCLCPP_WARN_THROTTLE[m[K(
      |             [01;31m[K^~~~~~~~~~~~~~~~~~~~[m[K
[01m[K/home/kimm/wearable_robot_ws/src/ros2_socketcan/ros2_socketcan/src/socket_can_receiver_node.cpp:142:13:[m[K [01;31m[Kerror: [m[Ktemplate argument 1 is invalid
  142 |             [01;31m[KRCLCPP_WARN_THROTTLE[m[K(
      |             [01;31m[K^~~~~~~~~~~~~~~~~~~~[m[K
[01m[K/home/kimm/wearable_robot_ws/src/ros2_socketcan/ros2_socketcan/src/socket_can_receiver_node.cpp:142:13:[m[K [01;31m[Kerror: [m[Ktemplate argument 1 is invalid
  142 |             [01;31m[KRCLCPP_WARN_THROTTLE[m[K(
      |             [01;31m[K^~~~~~~~~~~~~~~~~~~~[m[K
[01m[K/home/kimm/wearable_robot_ws/src/ros2_socketcan/ros2_socketcan/src/socket_can_receiver_node.cpp:144:16:[m[K [01;31m[Kerror: [m[K‘[01m[Kget_clock[m[K’ was not declared in this scope
  144 |               *[01;31m[Kget_clock[m[K(),
      |                [01;31m[K^~~~~~~~~[m[K
[01m[K/home/kimm/wearable_robot_ws/src/ros2_socketcan/ros2_socketcan/src/socket_can_receiver_node.cpp:[m[K In lambda function:
[01m[K/home/kimm/wearable_robot_ws/src/ros2_socketcan/ros2_socketcan/src/socket_can_receiver_node.cpp:142:13:[m[K [01;31m[Kerror: [m[K‘[01m[Kc[m[K’ was not declared in this scope; did you mean ‘[01m[Klc[m[K’?
  142 |             [01;31m[KRCLCPP_WARN_THROTTLE[m[K(
      |             [01;31m[K^~~~~~~~~~~~~~~~~~~~[m[K
[01m[K/home/kimm/wearable_robot_ws/src/ros2_socketcan/ros2_socketcan/src/socket_can_receiver_node.cpp:[m[K In function ‘[01m[Kvoid drivers::socketcan::receive()[m[K’:
[01m[K/home/kimm/wearable_robot_ws/src/ros2_socketcan/ros2_socketcan/src/socket_can_receiver_node.cpp:154:33:[m[K [01;31m[Kerror: [m[K‘[01m[Know[m[K’ was not declared in this scope; did you mean ‘[01m[Kpow[m[K’?
  154 |             auto current_time = [01;31m[Know[m[K();
      |                                 [01;31m[K^~~[m[K
      |                                 [32m[Kpow[m[K
[01m[K/home/kimm/wearable_robot_ws/src/ros2_socketcan/ros2_socketcan/src/socket_can_receiver_node.cpp:155:33:[m[K [01;31m[Kerror: [m[K‘[01m[Klast_pub_401_[m[K’ was not declared in this scope
  155 |             if ((current_time - [01;31m[Klast_pub_401_[m[K).nanoseconds() >= interval_401_.count()) {
      |                                 [01;31m[K^~~~~~~~~~~~~[m[K
[01m[K/home/kimm/wearable_robot_ws/src/ros2_socketcan/ros2_socketcan/src/socket_can_receiver_node.cpp:155:65:[m[K [01;31m[Kerror: [m[K‘[01m[Kinterval_401_[m[K’ was not declared in this scope
  155 |             if ((current_time - last_pub_401_).nanoseconds() >= [01;31m[Kinterval_401_[m[K.count()) {
      |                                                                 [01;31m[K^~~~~~~~~~~~~[m[K
[01m[K/home/kimm/wearable_robot_ws/src/ros2_socketcan/ros2_socketcan/src/socket_can_receiver_node.cpp:156:15:[m[K [01;31m[Kerror: [m[K‘[01m[Kframes_pub_401_[m[K’ was not declared in this scope
  156 |               [01;31m[Kframes_pub_401_[m[K->publish(frame);
      |               [01;31m[K^~~~~~~~~~~~~~~[m[K
In file included from [01m[K/opt/ros/foxy/include/rclcpp/service.hpp:34[m[K,
                 from [01m[K/opt/ros/foxy/include/rclcpp/callback_group.hpp:25[m[K,
                 from [01m[K/opt/ros/foxy/include/rclcpp/any_executable.hpp:20[m[K,
                 from [01m[K/opt/ros/foxy/include/rclcpp/memory_strategy.hpp:24[m[K,
                 from [01m[K/opt/ros/foxy/include/rclcpp/memory_strategies.hpp:18[m[K,
                 from [01m[K/opt/ros/foxy/include/rclcpp/executor_options.hpp:20[m[K,
                 from [01m[K/opt/ros/foxy/include/rclcpp/executor.hpp:33[m[K,
                 from [01m[K/opt/ros/foxy/include/rclcpp/executors/multi_threaded_executor.hpp:26[m[K,
                 from [01m[K/opt/ros/foxy/include/rclcpp/executors.hpp:21[m[K,
                 from [01m[K/opt/ros/foxy/include/rclcpp/rclcpp.hpp:146[m[K,
                 from [01m[K/home/kimm/wearable_robot_ws/src/ros2_socketcan/ros2_socketcan/include/ros2_socketcan/socket_can_receiver_node.hpp:5[m[K,
                 from [01m[K/home/kimm/wearable_robot_ws/src/ros2_socketcan/ros2_socketcan/src/socket_can_receiver_node.cpp:2[m[K:
[01m[K/home/kimm/wearable_robot_ws/src/ros2_socketcan/ros2_socketcan/src/socket_can_receiver_node.cpp:161:15:[m[K [01;31m[Kerror: [m[K‘[01m[Kget_logger[m[K’ was not declared in this scope; did you mean ‘[01m[Krclcpp::get_logger[m[K’?
  161 |               [01;31m[Kget_logger[m[K(),
      |               [01;31m[K^~~~~~~~~~[m[K
In file included from [01m[K/opt/ros/foxy/include/rclcpp/logging.hpp:23[m[K,
                 from [01m[K/opt/ros/foxy/include/rclcpp/service.hpp:34[m[K,
                 from [01m[K/opt/ros/foxy/include/rclcpp/callback_group.hpp:25[m[K,
                 from [01m[K/opt/ros/foxy/include/rclcpp/any_executable.hpp:20[m[K,
                 from [01m[K/opt/ros/foxy/include/rclcpp/memory_strategy.hpp:24[m[K,
                 from [01m[K/opt/ros/foxy/include/rclcpp/memory_strategies.hpp:18[m[K,
                 from [01m[K/opt/ros/foxy/include/rclcpp/executor_options.hpp:20[m[K,
                 from [01m[K/opt/ros/foxy/include/rclcpp/executor.hpp:33[m[K,
                 from [01m[K/opt/ros/foxy/include/rclcpp/executors/multi_threaded_executor.hpp:26[m[K,
                 from [01m[K/opt/ros/foxy/include/rclcpp/executors.hpp:21[m[K,
                 from [01m[K/opt/ros/foxy/include/rclcpp/rclcpp.hpp:146[m[K,
                 from [01m[K/home/kimm/wearable_robot_ws/src/ros2_socketcan/ros2_socketcan/include/ros2_socketcan/socket_can_receiver_node.hpp:5[m[K,
                 from [01m[K/home/kimm/wearable_robot_ws/src/ros2_socketcan/ros2_socketcan/src/socket_can_receiver_node.cpp:2[m[K:
[01m[K/opt/ros/foxy/include/rclcpp/logger.hpp:80:17:[m[K [01;36m[Knote: [m[K‘[01m[Krclcpp::get_logger[m[K’ declared here
   80 |   friend Logger [01;36m[Krclcpp[m[K::get_logger(const std::string & name);
      |                 [01;36m[K^~~~~~[m[K
In file included from [01m[K/opt/ros/foxy/include/rclcpp/service.hpp:34[m[K,
                 from [01m[K/opt/ros/foxy/include/rclcpp/callback_group.hpp:25[m[K,
                 from [01m[K/opt/ros/foxy/include/rclcpp/any_executable.hpp:20[m[K,
                 from [01m[K/opt/ros/foxy/include/rclcpp/memory_strategy.hpp:24[m[K,
                 from [01m[K/opt/ros/foxy/include/rclcpp/memory_strategies.hpp:18[m[K,
                 from [01m[K/opt/ros/foxy/include/rclcpp/executor_options.hpp:20[m[K,
                 from [01m[K/opt/ros/foxy/include/rclcpp/executor.hpp:33[m[K,
                 from [01m[K/opt/ros/foxy/include/rclcpp/executors/multi_threaded_executor.hpp:26[m[K,
                 from [01m[K/opt/ros/foxy/include/rclcpp/executors.hpp:21[m[K,
                 from [01m[K/opt/ros/foxy/include/rclcpp/rclcpp.hpp:146[m[K,
                 from [01m[K/home/kimm/wearable_robot_ws/src/ros2_socketcan/ros2_socketcan/include/ros2_socketcan/socket_can_receiver_node.hpp:5[m[K,
                 from [01m[K/home/kimm/wearable_robot_ws/src/ros2_socketcan/ros2_socketcan/src/socket_can_receiver_node.cpp:2[m[K:
[01m[K/home/kimm/wearable_robot_ws/src/ros2_socketcan/ros2_socketcan/src/socket_can_receiver_node.cpp:160:13:[m[K [01;31m[Kerror: [m[Ktemplate argument 1 is invalid
  160 |             [01;31m[KRCLCPP_WARN_THROTTLE[m[K(
      |             [01;31m[K^~~~~~~~~~~~~~~~~~~~[m[K
[01m[K/home/kimm/wearable_robot_ws/src/ros2_socketcan/ros2_socketcan/src/socket_can_receiver_node.cpp:160:13:[m[K [01;31m[Kerror: [m[Ktemplate argument 1 is invalid
  160 |             [01;31m[KRCLCPP_WARN_THROTTLE[m[K(
      |             [01;31m[K^~~~~~~~~~~~~~~~~~~~[m[K
[01m[K/home/kimm/wearable_robot_ws/src/ros2_socketcan/ros2_socketcan/src/socket_can_receiver_node.cpp:160:13:[m[K [01;31m[Kerror: [m[Ktemplate argument 1 is invalid
  160 |             [01;31m[KRCLCPP_WARN_THROTTLE[m[K(
      |             [01;31m[K^~~~~~~~~~~~~~~~~~~~[m[K
[01m[K/home/kimm/wearable_robot_ws/src/ros2_socketcan/ros2_socketcan/src/socket_can_receiver_node.cpp:162:16:[m[K [01;31m[Kerror: [m[K‘[01m[Kget_clock[m[K’ was not declared in this scope
  162 |               *[01;31m[Kget_clock[m[K(),
      |                [01;31m[K^~~~~~~~~[m[K
[01m[K/home/kimm/wearable_robot_ws/src/ros2_socketcan/ros2_socketcan/src/socket_can_receiver_node.cpp:[m[K In lambda function:
[01m[K/home/kimm/wearable_robot_ws/src/ros2_socketcan/ros2_socketcan/src/socket_can_receiver_node.cpp:160:13:[m[K [01;31m[Kerror: [m[K‘[01m[Kc[m[K’ was not declared in this scope; did you mean ‘[01m[Klc[m[K’?
  160 |             [01;31m[KRCLCPP_WARN_THROTTLE[m[K(
      |             [01;31m[K^~~~~~~~~~~~~~~~~~~~[m[K
[01m[K/home/kimm/wearable_robot_ws/src/ros2_socketcan/ros2_socketcan/src/socket_can_receiver_node.cpp:[m[K In function ‘[01m[Kvoid drivers::socketcan::receive()[m[K’:
[01m[K/home/kimm/wearable_robot_ws/src/ros2_socketcan/ros2_socketcan/src/socket_can_receiver_node.cpp:173:9:[m[K [01;31m[Kerror: [m[K‘[01m[Kget_logger[m[K’ was not declared in this scope; did you mean ‘[01m[Krclcpp::get_logger[m[K’?
  173 |         [01;31m[Kget_logger[m[K(),
      |         [01;31m[K^~~~~~~~~~[m[K
In file included from [01m[K/opt/ros/foxy/include/rclcpp/logging.hpp:23[m[K,
                 from [01m[K/opt/ros/foxy/include/rclcpp/service.hpp:34[m[K,
                 from [01m[K/opt/ros/foxy/include/rclcpp/callback_group.hpp:25[m[K,
                 from [01m[K/opt/ros/foxy/include/rclcpp/any_executable.hpp:20[m[K,
                 from [01m[K/opt/ros/foxy/include/rclcpp/memory_strategy.hpp:24[m[K,
                 from [01m[K/opt/ros/foxy/include/rclcpp/memory_strategies.hpp:18[m[K,
                 from [01m[K/opt/ros/foxy/include/rclcpp/executor_options.hpp:20[m[K,
                 from [01m[K/opt/ros/foxy/include/rclcpp/executor.hpp:33[m[K,
                 from [01m[K/opt/ros/foxy/include/rclcpp/executors/multi_threaded_executor.hpp:26[m[K,
                 from [01m[K/opt/ros/foxy/include/rclcpp/executors.hpp:21[m[K,
                 from [01m[K/opt/ros/foxy/include/rclcpp/rclcpp.hpp:146[m[K,
                 from [01m[K/home/kimm/wearable_robot_ws/src/ros2_socketcan/ros2_socketcan/include/ros2_socketcan/socket_can_receiver_node.hpp:5[m[K,
                 from [01m[K/home/kimm/wearable_robot_ws/src/ros2_socketcan/ros2_socketcan/src/socket_can_receiver_node.cpp:2[m[K:
[01m[K/opt/ros/foxy/include/rclcpp/logger.hpp:80:17:[m[K [01;36m[Knote: [m[K‘[01m[Krclcpp::get_logger[m[K’ declared here
   80 |   friend Logger [01;36m[Krclcpp[m[K::get_logger(const std::string & name);
      |                 [01;36m[K^~~~~~[m[K
In file included from [01m[K/opt/ros/foxy/include/rclcpp/service.hpp:34[m[K,
                 from [01m[K/opt/ros/foxy/include/rclcpp/callback_group.hpp:25[m[K,
                 from [01m[K/opt/ros/foxy/include/rclcpp/any_executable.hpp:20[m[K,
                 from [01m[K/opt/ros/foxy/include/rclcpp/memory_strategy.hpp:24[m[K,
                 from [01m[K/opt/ros/foxy/include/rclcpp/memory_strategies.hpp:18[m[K,
                 from [01m[K/opt/ros/foxy/include/rclcpp/executor_options.hpp:20[m[K,
                 from [01m[K/opt/ros/foxy/include/rclcpp/executor.hpp:33[m[K,
                 from [01m[K/opt/ros/foxy/include/rclcpp/executors/multi_threaded_executor.hpp:26[m[K,
                 from [01m[K/opt/ros/foxy/include/rclcpp/executors.hpp:21[m[K,
                 from [01m[K/opt/ros/foxy/include/rclcpp/rclcpp.hpp:146[m[K,
                 from [01m[K/home/kimm/wearable_robot_ws/src/ros2_socketcan/ros2_socketcan/include/ros2_socketcan/socket_can_receiver_node.hpp:5[m[K,
                 from [01m[K/home/kimm/wearable_robot_ws/src/ros2_socketcan/ros2_socketcan/src/socket_can_receiver_node.cpp:2[m[K:
[01m[K/home/kimm/wearable_robot_ws/src/ros2_socketcan/ros2_socketcan/src/socket_can_receiver_node.cpp:172:7:[m[K [01;31m[Kerror: [m[Ktemplate argument 1 is invalid
  172 |       [01;31m[KRCLCPP_WARN_THROTTLE[m[K(
      |       [01;31m[K^~~~~~~~~~~~~~~~~~~~[m[K
[01m[K/home/kimm/wearable_robot_ws/src/ros2_socketcan/ros2_socketcan/src/socket_can_receiver_node.cpp:172:7:[m[K [01;31m[Kerror: [m[Ktemplate argument 1 is invalid
  172 |       [01;31m[KRCLCPP_WARN_THROTTLE[m[K(
      |       [01;31m[K^~~~~~~~~~~~~~~~~~~~[m[K
[01m[K/home/kimm/wearable_robot_ws/src/ros2_socketcan/ros2_socketcan/src/socket_can_receiver_node.cpp:172:7:[m[K [01;31m[Kerror: [m[Ktemplate argument 1 is invalid
  172 |       [01;31m[KRCLCPP_WARN_THROTTLE[m[K(
      |       [01;31m[K^~~~~~~~~~~~~~~~~~~~[m[K
[01m[K/home/kimm/wearable_robot_ws/src/ros2_socketcan/ros2_socketcan/src/socket_can_receiver_node.cpp:174:10:[m[K [01;31m[Kerror: [m[K‘[01m[Kget_clock[m[K’ was not declared in this scope
  174 |         *[01;31m[Kget_clock[m[K(),
      |          [01;31m[K^~~~~~~~~[m[K
[01m[K/home/kimm/wearable_robot_ws/src/ros2_socketcan/ros2_socketcan/src/socket_can_receiver_node.cpp:[m[K In lambda function:
[01m[K/home/kimm/wearable_robot_ws/src/ros2_socketcan/ros2_socketcan/src/socket_can_receiver_node.cpp:172:7:[m[K [01;31m[Kerror: [m[K‘[01m[Kc[m[K’ was not declared in this scope; did you mean ‘[01m[Klc[m[K’?
  172 |       [01;31m[KRCLCPP_WARN_THROTTLE[m[K(
      |       [01;31m[K^~~~~~~~~~~~~~~~~~~~[m[K
In file included from [01m[K/opt/ros/foxy/include/class_loader/class_loader.hpp:56[m[K,
                 from [01m[K/opt/ros/foxy/include/rclcpp_components/register_node_macro.hpp:18[m[K,
                 from [01m[K/home/kimm/wearable_robot_ws/src/ros2_socketcan/ros2_socketcan/src/socket_can_receiver_node.cpp:186[m[K:
[01m[K/home/kimm/wearable_robot_ws/src/ros2_socketcan/ros2_socketcan/src/socket_can_receiver_node.cpp:[m[K At global scope:
[01m[K/home/kimm/wearable_robot_ws/src/ros2_socketcan/ros2_socketcan/src/socket_can_receiver_node.cpp:187:53:[m[K [01;31m[Kerror: [m[K‘[01m[KSocketCanReceiverNode[m[K’ is not a member of ‘[01m[Kdrivers::socketcan[m[K’; did you mean ‘[01m[KSocketCanReceiver[m[K’?
  187 | RCLCPP_COMPONENTS_REGISTER_NODE(drivers::socketcan::[01;31m[KSocketCanReceiverNode[m[K)
      |                                                     [01;31m[K^~~~~~~~~~~~~~~~~~~~~[m[K
[01m[K/home/kimm/wearable_robot_ws/src/ros2_socketcan/ros2_socketcan/src/socket_can_receiver_node.cpp:187:53:[m[K [01;31m[Kerror: [m[K‘[01m[KSocketCanReceiverNode[m[K’ is not a member of ‘[01m[Kdrivers::socketcan[m[K’; did you mean ‘[01m[KSocketCanReceiver[m[K’?
[01m[K/home/kimm/wearable_robot_ws/src/ros2_socketcan/ros2_socketcan/src/socket_can_receiver_node.cpp:187:1:[m[K [01;31m[Kerror: [m[Ktemplate argument 1 is invalid
  187 | [01;31m[KRCLCPP_COMPONENTS_REGISTER_NODE[m[K(drivers::socketcan::SocketCanReceiverNode)
      | [01;31m[K^~~~~~~~~~~~~~~~~~~~~~~~~~~~~~~[m[K
In file included from [01m[K/opt/ros/foxy/include/class_loader/class_loader_core.hpp:57[m[K,
                 from [01m[K/opt/ros/foxy/include/class_loader/class_loader.hpp:55[m[K,
                 from [01m[K/opt/ros/foxy/include/rclcpp_components/register_node_macro.hpp:18[m[K,
                 from [01m[K/home/kimm/wearable_robot_ws/src/ros2_socketcan/ros2_socketcan/src/socket_can_receiver_node.cpp:186[m[K:
/opt/ros/foxy/include/class_loader/meta_object.hpp: In instantiation of ‘[01m[KB* class_loader::impl::MetaObject<C, B>::create() const [with C = int; B = rclcpp_components::NodeFactory][m[K’:
[01m[K/opt/ros/foxy/include/class_loader/meta_object.hpp:216:7:[m[K   required from here
[01m[K/opt/ros/foxy/include/class_loader/meta_object.hpp:218:12:[m[K [01;31m[Kerror: [m[Kcannot convert ‘[01m[Kint*[m[K’ to ‘[01m[Krclcpp_components::NodeFactory*[m[K’ in return
  218 |     return [01;31m[Knew C[m[K;
      |            [01;31m[K^~~~~[m[K
      |            [01;31m[K|[m[K
      |            [01;31m[Kint*[m[K
make[2]: *** [CMakeFiles/socket_can_receiver_node.dir/build.make:63: CMakeFiles/socket_can_receiver_node.dir/src/socket_can_receiver_node.cpp.o] Error 1
make[1]: *** [CMakeFiles/Makefile2:301: CMakeFiles/socket_can_receiver_node.dir/all] Error 2
make: *** [Makefile:141: all] Error 2
