-- Found ament_cmake: 0.9.12 (/opt/ros/foxy/share/ament_cmake/cmake)
-- Using PYTHON_EXECUTABLE: /usr/bin/python3
-- Override CMake install command with custom implementation using symlinks instead of copying resources
-- Found rclcpp: 2.4.3 (/opt/ros/foxy/share/rclcpp/cmake)
-- Using all available rosidl_typesupport_c: rosidl_typesupport_fastrtps_c;rosidl_typesupport_introspection_c
-- Found rosidl_adapter: 1.3.1 (/opt/ros/foxy/share/rosidl_adapter/cmake)
-- Using all available rosidl_typesupport_cpp: rosidl_typesupport_fastrtps_cpp;rosidl_typesupport_introspection_cpp
-- Found rmw_implementation_cmake: 1.0.4 (/opt/ros/foxy/share/rmw_implementation_cmake/cmake)
-- Using RMW implementation 'rmw_fastrtps_cpp' as default
-- Found wearable_robot_interfaces: 0.0.0 (/home/kimm/wearable_robot_ws/install/wearable_robot_interfaces/share/wearable_robot_interfaces/cmake)
-- Configuring done
-- Generating done
-- Build files have been written to: /home/kimm/wearable_robot_ws/build/wearable_robot_hw
[35m[1mScanning dependencies of target CAN_setting_node[0m
[ 16%] [32mBuilding CXX object CMakeFiles/CAN_command_transmit_node.dir/src/CAN_command_transmit_node.cpp.o[0m
[ 33%] [32mBuilding CXX object CMakeFiles/CAN_data_extractor_node.dir/src/CAN_data_extractor_node.cpp.o[0m
[ 50%] [32mBuilding CXX object CMakeFiles/CAN_setting_node.dir/src/CAN_setting_node.cpp.o[0m
[ 66%] [32m[1mLinking CXX executable CAN_setting_node[0m
[ 66%] Built target CAN_setting_node
[ 83%] [32m[1mLinking CXX executable CAN_data_extractor_node[0m
[ 83%] Built target CAN_data_extractor_node
[100%] [32m[1mLinking CXX executable CAN_command_transmit_node[0m
[100%] Built target CAN_command_transmit_node
-- Install configuration: ""
-- Execute custom install script
-- Up-to-date symlink: /home/kimm/wearable_robot_ws/install/wearable_robot_hw/lib/wearable_robot_hw/CAN_data_extractor_node
-- Up-to-date symlink: /home/kimm/wearable_robot_ws/install/wearable_robot_hw/lib/wearable_robot_hw/CAN_command_transmit_node
-- Symlinking: /home/kimm/wearable_robot_ws/install/wearable_robot_hw/lib/wearable_robot_hw/CAN_setting_node
-- Up-to-date symlink: /home/kimm/wearable_robot_ws/install/wearable_robot_hw/share/ament_index/resource_index/package_run_dependencies/wearable_robot_hw
-- Up-to-date symlink: /home/kimm/wearable_robot_ws/install/wearable_robot_hw/share/ament_index/resource_index/parent_prefix_path/wearable_robot_hw
-- Up-to-date symlink: /home/kimm/wearable_robot_ws/install/wearable_robot_hw/share/wearable_robot_hw/environment/ament_prefix_path.sh
-- Up-to-date symlink: /home/kimm/wearable_robot_ws/install/wearable_robot_hw/share/wearable_robot_hw/environment/ament_prefix_path.dsv
-- Up-to-date symlink: /home/kimm/wearable_robot_ws/install/wearable_robot_hw/share/wearable_robot_hw/environment/path.sh
-- Up-to-date symlink: /home/kimm/wearable_robot_ws/install/wearable_robot_hw/share/wearable_robot_hw/environment/path.dsv
-- Up-to-date symlink: /home/kimm/wearable_robot_ws/install/wearable_robot_hw/share/wearable_robot_hw/local_setup.bash
-- Up-to-date symlink: /home/kimm/wearable_robot_ws/install/wearable_robot_hw/share/wearable_robot_hw/local_setup.sh
-- Up-to-date symlink: /home/kimm/wearable_robot_ws/install/wearable_robot_hw/share/wearable_robot_hw/local_setup.zsh
-- Up-to-date symlink: /home/kimm/wearable_robot_ws/install/wearable_robot_hw/share/wearable_robot_hw/local_setup.dsv
-- Symlinking: /home/kimm/wearable_robot_ws/install/wearable_robot_hw/share/wearable_robot_hw/package.dsv
-- Up-to-date symlink: /home/kimm/wearable_robot_ws/install/wearable_robot_hw/share/ament_index/resource_index/packages/wearable_robot_hw
-- Up-to-date symlink: /home/kimm/wearable_robot_ws/install/wearable_robot_hw/share/wearable_robot_hw/cmake/wearable_robot_hwConfig.cmake
-- Up-to-date symlink: /home/kimm/wearable_robot_ws/install/wearable_robot_hw/share/wearable_robot_hw/cmake/wearable_robot_hwConfig-version.cmake
-- Up-to-date symlink: /home/kimm/wearable_robot_ws/install/wearable_robot_hw/share/wearable_robot_hw/package.xml
