[0.050s] Invoking command in '/home/kimm/wearable_robot_ws/build/wearable_robot_hw': CMAKE_PREFIX_PATH=/home/kimm/wearable_robot_ws/install/wearable_robot_interfaces:/home/kimm/wearable_robot_ws/install/wearable_robot_hw:/home/kimm/wearable_robot_ws/install/wearable_robot_data_processing:/home/kimm/wearable_robot_ws/install/wearable_robot_control:/home/kimm/wearable_robot_ws/install/wearable_robot_bringup:/home/kimm/install/can_data_extractor:/opt/ros/foxy /usr/bin/cmake --build /home/kimm/wearable_robot_ws/build/wearable_robot_hw -- -j8 -l8
[0.108s] -- Found ament_cmake: 0.9.12 (/opt/ros/foxy/share/ament_cmake/cmake)
[0.154s] -- Using PYTHON_EXECUTABLE: /usr/bin/python3
[0.547s] -- Override CMake install command with custom implementation using symlinks instead of copying resources
[0.561s] -- Found rclcpp: 2.4.3 (/opt/ros/foxy/share/rclcpp/cmake)
[0.628s] -- Using all available rosidl_typesupport_c: rosidl_typesupport_fastrtps_c;rosidl_typesupport_introspection_c
[0.634s] -- Found rosidl_adapter: 1.3.1 (/opt/ros/foxy/share/rosidl_adapter/cmake)
[0.892s] -- Using all available rosidl_typesupport_cpp: rosidl_typesupport_fastrtps_cpp;rosidl_typesupport_introspection_cpp
[0.997s] -- Found rmw_implementation_cmake: 1.0.4 (/opt/ros/foxy/share/rmw_implementation_cmake/cmake)
[1.000s] -- Using RMW implementation 'rmw_fastrtps_cpp' as default
[1.297s] -- Found wearable_robot_interfaces: 0.0.0 (/home/kimm/wearable_robot_ws/install/wearable_robot_interfaces/share/wearable_robot_interfaces/cmake)
[1.517s] -- Configuring done
[1.544s] -- Generating done
[1.564s] -- Build files have been written to: /home/kimm/wearable_robot_ws/build/wearable_robot_hw
[1.621s] [35m[1mScanning dependencies of target CAN_setting_node[0m
[1.654s] [ 16%] [32mBuilding CXX object CMakeFiles/CAN_command_transmit_node.dir/src/CAN_command_transmit_node.cpp.o[0m
[1.658s] [ 33%] [32mBuilding CXX object CMakeFiles/CAN_data_extractor_node.dir/src/CAN_data_extractor_node.cpp.o[0m
[1.698s] [ 50%] [32mBuilding CXX object CMakeFiles/CAN_setting_node.dir/src/CAN_setting_node.cpp.o[0m
[4.850s] [01m[K/home/kimm/wearable_robot_ws/src/wearable_robot_hw/src/CAN_command_transmit_node.cpp:[m[K In member function ‘[01m[Kvoid CANCommandTransmitNode::actuator_callback(wearable_robot_interfaces::msg::ActuatorCommand_<std::allocator<void> >::SharedPtr)[m[K’:
[4.851s] [01m[K/home/kimm/wearable_robot_ws/src/wearable_robot_hw/src/CAN_command_transmit_node.cpp:108:30:[m[K [01;35m[Kwarning: [m[Knarrowing conversion of ‘[01m[K((((int)((const std::__shared_ptr_access<wearable_robot_interfaces::msg::ActuatorCommand_<std::allocator<void> >, __gnu_cxx::_S_atomic, false, false>*)(& msg))->std::__shared_ptr_access<wearable_robot_interfaces::msg::ActuatorCommand_<std::allocator<void> >, __gnu_cxx::_S_atomic, false, false>::operator->()->wearable_robot_interfaces::msg::ActuatorCommand_<std::allocator<void> >::pwm0) <= 100) ? ((int)((const std::__shared_ptr_access<wearable_robot_interfaces::msg::ActuatorCommand_<std::allocator<void> >, __gnu_cxx::_S_atomic, false, false>*)(& msg))->std::__shared_ptr_access<wearable_robot_interfaces::msg::ActuatorCommand_<std::allocator<void> >, __gnu_cxx::_S_atomic, false, false>::operator->()->wearable_robot_interfaces::msg::ActuatorCommand_<std::allocator<void> >::pwm0) : 0)[m[K’ from ‘[01m[Kint[m[K’ to ‘[01m[Kuint8_t[m[K’ {aka ‘[01m[Kunsigned char[m[K’} [[01;35m[K-Wnarrowing[m[K]
[4.851s]   108 |             [01;35m[Kmsg->pwm0 <= 100 ? static_cast<uint8_t>(msg->pwm0) : 0[m[K,
[4.851s]       |             [01;35m[K~~~~~~~~~~~~~~~~~^~~~~~~~~~~~~~~~~~~~~~~~~~~~~~~~~~~~~[m[K
[4.851s] [01m[K/home/kimm/wearable_robot_ws/src/wearable_robot_hw/src/CAN_command_transmit_node.cpp:109:30:[m[K [01;35m[Kwarning: [m[Knarrowing conversion of ‘[01m[K((((int)((const std::__shared_ptr_access<wearable_robot_interfaces::msg::ActuatorCommand_<std::allocator<void> >, __gnu_cxx::_S_atomic, false, false>*)(& msg))->std::__shared_ptr_access<wearable_robot_interfaces::msg::ActuatorCommand_<std::allocator<void> >, __gnu_cxx::_S_atomic, false, false>::operator->()->wearable_robot_interfaces::msg::ActuatorCommand_<std::allocator<void> >::pwm1) <= 100) ? ((int)((const std::__shared_ptr_access<wearable_robot_interfaces::msg::ActuatorCommand_<std::allocator<void> >, __gnu_cxx::_S_atomic, false, false>*)(& msg))->std::__shared_ptr_access<wearable_robot_interfaces::msg::ActuatorCommand_<std::allocator<void> >, __gnu_cxx::_S_atomic, false, false>::operator->()->wearable_robot_interfaces::msg::ActuatorCommand_<std::allocator<void> >::pwm1) : 0)[m[K’ from ‘[01m[Kint[m[K’ to ‘[01m[Kuint8_t[m[K’ {aka ‘[01m[Kunsigned char[m[K’} [[01;35m[K-Wnarrowing[m[K]
[4.851s]   109 |             [01;35m[Kmsg->pwm1 <= 100 ? static_cast<uint8_t>(msg->pwm1) : 0[m[K,
[4.852s]       |             [01;35m[K~~~~~~~~~~~~~~~~~^~~~~~~~~~~~~~~~~~~~~~~~~~~~~~~~~~~~~[m[K
[4.852s] [01m[K/home/kimm/wearable_robot_ws/src/wearable_robot_hw/src/CAN_command_transmit_node.cpp:110:30:[m[K [01;35m[Kwarning: [m[Knarrowing conversion of ‘[01m[K((((int)((const std::__shared_ptr_access<wearable_robot_interfaces::msg::ActuatorCommand_<std::allocator<void> >, __gnu_cxx::_S_atomic, false, false>*)(& msg))->std::__shared_ptr_access<wearable_robot_interfaces::msg::ActuatorCommand_<std::allocator<void> >, __gnu_cxx::_S_atomic, false, false>::operator->()->wearable_robot_interfaces::msg::ActuatorCommand_<std::allocator<void> >::pwm2) <= 100) ? ((int)((const std::__shared_ptr_access<wearable_robot_interfaces::msg::ActuatorCommand_<std::allocator<void> >, __gnu_cxx::_S_atomic, false, false>*)(& msg))->std::__shared_ptr_access<wearable_robot_interfaces::msg::ActuatorCommand_<std::allocator<void> >, __gnu_cxx::_S_atomic, false, false>::operator->()->wearable_robot_interfaces::msg::ActuatorCommand_<std::allocator<void> >::pwm2) : 0)[m[K’ from ‘[01m[Kint[m[K’ to ‘[01m[Kuint8_t[m[K’ {aka ‘[01m[Kunsigned char[m[K’} [[01;35m[K-Wnarrowing[m[K]
[4.852s]   110 |             [01;35m[Kmsg->pwm2 <= 100 ? static_cast<uint8_t>(msg->pwm2) : 0[m[K,
[4.852s]       |             [01;35m[K~~~~~~~~~~~~~~~~~^~~~~~~~~~~~~~~~~~~~~~~~~~~~~~~~~~~~~[m[K
[4.852s] [01m[K/home/kimm/wearable_robot_ws/src/wearable_robot_hw/src/CAN_command_transmit_node.cpp:111:30:[m[K [01;35m[Kwarning: [m[Knarrowing conversion of ‘[01m[K((((int)((const std::__shared_ptr_access<wearable_robot_interfaces::msg::ActuatorCommand_<std::allocator<void> >, __gnu_cxx::_S_atomic, false, false>*)(& msg))->std::__shared_ptr_access<wearable_robot_interfaces::msg::ActuatorCommand_<std::allocator<void> >, __gnu_cxx::_S_atomic, false, false>::operator->()->wearable_robot_interfaces::msg::ActuatorCommand_<std::allocator<void> >::pwm3) <= 100) ? ((int)((const std::__shared_ptr_access<wearable_robot_interfaces::msg::ActuatorCommand_<std::allocator<void> >, __gnu_cxx::_S_atomic, false, false>*)(& msg))->std::__shared_ptr_access<wearable_robot_interfaces::msg::ActuatorCommand_<std::allocator<void> >, __gnu_cxx::_S_atomic, false, false>::operator->()->wearable_robot_interfaces::msg::ActuatorCommand_<std::allocator<void> >::pwm3) : 0)[m[K’ from ‘[01m[Kint[m[K’ to ‘[01m[Kuint8_t[m[K’ {aka ‘[01m[Kunsigned char[m[K’} [[01;35m[K-Wnarrowing[m[K]
[4.852s]   111 |             [01;35m[Kmsg->pwm3 <= 100 ? static_cast<uint8_t>(msg->pwm3) : 0[m[K
[4.852s]       |             [01;35m[K~~~~~~~~~~~~~~~~~^~~~~~~~~~~~~~~~~~~~~~~~~~~~~~~~~~~~~[m[K
[5.982s] [ 66%] [32m[1mLinking CXX executable CAN_setting_node[0m
[6.224s] [ 66%] Built target CAN_setting_node
[9.181s] [ 83%] [32m[1mLinking CXX executable CAN_data_extractor_node[0m
[9.508s] [ 83%] Built target CAN_data_extractor_node
[16.250s] [100%] [32m[1mLinking CXX executable CAN_command_transmit_node[0m
[16.918s] [100%] Built target CAN_command_transmit_node
[16.944s] Invoked command in '/home/kimm/wearable_robot_ws/build/wearable_robot_hw' returned '0': CMAKE_PREFIX_PATH=/home/kimm/wearable_robot_ws/install/wearable_robot_interfaces:/home/kimm/wearable_robot_ws/install/wearable_robot_hw:/home/kimm/wearable_robot_ws/install/wearable_robot_data_processing:/home/kimm/wearable_robot_ws/install/wearable_robot_control:/home/kimm/wearable_robot_ws/install/wearable_robot_bringup:/home/kimm/install/can_data_extractor:/opt/ros/foxy /usr/bin/cmake --build /home/kimm/wearable_robot_ws/build/wearable_robot_hw -- -j8 -l8
[16.953s] Invoking command in '/home/kimm/wearable_robot_ws/build/wearable_robot_hw': CMAKE_PREFIX_PATH=/home/kimm/wearable_robot_ws/install/wearable_robot_interfaces:/home/kimm/wearable_robot_ws/install/wearable_robot_hw:/home/kimm/wearable_robot_ws/install/wearable_robot_data_processing:/home/kimm/wearable_robot_ws/install/wearable_robot_control:/home/kimm/wearable_robot_ws/install/wearable_robot_bringup:/home/kimm/install/can_data_extractor:/opt/ros/foxy /usr/bin/cmake --install /home/kimm/wearable_robot_ws/build/wearable_robot_hw
[16.971s] -- Install configuration: ""
[16.972s] -- Execute custom install script
[16.973s] -- Up-to-date symlink: /home/kimm/wearable_robot_ws/install/wearable_robot_hw/lib/wearable_robot_hw/CAN_data_extractor_node
[16.973s] -- Up-to-date symlink: /home/kimm/wearable_robot_ws/install/wearable_robot_hw/lib/wearable_robot_hw/CAN_command_transmit_node
[16.974s] -- Symlinking: /home/kimm/wearable_robot_ws/install/wearable_robot_hw/lib/wearable_robot_hw/CAN_setting_node
[16.997s] -- Up-to-date symlink: /home/kimm/wearable_robot_ws/install/wearable_robot_hw/share/ament_index/resource_index/package_run_dependencies/wearable_robot_hw
[16.997s] -- Up-to-date symlink: /home/kimm/wearable_robot_ws/install/wearable_robot_hw/share/ament_index/resource_index/parent_prefix_path/wearable_robot_hw
[16.997s] -- Up-to-date symlink: /home/kimm/wearable_robot_ws/install/wearable_robot_hw/share/wearable_robot_hw/environment/ament_prefix_path.sh
[16.998s] -- Up-to-date symlink: /home/kimm/wearable_robot_ws/install/wearable_robot_hw/share/wearable_robot_hw/environment/ament_prefix_path.dsv
[16.999s] -- Up-to-date symlink: /home/kimm/wearable_robot_ws/install/wearable_robot_hw/share/wearable_robot_hw/environment/path.sh
[16.999s] -- Up-to-date symlink: /home/kimm/wearable_robot_ws/install/wearable_robot_hw/share/wearable_robot_hw/environment/path.dsv
[17.000s] -- Up-to-date symlink: /home/kimm/wearable_robot_ws/install/wearable_robot_hw/share/wearable_robot_hw/local_setup.bash
[17.000s] -- Up-to-date symlink: /home/kimm/wearable_robot_ws/install/wearable_robot_hw/share/wearable_robot_hw/local_setup.sh
[17.001s] -- Up-to-date symlink: /home/kimm/wearable_robot_ws/install/wearable_robot_hw/share/wearable_robot_hw/local_setup.zsh
[17.001s] -- Up-to-date symlink: /home/kimm/wearable_robot_ws/install/wearable_robot_hw/share/wearable_robot_hw/local_setup.dsv
[17.002s] -- Symlinking: /home/kimm/wearable_robot_ws/install/wearable_robot_hw/share/wearable_robot_hw/package.dsv
[17.025s] -- Up-to-date symlink: /home/kimm/wearable_robot_ws/install/wearable_robot_hw/share/ament_index/resource_index/packages/wearable_robot_hw
[17.025s] -- Up-to-date symlink: /home/kimm/wearable_robot_ws/install/wearable_robot_hw/share/wearable_robot_hw/cmake/wearable_robot_hwConfig.cmake
[17.025s] -- Up-to-date symlink: /home/kimm/wearable_robot_ws/install/wearable_robot_hw/share/wearable_robot_hw/cmake/wearable_robot_hwConfig-version.cmake
[17.025s] -- Up-to-date symlink: /home/kimm/wearable_robot_ws/install/wearable_robot_hw/share/wearable_robot_hw/package.xml
[17.032s] Invoked command in '/home/kimm/wearable_robot_ws/build/wearable_robot_hw' returned '0': CMAKE_PREFIX_PATH=/home/kimm/wearable_robot_ws/install/wearable_robot_interfaces:/home/kimm/wearable_robot_ws/install/wearable_robot_hw:/home/kimm/wearable_robot_ws/install/wearable_robot_data_processing:/home/kimm/wearable_robot_ws/install/wearable_robot_control:/home/kimm/wearable_robot_ws/install/wearable_robot_bringup:/home/kimm/install/can_data_extractor:/opt/ros/foxy /usr/bin/cmake --install /home/kimm/wearable_robot_ws/build/wearable_robot_hw
