[0.055s] Invoking command in '/home/kimm/wearable_robot_ws/build/wearable_robot_data_processing': CMAKE_PREFIX_PATH=/home/kimm/wearable_robot_ws/install/ros2_socketcan:/home/kimm/wearable_robot_ws/install/wearable_robot_interfaces:/home/kimm/wearable_robot_ws/install/ros2_socketcan_msgs:/home/kimm/wearable_robot_ws/install/wearable_robot_hw:/home/kimm/wearable_robot_ws/install/wearable_robot_data_processing:/home/kimm/wearable_robot_ws/install/wearable_robot_control:/home/kimm/wearable_robot_ws/install/wearable_robot_bringup:/home/kimm/wearable_robot_ws/install/can_comm:/home/kimm/install/can_data_extractor:/opt/ros/foxy LD_LIBRARY_PATH=/home/kimm/wearable_robot_ws/install/ros2_socketcan/lib:/home/kimm/wearable_robot_ws/install/wearable_robot_interfaces/lib:/home/kimm/wearable_robot_ws/install/ros2_socketcan_msgs/lib:/opt/ros/foxy/opt/yaml_cpp_vendor/lib:/opt/ros/foxy/opt/rviz_ogre_vendor/lib:/opt/ros/foxy/lib/aarch64-linux-gnu:/opt/ros/foxy/lib /usr/bin/cmake --build /home/kimm/wearable_robot_ws/build/wearable_robot_data_processing -- -j8 -l8
[0.122s] -- Found ament_cmake: 0.9.12 (/opt/ros/foxy/share/ament_cmake/cmake)
[0.171s] -- Using PYTHON_EXECUTABLE: /usr/bin/python3
[0.580s] -- Override CMake install command with custom implementation using symlinks instead of copying resources
[0.595s] -- Found rclcpp: 2.4.3 (/opt/ros/foxy/share/rclcpp/cmake)
[0.662s] -- Using all available rosidl_typesupport_c: rosidl_typesupport_fastrtps_c;rosidl_typesupport_introspection_c
[0.668s] -- Found rosidl_adapter: 1.3.1 (/opt/ros/foxy/share/rosidl_adapter/cmake)
[0.920s] -- Using all available rosidl_typesupport_cpp: rosidl_typesupport_fastrtps_cpp;rosidl_typesupport_introspection_cpp
[1.012s] -- Found rmw_implementation_cmake: 1.0.4 (/opt/ros/foxy/share/rmw_implementation_cmake/cmake)
[1.016s] -- Using RMW implementation 'rmw_fastrtps_cpp' as default
[1.279s] -- Found wearable_robot_interfaces: 0.0.0 (/home/kimm/wearable_robot_ws/install/wearable_robot_interfaces/share/wearable_robot_interfaces/cmake)
[1.334s] -- Found rclcpp_lifecycle: 2.4.3 (/opt/ros/foxy/share/rclcpp_lifecycle/cmake)
[1.384s] -- Found can_msgs: 2.0.0 (/opt/ros/foxy/share/can_msgs/cmake)
[1.446s] -- Found ros2_socketcan: 1.3.0 (/home/kimm/wearable_robot_ws/install/ros2_socketcan/share/ros2_socketcan/cmake)
[1.889s] -- Found ament_lint_auto: 0.9.8 (/opt/ros/foxy/share/ament_lint_auto/cmake)
[2.047s] -- Added test 'copyright' to check source files copyright and LICENSE
[2.049s] -- Added test 'cppcheck' to perform static code analysis on C / C++ code
[2.051s] -- Configured cppcheck include dirs: /home/kimm/wearable_robot_ws/src/wearable_robot_data_processing/include
[2.051s] -- Configured cppcheck exclude dirs and/or files: 
[2.052s] -- Added test 'cpplint' to check C / C++ code against the Google style
[2.053s] -- Configured cpplint exclude dirs and/or files: 
[2.054s] -- Added test 'lint_cmake' to check CMake code style
[2.056s] -- Added test 'uncrustify' to check C / C++ code style
[2.056s] -- Configured uncrustify additional arguments: 
[2.057s] -- Added test 'xmllint' to check XML markup files
[2.065s] -- Configuring done
[2.161s] -- Generating done
[2.203s] -- Build files have been written to: /home/kimm/wearable_robot_ws/build/wearable_robot_data_processing
[2.288s] [35m[1mScanning dependencies of target can_receiver_100_node[0m
[2.289s] [35m[1mScanning dependencies of target can_receiver_401_node[0m
[2.332s] [ 33%] Built target IMU_processing_node
[2.333s] [ 33%] Built target displacement_data_logger
[2.333s] [ 50%] Built target data_parser_node
[2.333s] [ 66%] Built target displacement_processing_node
[2.357s] [ 75%] [32mBuilding CXX object CMakeFiles/can_receiver_100_node.dir/src/can_receiver_100_node.cpp.o[0m
[2.364s] [ 83%] [32mBuilding CXX object CMakeFiles/can_receiver_401_node.dir/src/can_receiver_401_node.cpp.o[0m
[8.942s] [ 91%] [32m[1mLinking CXX executable can_receiver_100_node[0m
[8.958s] [100%] [32m[1mLinking CXX executable can_receiver_401_node[0m
[9.423s] /usr/bin/ld: /usr/lib/gcc/aarch64-linux-gnu/9/../../../aarch64-linux-gnu/Scrt1.o: in function `_start':
[9.423s] (.text+0x18): undefined reference to `main'
[9.424s] /usr/bin/ld: (.text+0x1c): undefined reference to `main'
[9.424s] collect2: error: ld returned 1 exit status
[9.426s] make[2]: *** [CMakeFiles/can_receiver_401_node.dir/build.make:200: can_receiver_401_node] Error 1
[9.427s] make[1]: *** [CMakeFiles/Makefile2:115: CMakeFiles/can_receiver_401_node.dir/all] Error 2
[9.427s] make[1]: *** Waiting for unfinished jobs....
[9.441s] /usr/bin/ld: /usr/lib/gcc/aarch64-linux-gnu/9/../../../aarch64-linux-gnu/Scrt1.o: in function `_start':
[9.441s] (.text+0x18): undefined reference to `main'
[9.442s] /usr/bin/ld: (.text+0x1c): undefined reference to `main'
[9.442s] collect2: error: ld returned 1 exit status
[9.445s] make[2]: *** [CMakeFiles/can_receiver_100_node.dir/build.make:200: can_receiver_100_node] Error 1
[9.446s] make[1]: *** [CMakeFiles/Makefile2:88: CMakeFiles/can_receiver_100_node.dir/all] Error 2
[9.447s] make: *** [Makefile:141: all] Error 2
[9.453s] Invoked command in '/home/kimm/wearable_robot_ws/build/wearable_robot_data_processing' returned '2': CMAKE_PREFIX_PATH=/home/kimm/wearable_robot_ws/install/ros2_socketcan:/home/kimm/wearable_robot_ws/install/wearable_robot_interfaces:/home/kimm/wearable_robot_ws/install/ros2_socketcan_msgs:/home/kimm/wearable_robot_ws/install/wearable_robot_hw:/home/kimm/wearable_robot_ws/install/wearable_robot_data_processing:/home/kimm/wearable_robot_ws/install/wearable_robot_control:/home/kimm/wearable_robot_ws/install/wearable_robot_bringup:/home/kimm/wearable_robot_ws/install/can_comm:/home/kimm/install/can_data_extractor:/opt/ros/foxy LD_LIBRARY_PATH=/home/kimm/wearable_robot_ws/install/ros2_socketcan/lib:/home/kimm/wearable_robot_ws/install/wearable_robot_interfaces/lib:/home/kimm/wearable_robot_ws/install/ros2_socketcan_msgs/lib:/opt/ros/foxy/opt/yaml_cpp_vendor/lib:/opt/ros/foxy/opt/rviz_ogre_vendor/lib:/opt/ros/foxy/lib/aarch64-linux-gnu:/opt/ros/foxy/lib /usr/bin/cmake --build /home/kimm/wearable_robot_ws/build/wearable_robot_data_processing -- -j8 -l8
