[0.086s] Invoking command in '/home/kimm/wearable_robot_ws/build/wearable_robot_interfaces': CMAKE_PREFIX_PATH=${CMAKE_PREFIX_PATH}:/opt/ros/foxy /usr/bin/cmake --build /home/kimm/wearable_robot_ws/build/wearable_robot_interfaces -- -j8 -l8
[0.266s] [  6%] Built target wearable_robot_interfaces__cpp
[0.266s] [ 12%] Built target wearable_robot_interfaces__rosidl_generator_c
[0.358s] [ 24%] Built target wearable_robot_interfaces__rosidl_typesupport_cpp
[0.364s] [ 35%] Built target wearable_robot_interfaces__rosidl_typesupport_introspection_c
[0.370s] [ 47%] Built target wearable_robot_interfaces__rosidl_typesupport_c
[0.370s] [ 58%] Built target wearable_robot_interfaces__rosidl_typesupport_fastrtps_cpp
[0.380s] [ 70%] Built target wearable_robot_interfaces__rosidl_typesupport_introspection_cpp
[0.445s] [ 82%] Built target wearable_robot_interfaces__rosidl_typesupport_fastrtps_c
[0.501s] [ 82%] Built target wearable_robot_interfaces
[0.551s] [ 83%] Built target wearable_robot_interfaces__py
[0.617s] [ 93%] Built target wearable_robot_interfaces__python
[0.677s] [ 98%] Built target wearable_robot_interfaces__rosidl_typesupport_c__pyext
[0.679s] [100%] Built target wearable_robot_interfaces__rosidl_typesupport_fastrtps_c__pyext
[0.679s] [100%] Built target wearable_robot_interfaces__rosidl_typesupport_introspection_c__pyext
[0.714s] Invoked command in '/home/kimm/wearable_robot_ws/build/wearable_robot_interfaces' returned '0': CMAKE_PREFIX_PATH=${CMAKE_PREFIX_PATH}:/opt/ros/foxy /usr/bin/cmake --build /home/kimm/wearable_robot_ws/build/wearable_robot_interfaces -- -j8 -l8
[0.718s] Invoking command in '/home/kimm/wearable_robot_ws/build/wearable_robot_interfaces': CMAKE_PREFIX_PATH=${CMAKE_PREFIX_PATH}:/opt/ros/foxy /usr/bin/cmake --install /home/kimm/wearable_robot_ws/build/wearable_robot_interfaces
[0.735s] -- Install configuration: ""
[0.737s] -- Execute custom install script
[0.737s] -- Up-to-date symlink: /home/kimm/wearable_robot_ws/install/wearable_robot_interfaces/share/ament_index/resource_index/rosidl_interfaces/wearable_robot_interfaces
[0.739s] -- Up-to-date symlink: /home/kimm/wearable_robot_ws/install/wearable_robot_interfaces/include/wearable_robot_interfaces/msg/actuator_command.h
[0.739s] -- Up-to-date symlink: /home/kimm/wearable_robot_ws/install/wearable_robot_interfaces/include/wearable_robot_interfaces/msg/can_data_frame.h
[0.740s] -- Up-to-date symlink: /home/kimm/wearable_robot_ws/install/wearable_robot_interfaces/include/wearable_robot_interfaces/msg/detail/actuator_command__functions.h
[0.740s] -- Up-to-date symlink: /home/kimm/wearable_robot_ws/install/wearable_robot_interfaces/include/wearable_robot_interfaces/msg/detail/actuator_command__struct.h
[0.742s] -- Up-to-date symlink: /home/kimm/wearable_robot_ws/install/wearable_robot_interfaces/include/wearable_robot_interfaces/msg/detail/actuator_command__type_support.h
[0.743s] -- Up-to-date symlink: /home/kimm/wearable_robot_ws/install/wearable_robot_interfaces/include/wearable_robot_interfaces/msg/detail/can_data_frame__functions.h
[0.745s] -- Up-to-date symlink: /home/kimm/wearable_robot_ws/install/wearable_robot_interfaces/include/wearable_robot_interfaces/msg/detail/can_data_frame__struct.h
[0.745s] -- Up-to-date symlink: /home/kimm/wearable_robot_ws/install/wearable_robot_interfaces/include/wearable_robot_interfaces/msg/detail/can_data_frame__type_support.h
[0.745s] -- Up-to-date symlink: /home/kimm/wearable_robot_ws/install/wearable_robot_interfaces/include/wearable_robot_interfaces/msg/detail/displacement_data__functions.h
[0.746s] -- Up-to-date symlink: /home/kimm/wearable_robot_ws/install/wearable_robot_interfaces/include/wearable_robot_interfaces/msg/detail/displacement_data__struct.h
[0.746s] -- Up-to-date symlink: /home/kimm/wearable_robot_ws/install/wearable_robot_interfaces/include/wearable_robot_interfaces/msg/detail/displacement_data__type_support.h
[0.746s] -- Up-to-date symlink: /home/kimm/wearable_robot_ws/install/wearable_robot_interfaces/include/wearable_robot_interfaces/msg/detail/displacement_raw_data__functions.h
[0.747s] -- Up-to-date symlink: /home/kimm/wearable_robot_ws/install/wearable_robot_interfaces/include/wearable_robot_interfaces/msg/detail/displacement_raw_data__struct.h
[0.747s] -- Up-to-date symlink: /home/kimm/wearable_robot_ws/install/wearable_robot_interfaces/include/wearable_robot_interfaces/msg/detail/displacement_raw_data__type_support.h
[0.748s] -- Up-to-date symlink: /home/kimm/wearable_robot_ws/install/wearable_robot_interfaces/include/wearable_robot_interfaces/msg/detail/fan_command__functions.h
[0.748s] -- Up-to-date symlink: /home/kimm/wearable_robot_ws/install/wearable_robot_interfaces/include/wearable_robot_interfaces/msg/detail/fan_command__struct.h
[0.748s] -- Up-to-date symlink: /home/kimm/wearable_robot_ws/install/wearable_robot_interfaces/include/wearable_robot_interfaces/msg/detail/fan_command__type_support.h
[0.748s] -- Up-to-date symlink: /home/kimm/wearable_robot_ws/install/wearable_robot_interfaces/include/wearable_robot_interfaces/msg/detail/imu_data__functions.h
[0.749s] -- Up-to-date symlink: /home/kimm/wearable_robot_ws/install/wearable_robot_interfaces/include/wearable_robot_interfaces/msg/detail/imu_data__struct.h
[0.749s] -- Up-to-date symlink: /home/kimm/wearable_robot_ws/install/wearable_robot_interfaces/include/wearable_robot_interfaces/msg/detail/imu_data__type_support.h
[0.749s] -- Up-to-date symlink: /home/kimm/wearable_robot_ws/install/wearable_robot_interfaces/include/wearable_robot_interfaces/msg/detail/imu_type__functions.h
[0.749s] -- Up-to-date symlink: /home/kimm/wearable_robot_ws/install/wearable_robot_interfaces/include/wearable_robot_interfaces/msg/detail/imu_type__struct.h
[0.750s] -- Up-to-date symlink: /home/kimm/wearable_robot_ws/install/wearable_robot_interfaces/include/wearable_robot_interfaces/msg/detail/imu_type__type_support.h
[0.750s] -- Up-to-date symlink: /home/kimm/wearable_robot_ws/install/wearable_robot_interfaces/include/wearable_robot_interfaces/msg/detail/joint_state__functions.h
[0.750s] -- Up-to-date symlink: /home/kimm/wearable_robot_ws/install/wearable_robot_interfaces/include/wearable_robot_interfaces/msg/detail/joint_state__struct.h
[0.750s] -- Up-to-date symlink: /home/kimm/wearable_robot_ws/install/wearable_robot_interfaces/include/wearable_robot_interfaces/msg/detail/joint_state__type_support.h
[0.750s] -- Up-to-date symlink: /home/kimm/wearable_robot_ws/install/wearable_robot_interfaces/include/wearable_robot_interfaces/msg/detail/temperature_data__functions.h
[0.751s] -- Up-to-date symlink: /home/kimm/wearable_robot_ws/install/wearable_robot_interfaces/include/wearable_robot_interfaces/msg/detail/temperature_data__struct.h
[0.751s] -- Up-to-date symlink: /home/kimm/wearable_robot_ws/install/wearable_robot_interfaces/include/wearable_robot_interfaces/msg/detail/temperature_data__type_support.h
[0.751s] -- Up-to-date symlink: /home/kimm/wearable_robot_ws/install/wearable_robot_interfaces/include/wearable_robot_interfaces/msg/displacement_data.h
[0.751s] -- Up-to-date symlink: /home/kimm/wearable_robot_ws/install/wearable_robot_interfaces/include/wearable_robot_interfaces/msg/displacement_raw_data.h
[0.751s] -- Up-to-date symlink: /home/kimm/wearable_robot_ws/install/wearable_robot_interfaces/include/wearable_robot_interfaces/msg/fan_command.h
[0.752s] -- Up-to-date symlink: /home/kimm/wearable_robot_ws/install/wearable_robot_interfaces/include/wearable_robot_interfaces/msg/imu_data.h
[0.752s] -- Up-to-date symlink: /home/kimm/wearable_robot_ws/install/wearable_robot_interfaces/include/wearable_robot_interfaces/msg/imu_type.h
[0.752s] -- Up-to-date symlink: /home/kimm/wearable_robot_ws/install/wearable_robot_interfaces/include/wearable_robot_interfaces/msg/joint_state.h
[0.752s] -- Up-to-date symlink: /home/kimm/wearable_robot_ws/install/wearable_robot_interfaces/include/wearable_robot_interfaces/msg/rosidl_generator_c__visibility_control.h
[0.752s] -- Up-to-date symlink: /home/kimm/wearable_robot_ws/install/wearable_robot_interfaces/include/wearable_robot_interfaces/msg/temperature_data.h
[0.752s] -- Up-to-date symlink: /home/kimm/wearable_robot_ws/install/wearable_robot_interfaces/share/wearable_robot_interfaces/environment/library_path.sh
[0.753s] -- Up-to-date symlink: /home/kimm/wearable_robot_ws/install/wearable_robot_interfaces/share/wearable_robot_interfaces/environment/library_path.dsv
[0.754s] -- Up-to-date symlink: /home/kimm/wearable_robot_ws/install/wearable_robot_interfaces/include/wearable_robot_interfaces/msg/detail/actuator_command__rosidl_typesupport_fastrtps_c.h
[0.754s] -- Up-to-date symlink: /home/kimm/wearable_robot_ws/install/wearable_robot_interfaces/include/wearable_robot_interfaces/msg/detail/can_data_frame__rosidl_typesupport_fastrtps_c.h
[0.754s] -- Up-to-date symlink: /home/kimm/wearable_robot_ws/install/wearable_robot_interfaces/include/wearable_robot_interfaces/msg/detail/displacement_data__rosidl_typesupport_fastrtps_c.h
[0.755s] -- Up-to-date symlink: /home/kimm/wearable_robot_ws/install/wearable_robot_interfaces/include/wearable_robot_interfaces/msg/detail/displacement_raw_data__rosidl_typesupport_fastrtps_c.h
[0.755s] -- Up-to-date symlink: /home/kimm/wearable_robot_ws/install/wearable_robot_interfaces/include/wearable_robot_interfaces/msg/detail/fan_command__rosidl_typesupport_fastrtps_c.h
[0.755s] -- Up-to-date symlink: /home/kimm/wearable_robot_ws/install/wearable_robot_interfaces/include/wearable_robot_interfaces/msg/detail/imu_data__rosidl_typesupport_fastrtps_c.h
[0.756s] -- Up-to-date symlink: /home/kimm/wearable_robot_ws/install/wearable_robot_interfaces/include/wearable_robot_interfaces/msg/detail/imu_type__rosidl_typesupport_fastrtps_c.h
[0.756s] -- Up-to-date symlink: /home/kimm/wearable_robot_ws/install/wearable_robot_interfaces/include/wearable_robot_interfaces/msg/detail/joint_state__rosidl_typesupport_fastrtps_c.h
[0.756s] -- Up-to-date symlink: /home/kimm/wearable_robot_ws/install/wearable_robot_interfaces/include/wearable_robot_interfaces/msg/detail/temperature_data__rosidl_typesupport_fastrtps_c.h
[0.757s] -- Up-to-date symlink: /home/kimm/wearable_robot_ws/install/wearable_robot_interfaces/include/wearable_robot_interfaces/msg/rosidl_typesupport_fastrtps_c__visibility_control.h
[0.758s] -- Up-to-date symlink: /home/kimm/wearable_robot_ws/install/wearable_robot_interfaces/lib/libwearable_robot_interfaces__rosidl_typesupport_fastrtps_c.so
[0.759s] -- Up-to-date symlink: /home/kimm/wearable_robot_ws/install/wearable_robot_interfaces/include/wearable_robot_interfaces/msg/detail/actuator_command__rosidl_typesupport_fastrtps_cpp.hpp
[0.760s] -- Up-to-date symlink: /home/kimm/wearable_robot_ws/install/wearable_robot_interfaces/include/wearable_robot_interfaces/msg/detail/can_data_frame__rosidl_typesupport_fastrtps_cpp.hpp
[0.760s] -- Up-to-date symlink: /home/kimm/wearable_robot_ws/install/wearable_robot_interfaces/include/wearable_robot_interfaces/msg/detail/displacement_data__rosidl_typesupport_fastrtps_cpp.hpp
[0.760s] -- Up-to-date symlink: /home/kimm/wearable_robot_ws/install/wearable_robot_interfaces/include/wearable_robot_interfaces/msg/detail/displacement_raw_data__rosidl_typesupport_fastrtps_cpp.hpp
[0.761s] -- Up-to-date symlink: /home/kimm/wearable_robot_ws/install/wearable_robot_interfaces/include/wearable_robot_interfaces/msg/detail/fan_command__rosidl_typesupport_fastrtps_cpp.hpp
[0.761s] -- Up-to-date symlink: /home/kimm/wearable_robot_ws/install/wearable_robot_interfaces/include/wearable_robot_interfaces/msg/detail/imu_data__rosidl_typesupport_fastrtps_cpp.hpp
[0.761s] -- Up-to-date symlink: /home/kimm/wearable_robot_ws/install/wearable_robot_interfaces/include/wearable_robot_interfaces/msg/detail/imu_type__rosidl_typesupport_fastrtps_cpp.hpp
[0.762s] -- Up-to-date symlink: /home/kimm/wearable_robot_ws/install/wearable_robot_interfaces/include/wearable_robot_interfaces/msg/detail/joint_state__rosidl_typesupport_fastrtps_cpp.hpp
[0.762s] -- Up-to-date symlink: /home/kimm/wearable_robot_ws/install/wearable_robot_interfaces/include/wearable_robot_interfaces/msg/detail/temperature_data__rosidl_typesupport_fastrtps_cpp.hpp
[0.763s] -- Up-to-date symlink: /home/kimm/wearable_robot_ws/install/wearable_robot_interfaces/include/wearable_robot_interfaces/msg/rosidl_typesupport_fastrtps_cpp__visibility_control.h
[0.763s] -- Up-to-date symlink: /home/kimm/wearable_robot_ws/install/wearable_robot_interfaces/lib/libwearable_robot_interfaces__rosidl_typesupport_fastrtps_cpp.so
[0.765s] -- Up-to-date symlink: /home/kimm/wearable_robot_ws/install/wearable_robot_interfaces/include/wearable_robot_interfaces/msg/detail/actuator_command__rosidl_typesupport_introspection_c.h
[0.765s] -- Up-to-date symlink: /home/kimm/wearable_robot_ws/install/wearable_robot_interfaces/include/wearable_robot_interfaces/msg/detail/can_data_frame__rosidl_typesupport_introspection_c.h
[0.765s] -- Up-to-date symlink: /home/kimm/wearable_robot_ws/install/wearable_robot_interfaces/include/wearable_robot_interfaces/msg/detail/displacement_data__rosidl_typesupport_introspection_c.h
[0.766s] -- Up-to-date symlink: /home/kimm/wearable_robot_ws/install/wearable_robot_interfaces/include/wearable_robot_interfaces/msg/detail/displacement_raw_data__rosidl_typesupport_introspection_c.h
[0.766s] -- Up-to-date symlink: /home/kimm/wearable_robot_ws/install/wearable_robot_interfaces/include/wearable_robot_interfaces/msg/detail/fan_command__rosidl_typesupport_introspection_c.h
[0.766s] -- Up-to-date symlink: /home/kimm/wearable_robot_ws/install/wearable_robot_interfaces/include/wearable_robot_interfaces/msg/detail/imu_data__rosidl_typesupport_introspection_c.h
[0.767s] -- Up-to-date symlink: /home/kimm/wearable_robot_ws/install/wearable_robot_interfaces/include/wearable_robot_interfaces/msg/detail/imu_type__rosidl_typesupport_introspection_c.h
[0.767s] -- Up-to-date symlink: /home/kimm/wearable_robot_ws/install/wearable_robot_interfaces/include/wearable_robot_interfaces/msg/detail/joint_state__rosidl_typesupport_introspection_c.h
[0.767s] -- Up-to-date symlink: /home/kimm/wearable_robot_ws/install/wearable_robot_interfaces/include/wearable_robot_interfaces/msg/detail/temperature_data__rosidl_typesupport_introspection_c.h
[0.768s] -- Up-to-date symlink: /home/kimm/wearable_robot_ws/install/wearable_robot_interfaces/include/wearable_robot_interfaces/msg/rosidl_typesupport_introspection_c__visibility_control.h
[0.769s] -- Up-to-date symlink: /home/kimm/wearable_robot_ws/install/wearable_robot_interfaces/include/wearable_robot_interfaces/msg/actuator_command.hpp
[0.770s] -- Up-to-date symlink: /home/kimm/wearable_robot_ws/install/wearable_robot_interfaces/include/wearable_robot_interfaces/msg/can_data_frame.hpp
[0.770s] -- Up-to-date symlink: /home/kimm/wearable_robot_ws/install/wearable_robot_interfaces/include/wearable_robot_interfaces/msg/detail/actuator_command__builder.hpp
[0.770s] -- Up-to-date symlink: /home/kimm/wearable_robot_ws/install/wearable_robot_interfaces/include/wearable_robot_interfaces/msg/detail/actuator_command__struct.hpp
[0.771s] -- Up-to-date symlink: /home/kimm/wearable_robot_ws/install/wearable_robot_interfaces/include/wearable_robot_interfaces/msg/detail/actuator_command__traits.hpp
[0.771s] -- Up-to-date symlink: /home/kimm/wearable_robot_ws/install/wearable_robot_interfaces/include/wearable_robot_interfaces/msg/detail/actuator_command__type_support.hpp
[0.771s] -- Up-to-date symlink: /home/kimm/wearable_robot_ws/install/wearable_robot_interfaces/include/wearable_robot_interfaces/msg/detail/can_data_frame__builder.hpp
[0.772s] -- Up-to-date symlink: /home/kimm/wearable_robot_ws/install/wearable_robot_interfaces/include/wearable_robot_interfaces/msg/detail/can_data_frame__struct.hpp
[0.772s] -- Up-to-date symlink: /home/kimm/wearable_robot_ws/install/wearable_robot_interfaces/include/wearable_robot_interfaces/msg/detail/can_data_frame__traits.hpp
[0.772s] -- Up-to-date symlink: /home/kimm/wearable_robot_ws/install/wearable_robot_interfaces/include/wearable_robot_interfaces/msg/detail/can_data_frame__type_support.hpp
[0.773s] -- Up-to-date symlink: /home/kimm/wearable_robot_ws/install/wearable_robot_interfaces/include/wearable_robot_interfaces/msg/detail/displacement_data__builder.hpp
[0.773s] -- Up-to-date symlink: /home/kimm/wearable_robot_ws/install/wearable_robot_interfaces/include/wearable_robot_interfaces/msg/detail/displacement_data__struct.hpp
[0.773s] -- Up-to-date symlink: /home/kimm/wearable_robot_ws/install/wearable_robot_interfaces/include/wearable_robot_interfaces/msg/detail/displacement_data__traits.hpp
[0.774s] -- Up-to-date symlink: /home/kimm/wearable_robot_ws/install/wearable_robot_interfaces/include/wearable_robot_interfaces/msg/detail/displacement_data__type_support.hpp
[0.774s] -- Up-to-date symlink: /home/kimm/wearable_robot_ws/install/wearable_robot_interfaces/include/wearable_robot_interfaces/msg/detail/displacement_raw_data__builder.hpp
[0.775s] -- Up-to-date symlink: /home/kimm/wearable_robot_ws/install/wearable_robot_interfaces/include/wearable_robot_interfaces/msg/detail/displacement_raw_data__struct.hpp
[0.775s] -- Up-to-date symlink: /home/kimm/wearable_robot_ws/install/wearable_robot_interfaces/include/wearable_robot_interfaces/msg/detail/displacement_raw_data__traits.hpp
[0.775s] -- Up-to-date symlink: /home/kimm/wearable_robot_ws/install/wearable_robot_interfaces/include/wearable_robot_interfaces/msg/detail/displacement_raw_data__type_support.hpp
[0.776s] -- Up-to-date symlink: /home/kimm/wearable_robot_ws/install/wearable_robot_interfaces/include/wearable_robot_interfaces/msg/detail/fan_command__builder.hpp
[0.776s] -- Up-to-date symlink: /home/kimm/wearable_robot_ws/install/wearable_robot_interfaces/include/wearable_robot_interfaces/msg/detail/fan_command__struct.hpp
[0.776s] -- Up-to-date symlink: /home/kimm/wearable_robot_ws/install/wearable_robot_interfaces/include/wearable_robot_interfaces/msg/detail/fan_command__traits.hpp
[0.777s] -- Up-to-date symlink: /home/kimm/wearable_robot_ws/install/wearable_robot_interfaces/include/wearable_robot_interfaces/msg/detail/fan_command__type_support.hpp
[0.777s] -- Up-to-date symlink: /home/kimm/wearable_robot_ws/install/wearable_robot_interfaces/include/wearable_robot_interfaces/msg/detail/imu_data__builder.hpp
[0.777s] -- Up-to-date symlink: /home/kimm/wearable_robot_ws/install/wearable_robot_interfaces/include/wearable_robot_interfaces/msg/detail/imu_data__struct.hpp
[0.778s] -- Up-to-date symlink: /home/kimm/wearable_robot_ws/install/wearable_robot_interfaces/include/wearable_robot_interfaces/msg/detail/imu_data__traits.hpp
[0.778s] -- Up-to-date symlink: /home/kimm/wearable_robot_ws/install/wearable_robot_interfaces/include/wearable_robot_interfaces/msg/detail/imu_data__type_support.hpp
[0.778s] -- Up-to-date symlink: /home/kimm/wearable_robot_ws/install/wearable_robot_interfaces/include/wearable_robot_interfaces/msg/detail/imu_type__builder.hpp
[0.779s] -- Up-to-date symlink: /home/kimm/wearable_robot_ws/install/wearable_robot_interfaces/include/wearable_robot_interfaces/msg/detail/imu_type__struct.hpp
[0.779s] -- Up-to-date symlink: /home/kimm/wearable_robot_ws/install/wearable_robot_interfaces/include/wearable_robot_interfaces/msg/detail/imu_type__traits.hpp
[0.779s] -- Up-to-date symlink: /home/kimm/wearable_robot_ws/install/wearable_robot_interfaces/include/wearable_robot_interfaces/msg/detail/imu_type__type_support.hpp
[0.780s] -- Up-to-date symlink: /home/kimm/wearable_robot_ws/install/wearable_robot_interfaces/include/wearable_robot_interfaces/msg/detail/joint_state__builder.hpp
[0.780s] -- Up-to-date symlink: /home/kimm/wearable_robot_ws/install/wearable_robot_interfaces/include/wearable_robot_interfaces/msg/detail/joint_state__struct.hpp
[0.780s] -- Up-to-date symlink: /home/kimm/wearable_robot_ws/install/wearable_robot_interfaces/include/wearable_robot_interfaces/msg/detail/joint_state__traits.hpp
[0.781s] -- Up-to-date symlink: /home/kimm/wearable_robot_ws/install/wearable_robot_interfaces/include/wearable_robot_interfaces/msg/detail/joint_state__type_support.hpp
[0.781s] -- Up-to-date symlink: /home/kimm/wearable_robot_ws/install/wearable_robot_interfaces/include/wearable_robot_interfaces/msg/detail/temperature_data__builder.hpp
[0.781s] -- Up-to-date symlink: /home/kimm/wearable_robot_ws/install/wearable_robot_interfaces/include/wearable_robot_interfaces/msg/detail/temperature_data__struct.hpp
[0.781s] -- Up-to-date symlink: /home/kimm/wearable_robot_ws/install/wearable_robot_interfaces/include/wearable_robot_interfaces/msg/detail/temperature_data__traits.hpp
[0.782s] -- Up-to-date symlink: /home/kimm/wearable_robot_ws/install/wearable_robot_interfaces/include/wearable_robot_interfaces/msg/detail/temperature_data__type_support.hpp
[0.782s] -- Up-to-date symlink: /home/kimm/wearable_robot_ws/install/wearable_robot_interfaces/include/wearable_robot_interfaces/msg/displacement_data.hpp
[0.782s] -- Up-to-date symlink: /home/kimm/wearable_robot_ws/install/wearable_robot_interfaces/include/wearable_robot_interfaces/msg/displacement_raw_data.hpp
[0.783s] -- Up-to-date symlink: /home/kimm/wearable_robot_ws/install/wearable_robot_interfaces/include/wearable_robot_interfaces/msg/fan_command.hpp
[0.783s] -- Up-to-date symlink: /home/kimm/wearable_robot_ws/install/wearable_robot_interfaces/include/wearable_robot_interfaces/msg/imu_data.hpp
[0.783s] -- Up-to-date symlink: /home/kimm/wearable_robot_ws/install/wearable_robot_interfaces/include/wearable_robot_interfaces/msg/imu_type.hpp
[0.784s] -- Up-to-date symlink: /home/kimm/wearable_robot_ws/install/wearable_robot_interfaces/include/wearable_robot_interfaces/msg/joint_state.hpp
[0.784s] -- Up-to-date symlink: /home/kimm/wearable_robot_ws/install/wearable_robot_interfaces/include/wearable_robot_interfaces/msg/rosidl_generator_cpp__visibility_control.hpp
[0.784s] -- Up-to-date symlink: /home/kimm/wearable_robot_ws/install/wearable_robot_interfaces/include/wearable_robot_interfaces/msg/temperature_data.hpp
[0.786s] -- Up-to-date symlink: /home/kimm/wearable_robot_ws/install/wearable_robot_interfaces/include/wearable_robot_interfaces/msg/detail/actuator_command__rosidl_typesupport_introspection_cpp.hpp
[0.786s] -- Up-to-date symlink: /home/kimm/wearable_robot_ws/install/wearable_robot_interfaces/include/wearable_robot_interfaces/msg/detail/can_data_frame__rosidl_typesupport_introspection_cpp.hpp
[0.786s] -- Up-to-date symlink: /home/kimm/wearable_robot_ws/install/wearable_robot_interfaces/include/wearable_robot_interfaces/msg/detail/displacement_data__rosidl_typesupport_introspection_cpp.hpp
[0.787s] -- Up-to-date symlink: /home/kimm/wearable_robot_ws/install/wearable_robot_interfaces/include/wearable_robot_interfaces/msg/detail/displacement_raw_data__rosidl_typesupport_introspection_cpp.hpp
[0.787s] -- Up-to-date symlink: /home/kimm/wearable_robot_ws/install/wearable_robot_interfaces/include/wearable_robot_interfaces/msg/detail/fan_command__rosidl_typesupport_introspection_cpp.hpp
[0.788s] -- Up-to-date symlink: /home/kimm/wearable_robot_ws/install/wearable_robot_interfaces/include/wearable_robot_interfaces/msg/detail/imu_data__rosidl_typesupport_introspection_cpp.hpp
[0.788s] -- Up-to-date symlink: /home/kimm/wearable_robot_ws/install/wearable_robot_interfaces/include/wearable_robot_interfaces/msg/detail/imu_type__rosidl_typesupport_introspection_cpp.hpp
[0.788s] -- Up-to-date symlink: /home/kimm/wearable_robot_ws/install/wearable_robot_interfaces/include/wearable_robot_interfaces/msg/detail/joint_state__rosidl_typesupport_introspection_cpp.hpp
[0.789s] -- Up-to-date symlink: /home/kimm/wearable_robot_ws/install/wearable_robot_interfaces/include/wearable_robot_interfaces/msg/detail/temperature_data__rosidl_typesupport_introspection_cpp.hpp
[0.789s] -- Up-to-date symlink: /home/kimm/wearable_robot_ws/install/wearable_robot_interfaces/share/wearable_robot_interfaces/environment/pythonpath.sh
[0.790s] -- Up-to-date symlink: /home/kimm/wearable_robot_ws/install/wearable_robot_interfaces/share/wearable_robot_interfaces/environment/pythonpath.dsv
[0.790s] -- Up-to-date symlink: /home/kimm/wearable_robot_ws/install/wearable_robot_interfaces/lib/python3.8/site-packages/wearable_robot_interfaces/__init__.py
[0.794s] -- Up-to-date symlink: /home/kimm/wearable_robot_ws/install/wearable_robot_interfaces/lib/python3.8/site-packages/wearable_robot_interfaces/msg/__init__.py
[0.794s] -- Up-to-date symlink: /home/kimm/wearable_robot_ws/install/wearable_robot_interfaces/lib/python3.8/site-packages/wearable_robot_interfaces/msg/_actuator_command.py
[0.794s] -- Up-to-date symlink: /home/kimm/wearable_robot_ws/install/wearable_robot_interfaces/lib/python3.8/site-packages/wearable_robot_interfaces/msg/_can_data_frame.py
[0.794s] -- Up-to-date symlink: /home/kimm/wearable_robot_ws/install/wearable_robot_interfaces/lib/python3.8/site-packages/wearable_robot_interfaces/msg/_displacement_data.py
[0.795s] -- Up-to-date symlink: /home/kimm/wearable_robot_ws/install/wearable_robot_interfaces/lib/python3.8/site-packages/wearable_robot_interfaces/msg/_displacement_raw_data.py
[0.795s] -- Up-to-date symlink: /home/kimm/wearable_robot_ws/install/wearable_robot_interfaces/lib/python3.8/site-packages/wearable_robot_interfaces/msg/_fan_command.py
[0.795s] -- Up-to-date symlink: /home/kimm/wearable_robot_ws/install/wearable_robot_interfaces/lib/python3.8/site-packages/wearable_robot_interfaces/msg/_imu_data.py
[0.795s] -- Up-to-date symlink: /home/kimm/wearable_robot_ws/install/wearable_robot_interfaces/lib/python3.8/site-packages/wearable_robot_interfaces/msg/_imu_type.py
[0.795s] -- Up-to-date symlink: /home/kimm/wearable_robot_ws/install/wearable_robot_interfaces/lib/python3.8/site-packages/wearable_robot_interfaces/msg/_joint_state.py
[0.795s] -- Up-to-date symlink: /home/kimm/wearable_robot_ws/install/wearable_robot_interfaces/lib/python3.8/site-packages/wearable_robot_interfaces/msg/_temperature_data.py
[0.796s] -- Up-to-date symlink: /home/kimm/wearable_robot_ws/install/wearable_robot_interfaces/lib/python3.8/site-packages/wearable_robot_interfaces/wearable_robot_interfaces_s__rosidl_typesupport_fastrtps_c.cpython-38-aarch64-linux-gnu.so
[0.797s] -- Up-to-date symlink: /home/kimm/wearable_robot_ws/install/wearable_robot_interfaces/lib/python3.8/site-packages/wearable_robot_interfaces/wearable_robot_interfaces_s__rosidl_typesupport_introspection_c.cpython-38-aarch64-linux-gnu.so
[0.797s] -- Up-to-date symlink: /home/kimm/wearable_robot_ws/install/wearable_robot_interfaces/lib/python3.8/site-packages/wearable_robot_interfaces/wearable_robot_interfaces_s__rosidl_typesupport_c.cpython-38-aarch64-linux-gnu.so
[0.798s] -- Up-to-date symlink: /home/kimm/wearable_robot_ws/install/wearable_robot_interfaces/lib/libwearable_robot_interfaces__python.so
[0.799s] -- Up-to-date symlink: /home/kimm/wearable_robot_ws/install/wearable_robot_interfaces/share/wearable_robot_interfaces/msg/DisplacementRawData.idl
[0.799s] -- Up-to-date symlink: /home/kimm/wearable_robot_ws/install/wearable_robot_interfaces/share/wearable_robot_interfaces/msg/DisplacementData.idl
[0.800s] -- Up-to-date symlink: /home/kimm/wearable_robot_ws/install/wearable_robot_interfaces/share/wearable_robot_interfaces/msg/IMUData.idl
[0.800s] -- Up-to-date symlink: /home/kimm/wearable_robot_ws/install/wearable_robot_interfaces/share/wearable_robot_interfaces/msg/IMUType.idl
[0.801s] -- Up-to-date symlink: /home/kimm/wearable_robot_ws/install/wearable_robot_interfaces/share/wearable_robot_interfaces/msg/TemperatureData.idl
[0.801s] -- Up-to-date symlink: /home/kimm/wearable_robot_ws/install/wearable_robot_interfaces/share/wearable_robot_interfaces/msg/ActuatorCommand.idl
[0.802s] -- Up-to-date symlink: /home/kimm/wearable_robot_ws/install/wearable_robot_interfaces/share/wearable_robot_interfaces/msg/FanCommand.idl
[0.802s] -- Up-to-date symlink: /home/kimm/wearable_robot_ws/install/wearable_robot_interfaces/share/wearable_robot_interfaces/msg/CANDataFrame.idl
[0.803s] -- Up-to-date symlink: /home/kimm/wearable_robot_ws/install/wearable_robot_interfaces/share/wearable_robot_interfaces/msg/JointState.idl
[0.803s] -- Up-to-date symlink: /home/kimm/wearable_robot_ws/install/wearable_robot_interfaces/share/wearable_robot_interfaces/msg/DisplacementRawData.msg
[0.804s] -- Up-to-date symlink: /home/kimm/wearable_robot_ws/install/wearable_robot_interfaces/share/wearable_robot_interfaces/msg/DisplacementData.msg
[0.804s] -- Up-to-date symlink: /home/kimm/wearable_robot_ws/install/wearable_robot_interfaces/share/wearable_robot_interfaces/msg/IMUData.msg
[0.805s] -- Up-to-date symlink: /home/kimm/wearable_robot_ws/install/wearable_robot_interfaces/share/wearable_robot_interfaces/msg/IMUType.msg
[0.805s] -- Up-to-date symlink: /home/kimm/wearable_robot_ws/install/wearable_robot_interfaces/share/wearable_robot_interfaces/msg/TemperatureData.msg
[0.806s] -- Up-to-date symlink: /home/kimm/wearable_robot_ws/install/wearable_robot_interfaces/share/wearable_robot_interfaces/msg/ActuatorCommand.msg
[0.807s] -- Up-to-date symlink: /home/kimm/wearable_robot_ws/install/wearable_robot_interfaces/share/wearable_robot_interfaces/msg/FanCommand.msg
[0.808s] -- Up-to-date symlink: /home/kimm/wearable_robot_ws/install/wearable_robot_interfaces/share/wearable_robot_interfaces/msg/CANDataFrame.msg
[0.809s] -- Up-to-date symlink: /home/kimm/wearable_robot_ws/install/wearable_robot_interfaces/share/wearable_robot_interfaces/msg/JointState.msg
[0.809s] -- Up-to-date symlink: /home/kimm/wearable_robot_ws/install/wearable_robot_interfaces/share/ament_index/resource_index/package_run_dependencies/wearable_robot_interfaces
[0.809s] -- Up-to-date symlink: /home/kimm/wearable_robot_ws/install/wearable_robot_interfaces/share/ament_index/resource_index/parent_prefix_path/wearable_robot_interfaces
[0.809s] -- Up-to-date symlink: /home/kimm/wearable_robot_ws/install/wearable_robot_interfaces/share/wearable_robot_interfaces/environment/ament_prefix_path.sh
[0.810s] -- Up-to-date symlink: /home/kimm/wearable_robot_ws/install/wearable_robot_interfaces/share/wearable_robot_interfaces/environment/ament_prefix_path.dsv
[0.810s] -- Up-to-date symlink: /home/kimm/wearable_robot_ws/install/wearable_robot_interfaces/share/wearable_robot_interfaces/environment/path.sh
[0.810s] -- Up-to-date symlink: /home/kimm/wearable_robot_ws/install/wearable_robot_interfaces/share/wearable_robot_interfaces/environment/path.dsv
[0.811s] -- Up-to-date symlink: /home/kimm/wearable_robot_ws/install/wearable_robot_interfaces/share/wearable_robot_interfaces/local_setup.bash
[0.811s] -- Up-to-date symlink: /home/kimm/wearable_robot_ws/install/wearable_robot_interfaces/share/wearable_robot_interfaces/local_setup.sh
[0.812s] -- Up-to-date symlink: /home/kimm/wearable_robot_ws/install/wearable_robot_interfaces/share/wearable_robot_interfaces/local_setup.zsh
[0.812s] -- Up-to-date symlink: /home/kimm/wearable_robot_ws/install/wearable_robot_interfaces/share/wearable_robot_interfaces/local_setup.dsv
[0.813s] -- Symlinking: /home/kimm/wearable_robot_ws/install/wearable_robot_interfaces/share/wearable_robot_interfaces/package.dsv
[0.836s] -- Up-to-date symlink: /home/kimm/wearable_robot_ws/install/wearable_robot_interfaces/share/ament_index/resource_index/packages/wearable_robot_interfaces
[0.837s] -- Up-to-date symlink: /home/kimm/wearable_robot_ws/install/wearable_robot_interfaces/share/wearable_robot_interfaces/cmake/rosidl_cmake-extras.cmake
[0.838s] -- Up-to-date symlink: /home/kimm/wearable_robot_ws/install/wearable_robot_interfaces/share/wearable_robot_interfaces/cmake/ament_cmake_export_dependencies-extras.cmake
[0.838s] -- Up-to-date symlink: /home/kimm/wearable_robot_ws/install/wearable_robot_interfaces/share/wearable_robot_interfaces/cmake/ament_cmake_export_libraries-extras.cmake
[0.838s] -- Up-to-date symlink: /home/kimm/wearable_robot_ws/install/wearable_robot_interfaces/share/wearable_robot_interfaces/cmake/ament_cmake_export_targets-extras.cmake
[0.838s] -- Up-to-date symlink: /home/kimm/wearable_robot_ws/install/wearable_robot_interfaces/share/wearable_robot_interfaces/cmake/ament_cmake_export_include_directories-extras.cmake
[0.839s] -- Up-to-date symlink: /home/kimm/wearable_robot_ws/install/wearable_robot_interfaces/share/wearable_robot_interfaces/cmake/rosidl_cmake_export_typesupport_libraries-extras.cmake
[0.840s] -- Up-to-date symlink: /home/kimm/wearable_robot_ws/install/wearable_robot_interfaces/share/wearable_robot_interfaces/cmake/rosidl_cmake_export_typesupport_targets-extras.cmake
[0.841s] -- Up-to-date symlink: /home/kimm/wearable_robot_ws/install/wearable_robot_interfaces/share/wearable_robot_interfaces/cmake/wearable_robot_interfacesConfig.cmake
[0.843s] -- Up-to-date symlink: /home/kimm/wearable_robot_ws/install/wearable_robot_interfaces/share/wearable_robot_interfaces/cmake/wearable_robot_interfacesConfig-version.cmake
[0.844s] -- Up-to-date symlink: /home/kimm/wearable_robot_ws/install/wearable_robot_interfaces/share/wearable_robot_interfaces/package.xml
[0.845s] -- Up-to-date: /home/kimm/wearable_robot_ws/install/wearable_robot_interfaces/lib/libwearable_robot_interfaces__rosidl_generator_c.so
[0.845s] -- Up-to-date: /home/kimm/wearable_robot_ws/install/wearable_robot_interfaces/lib/libwearable_robot_interfaces__rosidl_typesupport_introspection_c.so
[0.846s] -- Up-to-date: /home/kimm/wearable_robot_ws/install/wearable_robot_interfaces/lib/libwearable_robot_interfaces__rosidl_typesupport_c.so
[0.846s] -- Up-to-date: /home/kimm/wearable_robot_ws/install/wearable_robot_interfaces/lib/libwearable_robot_interfaces__rosidl_typesupport_introspection_cpp.so
[0.846s] -- Up-to-date: /home/kimm/wearable_robot_ws/install/wearable_robot_interfaces/lib/libwearable_robot_interfaces__rosidl_typesupport_cpp.so
[0.940s] -- Up-to-date: /home/kimm/wearable_robot_ws/install/wearable_robot_interfaces/share/wearable_robot_interfaces/cmake/wearable_robot_interfaces__rosidl_generator_cExport.cmake
[0.940s] -- Up-to-date: /home/kimm/wearable_robot_ws/install/wearable_robot_interfaces/share/wearable_robot_interfaces/cmake/wearable_robot_interfaces__rosidl_generator_cExport-noconfig.cmake
[0.940s] -- Up-to-date: /home/kimm/wearable_robot_ws/install/wearable_robot_interfaces/share/wearable_robot_interfaces/cmake/wearable_robot_interfaces__rosidl_typesupport_introspection_cExport.cmake
[0.940s] -- Up-to-date: /home/kimm/wearable_robot_ws/install/wearable_robot_interfaces/share/wearable_robot_interfaces/cmake/wearable_robot_interfaces__rosidl_typesupport_introspection_cExport-noconfig.cmake
[0.941s] -- Up-to-date: /home/kimm/wearable_robot_ws/install/wearable_robot_interfaces/share/wearable_robot_interfaces/cmake/wearable_robot_interfaces__rosidl_typesupport_cExport.cmake
[0.941s] -- Up-to-date: /home/kimm/wearable_robot_ws/install/wearable_robot_interfaces/share/wearable_robot_interfaces/cmake/wearable_robot_interfaces__rosidl_typesupport_cExport-noconfig.cmake
[0.941s] -- Up-to-date: /home/kimm/wearable_robot_ws/install/wearable_robot_interfaces/share/wearable_robot_interfaces/cmake/wearable_robot_interfaces__rosidl_generator_cppExport.cmake
[0.941s] -- Up-to-date: /home/kimm/wearable_robot_ws/install/wearable_robot_interfaces/share/wearable_robot_interfaces/cmake/wearable_robot_interfaces__rosidl_typesupport_introspection_cppExport.cmake
[0.941s] -- Up-to-date: /home/kimm/wearable_robot_ws/install/wearable_robot_interfaces/share/wearable_robot_interfaces/cmake/wearable_robot_interfaces__rosidl_typesupport_introspection_cppExport-noconfig.cmake
[0.941s] -- Up-to-date: /home/kimm/wearable_robot_ws/install/wearable_robot_interfaces/share/wearable_robot_interfaces/cmake/wearable_robot_interfaces__rosidl_typesupport_cppExport.cmake
[0.941s] -- Up-to-date: /home/kimm/wearable_robot_ws/install/wearable_robot_interfaces/share/wearable_robot_interfaces/cmake/wearable_robot_interfaces__rosidl_typesupport_cppExport-noconfig.cmake
[0.946s] Invoked command in '/home/kimm/wearable_robot_ws/build/wearable_robot_interfaces' returned '0': CMAKE_PREFIX_PATH=${CMAKE_PREFIX_PATH}:/opt/ros/foxy /usr/bin/cmake --install /home/kimm/wearable_robot_ws/build/wearable_robot_interfaces
