[0.105s] Invoking command in '/home/kimm/wearable_robot_ws/build/wearable_robot_interfaces': CMAKE_PREFIX_PATH=${CMAKE_PREFIX_PATH}:/opt/ros/foxy /usr/bin/cmake /home/kimm/wearable_robot_ws/src/wearable_robot_interfaces -DAMENT_CMAKE_SYMLINK_INSTALL=1 -DCMAKE_INSTALL_PREFIX=/home/kimm/wearable_robot_ws/install/wearable_robot_interfaces
[0.268s] -- The C compiler identification is GNU 9.4.0
[0.402s] -- The CXX compiler identification is GNU 9.4.0
[0.416s] -- Check for working C compiler: /usr/bin/cc
[0.582s] -- Check for working C compiler: /usr/bin/cc -- works
[0.582s] -- Detecting C compiler ABI info
[0.770s] -- Detecting C compiler ABI info - done
[0.833s] -- Detecting C compile features
[0.835s] -- Detecting C compile features - done
[0.846s] -- Check for working CXX compiler: /usr/bin/c++
[1.138s] -- Check for working CXX compiler: /usr/bin/c++ -- works
[1.139s] -- Detecting CXX compiler ABI info
[1.347s] -- Detecting CXX compiler ABI info - done
[1.365s] -- Detecting CXX compile features
[1.366s] -- Detecting CXX compile features - done
[1.371s] -- Found ament_cmake: 0.9.12 (/opt/ros/foxy/share/ament_cmake/cmake)
[1.442s] -- Found PythonInterp: /usr/bin/python3 (found suitable version "3.8.10", minimum required is "3") 
[1.442s] -- Using PYTHON_EXECUTABLE: /usr/bin/python3
[1.870s] -- Override CMake install command with custom implementation using symlinks instead of copying resources
[1.920s] -- Found rosidl_default_generators: 1.0.1 (/opt/ros/foxy/share/rosidl_default_generators/cmake)
[1.934s] -- Using all available rosidl_typesupport_c: rosidl_typesupport_fastrtps_c;rosidl_typesupport_introspection_c
[1.950s] -- Found rosidl_adapter: 1.3.1 (/opt/ros/foxy/share/rosidl_adapter/cmake)
[2.228s] -- Found OpenSSL: /usr/lib/aarch64-linux-gnu/libcrypto.so (found version "1.1.1f")  
[2.295s] -- Found FastRTPS: /opt/ros/foxy/include  
[2.472s] -- Using all available rosidl_typesupport_cpp: rosidl_typesupport_fastrtps_cpp;rosidl_typesupport_introspection_cpp
[2.541s] -- Found std_msgs: 2.0.5 (/opt/ros/foxy/share/std_msgs/cmake)
[2.668s] -- Found PythonInterp: /usr/bin/python3 (found version "3.8.10") 
[3.180s] -- Found ament_cmake_ros: 0.9.2 (/opt/ros/foxy/share/ament_cmake_ros/cmake)
[3.550s] -- Using all available rosidl_typesupport_c: rosidl_typesupport_fastrtps_c;rosidl_typesupport_introspection_c
[3.678s] -- Using all available rosidl_typesupport_cpp: rosidl_typesupport_fastrtps_cpp;rosidl_typesupport_introspection_cpp
[3.738s] -- Found PythonInterp: /usr/bin/python3 (found suitable version "3.8.10", minimum required is "3.5") 
[3.741s] -- Found python_cmake_module: 0.8.1 (/opt/ros/foxy/share/python_cmake_module/cmake)
[3.804s] -- Found PythonLibs: /usr/lib/aarch64-linux-gnu/libpython3.8.so (found suitable version "3.8.10", minimum required is "3.5") 
[3.804s] -- Using PYTHON_EXECUTABLE: /usr/bin/python3
[3.805s] -- Using PYTHON_INCLUDE_DIRS: /usr/include/python3.8
[3.805s] -- Using PYTHON_LIBRARIES: /usr/lib/aarch64-linux-gnu/libpython3.8.so
[3.873s] -- Found PythonExtra: .so  
[4.034s] -- Found ament_lint_auto: 0.9.8 (/opt/ros/foxy/share/ament_lint_auto/cmake)
[4.081s] -- Added test 'copyright' to check source files copyright and LICENSE
[4.087s] -- Added test 'lint_cmake' to check CMake code style
[4.090s] -- Added test 'xmllint' to check XML markup files
[4.107s] -- Configuring done
[4.249s] -- Generating done
[4.286s] -- Build files have been written to: /home/kimm/wearable_robot_ws/build/wearable_robot_interfaces
[4.321s] Invoked command in '/home/kimm/wearable_robot_ws/build/wearable_robot_interfaces' returned '0': CMAKE_PREFIX_PATH=${CMAKE_PREFIX_PATH}:/opt/ros/foxy /usr/bin/cmake /home/kimm/wearable_robot_ws/src/wearable_robot_interfaces -DAMENT_CMAKE_SYMLINK_INSTALL=1 -DCMAKE_INSTALL_PREFIX=/home/kimm/wearable_robot_ws/install/wearable_robot_interfaces
[4.328s] Invoking command in '/home/kimm/wearable_robot_ws/build/wearable_robot_interfaces': CMAKE_PREFIX_PATH=${CMAKE_PREFIX_PATH}:/opt/ros/foxy /usr/bin/cmake --build /home/kimm/wearable_robot_ws/build/wearable_robot_interfaces -- -j8 -l8
[4.432s] [35m[1mScanning dependencies of target wearable_robot_interfaces__cpp[0m
[4.442s] [  1%] [34m[1mGenerating C code for ROS interfaces[0m
[4.464s] [  1%] [34m[1mGenerating C++ code for ROS interfaces[0m
[6.598s] [  1%] Built target wearable_robot_interfaces__cpp
[6.622s] [  4%] [34m[1mGenerating C++ type support for eProsima Fast-RTPS[0m
[6.622s] [  4%] [34m[1mGenerating C++ type support dispatch for ROS interfaces[0m
[6.622s] [  4%] [34m[1mGenerating C++ introspection for ROS interfaces[0m
[6.632s] [35m[1mScanning dependencies of target wearable_robot_interfaces__rosidl_generator_c[0m
[6.677s] [  5%] [32mBuilding C object CMakeFiles/wearable_robot_interfaces__rosidl_generator_c.dir/rosidl_generator_c/wearable_robot_interfaces/msg/detail/imu_raw_data__functions.c.o[0m
[6.687s] [  6%] [32mBuilding C object CMakeFiles/wearable_robot_interfaces__rosidl_generator_c.dir/rosidl_generator_c/wearable_robot_interfaces/msg/detail/displacement_raw_data__functions.c.o[0m
[6.699s] [  7%] [32mBuilding C object CMakeFiles/wearable_robot_interfaces__rosidl_generator_c.dir/rosidl_generator_c/wearable_robot_interfaces/msg/detail/imu_data__functions.c.o[0m
[6.742s] [  8%] [32mBuilding C object CMakeFiles/wearable_robot_interfaces__rosidl_generator_c.dir/rosidl_generator_c/wearable_robot_interfaces/msg/detail/displacement_data__functions.c.o[0m
[6.759s] [  9%] [32mBuilding C object CMakeFiles/wearable_robot_interfaces__rosidl_generator_c.dir/rosidl_generator_c/wearable_robot_interfaces/msg/detail/imu_type__functions.c.o[0m
[6.878s] [ 10%] [32mBuilding C object CMakeFiles/wearable_robot_interfaces__rosidl_generator_c.dir/rosidl_generator_c/wearable_robot_interfaces/msg/detail/temperature_data__functions.c.o[0m
[6.897s] [ 11%] [32mBuilding C object CMakeFiles/wearable_robot_interfaces__rosidl_generator_c.dir/rosidl_generator_c/wearable_robot_interfaces/msg/detail/actuator_command__functions.c.o[0m
[6.917s] [ 12%] [32mBuilding C object CMakeFiles/wearable_robot_interfaces__rosidl_generator_c.dir/rosidl_generator_c/wearable_robot_interfaces/msg/detail/fan_command__functions.c.o[0m
[6.959s] [ 13%] [32mBuilding C object CMakeFiles/wearable_robot_interfaces__rosidl_generator_c.dir/rosidl_generator_c/wearable_robot_interfaces/msg/detail/can_data__functions.c.o[0m
[6.962s] [ 14%] [32mBuilding C object CMakeFiles/wearable_robot_interfaces__rosidl_generator_c.dir/rosidl_generator_c/wearable_robot_interfaces/msg/detail/joint_state__functions.c.o[0m
[7.142s] [ 15%] [32m[1mLinking C shared library libwearable_robot_interfaces__rosidl_generator_c.so[0m
[7.239s] [ 15%] Built target wearable_robot_interfaces__rosidl_generator_c
[7.269s] [ 17%] [34m[1mGenerating C introspection for ROS interfaces[0m
[7.270s] [ 17%] [34m[1mGenerating C type support dispatch for ROS interfaces[0m
[8.206s] [35m[1mScanning dependencies of target wearable_robot_interfaces__rosidl_typesupport_cpp[0m
[8.267s] [ 18%] [32mBuilding CXX object CMakeFiles/wearable_robot_interfaces__rosidl_typesupport_cpp.dir/rosidl_typesupport_cpp/wearable_robot_interfaces/msg/displacement_data__type_support.cpp.o[0m
[8.267s] [ 19%] [32mBuilding CXX object CMakeFiles/wearable_robot_interfaces__rosidl_typesupport_cpp.dir/rosidl_typesupport_cpp/wearable_robot_interfaces/msg/displacement_raw_data__type_support.cpp.o[0m
[8.281s] [ 20%] [32mBuilding CXX object CMakeFiles/wearable_robot_interfaces__rosidl_typesupport_cpp.dir/rosidl_typesupport_cpp/wearable_robot_interfaces/msg/imu_data__type_support.cpp.o[0m
[8.297s] [ 21%] [32mBuilding CXX object CMakeFiles/wearable_robot_interfaces__rosidl_typesupport_cpp.dir/rosidl_typesupport_cpp/wearable_robot_interfaces/msg/imu_raw_data__type_support.cpp.o[0m
[9.269s] [35m[1mScanning dependencies of target wearable_robot_interfaces__rosidl_typesupport_c[0m
[9.409s] [ 22%] [32mBuilding CXX object CMakeFiles/wearable_robot_interfaces__rosidl_typesupport_c.dir/rosidl_typesupport_c/wearable_robot_interfaces/msg/displacement_raw_data__type_support.cpp.o[0m
[9.441s] [35m[1mScanning dependencies of target wearable_robot_interfaces__rosidl_typesupport_fastrtps_cpp[0m
[9.478s] [35m[1mScanning dependencies of target wearable_robot_interfaces__rosidl_typesupport_introspection_cpp[0m
[9.520s] [ 23%] [32mBuilding CXX object CMakeFiles/wearable_robot_interfaces__rosidl_typesupport_cpp.dir/rosidl_typesupport_cpp/wearable_robot_interfaces/msg/imu_type__type_support.cpp.o[0m
[9.541s] [ 24%] [32mBuilding CXX object CMakeFiles/wearable_robot_interfaces__rosidl_typesupport_introspection_cpp.dir/rosidl_typesupport_introspection_cpp/wearable_robot_interfaces/msg/detail/displacement_raw_data__type_support.cpp.o[0m
[9.544s] [ 25%] [32mBuilding CXX object CMakeFiles/wearable_robot_interfaces__rosidl_typesupport_cpp.dir/rosidl_typesupport_cpp/wearable_robot_interfaces/msg/temperature_data__type_support.cpp.o[0m
[9.553s] [ 26%] [32mBuilding CXX object CMakeFiles/wearable_robot_interfaces__rosidl_typesupport_fastrtps_cpp.dir/rosidl_typesupport_fastrtps_cpp/wearable_robot_interfaces/msg/detail/dds_fastrtps/displacement_raw_data__type_support.cpp.o[0m
[9.582s] [ 27%] [32mBuilding CXX object CMakeFiles/wearable_robot_interfaces__rosidl_typesupport_c.dir/rosidl_typesupport_c/wearable_robot_interfaces/msg/imu_raw_data__type_support.cpp.o[0m
[9.718s] [ 28%] [32mBuilding CXX object CMakeFiles/wearable_robot_interfaces__rosidl_typesupport_fastrtps_cpp.dir/rosidl_typesupport_fastrtps_cpp/wearable_robot_interfaces/msg/detail/dds_fastrtps/imu_raw_data__type_support.cpp.o[0m
[9.725s] [ 29%] [32mBuilding CXX object CMakeFiles/wearable_robot_interfaces__rosidl_typesupport_c.dir/rosidl_typesupport_c/wearable_robot_interfaces/msg/displacement_data__type_support.cpp.o[0m
[9.768s] [ 29%] [32mBuilding CXX object CMakeFiles/wearable_robot_interfaces__rosidl_typesupport_fastrtps_cpp.dir/rosidl_typesupport_fastrtps_cpp/wearable_robot_interfaces/msg/detail/dds_fastrtps/displacement_data__type_support.cpp.o[0m
[9.849s] [ 30%] [32mBuilding CXX object CMakeFiles/wearable_robot_interfaces__rosidl_typesupport_c.dir/rosidl_typesupport_c/wearable_robot_interfaces/msg/imu_data__type_support.cpp.o[0m
[10.070s] [ 31%] [32mBuilding CXX object CMakeFiles/wearable_robot_interfaces__rosidl_typesupport_c.dir/rosidl_typesupport_c/wearable_robot_interfaces/msg/imu_type__type_support.cpp.o[0m
[10.205s] [35m[1mScanning dependencies of target wearable_robot_interfaces__rosidl_typesupport_introspection_c[0m
[10.223s] [ 32%] [32mBuilding CXX object CMakeFiles/wearable_robot_interfaces__rosidl_typesupport_c.dir/rosidl_typesupport_c/wearable_robot_interfaces/msg/temperature_data__type_support.cpp.o[0m
[10.338s] [ 33%] [32mBuilding C object CMakeFiles/wearable_robot_interfaces__rosidl_typesupport_introspection_c.dir/rosidl_typesupport_introspection_c/wearable_robot_interfaces/msg/detail/displacement_raw_data__type_support.c.o[0m
[10.419s] [ 34%] [32mBuilding CXX object CMakeFiles/wearable_robot_interfaces__rosidl_typesupport_c.dir/rosidl_typesupport_c/wearable_robot_interfaces/msg/actuator_command__type_support.cpp.o[0m
[10.447s] [ 35%] [32mBuilding CXX object CMakeFiles/wearable_robot_interfaces__rosidl_typesupport_cpp.dir/rosidl_typesupport_cpp/wearable_robot_interfaces/msg/actuator_command__type_support.cpp.o[0m
[10.504s] [ 36%] [32mBuilding C object CMakeFiles/wearable_robot_interfaces__rosidl_typesupport_introspection_c.dir/rosidl_typesupport_introspection_c/wearable_robot_interfaces/msg/detail/imu_raw_data__type_support.c.o[0m
[10.546s] [ 37%] [32mBuilding CXX object CMakeFiles/wearable_robot_interfaces__rosidl_typesupport_c.dir/rosidl_typesupport_c/wearable_robot_interfaces/msg/fan_command__type_support.cpp.o[0m
[10.603s] [ 38%] [32mBuilding CXX object CMakeFiles/wearable_robot_interfaces__rosidl_typesupport_cpp.dir/rosidl_typesupport_cpp/wearable_robot_interfaces/msg/fan_command__type_support.cpp.o[0m
[10.619s] [ 39%] [32mBuilding C object CMakeFiles/wearable_robot_interfaces__rosidl_typesupport_introspection_c.dir/rosidl_typesupport_introspection_c/wearable_robot_interfaces/msg/detail/displacement_data__type_support.c.o[0m
[10.655s] [ 40%] [32mBuilding CXX object CMakeFiles/wearable_robot_interfaces__rosidl_typesupport_introspection_cpp.dir/rosidl_typesupport_introspection_cpp/wearable_robot_interfaces/msg/detail/imu_raw_data__type_support.cpp.o[0m
[10.686s] [ 40%] [32mBuilding CXX object CMakeFiles/wearable_robot_interfaces__rosidl_typesupport_c.dir/rosidl_typesupport_c/wearable_robot_interfaces/msg/can_data__type_support.cpp.o[0m
[10.825s] [ 41%] [32mBuilding C object CMakeFiles/wearable_robot_interfaces__rosidl_typesupport_introspection_c.dir/rosidl_typesupport_introspection_c/wearable_robot_interfaces/msg/detail/imu_data__type_support.c.o[0m
[10.853s] [ 42%] [32mBuilding CXX object CMakeFiles/wearable_robot_interfaces__rosidl_typesupport_c.dir/rosidl_typesupport_c/wearable_robot_interfaces/msg/joint_state__type_support.cpp.o[0m
[11.041s] [ 43%] [32m[1mLinking CXX shared library libwearable_robot_interfaces__rosidl_typesupport_c.so[0m
[11.073s] [ 44%] [32mBuilding C object CMakeFiles/wearable_robot_interfaces__rosidl_typesupport_introspection_c.dir/rosidl_typesupport_introspection_c/wearable_robot_interfaces/msg/detail/imu_type__type_support.c.o[0m
[11.147s] [ 45%] [32mBuilding C object CMakeFiles/wearable_robot_interfaces__rosidl_typesupport_introspection_c.dir/rosidl_typesupport_introspection_c/wearable_robot_interfaces/msg/detail/temperature_data__type_support.c.o[0m
[11.205s] [ 46%] [32mBuilding C object CMakeFiles/wearable_robot_interfaces__rosidl_typesupport_introspection_c.dir/rosidl_typesupport_introspection_c/wearable_robot_interfaces/msg/detail/actuator_command__type_support.c.o[0m
[11.326s] [ 46%] Built target wearable_robot_interfaces__rosidl_typesupport_c
[11.342s] [ 47%] [32mBuilding C object CMakeFiles/wearable_robot_interfaces__rosidl_typesupport_introspection_c.dir/rosidl_typesupport_introspection_c/wearable_robot_interfaces/msg/detail/fan_command__type_support.c.o[0m
[11.361s] [ 48%] [32mBuilding C object CMakeFiles/wearable_robot_interfaces__rosidl_typesupport_introspection_c.dir/rosidl_typesupport_introspection_c/wearable_robot_interfaces/msg/detail/joint_state__type_support.c.o[0m
[11.401s] [ 49%] [32mBuilding C object CMakeFiles/wearable_robot_interfaces__rosidl_typesupport_introspection_c.dir/rosidl_typesupport_introspection_c/wearable_robot_interfaces/msg/detail/can_data__type_support.c.o[0m
[11.473s] [ 50%] [32mBuilding CXX object CMakeFiles/wearable_robot_interfaces__rosidl_typesupport_fastrtps_cpp.dir/rosidl_typesupport_fastrtps_cpp/wearable_robot_interfaces/msg/detail/dds_fastrtps/imu_data__type_support.cpp.o[0m
[11.494s] [ 52%] [32mBuilding CXX object CMakeFiles/wearable_robot_interfaces__rosidl_typesupport_cpp.dir/rosidl_typesupport_cpp/wearable_robot_interfaces/msg/can_data__type_support.cpp.o[0m
[11.494s] [ 52%] [32mBuilding CXX object CMakeFiles/wearable_robot_interfaces__rosidl_typesupport_fastrtps_cpp.dir/rosidl_typesupport_fastrtps_cpp/wearable_robot_interfaces/msg/detail/dds_fastrtps/imu_type__type_support.cpp.o[0m
[11.531s] [ 53%] [32mBuilding CXX object CMakeFiles/wearable_robot_interfaces__rosidl_typesupport_fastrtps_cpp.dir/rosidl_typesupport_fastrtps_cpp/wearable_robot_interfaces/msg/detail/dds_fastrtps/temperature_data__type_support.cpp.o[0m
[11.641s] [ 54%] [32m[1mLinking C shared library libwearable_robot_interfaces__rosidl_typesupport_introspection_c.so[0m
[11.679s] [ 55%] [32mBuilding CXX object CMakeFiles/wearable_robot_interfaces__rosidl_typesupport_cpp.dir/rosidl_typesupport_cpp/wearable_robot_interfaces/msg/joint_state__type_support.cpp.o[0m
[11.776s] [ 56%] [32mBuilding CXX object CMakeFiles/wearable_robot_interfaces__rosidl_typesupport_fastrtps_cpp.dir/rosidl_typesupport_fastrtps_cpp/wearable_robot_interfaces/msg/detail/dds_fastrtps/actuator_command__type_support.cpp.o[0m
[11.844s] [ 57%] [32mBuilding CXX object CMakeFiles/wearable_robot_interfaces__rosidl_typesupport_introspection_cpp.dir/rosidl_typesupport_introspection_cpp/wearable_robot_interfaces/msg/detail/displacement_data__type_support.cpp.o[0m
[11.880s] [ 57%] Built target wearable_robot_interfaces__rosidl_typesupport_introspection_c
[11.906s] [ 58%] [32mBuilding CXX object CMakeFiles/wearable_robot_interfaces__rosidl_typesupport_introspection_cpp.dir/rosidl_typesupport_introspection_cpp/wearable_robot_interfaces/msg/detail/imu_data__type_support.cpp.o[0m
[12.838s] [ 59%] [32mBuilding CXX object CMakeFiles/wearable_robot_interfaces__rosidl_typesupport_fastrtps_cpp.dir/rosidl_typesupport_fastrtps_cpp/wearable_robot_interfaces/msg/detail/dds_fastrtps/fan_command__type_support.cpp.o[0m
[12.914s] [ 60%] [32mBuilding CXX object CMakeFiles/wearable_robot_interfaces__rosidl_typesupport_fastrtps_cpp.dir/rosidl_typesupport_fastrtps_cpp/wearable_robot_interfaces/msg/detail/dds_fastrtps/can_data__type_support.cpp.o[0m
[12.990s] [ 61%] [32m[1mLinking CXX shared library libwearable_robot_interfaces__rosidl_typesupport_cpp.so[0m
[13.054s] [ 62%] [32mBuilding CXX object CMakeFiles/wearable_robot_interfaces__rosidl_typesupport_introspection_cpp.dir/rosidl_typesupport_introspection_cpp/wearable_robot_interfaces/msg/detail/imu_type__type_support.cpp.o[0m
[13.272s] [ 62%] Built target wearable_robot_interfaces__rosidl_typesupport_cpp
[13.346s] [ 63%] [32mBuilding CXX object CMakeFiles/wearable_robot_interfaces__rosidl_typesupport_introspection_cpp.dir/rosidl_typesupport_introspection_cpp/wearable_robot_interfaces/msg/detail/temperature_data__type_support.cpp.o[0m
[13.451s] [ 64%] [32mBuilding CXX object CMakeFiles/wearable_robot_interfaces__rosidl_typesupport_introspection_cpp.dir/rosidl_typesupport_introspection_cpp/wearable_robot_interfaces/msg/detail/actuator_command__type_support.cpp.o[0m
[13.454s] [ 65%] [32mBuilding CXX object CMakeFiles/wearable_robot_interfaces__rosidl_typesupport_fastrtps_cpp.dir/rosidl_typesupport_fastrtps_cpp/wearable_robot_interfaces/msg/detail/dds_fastrtps/joint_state__type_support.cpp.o[0m
[13.515s] [ 66%] [32mBuilding CXX object CMakeFiles/wearable_robot_interfaces__rosidl_typesupport_introspection_cpp.dir/rosidl_typesupport_introspection_cpp/wearable_robot_interfaces/msg/detail/fan_command__type_support.cpp.o[0m
[13.541s] [ 67%] [32mBuilding CXX object CMakeFiles/wearable_robot_interfaces__rosidl_typesupport_introspection_cpp.dir/rosidl_typesupport_introspection_cpp/wearable_robot_interfaces/msg/detail/can_data__type_support.cpp.o[0m
[14.125s] [ 68%] [32mBuilding CXX object CMakeFiles/wearable_robot_interfaces__rosidl_typesupport_introspection_cpp.dir/rosidl_typesupport_introspection_cpp/wearable_robot_interfaces/msg/detail/joint_state__type_support.cpp.o[0m
[14.975s] [ 69%] [32m[1mLinking CXX shared library libwearable_robot_interfaces__rosidl_typesupport_fastrtps_cpp.so[0m
[15.015s] [ 70%] [32m[1mLinking CXX shared library libwearable_robot_interfaces__rosidl_typesupport_introspection_cpp.so[0m
[15.213s] [ 70%] Built target wearable_robot_interfaces__rosidl_typesupport_fastrtps_cpp
[15.221s] [ 70%] Built target wearable_robot_interfaces__rosidl_typesupport_introspection_cpp
[15.240s] [ 71%] [34m[1mGenerating C type support for eProsima Fast-RTPS[0m
[17.098s] [35m[1mScanning dependencies of target wearable_robot_interfaces__rosidl_typesupport_fastrtps_c[0m
[17.154s] [ 72%] [32mBuilding CXX object CMakeFiles/wearable_robot_interfaces__rosidl_typesupport_fastrtps_c.dir/rosidl_typesupport_fastrtps_c/wearable_robot_interfaces/msg/detail/imu_raw_data__type_support_c.cpp.o[0m
[17.169s] [ 73%] [32mBuilding CXX object CMakeFiles/wearable_robot_interfaces__rosidl_typesupport_fastrtps_c.dir/rosidl_typesupport_fastrtps_c/wearable_robot_interfaces/msg/detail/imu_data__type_support_c.cpp.o[0m
[17.169s] [ 74%] [32mBuilding CXX object CMakeFiles/wearable_robot_interfaces__rosidl_typesupport_fastrtps_c.dir/rosidl_typesupport_fastrtps_c/wearable_robot_interfaces/msg/detail/displacement_raw_data__type_support_c.cpp.o[0m
[17.176s] [ 75%] [32mBuilding CXX object CMakeFiles/wearable_robot_interfaces__rosidl_typesupport_fastrtps_c.dir/rosidl_typesupport_fastrtps_c/wearable_robot_interfaces/msg/detail/displacement_data__type_support_c.cpp.o[0m
[17.186s] [ 76%] [32mBuilding CXX object CMakeFiles/wearable_robot_interfaces__rosidl_typesupport_fastrtps_c.dir/rosidl_typesupport_fastrtps_c/wearable_robot_interfaces/msg/detail/temperature_data__type_support_c.cpp.o[0m
[17.186s] [ 77%] [32mBuilding CXX object CMakeFiles/wearable_robot_interfaces__rosidl_typesupport_fastrtps_c.dir/rosidl_typesupport_fastrtps_c/wearable_robot_interfaces/msg/detail/imu_type__type_support_c.cpp.o[0m
[17.198s] [ 78%] [32mBuilding CXX object CMakeFiles/wearable_robot_interfaces__rosidl_typesupport_fastrtps_c.dir/rosidl_typesupport_fastrtps_c/wearable_robot_interfaces/msg/detail/actuator_command__type_support_c.cpp.o[0m
[17.283s] [ 79%] [32mBuilding CXX object CMakeFiles/wearable_robot_interfaces__rosidl_typesupport_fastrtps_c.dir/rosidl_typesupport_fastrtps_c/wearable_robot_interfaces/msg/detail/fan_command__type_support_c.cpp.o[0m
[18.604s] [ 80%] [32mBuilding CXX object CMakeFiles/wearable_robot_interfaces__rosidl_typesupport_fastrtps_c.dir/rosidl_typesupport_fastrtps_c/wearable_robot_interfaces/msg/detail/can_data__type_support_c.cpp.o[0m
[18.666s] [ 81%] [32mBuilding CXX object CMakeFiles/wearable_robot_interfaces__rosidl_typesupport_fastrtps_c.dir/rosidl_typesupport_fastrtps_c/wearable_robot_interfaces/msg/detail/joint_state__type_support_c.cpp.o[0m
[19.606s] [ 82%] [32m[1mLinking CXX shared library libwearable_robot_interfaces__rosidl_typesupport_fastrtps_c.so[0m
[19.829s] [ 82%] Built target wearable_robot_interfaces__rosidl_typesupport_fastrtps_c
[19.852s] [35m[1mScanning dependencies of target wearable_robot_interfaces[0m
[19.879s] [ 82%] Built target wearable_robot_interfaces
[19.908s] [35m[1mScanning dependencies of target wearable_robot_interfaces__py[0m
[19.940s] [ 83%] [34m[1mGenerating Python code for ROS interfaces[0m
[23.665s] [ 83%] Built target wearable_robot_interfaces__py
[23.691s] [35m[1mScanning dependencies of target wearable_robot_interfaces__python[0m
[23.773s] [ 84%] [32mBuilding C object CMakeFiles/wearable_robot_interfaces__python.dir/rosidl_generator_py/wearable_robot_interfaces/msg/_displacement_data_s.c.o[0m
[23.774s] [ 85%] [32mBuilding C object CMakeFiles/wearable_robot_interfaces__python.dir/rosidl_generator_py/wearable_robot_interfaces/msg/_displacement_raw_data_s.c.o[0m
[23.776s] [ 86%] [32mBuilding C object CMakeFiles/wearable_robot_interfaces__python.dir/rosidl_generator_py/wearable_robot_interfaces/msg/_imu_raw_data_s.c.o[0m
[23.798s] [ 87%] [32mBuilding C object CMakeFiles/wearable_robot_interfaces__python.dir/rosidl_generator_py/wearable_robot_interfaces/msg/_imu_type_s.c.o[0m
[23.803s] [ 88%] [32mBuilding C object CMakeFiles/wearable_robot_interfaces__python.dir/rosidl_generator_py/wearable_robot_interfaces/msg/_temperature_data_s.c.o[0m
[23.809s] [ 89%] [32mBuilding C object CMakeFiles/wearable_robot_interfaces__python.dir/rosidl_generator_py/wearable_robot_interfaces/msg/_imu_data_s.c.o[0m
[23.827s] [ 90%] [32mBuilding C object CMakeFiles/wearable_robot_interfaces__python.dir/rosidl_generator_py/wearable_robot_interfaces/msg/_actuator_command_s.c.o[0m
[23.950s] [ 91%] [32mBuilding C object CMakeFiles/wearable_robot_interfaces__python.dir/rosidl_generator_py/wearable_robot_interfaces/msg/_fan_command_s.c.o[0m
[24.144s] [ 92%] [32mBuilding C object CMakeFiles/wearable_robot_interfaces__python.dir/rosidl_generator_py/wearable_robot_interfaces/msg/_can_data_s.c.o[0m
[24.160s] [ 93%] [32mBuilding C object CMakeFiles/wearable_robot_interfaces__python.dir/rosidl_generator_py/wearable_robot_interfaces/msg/_joint_state_s.c.o[0m
[24.408s] [ 94%] [32m[1mLinking C shared library rosidl_generator_py/wearable_robot_interfaces/libwearable_robot_interfaces__python.so[0m
[24.514s] [ 94%] Built target wearable_robot_interfaces__python
[24.538s] [35m[1mScanning dependencies of target wearable_robot_interfaces__rosidl_typesupport_introspection_c__pyext[0m
[24.538s] [35m[1mScanning dependencies of target wearable_robot_interfaces__rosidl_typesupport_fastrtps_c__pyext[0m
[24.539s] [35m[1mScanning dependencies of target wearable_robot_interfaces__rosidl_typesupport_c__pyext[0m
[24.588s] [ 95%] [32mBuilding C object CMakeFiles/wearable_robot_interfaces__rosidl_typesupport_c__pyext.dir/rosidl_generator_py/wearable_robot_interfaces/_wearable_robot_interfaces_s.ep.rosidl_typesupport_c.c.o[0m
[24.593s] [ 96%] [32mBuilding C object CMakeFiles/wearable_robot_interfaces__rosidl_typesupport_fastrtps_c__pyext.dir/rosidl_generator_py/wearable_robot_interfaces/_wearable_robot_interfaces_s.ep.rosidl_typesupport_fastrtps_c.c.o[0m
[24.628s] [ 97%] [32mBuilding C object CMakeFiles/wearable_robot_interfaces__rosidl_typesupport_introspection_c__pyext.dir/rosidl_generator_py/wearable_robot_interfaces/_wearable_robot_interfaces_s.ep.rosidl_typesupport_introspection_c.c.o[0m
[24.844s] [ 98%] [32m[1mLinking C shared library rosidl_generator_py/wearable_robot_interfaces/wearable_robot_interfaces_s__rosidl_typesupport_c.cpython-38-aarch64-linux-gnu.so[0m
[24.907s] [ 99%] [32m[1mLinking C shared library rosidl_generator_py/wearable_robot_interfaces/wearable_robot_interfaces_s__rosidl_typesupport_introspection_c.cpython-38-aarch64-linux-gnu.so[0m
[24.923s] [100%] [32m[1mLinking CXX shared library rosidl_generator_py/wearable_robot_interfaces/wearable_robot_interfaces_s__rosidl_typesupport_fastrtps_c.cpython-38-aarch64-linux-gnu.so[0m
[24.944s] [100%] Built target wearable_robot_interfaces__rosidl_typesupport_c__pyext
[25.016s] [100%] Built target wearable_robot_interfaces__rosidl_typesupport_introspection_c__pyext
[25.071s] [100%] Built target wearable_robot_interfaces__rosidl_typesupport_fastrtps_c__pyext
[25.103s] Invoked command in '/home/kimm/wearable_robot_ws/build/wearable_robot_interfaces' returned '0': CMAKE_PREFIX_PATH=${CMAKE_PREFIX_PATH}:/opt/ros/foxy /usr/bin/cmake --build /home/kimm/wearable_robot_ws/build/wearable_robot_interfaces -- -j8 -l8
[25.111s] Invoking command in '/home/kimm/wearable_robot_ws/build/wearable_robot_interfaces': CMAKE_PREFIX_PATH=${CMAKE_PREFIX_PATH}:/opt/ros/foxy /usr/bin/cmake --install /home/kimm/wearable_robot_ws/build/wearable_robot_interfaces
[25.134s] -- Install configuration: ""
[25.134s] -- Execute custom install script
[25.135s] -- Symlinking: /home/kimm/wearable_robot_ws/install/wearable_robot_interfaces/share/ament_index/resource_index/rosidl_interfaces/wearable_robot_interfaces
[25.159s] -- Symlinking: /home/kimm/wearable_robot_ws/install/wearable_robot_interfaces/include/wearable_robot_interfaces/msg/actuator_command.h
[25.184s] -- Symlinking: /home/kimm/wearable_robot_ws/install/wearable_robot_interfaces/include/wearable_robot_interfaces/msg/can_data.h
[25.205s] -- Symlinking: /home/kimm/wearable_robot_ws/install/wearable_robot_interfaces/include/wearable_robot_interfaces/msg/detail/actuator_command__functions.h
[25.226s] -- Symlinking: /home/kimm/wearable_robot_ws/install/wearable_robot_interfaces/include/wearable_robot_interfaces/msg/detail/actuator_command__struct.h
[25.247s] -- Symlinking: /home/kimm/wearable_robot_ws/install/wearable_robot_interfaces/include/wearable_robot_interfaces/msg/detail/actuator_command__type_support.h
[25.269s] -- Symlinking: /home/kimm/wearable_robot_ws/install/wearable_robot_interfaces/include/wearable_robot_interfaces/msg/detail/can_data__functions.h
[25.291s] -- Symlinking: /home/kimm/wearable_robot_ws/install/wearable_robot_interfaces/include/wearable_robot_interfaces/msg/detail/can_data__struct.h
[25.315s] -- Symlinking: /home/kimm/wearable_robot_ws/install/wearable_robot_interfaces/include/wearable_robot_interfaces/msg/detail/can_data__type_support.h
[25.338s] -- Symlinking: /home/kimm/wearable_robot_ws/install/wearable_robot_interfaces/include/wearable_robot_interfaces/msg/detail/displacement_data__functions.h
[25.359s] -- Symlinking: /home/kimm/wearable_robot_ws/install/wearable_robot_interfaces/include/wearable_robot_interfaces/msg/detail/displacement_data__struct.h
[25.383s] -- Symlinking: /home/kimm/wearable_robot_ws/install/wearable_robot_interfaces/include/wearable_robot_interfaces/msg/detail/displacement_data__type_support.h
[25.406s] -- Symlinking: /home/kimm/wearable_robot_ws/install/wearable_robot_interfaces/include/wearable_robot_interfaces/msg/detail/displacement_raw_data__functions.h
[25.433s] -- Symlinking: /home/kimm/wearable_robot_ws/install/wearable_robot_interfaces/include/wearable_robot_interfaces/msg/detail/displacement_raw_data__struct.h
[25.453s] -- Symlinking: /home/kimm/wearable_robot_ws/install/wearable_robot_interfaces/include/wearable_robot_interfaces/msg/detail/displacement_raw_data__type_support.h
[25.474s] -- Symlinking: /home/kimm/wearable_robot_ws/install/wearable_robot_interfaces/include/wearable_robot_interfaces/msg/detail/fan_command__functions.h
[25.501s] -- Symlinking: /home/kimm/wearable_robot_ws/install/wearable_robot_interfaces/include/wearable_robot_interfaces/msg/detail/fan_command__struct.h
[25.525s] -- Symlinking: /home/kimm/wearable_robot_ws/install/wearable_robot_interfaces/include/wearable_robot_interfaces/msg/detail/fan_command__type_support.h
[25.549s] -- Symlinking: /home/kimm/wearable_robot_ws/install/wearable_robot_interfaces/include/wearable_robot_interfaces/msg/detail/imu_data__functions.h
[25.574s] -- Symlinking: /home/kimm/wearable_robot_ws/install/wearable_robot_interfaces/include/wearable_robot_interfaces/msg/detail/imu_data__struct.h
[25.595s] -- Symlinking: /home/kimm/wearable_robot_ws/install/wearable_robot_interfaces/include/wearable_robot_interfaces/msg/detail/imu_data__type_support.h
[25.620s] -- Symlinking: /home/kimm/wearable_robot_ws/install/wearable_robot_interfaces/include/wearable_robot_interfaces/msg/detail/imu_raw_data__functions.h
[25.644s] -- Symlinking: /home/kimm/wearable_robot_ws/install/wearable_robot_interfaces/include/wearable_robot_interfaces/msg/detail/imu_raw_data__struct.h
[25.665s] -- Symlinking: /home/kimm/wearable_robot_ws/install/wearable_robot_interfaces/include/wearable_robot_interfaces/msg/detail/imu_raw_data__type_support.h
[25.691s] -- Symlinking: /home/kimm/wearable_robot_ws/install/wearable_robot_interfaces/include/wearable_robot_interfaces/msg/detail/imu_type__functions.h
[25.713s] -- Symlinking: /home/kimm/wearable_robot_ws/install/wearable_robot_interfaces/include/wearable_robot_interfaces/msg/detail/imu_type__struct.h
[25.734s] -- Symlinking: /home/kimm/wearable_robot_ws/install/wearable_robot_interfaces/include/wearable_robot_interfaces/msg/detail/imu_type__type_support.h
[25.754s] -- Symlinking: /home/kimm/wearable_robot_ws/install/wearable_robot_interfaces/include/wearable_robot_interfaces/msg/detail/joint_state__functions.h
[25.776s] -- Symlinking: /home/kimm/wearable_robot_ws/install/wearable_robot_interfaces/include/wearable_robot_interfaces/msg/detail/joint_state__struct.h
[25.799s] -- Symlinking: /home/kimm/wearable_robot_ws/install/wearable_robot_interfaces/include/wearable_robot_interfaces/msg/detail/joint_state__type_support.h
[25.826s] -- Symlinking: /home/kimm/wearable_robot_ws/install/wearable_robot_interfaces/include/wearable_robot_interfaces/msg/detail/temperature_data__functions.h
[25.848s] -- Symlinking: /home/kimm/wearable_robot_ws/install/wearable_robot_interfaces/include/wearable_robot_interfaces/msg/detail/temperature_data__struct.h
[25.871s] -- Symlinking: /home/kimm/wearable_robot_ws/install/wearable_robot_interfaces/include/wearable_robot_interfaces/msg/detail/temperature_data__type_support.h
[25.895s] -- Symlinking: /home/kimm/wearable_robot_ws/install/wearable_robot_interfaces/include/wearable_robot_interfaces/msg/displacement_data.h
[25.917s] -- Symlinking: /home/kimm/wearable_robot_ws/install/wearable_robot_interfaces/include/wearable_robot_interfaces/msg/displacement_raw_data.h
[25.937s] -- Symlinking: /home/kimm/wearable_robot_ws/install/wearable_robot_interfaces/include/wearable_robot_interfaces/msg/fan_command.h
[25.958s] -- Symlinking: /home/kimm/wearable_robot_ws/install/wearable_robot_interfaces/include/wearable_robot_interfaces/msg/imu_data.h
[25.979s] -- Symlinking: /home/kimm/wearable_robot_ws/install/wearable_robot_interfaces/include/wearable_robot_interfaces/msg/imu_raw_data.h
[26.009s] -- Symlinking: /home/kimm/wearable_robot_ws/install/wearable_robot_interfaces/include/wearable_robot_interfaces/msg/imu_type.h
[26.030s] -- Symlinking: /home/kimm/wearable_robot_ws/install/wearable_robot_interfaces/include/wearable_robot_interfaces/msg/joint_state.h
[26.054s] -- Symlinking: /home/kimm/wearable_robot_ws/install/wearable_robot_interfaces/include/wearable_robot_interfaces/msg/rosidl_generator_c__visibility_control.h
[26.076s] -- Symlinking: /home/kimm/wearable_robot_ws/install/wearable_robot_interfaces/include/wearable_robot_interfaces/msg/temperature_data.h
[26.098s] -- Symlinking: /home/kimm/wearable_robot_ws/install/wearable_robot_interfaces/share/wearable_robot_interfaces/environment/library_path.sh
[26.121s] -- Symlinking: /home/kimm/wearable_robot_ws/install/wearable_robot_interfaces/share/wearable_robot_interfaces/environment/library_path.dsv
[26.150s] -- Symlinking: /home/kimm/wearable_robot_ws/install/wearable_robot_interfaces/include/wearable_robot_interfaces/msg/detail/actuator_command__rosidl_typesupport_fastrtps_c.h
[26.169s] -- Symlinking: /home/kimm/wearable_robot_ws/install/wearable_robot_interfaces/include/wearable_robot_interfaces/msg/detail/can_data__rosidl_typesupport_fastrtps_c.h
[26.191s] -- Symlinking: /home/kimm/wearable_robot_ws/install/wearable_robot_interfaces/include/wearable_robot_interfaces/msg/detail/displacement_data__rosidl_typesupport_fastrtps_c.h
[26.214s] -- Symlinking: /home/kimm/wearable_robot_ws/install/wearable_robot_interfaces/include/wearable_robot_interfaces/msg/detail/displacement_raw_data__rosidl_typesupport_fastrtps_c.h
[26.234s] -- Symlinking: /home/kimm/wearable_robot_ws/install/wearable_robot_interfaces/include/wearable_robot_interfaces/msg/detail/fan_command__rosidl_typesupport_fastrtps_c.h
[26.256s] -- Symlinking: /home/kimm/wearable_robot_ws/install/wearable_robot_interfaces/include/wearable_robot_interfaces/msg/detail/imu_data__rosidl_typesupport_fastrtps_c.h
[26.279s] -- Symlinking: /home/kimm/wearable_robot_ws/install/wearable_robot_interfaces/include/wearable_robot_interfaces/msg/detail/imu_raw_data__rosidl_typesupport_fastrtps_c.h
[26.302s] -- Symlinking: /home/kimm/wearable_robot_ws/install/wearable_robot_interfaces/include/wearable_robot_interfaces/msg/detail/imu_type__rosidl_typesupport_fastrtps_c.h
[26.324s] -- Symlinking: /home/kimm/wearable_robot_ws/install/wearable_robot_interfaces/include/wearable_robot_interfaces/msg/detail/joint_state__rosidl_typesupport_fastrtps_c.h
[26.344s] -- Symlinking: /home/kimm/wearable_robot_ws/install/wearable_robot_interfaces/include/wearable_robot_interfaces/msg/detail/temperature_data__rosidl_typesupport_fastrtps_c.h
[26.367s] -- Symlinking: /home/kimm/wearable_robot_ws/install/wearable_robot_interfaces/include/wearable_robot_interfaces/msg/rosidl_typesupport_fastrtps_c__visibility_control.h
[26.392s] -- Symlinking: /home/kimm/wearable_robot_ws/install/wearable_robot_interfaces/lib/libwearable_robot_interfaces__rosidl_typesupport_fastrtps_c.so
[26.414s] -- Symlinking: /home/kimm/wearable_robot_ws/install/wearable_robot_interfaces/include/wearable_robot_interfaces/msg/detail/actuator_command__rosidl_typesupport_fastrtps_cpp.hpp
[26.439s] -- Symlinking: /home/kimm/wearable_robot_ws/install/wearable_robot_interfaces/include/wearable_robot_interfaces/msg/detail/can_data__rosidl_typesupport_fastrtps_cpp.hpp
[26.467s] -- Symlinking: /home/kimm/wearable_robot_ws/install/wearable_robot_interfaces/include/wearable_robot_interfaces/msg/detail/displacement_data__rosidl_typesupport_fastrtps_cpp.hpp
[26.489s] -- Symlinking: /home/kimm/wearable_robot_ws/install/wearable_robot_interfaces/include/wearable_robot_interfaces/msg/detail/displacement_raw_data__rosidl_typesupport_fastrtps_cpp.hpp
[26.515s] -- Symlinking: /home/kimm/wearable_robot_ws/install/wearable_robot_interfaces/include/wearable_robot_interfaces/msg/detail/fan_command__rosidl_typesupport_fastrtps_cpp.hpp
[26.537s] -- Symlinking: /home/kimm/wearable_robot_ws/install/wearable_robot_interfaces/include/wearable_robot_interfaces/msg/detail/imu_data__rosidl_typesupport_fastrtps_cpp.hpp
[26.559s] -- Symlinking: /home/kimm/wearable_robot_ws/install/wearable_robot_interfaces/include/wearable_robot_interfaces/msg/detail/imu_raw_data__rosidl_typesupport_fastrtps_cpp.hpp
[26.584s] -- Symlinking: /home/kimm/wearable_robot_ws/install/wearable_robot_interfaces/include/wearable_robot_interfaces/msg/detail/imu_type__rosidl_typesupport_fastrtps_cpp.hpp
[26.616s] -- Symlinking: /home/kimm/wearable_robot_ws/install/wearable_robot_interfaces/include/wearable_robot_interfaces/msg/detail/joint_state__rosidl_typesupport_fastrtps_cpp.hpp
[26.638s] -- Symlinking: /home/kimm/wearable_robot_ws/install/wearable_robot_interfaces/include/wearable_robot_interfaces/msg/detail/temperature_data__rosidl_typesupport_fastrtps_cpp.hpp
[26.660s] -- Symlinking: /home/kimm/wearable_robot_ws/install/wearable_robot_interfaces/include/wearable_robot_interfaces/msg/rosidl_typesupport_fastrtps_cpp__visibility_control.h
[26.686s] -- Symlinking: /home/kimm/wearable_robot_ws/install/wearable_robot_interfaces/lib/libwearable_robot_interfaces__rosidl_typesupport_fastrtps_cpp.so
[26.710s] -- Symlinking: /home/kimm/wearable_robot_ws/install/wearable_robot_interfaces/include/wearable_robot_interfaces/msg/detail/actuator_command__rosidl_typesupport_introspection_c.h
[26.733s] -- Symlinking: /home/kimm/wearable_robot_ws/install/wearable_robot_interfaces/include/wearable_robot_interfaces/msg/detail/can_data__rosidl_typesupport_introspection_c.h
[26.755s] -- Symlinking: /home/kimm/wearable_robot_ws/install/wearable_robot_interfaces/include/wearable_robot_interfaces/msg/detail/displacement_data__rosidl_typesupport_introspection_c.h
[26.785s] -- Symlinking: /home/kimm/wearable_robot_ws/install/wearable_robot_interfaces/include/wearable_robot_interfaces/msg/detail/displacement_raw_data__rosidl_typesupport_introspection_c.h
[26.814s] -- Symlinking: /home/kimm/wearable_robot_ws/install/wearable_robot_interfaces/include/wearable_robot_interfaces/msg/detail/fan_command__rosidl_typesupport_introspection_c.h
[26.837s] -- Symlinking: /home/kimm/wearable_robot_ws/install/wearable_robot_interfaces/include/wearable_robot_interfaces/msg/detail/imu_data__rosidl_typesupport_introspection_c.h
[26.862s] -- Symlinking: /home/kimm/wearable_robot_ws/install/wearable_robot_interfaces/include/wearable_robot_interfaces/msg/detail/imu_raw_data__rosidl_typesupport_introspection_c.h
[26.894s] -- Symlinking: /home/kimm/wearable_robot_ws/install/wearable_robot_interfaces/include/wearable_robot_interfaces/msg/detail/imu_type__rosidl_typesupport_introspection_c.h
[26.920s] -- Symlinking: /home/kimm/wearable_robot_ws/install/wearable_robot_interfaces/include/wearable_robot_interfaces/msg/detail/joint_state__rosidl_typesupport_introspection_c.h
[26.944s] -- Symlinking: /home/kimm/wearable_robot_ws/install/wearable_robot_interfaces/include/wearable_robot_interfaces/msg/detail/temperature_data__rosidl_typesupport_introspection_c.h
[26.966s] -- Symlinking: /home/kimm/wearable_robot_ws/install/wearable_robot_interfaces/include/wearable_robot_interfaces/msg/rosidl_typesupport_introspection_c__visibility_control.h
[26.987s] -- Symlinking: /home/kimm/wearable_robot_ws/install/wearable_robot_interfaces/include/wearable_robot_interfaces/msg/actuator_command.hpp
[27.012s] -- Symlinking: /home/kimm/wearable_robot_ws/install/wearable_robot_interfaces/include/wearable_robot_interfaces/msg/can_data.hpp
[27.042s] -- Symlinking: /home/kimm/wearable_robot_ws/install/wearable_robot_interfaces/include/wearable_robot_interfaces/msg/detail/actuator_command__builder.hpp
[27.071s] -- Symlinking: /home/kimm/wearable_robot_ws/install/wearable_robot_interfaces/include/wearable_robot_interfaces/msg/detail/actuator_command__struct.hpp
[27.102s] -- Symlinking: /home/kimm/wearable_robot_ws/install/wearable_robot_interfaces/include/wearable_robot_interfaces/msg/detail/actuator_command__traits.hpp
[27.125s] -- Symlinking: /home/kimm/wearable_robot_ws/install/wearable_robot_interfaces/include/wearable_robot_interfaces/msg/detail/actuator_command__type_support.hpp
[27.149s] -- Symlinking: /home/kimm/wearable_robot_ws/install/wearable_robot_interfaces/include/wearable_robot_interfaces/msg/detail/can_data__builder.hpp
[27.170s] -- Symlinking: /home/kimm/wearable_robot_ws/install/wearable_robot_interfaces/include/wearable_robot_interfaces/msg/detail/can_data__struct.hpp
[27.193s] -- Symlinking: /home/kimm/wearable_robot_ws/install/wearable_robot_interfaces/include/wearable_robot_interfaces/msg/detail/can_data__traits.hpp
[27.214s] -- Symlinking: /home/kimm/wearable_robot_ws/install/wearable_robot_interfaces/include/wearable_robot_interfaces/msg/detail/can_data__type_support.hpp
[27.235s] -- Symlinking: /home/kimm/wearable_robot_ws/install/wearable_robot_interfaces/include/wearable_robot_interfaces/msg/detail/displacement_data__builder.hpp
[27.256s] -- Symlinking: /home/kimm/wearable_robot_ws/install/wearable_robot_interfaces/include/wearable_robot_interfaces/msg/detail/displacement_data__struct.hpp
[27.277s] -- Symlinking: /home/kimm/wearable_robot_ws/install/wearable_robot_interfaces/include/wearable_robot_interfaces/msg/detail/displacement_data__traits.hpp
[27.304s] -- Symlinking: /home/kimm/wearable_robot_ws/install/wearable_robot_interfaces/include/wearable_robot_interfaces/msg/detail/displacement_data__type_support.hpp
[27.324s] -- Symlinking: /home/kimm/wearable_robot_ws/install/wearable_robot_interfaces/include/wearable_robot_interfaces/msg/detail/displacement_raw_data__builder.hpp
[27.348s] -- Symlinking: /home/kimm/wearable_robot_ws/install/wearable_robot_interfaces/include/wearable_robot_interfaces/msg/detail/displacement_raw_data__struct.hpp
[27.371s] -- Symlinking: /home/kimm/wearable_robot_ws/install/wearable_robot_interfaces/include/wearable_robot_interfaces/msg/detail/displacement_raw_data__traits.hpp
[27.396s] -- Symlinking: /home/kimm/wearable_robot_ws/install/wearable_robot_interfaces/include/wearable_robot_interfaces/msg/detail/displacement_raw_data__type_support.hpp
[27.419s] -- Symlinking: /home/kimm/wearable_robot_ws/install/wearable_robot_interfaces/include/wearable_robot_interfaces/msg/detail/fan_command__builder.hpp
[27.449s] -- Symlinking: /home/kimm/wearable_robot_ws/install/wearable_robot_interfaces/include/wearable_robot_interfaces/msg/detail/fan_command__struct.hpp
[27.471s] -- Symlinking: /home/kimm/wearable_robot_ws/install/wearable_robot_interfaces/include/wearable_robot_interfaces/msg/detail/fan_command__traits.hpp
[27.494s] -- Symlinking: /home/kimm/wearable_robot_ws/install/wearable_robot_interfaces/include/wearable_robot_interfaces/msg/detail/fan_command__type_support.hpp
[27.515s] -- Symlinking: /home/kimm/wearable_robot_ws/install/wearable_robot_interfaces/include/wearable_robot_interfaces/msg/detail/imu_data__builder.hpp
[27.537s] -- Symlinking: /home/kimm/wearable_robot_ws/install/wearable_robot_interfaces/include/wearable_robot_interfaces/msg/detail/imu_data__struct.hpp
[27.559s] -- Symlinking: /home/kimm/wearable_robot_ws/install/wearable_robot_interfaces/include/wearable_robot_interfaces/msg/detail/imu_data__traits.hpp
[27.582s] -- Symlinking: /home/kimm/wearable_robot_ws/install/wearable_robot_interfaces/include/wearable_robot_interfaces/msg/detail/imu_data__type_support.hpp
[27.607s] -- Symlinking: /home/kimm/wearable_robot_ws/install/wearable_robot_interfaces/include/wearable_robot_interfaces/msg/detail/imu_raw_data__builder.hpp
[27.632s] -- Symlinking: /home/kimm/wearable_robot_ws/install/wearable_robot_interfaces/include/wearable_robot_interfaces/msg/detail/imu_raw_data__struct.hpp
[27.660s] -- Symlinking: /home/kimm/wearable_robot_ws/install/wearable_robot_interfaces/include/wearable_robot_interfaces/msg/detail/imu_raw_data__traits.hpp
[27.682s] -- Symlinking: /home/kimm/wearable_robot_ws/install/wearable_robot_interfaces/include/wearable_robot_interfaces/msg/detail/imu_raw_data__type_support.hpp
[27.705s] -- Symlinking: /home/kimm/wearable_robot_ws/install/wearable_robot_interfaces/include/wearable_robot_interfaces/msg/detail/imu_type__builder.hpp
[27.728s] -- Symlinking: /home/kimm/wearable_robot_ws/install/wearable_robot_interfaces/include/wearable_robot_interfaces/msg/detail/imu_type__struct.hpp
[27.753s] -- Symlinking: /home/kimm/wearable_robot_ws/install/wearable_robot_interfaces/include/wearable_robot_interfaces/msg/detail/imu_type__traits.hpp
[27.775s] -- Symlinking: /home/kimm/wearable_robot_ws/install/wearable_robot_interfaces/include/wearable_robot_interfaces/msg/detail/imu_type__type_support.hpp
[27.799s] -- Symlinking: /home/kimm/wearable_robot_ws/install/wearable_robot_interfaces/include/wearable_robot_interfaces/msg/detail/joint_state__builder.hpp
[27.820s] -- Symlinking: /home/kimm/wearable_robot_ws/install/wearable_robot_interfaces/include/wearable_robot_interfaces/msg/detail/joint_state__struct.hpp
[27.842s] -- Symlinking: /home/kimm/wearable_robot_ws/install/wearable_robot_interfaces/include/wearable_robot_interfaces/msg/detail/joint_state__traits.hpp
[27.864s] -- Symlinking: /home/kimm/wearable_robot_ws/install/wearable_robot_interfaces/include/wearable_robot_interfaces/msg/detail/joint_state__type_support.hpp
[27.887s] -- Symlinking: /home/kimm/wearable_robot_ws/install/wearable_robot_interfaces/include/wearable_robot_interfaces/msg/detail/temperature_data__builder.hpp
[27.909s] -- Symlinking: /home/kimm/wearable_robot_ws/install/wearable_robot_interfaces/include/wearable_robot_interfaces/msg/detail/temperature_data__struct.hpp
[27.930s] -- Symlinking: /home/kimm/wearable_robot_ws/install/wearable_robot_interfaces/include/wearable_robot_interfaces/msg/detail/temperature_data__traits.hpp
[27.952s] -- Symlinking: /home/kimm/wearable_robot_ws/install/wearable_robot_interfaces/include/wearable_robot_interfaces/msg/detail/temperature_data__type_support.hpp
[27.980s] -- Symlinking: /home/kimm/wearable_robot_ws/install/wearable_robot_interfaces/include/wearable_robot_interfaces/msg/displacement_data.hpp
[28.005s] -- Symlinking: /home/kimm/wearable_robot_ws/install/wearable_robot_interfaces/include/wearable_robot_interfaces/msg/displacement_raw_data.hpp
[28.029s] -- Symlinking: /home/kimm/wearable_robot_ws/install/wearable_robot_interfaces/include/wearable_robot_interfaces/msg/fan_command.hpp
[28.051s] -- Symlinking: /home/kimm/wearable_robot_ws/install/wearable_robot_interfaces/include/wearable_robot_interfaces/msg/imu_data.hpp
[28.075s] -- Symlinking: /home/kimm/wearable_robot_ws/install/wearable_robot_interfaces/include/wearable_robot_interfaces/msg/imu_raw_data.hpp
[28.098s] -- Symlinking: /home/kimm/wearable_robot_ws/install/wearable_robot_interfaces/include/wearable_robot_interfaces/msg/imu_type.hpp
[28.125s] -- Symlinking: /home/kimm/wearable_robot_ws/install/wearable_robot_interfaces/include/wearable_robot_interfaces/msg/joint_state.hpp
[28.148s] -- Symlinking: /home/kimm/wearable_robot_ws/install/wearable_robot_interfaces/include/wearable_robot_interfaces/msg/rosidl_generator_cpp__visibility_control.hpp
[28.172s] -- Symlinking: /home/kimm/wearable_robot_ws/install/wearable_robot_interfaces/include/wearable_robot_interfaces/msg/temperature_data.hpp
[28.195s] -- Symlinking: /home/kimm/wearable_robot_ws/install/wearable_robot_interfaces/include/wearable_robot_interfaces/msg/detail/actuator_command__rosidl_typesupport_introspection_cpp.hpp
[28.218s] -- Symlinking: /home/kimm/wearable_robot_ws/install/wearable_robot_interfaces/include/wearable_robot_interfaces/msg/detail/can_data__rosidl_typesupport_introspection_cpp.hpp
[28.242s] -- Symlinking: /home/kimm/wearable_robot_ws/install/wearable_robot_interfaces/include/wearable_robot_interfaces/msg/detail/displacement_data__rosidl_typesupport_introspection_cpp.hpp
[28.264s] -- Symlinking: /home/kimm/wearable_robot_ws/install/wearable_robot_interfaces/include/wearable_robot_interfaces/msg/detail/displacement_raw_data__rosidl_typesupport_introspection_cpp.hpp
[28.288s] -- Symlinking: /home/kimm/wearable_robot_ws/install/wearable_robot_interfaces/include/wearable_robot_interfaces/msg/detail/fan_command__rosidl_typesupport_introspection_cpp.hpp
[28.311s] -- Symlinking: /home/kimm/wearable_robot_ws/install/wearable_robot_interfaces/include/wearable_robot_interfaces/msg/detail/imu_data__rosidl_typesupport_introspection_cpp.hpp
[28.336s] -- Symlinking: /home/kimm/wearable_robot_ws/install/wearable_robot_interfaces/include/wearable_robot_interfaces/msg/detail/imu_raw_data__rosidl_typesupport_introspection_cpp.hpp
[28.356s] -- Symlinking: /home/kimm/wearable_robot_ws/install/wearable_robot_interfaces/include/wearable_robot_interfaces/msg/detail/imu_type__rosidl_typesupport_introspection_cpp.hpp
[28.381s] -- Symlinking: /home/kimm/wearable_robot_ws/install/wearable_robot_interfaces/include/wearable_robot_interfaces/msg/detail/joint_state__rosidl_typesupport_introspection_cpp.hpp
[28.405s] -- Symlinking: /home/kimm/wearable_robot_ws/install/wearable_robot_interfaces/include/wearable_robot_interfaces/msg/detail/temperature_data__rosidl_typesupport_introspection_cpp.hpp
[28.429s] -- Symlinking: /home/kimm/wearable_robot_ws/install/wearable_robot_interfaces/share/wearable_robot_interfaces/environment/pythonpath.sh
[28.453s] -- Symlinking: /home/kimm/wearable_robot_ws/install/wearable_robot_interfaces/share/wearable_robot_interfaces/environment/pythonpath.dsv
[28.476s] -- Symlinking: /home/kimm/wearable_robot_ws/install/wearable_robot_interfaces/lib/python3.8/site-packages/wearable_robot_interfaces/__init__.py
[28.504s] -- Symlinking: /home/kimm/wearable_robot_ws/install/wearable_robot_interfaces/lib/python3.8/site-packages/wearable_robot_interfaces/msg/__init__.py
[28.534s] -- Symlinking: /home/kimm/wearable_robot_ws/install/wearable_robot_interfaces/lib/python3.8/site-packages/wearable_robot_interfaces/msg/_actuator_command.py
[28.561s] -- Symlinking: /home/kimm/wearable_robot_ws/install/wearable_robot_interfaces/lib/python3.8/site-packages/wearable_robot_interfaces/msg/_can_data.py
[28.591s] -- Symlinking: /home/kimm/wearable_robot_ws/install/wearable_robot_interfaces/lib/python3.8/site-packages/wearable_robot_interfaces/msg/_displacement_data.py
[28.613s] -- Symlinking: /home/kimm/wearable_robot_ws/install/wearable_robot_interfaces/lib/python3.8/site-packages/wearable_robot_interfaces/msg/_displacement_raw_data.py
[28.635s] -- Symlinking: /home/kimm/wearable_robot_ws/install/wearable_robot_interfaces/lib/python3.8/site-packages/wearable_robot_interfaces/msg/_fan_command.py
[28.658s] -- Symlinking: /home/kimm/wearable_robot_ws/install/wearable_robot_interfaces/lib/python3.8/site-packages/wearable_robot_interfaces/msg/_imu_data.py
[28.680s] -- Symlinking: /home/kimm/wearable_robot_ws/install/wearable_robot_interfaces/lib/python3.8/site-packages/wearable_robot_interfaces/msg/_imu_raw_data.py
[28.700s] -- Symlinking: /home/kimm/wearable_robot_ws/install/wearable_robot_interfaces/lib/python3.8/site-packages/wearable_robot_interfaces/msg/_imu_type.py
[28.728s] -- Symlinking: /home/kimm/wearable_robot_ws/install/wearable_robot_interfaces/lib/python3.8/site-packages/wearable_robot_interfaces/msg/_joint_state.py
[28.757s] -- Symlinking: /home/kimm/wearable_robot_ws/install/wearable_robot_interfaces/lib/python3.8/site-packages/wearable_robot_interfaces/msg/_temperature_data.py
[28.781s] -- Symlinking: /home/kimm/wearable_robot_ws/install/wearable_robot_interfaces/lib/python3.8/site-packages/wearable_robot_interfaces/wearable_robot_interfaces_s__rosidl_typesupport_fastrtps_c.cpython-38-aarch64-linux-gnu.so
[28.804s] -- Symlinking: /home/kimm/wearable_robot_ws/install/wearable_robot_interfaces/lib/python3.8/site-packages/wearable_robot_interfaces/wearable_robot_interfaces_s__rosidl_typesupport_introspection_c.cpython-38-aarch64-linux-gnu.so
[28.828s] -- Symlinking: /home/kimm/wearable_robot_ws/install/wearable_robot_interfaces/lib/python3.8/site-packages/wearable_robot_interfaces/wearable_robot_interfaces_s__rosidl_typesupport_c.cpython-38-aarch64-linux-gnu.so
[28.851s] -- Symlinking: /home/kimm/wearable_robot_ws/install/wearable_robot_interfaces/lib/libwearable_robot_interfaces__python.so
[28.874s] -- Symlinking: /home/kimm/wearable_robot_ws/install/wearable_robot_interfaces/share/wearable_robot_interfaces/msg/DisplacementRawData.idl
[28.900s] -- Symlinking: /home/kimm/wearable_robot_ws/install/wearable_robot_interfaces/share/wearable_robot_interfaces/msg/IMURawData.idl
[28.923s] -- Symlinking: /home/kimm/wearable_robot_ws/install/wearable_robot_interfaces/share/wearable_robot_interfaces/msg/DisplacementData.idl
[28.947s] -- Symlinking: /home/kimm/wearable_robot_ws/install/wearable_robot_interfaces/share/wearable_robot_interfaces/msg/IMUData.idl
[28.970s] -- Symlinking: /home/kimm/wearable_robot_ws/install/wearable_robot_interfaces/share/wearable_robot_interfaces/msg/IMUType.idl
[28.992s] -- Symlinking: /home/kimm/wearable_robot_ws/install/wearable_robot_interfaces/share/wearable_robot_interfaces/msg/TemperatureData.idl
[29.014s] -- Symlinking: /home/kimm/wearable_robot_ws/install/wearable_robot_interfaces/share/wearable_robot_interfaces/msg/ActuatorCommand.idl
[29.035s] -- Symlinking: /home/kimm/wearable_robot_ws/install/wearable_robot_interfaces/share/wearable_robot_interfaces/msg/FanCommand.idl
[29.059s] -- Symlinking: /home/kimm/wearable_robot_ws/install/wearable_robot_interfaces/share/wearable_robot_interfaces/msg/CANData.idl
[29.083s] -- Symlinking: /home/kimm/wearable_robot_ws/install/wearable_robot_interfaces/share/wearable_robot_interfaces/msg/JointState.idl
[29.112s] -- Symlinking: /home/kimm/wearable_robot_ws/install/wearable_robot_interfaces/share/wearable_robot_interfaces/msg/DisplacementRawData.msg
[29.132s] -- Symlinking: /home/kimm/wearable_robot_ws/install/wearable_robot_interfaces/share/wearable_robot_interfaces/msg/IMURawData.msg
[29.161s] -- Symlinking: /home/kimm/wearable_robot_ws/install/wearable_robot_interfaces/share/wearable_robot_interfaces/msg/DisplacementData.msg
[29.189s] -- Symlinking: /home/kimm/wearable_robot_ws/install/wearable_robot_interfaces/share/wearable_robot_interfaces/msg/IMUData.msg
[29.213s] -- Symlinking: /home/kimm/wearable_robot_ws/install/wearable_robot_interfaces/share/wearable_robot_interfaces/msg/IMUType.msg
[29.243s] -- Symlinking: /home/kimm/wearable_robot_ws/install/wearable_robot_interfaces/share/wearable_robot_interfaces/msg/TemperatureData.msg
[29.270s] -- Symlinking: /home/kimm/wearable_robot_ws/install/wearable_robot_interfaces/share/wearable_robot_interfaces/msg/ActuatorCommand.msg
[29.291s] -- Symlinking: /home/kimm/wearable_robot_ws/install/wearable_robot_interfaces/share/wearable_robot_interfaces/msg/FanCommand.msg
[29.316s] -- Symlinking: /home/kimm/wearable_robot_ws/install/wearable_robot_interfaces/share/wearable_robot_interfaces/msg/CANData.msg
[29.337s] -- Symlinking: /home/kimm/wearable_robot_ws/install/wearable_robot_interfaces/share/wearable_robot_interfaces/msg/JointState.msg
[29.363s] -- Symlinking: /home/kimm/wearable_robot_ws/install/wearable_robot_interfaces/share/ament_index/resource_index/package_run_dependencies/wearable_robot_interfaces
[29.384s] -- Symlinking: /home/kimm/wearable_robot_ws/install/wearable_robot_interfaces/share/ament_index/resource_index/parent_prefix_path/wearable_robot_interfaces
[29.413s] -- Symlinking: /home/kimm/wearable_robot_ws/install/wearable_robot_interfaces/share/wearable_robot_interfaces/environment/ament_prefix_path.sh
[29.434s] -- Symlinking: /home/kimm/wearable_robot_ws/install/wearable_robot_interfaces/share/wearable_robot_interfaces/environment/ament_prefix_path.dsv
[29.462s] -- Symlinking: /home/kimm/wearable_robot_ws/install/wearable_robot_interfaces/share/wearable_robot_interfaces/environment/path.sh
[29.485s] -- Symlinking: /home/kimm/wearable_robot_ws/install/wearable_robot_interfaces/share/wearable_robot_interfaces/environment/path.dsv
[29.507s] -- Symlinking: /home/kimm/wearable_robot_ws/install/wearable_robot_interfaces/share/wearable_robot_interfaces/local_setup.bash
[29.531s] -- Symlinking: /home/kimm/wearable_robot_ws/install/wearable_robot_interfaces/share/wearable_robot_interfaces/local_setup.sh
[29.554s] -- Symlinking: /home/kimm/wearable_robot_ws/install/wearable_robot_interfaces/share/wearable_robot_interfaces/local_setup.zsh
[29.576s] -- Symlinking: /home/kimm/wearable_robot_ws/install/wearable_robot_interfaces/share/wearable_robot_interfaces/local_setup.dsv
[29.601s] -- Symlinking: /home/kimm/wearable_robot_ws/install/wearable_robot_interfaces/share/wearable_robot_interfaces/package.dsv
[29.622s] -- Symlinking: /home/kimm/wearable_robot_ws/install/wearable_robot_interfaces/share/ament_index/resource_index/packages/wearable_robot_interfaces
[29.650s] -- Symlinking: /home/kimm/wearable_robot_ws/install/wearable_robot_interfaces/share/wearable_robot_interfaces/cmake/rosidl_cmake-extras.cmake
[29.678s] -- Symlinking: /home/kimm/wearable_robot_ws/install/wearable_robot_interfaces/share/wearable_robot_interfaces/cmake/ament_cmake_export_dependencies-extras.cmake
[29.708s] -- Symlinking: /home/kimm/wearable_robot_ws/install/wearable_robot_interfaces/share/wearable_robot_interfaces/cmake/ament_cmake_export_libraries-extras.cmake
[29.734s] -- Symlinking: /home/kimm/wearable_robot_ws/install/wearable_robot_interfaces/share/wearable_robot_interfaces/cmake/ament_cmake_export_targets-extras.cmake
[29.755s] -- Symlinking: /home/kimm/wearable_robot_ws/install/wearable_robot_interfaces/share/wearable_robot_interfaces/cmake/ament_cmake_export_include_directories-extras.cmake
[29.782s] -- Symlinking: /home/kimm/wearable_robot_ws/install/wearable_robot_interfaces/share/wearable_robot_interfaces/cmake/rosidl_cmake_export_typesupport_libraries-extras.cmake
[29.810s] -- Symlinking: /home/kimm/wearable_robot_ws/install/wearable_robot_interfaces/share/wearable_robot_interfaces/cmake/rosidl_cmake_export_typesupport_targets-extras.cmake
[29.836s] -- Symlinking: /home/kimm/wearable_robot_ws/install/wearable_robot_interfaces/share/wearable_robot_interfaces/cmake/wearable_robot_interfacesConfig.cmake
[29.863s] -- Symlinking: /home/kimm/wearable_robot_ws/install/wearable_robot_interfaces/share/wearable_robot_interfaces/cmake/wearable_robot_interfacesConfig-version.cmake
[29.889s] -- Symlinking: /home/kimm/wearable_robot_ws/install/wearable_robot_interfaces/share/wearable_robot_interfaces/package.xml
[29.916s] -- Installing: /home/kimm/wearable_robot_ws/install/wearable_robot_interfaces/lib/libwearable_robot_interfaces__rosidl_generator_c.so
[29.917s] -- Set runtime path of "/home/kimm/wearable_robot_ws/install/wearable_robot_interfaces/lib/libwearable_robot_interfaces__rosidl_generator_c.so" to ""
[29.917s] -- Installing: /home/kimm/wearable_robot_ws/install/wearable_robot_interfaces/lib/libwearable_robot_interfaces__rosidl_typesupport_introspection_c.so
[29.918s] -- Set runtime path of "/home/kimm/wearable_robot_ws/install/wearable_robot_interfaces/lib/libwearable_robot_interfaces__rosidl_typesupport_introspection_c.so" to ""
[29.918s] -- Installing: /home/kimm/wearable_robot_ws/install/wearable_robot_interfaces/lib/libwearable_robot_interfaces__rosidl_typesupport_c.so
[29.919s] -- Set runtime path of "/home/kimm/wearable_robot_ws/install/wearable_robot_interfaces/lib/libwearable_robot_interfaces__rosidl_typesupport_c.so" to ""
[29.919s] -- Installing: /home/kimm/wearable_robot_ws/install/wearable_robot_interfaces/lib/libwearable_robot_interfaces__rosidl_typesupport_introspection_cpp.so
[29.920s] -- Set runtime path of "/home/kimm/wearable_robot_ws/install/wearable_robot_interfaces/lib/libwearable_robot_interfaces__rosidl_typesupport_introspection_cpp.so" to ""
[29.920s] -- Installing: /home/kimm/wearable_robot_ws/install/wearable_robot_interfaces/lib/libwearable_robot_interfaces__rosidl_typesupport_cpp.so
[29.921s] -- Set runtime path of "/home/kimm/wearable_robot_ws/install/wearable_robot_interfaces/lib/libwearable_robot_interfaces__rosidl_typesupport_cpp.so" to ""
[29.990s] Compiling '/home/kimm/wearable_robot_ws/install/wearable_robot_interfaces/lib/python3.8/site-packages/wearable_robot_interfaces/__init__.py'...
[30.006s] -- Installing: /home/kimm/wearable_robot_ws/install/wearable_robot_interfaces/share/wearable_robot_interfaces/cmake/wearable_robot_interfaces__rosidl_generator_cExport.cmake
[30.007s] -- Installing: /home/kimm/wearable_robot_ws/install/wearable_robot_interfaces/share/wearable_robot_interfaces/cmake/wearable_robot_interfaces__rosidl_generator_cExport-noconfig.cmake
[30.007s] -- Installing: /home/kimm/wearable_robot_ws/install/wearable_robot_interfaces/share/wearable_robot_interfaces/cmake/wearable_robot_interfaces__rosidl_typesupport_introspection_cExport.cmake
[30.007s] -- Installing: /home/kimm/wearable_robot_ws/install/wearable_robot_interfaces/share/wearable_robot_interfaces/cmake/wearable_robot_interfaces__rosidl_typesupport_introspection_cExport-noconfig.cmake
[30.007s] -- Installing: /home/kimm/wearable_robot_ws/install/wearable_robot_interfaces/share/wearable_robot_interfaces/cmake/wearable_robot_interfaces__rosidl_typesupport_cExport.cmake
[30.008s] -- Installing: /home/kimm/wearable_robot_ws/install/wearable_robot_interfaces/share/wearable_robot_interfaces/cmake/wearable_robot_interfaces__rosidl_typesupport_cExport-noconfig.cmake
[30.008s] -- Installing: /home/kimm/wearable_robot_ws/install/wearable_robot_interfaces/share/wearable_robot_interfaces/cmake/wearable_robot_interfaces__rosidl_generator_cppExport.cmake
[30.008s] -- Installing: /home/kimm/wearable_robot_ws/install/wearable_robot_interfaces/share/wearable_robot_interfaces/cmake/wearable_robot_interfaces__rosidl_typesupport_introspection_cppExport.cmake
[30.008s] -- Installing: /home/kimm/wearable_robot_ws/install/wearable_robot_interfaces/share/wearable_robot_interfaces/cmake/wearable_robot_interfaces__rosidl_typesupport_introspection_cppExport-noconfig.cmake
[30.008s] -- Installing: /home/kimm/wearable_robot_ws/install/wearable_robot_interfaces/share/wearable_robot_interfaces/cmake/wearable_robot_interfaces__rosidl_typesupport_cppExport.cmake
[30.009s] -- Installing: /home/kimm/wearable_robot_ws/install/wearable_robot_interfaces/share/wearable_robot_interfaces/cmake/wearable_robot_interfaces__rosidl_typesupport_cppExport-noconfig.cmake
[30.017s] Invoked command in '/home/kimm/wearable_robot_ws/build/wearable_robot_interfaces' returned '0': CMAKE_PREFIX_PATH=${CMAKE_PREFIX_PATH}:/opt/ros/foxy /usr/bin/cmake --install /home/kimm/wearable_robot_ws/build/wearable_robot_interfaces
