-- The C compiler identification is GNU 9.4.0
-- The CXX compiler identification is GNU 9.4.0
-- Check for working C compiler: /usr/bin/cc
-- Check for working C compiler: /usr/bin/cc -- works
-- Detecting C compiler ABI info
-- Detecting C compiler ABI info - done
-- Detecting C compile features
-- Detecting C compile features - done
-- Check for working CXX compiler: /usr/bin/c++
-- Check for working CXX compiler: /usr/bin/c++ -- works
-- Detecting CXX compiler ABI info
-- Detecting CXX compiler ABI info - done
-- Detecting CXX compile features
-- Detecting CXX compile features - done
-- Found ament_cmake: 0.9.12 (/opt/ros/foxy/share/ament_cmake/cmake)
-- Found PythonInterp: /usr/bin/python3 (found suitable version "3.8.10", minimum required is "3") 
-- Using PYTHON_EXECUTABLE: /usr/bin/python3
-- Override CMake install command with custom implementation using symlinks instead of copying resources
-- Found rclcpp: 2.4.3 (/opt/ros/foxy/share/rclcpp/cmake)
-- Using all available rosidl_typesupport_c: rosidl_typesupport_fastrtps_c;rosidl_typesupport_introspection_c
-- Found rosidl_adapter: 1.3.1 (/opt/ros/foxy/share/rosidl_adapter/cmake)
-- Found OpenSSL: /usr/lib/aarch64-linux-gnu/libcrypto.so (found version "1.1.1f")  
-- Found FastRTPS: /opt/ros/foxy/include  
-- Using all available rosidl_typesupport_cpp: rosidl_typesupport_fastrtps_cpp;rosidl_typesupport_introspection_cpp
-- Found rmw_implementation_cmake: 1.0.4 (/opt/ros/foxy/share/rmw_implementation_cmake/cmake)
-- Using RMW implementation 'rmw_fastrtps_cpp' as default
-- Looking for pthread.h
-- Looking for pthread.h - found
-- Performing Test CMAKE_HAVE_LIBC_PTHREAD
-- Performing Test CMAKE_HAVE_LIBC_PTHREAD - Failed
-- Looking for pthread_create in pthreads
-- Looking for pthread_create in pthreads - not found
-- Looking for pthread_create in pthread
-- Looking for pthread_create in pthread - found
-- Found Threads: TRUE  
-- Found wearable_robot_interfaces: 0.0.0 (/home/kimm/wearable_robot_ws/install/wearable_robot_interfaces/share/wearable_robot_interfaces/cmake)
-- Configuring done
-- Generating done
-- Build files have been written to: /home/kimm/wearable_robot_ws/build/wearable_robot_hw
[35m[1mScanning dependencies of target CAN_command_transmit_node[0m
[35m[1mScanning dependencies of target CAN_data_extractor_node[0m
[ 25%] [32mBuilding CXX object CMakeFiles/CAN_command_transmit_node.dir/src/CAN_command_transmit_node.cpp.o[0m
[ 50%] [32mBuilding CXX object CMakeFiles/CAN_data_extractor_node.dir/src/CAN_data_extractor_node.cpp.o[0m
[01m[K/home/kimm/wearable_robot_ws/src/wearable_robot_hw/src/CAN_command_transmit_node.cpp:[m[K In member function ‘[01m[Kvoid CANCommandTransmitNode::send_command(uint32_t, const uint8_t*, size_t)[m[K’:
[01m[K/home/kimm/wearable_robot_ws/src/wearable_robot_hw/src/CAN_command_transmit_node.cpp:92:68:[m[K [01;35m[Kwarning: [m[Kunused parameter ‘[01m[Klength[m[K’ [[01;35m[K-Wunused-parameter[m[K]
   92 |     void send_command(uint32_t can_id, const uint8_t* data, [01;35m[Ksize_t length[m[K)
      |                                                             [01;35m[K~~~~~~~^~~~~~[m[K
[01m[K/home/kimm/wearable_robot_ws/src/wearable_robot_hw/src/CAN_command_transmit_node.cpp:[m[K In member function ‘[01m[Kvoid CANCommandTransmitNode::actuator_callback(wearable_robot_interfaces::msg::ActuatorCommand_<std::allocator<void> >::SharedPtr)[m[K’:
[01m[K/home/kimm/wearable_robot_ws/src/wearable_robot_hw/src/CAN_command_transmit_node.cpp:113:30:[m[K [01;35m[Kwarning: [m[Knarrowing conversion of ‘[01m[K((((int)((const std::__shared_ptr_access<wearable_robot_interfaces::msg::ActuatorCommand_<std::allocator<void> >, __gnu_cxx::_S_atomic, false, false>*)(& msg))->std::__shared_ptr_access<wearable_robot_interfaces::msg::ActuatorCommand_<std::allocator<void> >, __gnu_cxx::_S_atomic, false, false>::operator->()->wearable_robot_interfaces::msg::ActuatorCommand_<std::allocator<void> >::pwm0) <= 100) ? ((int)((const std::__shared_ptr_access<wearable_robot_interfaces::msg::ActuatorCommand_<std::allocator<void> >, __gnu_cxx::_S_atomic, false, false>*)(& msg))->std::__shared_ptr_access<wearable_robot_interfaces::msg::ActuatorCommand_<std::allocator<void> >, __gnu_cxx::_S_atomic, false, false>::operator->()->wearable_robot_interfaces::msg::ActuatorCommand_<std::allocator<void> >::pwm0) : 0)[m[K’ from ‘[01m[Kint[m[K’ to ‘[01m[Kuint8_t[m[K’ {aka ‘[01m[Kunsigned char[m[K’} [[01;35m[K-Wnarrowing[m[K]
  113 |             [01;35m[Kmsg->pwm0 <= 100 ? static_cast<uint8_t>(msg->pwm0) : 0[m[K,
      |             [01;35m[K~~~~~~~~~~~~~~~~~^~~~~~~~~~~~~~~~~~~~~~~~~~~~~~~~~~~~~[m[K
[01m[K/home/kimm/wearable_robot_ws/src/wearable_robot_hw/src/CAN_command_transmit_node.cpp:114:30:[m[K [01;35m[Kwarning: [m[Knarrowing conversion of ‘[01m[K((((int)((const std::__shared_ptr_access<wearable_robot_interfaces::msg::ActuatorCommand_<std::allocator<void> >, __gnu_cxx::_S_atomic, false, false>*)(& msg))->std::__shared_ptr_access<wearable_robot_interfaces::msg::ActuatorCommand_<std::allocator<void> >, __gnu_cxx::_S_atomic, false, false>::operator->()->wearable_robot_interfaces::msg::ActuatorCommand_<std::allocator<void> >::pwm1) <= 100) ? ((int)((const std::__shared_ptr_access<wearable_robot_interfaces::msg::ActuatorCommand_<std::allocator<void> >, __gnu_cxx::_S_atomic, false, false>*)(& msg))->std::__shared_ptr_access<wearable_robot_interfaces::msg::ActuatorCommand_<std::allocator<void> >, __gnu_cxx::_S_atomic, false, false>::operator->()->wearable_robot_interfaces::msg::ActuatorCommand_<std::allocator<void> >::pwm1) : 0)[m[K’ from ‘[01m[Kint[m[K’ to ‘[01m[Kuint8_t[m[K’ {aka ‘[01m[Kunsigned char[m[K’} [[01;35m[K-Wnarrowing[m[K]
  114 |             [01;35m[Kmsg->pwm1 <= 100 ? static_cast<uint8_t>(msg->pwm1) : 0[m[K,
      |             [01;35m[K~~~~~~~~~~~~~~~~~^~~~~~~~~~~~~~~~~~~~~~~~~~~~~~~~~~~~~[m[K
[01m[K/home/kimm/wearable_robot_ws/src/wearable_robot_hw/src/CAN_command_transmit_node.cpp:115:30:[m[K [01;35m[Kwarning: [m[Knarrowing conversion of ‘[01m[K((((int)((const std::__shared_ptr_access<wearable_robot_interfaces::msg::ActuatorCommand_<std::allocator<void> >, __gnu_cxx::_S_atomic, false, false>*)(& msg))->std::__shared_ptr_access<wearable_robot_interfaces::msg::ActuatorCommand_<std::allocator<void> >, __gnu_cxx::_S_atomic, false, false>::operator->()->wearable_robot_interfaces::msg::ActuatorCommand_<std::allocator<void> >::pwm2) <= 100) ? ((int)((const std::__shared_ptr_access<wearable_robot_interfaces::msg::ActuatorCommand_<std::allocator<void> >, __gnu_cxx::_S_atomic, false, false>*)(& msg))->std::__shared_ptr_access<wearable_robot_interfaces::msg::ActuatorCommand_<std::allocator<void> >, __gnu_cxx::_S_atomic, false, false>::operator->()->wearable_robot_interfaces::msg::ActuatorCommand_<std::allocator<void> >::pwm2) : 0)[m[K’ from ‘[01m[Kint[m[K’ to ‘[01m[Kuint8_t[m[K’ {aka ‘[01m[Kunsigned char[m[K’} [[01;35m[K-Wnarrowing[m[K]
  115 |             [01;35m[Kmsg->pwm2 <= 100 ? static_cast<uint8_t>(msg->pwm2) : 0[m[K,
      |             [01;35m[K~~~~~~~~~~~~~~~~~^~~~~~~~~~~~~~~~~~~~~~~~~~~~~~~~~~~~~[m[K
[01m[K/home/kimm/wearable_robot_ws/src/wearable_robot_hw/src/CAN_command_transmit_node.cpp:116:30:[m[K [01;35m[Kwarning: [m[Knarrowing conversion of ‘[01m[K((((int)((const std::__shared_ptr_access<wearable_robot_interfaces::msg::ActuatorCommand_<std::allocator<void> >, __gnu_cxx::_S_atomic, false, false>*)(& msg))->std::__shared_ptr_access<wearable_robot_interfaces::msg::ActuatorCommand_<std::allocator<void> >, __gnu_cxx::_S_atomic, false, false>::operator->()->wearable_robot_interfaces::msg::ActuatorCommand_<std::allocator<void> >::pwm3) <= 100) ? ((int)((const std::__shared_ptr_access<wearable_robot_interfaces::msg::ActuatorCommand_<std::allocator<void> >, __gnu_cxx::_S_atomic, false, false>*)(& msg))->std::__shared_ptr_access<wearable_robot_interfaces::msg::ActuatorCommand_<std::allocator<void> >, __gnu_cxx::_S_atomic, false, false>::operator->()->wearable_robot_interfaces::msg::ActuatorCommand_<std::allocator<void> >::pwm3) : 0)[m[K’ from ‘[01m[Kint[m[K’ to ‘[01m[Kuint8_t[m[K’ {aka ‘[01m[Kunsigned char[m[K’} [[01;35m[K-Wnarrowing[m[K]
  116 |             [01;35m[Kmsg->pwm3 <= 100 ? static_cast<uint8_t>(msg->pwm3) : 0[m[K
      |             [01;35m[K~~~~~~~~~~~~~~~~~^~~~~~~~~~~~~~~~~~~~~~~~~~~~~~~~~~~~~[m[K
[ 75%] [32m[1mLinking CXX executable CAN_data_extractor_node[0m
[ 75%] Built target CAN_data_extractor_node
[100%] [32m[1mLinking CXX executable CAN_command_transmit_node[0m
[100%] Built target CAN_command_transmit_node
-- Install configuration: ""
-- Execute custom install script
-- Symlinking: /home/kimm/wearable_robot_ws/install/wearable_robot_hw/lib/wearable_robot_hw/CAN_data_extractor_node
-- Symlinking: /home/kimm/wearable_robot_ws/install/wearable_robot_hw/lib/wearable_robot_hw/CAN_command_transmit_node
-- Symlinking: /home/kimm/wearable_robot_ws/install/wearable_robot_hw/share/ament_index/resource_index/package_run_dependencies/wearable_robot_hw
-- Symlinking: /home/kimm/wearable_robot_ws/install/wearable_robot_hw/share/ament_index/resource_index/parent_prefix_path/wearable_robot_hw
-- Symlinking: /home/kimm/wearable_robot_ws/install/wearable_robot_hw/share/wearable_robot_hw/environment/ament_prefix_path.sh
-- Symlinking: /home/kimm/wearable_robot_ws/install/wearable_robot_hw/share/wearable_robot_hw/environment/ament_prefix_path.dsv
-- Symlinking: /home/kimm/wearable_robot_ws/install/wearable_robot_hw/share/wearable_robot_hw/environment/path.sh
-- Symlinking: /home/kimm/wearable_robot_ws/install/wearable_robot_hw/share/wearable_robot_hw/environment/path.dsv
-- Symlinking: /home/kimm/wearable_robot_ws/install/wearable_robot_hw/share/wearable_robot_hw/local_setup.bash
-- Symlinking: /home/kimm/wearable_robot_ws/install/wearable_robot_hw/share/wearable_robot_hw/local_setup.sh
-- Symlinking: /home/kimm/wearable_robot_ws/install/wearable_robot_hw/share/wearable_robot_hw/local_setup.zsh
-- Symlinking: /home/kimm/wearable_robot_ws/install/wearable_robot_hw/share/wearable_robot_hw/local_setup.dsv
-- Symlinking: /home/kimm/wearable_robot_ws/install/wearable_robot_hw/share/wearable_robot_hw/package.dsv
-- Symlinking: /home/kimm/wearable_robot_ws/install/wearable_robot_hw/share/ament_index/resource_index/packages/wearable_robot_hw
-- Symlinking: /home/kimm/wearable_robot_ws/install/wearable_robot_hw/share/wearable_robot_hw/cmake/wearable_robot_hwConfig.cmake
-- Symlinking: /home/kimm/wearable_robot_ws/install/wearable_robot_hw/share/wearable_robot_hw/cmake/wearable_robot_hwConfig-version.cmake
-- Symlinking: /home/kimm/wearable_robot_ws/install/wearable_robot_hw/share/wearable_robot_hw/package.xml
