[0.061s] Invoking command in '/home/kimm/wearable_robot_ws/build/wearable_robot_hw': CMAKE_PREFIX_PATH=/home/kimm/wearable_robot_ws/install/wearable_robot_interfaces:/home/kimm/wearable_robot_ws/install/wearable_robot_hw:/home/kimm/wearable_robot_ws/install/wearable_robot_data_processing:/home/kimm/wearable_robot_ws/install/wearable_robot_control:/home/kimm/wearable_robot_ws/install/wearable_robot_bringup:/home/kimm/install/can_data_extractor:/opt/ros/foxy /usr/bin/cmake /home/kimm/wearable_robot_ws/src/wearable_robot_hw -DAMENT_CMAKE_SYMLINK_INSTALL=1 -DCMAKE_INSTALL_PREFIX=/home/kimm/wearable_robot_ws/install/wearable_robot_hw
[0.178s] -- The C compiler identification is GNU 9.4.0
[0.295s] -- The CXX compiler identification is GNU 9.4.0
[0.307s] -- Check for working C compiler: /usr/bin/cc
[0.477s] -- Check for working C compiler: /usr/bin/cc -- works
[0.483s] -- Detecting C compiler ABI info
[0.631s] -- Detecting C compiler ABI info - done
[0.650s] -- Detecting C compile features
[0.655s] -- Detecting C compile features - done
[0.656s] -- Check for working CXX compiler: /usr/bin/c++
[0.861s] -- Check for working CXX compiler: /usr/bin/c++ -- works
[0.864s] -- Detecting CXX compiler ABI info
[1.047s] -- Detecting CXX compiler ABI info - done
[1.067s] -- Detecting CXX compile features
[1.068s] -- Detecting CXX compile features - done
[1.073s] -- Found ament_cmake: 0.9.12 (/opt/ros/foxy/share/ament_cmake/cmake)
[1.131s] -- Found PythonInterp: /usr/bin/python3 (found suitable version "3.8.10", minimum required is "3") 
[1.131s] -- Using PYTHON_EXECUTABLE: /usr/bin/python3
[1.566s] -- Override CMake install command with custom implementation using symlinks instead of copying resources
[1.626s] -- Found rclcpp: 2.4.3 (/opt/ros/foxy/share/rclcpp/cmake)
[1.718s] -- Using all available rosidl_typesupport_c: rosidl_typesupport_fastrtps_c;rosidl_typesupport_introspection_c
[1.732s] -- Found rosidl_adapter: 1.3.1 (/opt/ros/foxy/share/rosidl_adapter/cmake)
[1.936s] -- Found OpenSSL: /usr/lib/aarch64-linux-gnu/libcrypto.so (found version "1.1.1f")  
[2.017s] -- Found FastRTPS: /opt/ros/foxy/include  
[2.189s] -- Using all available rosidl_typesupport_cpp: rosidl_typesupport_fastrtps_cpp;rosidl_typesupport_introspection_cpp
[2.306s] -- Found rmw_implementation_cmake: 1.0.4 (/opt/ros/foxy/share/rmw_implementation_cmake/cmake)
[2.309s] -- Using RMW implementation 'rmw_fastrtps_cpp' as default
[2.312s] -- Looking for pthread.h
[2.486s] -- Looking for pthread.h - found
[2.487s] -- Performing Test CMAKE_HAVE_LIBC_PTHREAD
[2.661s] -- Performing Test CMAKE_HAVE_LIBC_PTHREAD - Failed
[2.661s] -- Looking for pthread_create in pthreads
[2.806s] -- Looking for pthread_create in pthreads - not found
[2.806s] -- Looking for pthread_create in pthread
[3.027s] -- Looking for pthread_create in pthread - found
[3.031s] -- Found Threads: TRUE  
[3.426s] -- Found wearable_robot_interfaces: 0.0.0 (/home/kimm/wearable_robot_ws/install/wearable_robot_interfaces/share/wearable_robot_interfaces/cmake)
[3.685s] -- Configuring done
[3.716s] -- Generating done
[3.732s] -- Build files have been written to: /home/kimm/wearable_robot_ws/build/wearable_robot_hw
[3.764s] Invoked command in '/home/kimm/wearable_robot_ws/build/wearable_robot_hw' returned '0': CMAKE_PREFIX_PATH=/home/kimm/wearable_robot_ws/install/wearable_robot_interfaces:/home/kimm/wearable_robot_ws/install/wearable_robot_hw:/home/kimm/wearable_robot_ws/install/wearable_robot_data_processing:/home/kimm/wearable_robot_ws/install/wearable_robot_control:/home/kimm/wearable_robot_ws/install/wearable_robot_bringup:/home/kimm/install/can_data_extractor:/opt/ros/foxy /usr/bin/cmake /home/kimm/wearable_robot_ws/src/wearable_robot_hw -DAMENT_CMAKE_SYMLINK_INSTALL=1 -DCMAKE_INSTALL_PREFIX=/home/kimm/wearable_robot_ws/install/wearable_robot_hw
[3.771s] Invoking command in '/home/kimm/wearable_robot_ws/build/wearable_robot_hw': CMAKE_PREFIX_PATH=/home/kimm/wearable_robot_ws/install/wearable_robot_interfaces:/home/kimm/wearable_robot_ws/install/wearable_robot_hw:/home/kimm/wearable_robot_ws/install/wearable_robot_data_processing:/home/kimm/wearable_robot_ws/install/wearable_robot_control:/home/kimm/wearable_robot_ws/install/wearable_robot_bringup:/home/kimm/install/can_data_extractor:/opt/ros/foxy /usr/bin/cmake --build /home/kimm/wearable_robot_ws/build/wearable_robot_hw -- -j8 -l8
[3.874s] [35m[1mScanning dependencies of target CAN_command_transmit_node[0m
[3.891s] [35m[1mScanning dependencies of target CAN_data_extractor_node[0m
[4.039s] [ 25%] [32mBuilding CXX object CMakeFiles/CAN_command_transmit_node.dir/src/CAN_command_transmit_node.cpp.o[0m
[4.044s] [ 50%] [32mBuilding CXX object CMakeFiles/CAN_data_extractor_node.dir/src/CAN_data_extractor_node.cpp.o[0m
[7.901s] [01m[K/home/kimm/wearable_robot_ws/src/wearable_robot_hw/src/CAN_command_transmit_node.cpp:[m[K In member function ‘[01m[Kvoid CANCommandTransmitNode::send_command(uint32_t, const uint8_t*, size_t)[m[K’:
[7.902s] [01m[K/home/kimm/wearable_robot_ws/src/wearable_robot_hw/src/CAN_command_transmit_node.cpp:92:68:[m[K [01;35m[Kwarning: [m[Kunused parameter ‘[01m[Klength[m[K’ [[01;35m[K-Wunused-parameter[m[K]
[7.902s]    92 |     void send_command(uint32_t can_id, const uint8_t* data, [01;35m[Ksize_t length[m[K)
[7.902s]       |                                                             [01;35m[K~~~~~~~^~~~~~[m[K
[7.908s] [01m[K/home/kimm/wearable_robot_ws/src/wearable_robot_hw/src/CAN_command_transmit_node.cpp:[m[K In member function ‘[01m[Kvoid CANCommandTransmitNode::actuator_callback(wearable_robot_interfaces::msg::ActuatorCommand_<std::allocator<void> >::SharedPtr)[m[K’:
[7.909s] [01m[K/home/kimm/wearable_robot_ws/src/wearable_robot_hw/src/CAN_command_transmit_node.cpp:113:30:[m[K [01;35m[Kwarning: [m[Knarrowing conversion of ‘[01m[K((((int)((const std::__shared_ptr_access<wearable_robot_interfaces::msg::ActuatorCommand_<std::allocator<void> >, __gnu_cxx::_S_atomic, false, false>*)(& msg))->std::__shared_ptr_access<wearable_robot_interfaces::msg::ActuatorCommand_<std::allocator<void> >, __gnu_cxx::_S_atomic, false, false>::operator->()->wearable_robot_interfaces::msg::ActuatorCommand_<std::allocator<void> >::pwm0) <= 100) ? ((int)((const std::__shared_ptr_access<wearable_robot_interfaces::msg::ActuatorCommand_<std::allocator<void> >, __gnu_cxx::_S_atomic, false, false>*)(& msg))->std::__shared_ptr_access<wearable_robot_interfaces::msg::ActuatorCommand_<std::allocator<void> >, __gnu_cxx::_S_atomic, false, false>::operator->()->wearable_robot_interfaces::msg::ActuatorCommand_<std::allocator<void> >::pwm0) : 0)[m[K’ from ‘[01m[Kint[m[K’ to ‘[01m[Kuint8_t[m[K’ {aka ‘[01m[Kunsigned char[m[K’} [[01;35m[K-Wnarrowing[m[K]
[7.909s]   113 |             [01;35m[Kmsg->pwm0 <= 100 ? static_cast<uint8_t>(msg->pwm0) : 0[m[K,
[7.909s]       |             [01;35m[K~~~~~~~~~~~~~~~~~^~~~~~~~~~~~~~~~~~~~~~~~~~~~~~~~~~~~~[m[K
[7.909s] [01m[K/home/kimm/wearable_robot_ws/src/wearable_robot_hw/src/CAN_command_transmit_node.cpp:114:30:[m[K [01;35m[Kwarning: [m[Knarrowing conversion of ‘[01m[K((((int)((const std::__shared_ptr_access<wearable_robot_interfaces::msg::ActuatorCommand_<std::allocator<void> >, __gnu_cxx::_S_atomic, false, false>*)(& msg))->std::__shared_ptr_access<wearable_robot_interfaces::msg::ActuatorCommand_<std::allocator<void> >, __gnu_cxx::_S_atomic, false, false>::operator->()->wearable_robot_interfaces::msg::ActuatorCommand_<std::allocator<void> >::pwm1) <= 100) ? ((int)((const std::__shared_ptr_access<wearable_robot_interfaces::msg::ActuatorCommand_<std::allocator<void> >, __gnu_cxx::_S_atomic, false, false>*)(& msg))->std::__shared_ptr_access<wearable_robot_interfaces::msg::ActuatorCommand_<std::allocator<void> >, __gnu_cxx::_S_atomic, false, false>::operator->()->wearable_robot_interfaces::msg::ActuatorCommand_<std::allocator<void> >::pwm1) : 0)[m[K’ from ‘[01m[Kint[m[K’ to ‘[01m[Kuint8_t[m[K’ {aka ‘[01m[Kunsigned char[m[K’} [[01;35m[K-Wnarrowing[m[K]
[7.910s]   114 |             [01;35m[Kmsg->pwm1 <= 100 ? static_cast<uint8_t>(msg->pwm1) : 0[m[K,
[7.910s]       |             [01;35m[K~~~~~~~~~~~~~~~~~^~~~~~~~~~~~~~~~~~~~~~~~~~~~~~~~~~~~~[m[K
[7.910s] [01m[K/home/kimm/wearable_robot_ws/src/wearable_robot_hw/src/CAN_command_transmit_node.cpp:115:30:[m[K [01;35m[Kwarning: [m[Knarrowing conversion of ‘[01m[K((((int)((const std::__shared_ptr_access<wearable_robot_interfaces::msg::ActuatorCommand_<std::allocator<void> >, __gnu_cxx::_S_atomic, false, false>*)(& msg))->std::__shared_ptr_access<wearable_robot_interfaces::msg::ActuatorCommand_<std::allocator<void> >, __gnu_cxx::_S_atomic, false, false>::operator->()->wearable_robot_interfaces::msg::ActuatorCommand_<std::allocator<void> >::pwm2) <= 100) ? ((int)((const std::__shared_ptr_access<wearable_robot_interfaces::msg::ActuatorCommand_<std::allocator<void> >, __gnu_cxx::_S_atomic, false, false>*)(& msg))->std::__shared_ptr_access<wearable_robot_interfaces::msg::ActuatorCommand_<std::allocator<void> >, __gnu_cxx::_S_atomic, false, false>::operator->()->wearable_robot_interfaces::msg::ActuatorCommand_<std::allocator<void> >::pwm2) : 0)[m[K’ from ‘[01m[Kint[m[K’ to ‘[01m[Kuint8_t[m[K’ {aka ‘[01m[Kunsigned char[m[K’} [[01;35m[K-Wnarrowing[m[K]
[7.910s]   115 |             [01;35m[Kmsg->pwm2 <= 100 ? static_cast<uint8_t>(msg->pwm2) : 0[m[K,
[7.910s]       |             [01;35m[K~~~~~~~~~~~~~~~~~^~~~~~~~~~~~~~~~~~~~~~~~~~~~~~~~~~~~~[m[K
[7.910s] [01m[K/home/kimm/wearable_robot_ws/src/wearable_robot_hw/src/CAN_command_transmit_node.cpp:116:30:[m[K [01;35m[Kwarning: [m[Knarrowing conversion of ‘[01m[K((((int)((const std::__shared_ptr_access<wearable_robot_interfaces::msg::ActuatorCommand_<std::allocator<void> >, __gnu_cxx::_S_atomic, false, false>*)(& msg))->std::__shared_ptr_access<wearable_robot_interfaces::msg::ActuatorCommand_<std::allocator<void> >, __gnu_cxx::_S_atomic, false, false>::operator->()->wearable_robot_interfaces::msg::ActuatorCommand_<std::allocator<void> >::pwm3) <= 100) ? ((int)((const std::__shared_ptr_access<wearable_robot_interfaces::msg::ActuatorCommand_<std::allocator<void> >, __gnu_cxx::_S_atomic, false, false>*)(& msg))->std::__shared_ptr_access<wearable_robot_interfaces::msg::ActuatorCommand_<std::allocator<void> >, __gnu_cxx::_S_atomic, false, false>::operator->()->wearable_robot_interfaces::msg::ActuatorCommand_<std::allocator<void> >::pwm3) : 0)[m[K’ from ‘[01m[Kint[m[K’ to ‘[01m[Kuint8_t[m[K’ {aka ‘[01m[Kunsigned char[m[K’} [[01;35m[K-Wnarrowing[m[K]
[7.910s]   116 |             [01;35m[Kmsg->pwm3 <= 100 ? static_cast<uint8_t>(msg->pwm3) : 0[m[K
[7.911s]       |             [01;35m[K~~~~~~~~~~~~~~~~~^~~~~~~~~~~~~~~~~~~~~~~~~~~~~~~~~~~~~[m[K
[12.846s] [ 75%] [32m[1mLinking CXX executable CAN_data_extractor_node[0m
[13.390s] [ 75%] Built target CAN_data_extractor_node
[22.235s] [100%] [32m[1mLinking CXX executable CAN_command_transmit_node[0m
[22.952s] [100%] Built target CAN_command_transmit_node
[22.984s] Invoked command in '/home/kimm/wearable_robot_ws/build/wearable_robot_hw' returned '0': CMAKE_PREFIX_PATH=/home/kimm/wearable_robot_ws/install/wearable_robot_interfaces:/home/kimm/wearable_robot_ws/install/wearable_robot_hw:/home/kimm/wearable_robot_ws/install/wearable_robot_data_processing:/home/kimm/wearable_robot_ws/install/wearable_robot_control:/home/kimm/wearable_robot_ws/install/wearable_robot_bringup:/home/kimm/install/can_data_extractor:/opt/ros/foxy /usr/bin/cmake --build /home/kimm/wearable_robot_ws/build/wearable_robot_hw -- -j8 -l8
[22.993s] Invoking command in '/home/kimm/wearable_robot_ws/build/wearable_robot_hw': CMAKE_PREFIX_PATH=/home/kimm/wearable_robot_ws/install/wearable_robot_interfaces:/home/kimm/wearable_robot_ws/install/wearable_robot_hw:/home/kimm/wearable_robot_ws/install/wearable_robot_data_processing:/home/kimm/wearable_robot_ws/install/wearable_robot_control:/home/kimm/wearable_robot_ws/install/wearable_robot_bringup:/home/kimm/install/can_data_extractor:/opt/ros/foxy /usr/bin/cmake --install /home/kimm/wearable_robot_ws/build/wearable_robot_hw
[23.025s] -- Install configuration: ""
[23.026s] -- Execute custom install script
[23.027s] -- Symlinking: /home/kimm/wearable_robot_ws/install/wearable_robot_hw/lib/wearable_robot_hw/CAN_data_extractor_node
[23.054s] -- Symlinking: /home/kimm/wearable_robot_ws/install/wearable_robot_hw/lib/wearable_robot_hw/CAN_command_transmit_node
[23.076s] -- Symlinking: /home/kimm/wearable_robot_ws/install/wearable_robot_hw/share/ament_index/resource_index/package_run_dependencies/wearable_robot_hw
[23.103s] -- Symlinking: /home/kimm/wearable_robot_ws/install/wearable_robot_hw/share/ament_index/resource_index/parent_prefix_path/wearable_robot_hw
[23.130s] -- Symlinking: /home/kimm/wearable_robot_ws/install/wearable_robot_hw/share/wearable_robot_hw/environment/ament_prefix_path.sh
[23.159s] -- Symlinking: /home/kimm/wearable_robot_ws/install/wearable_robot_hw/share/wearable_robot_hw/environment/ament_prefix_path.dsv
[23.187s] -- Symlinking: /home/kimm/wearable_robot_ws/install/wearable_robot_hw/share/wearable_robot_hw/environment/path.sh
[23.212s] -- Symlinking: /home/kimm/wearable_robot_ws/install/wearable_robot_hw/share/wearable_robot_hw/environment/path.dsv
[23.240s] -- Symlinking: /home/kimm/wearable_robot_ws/install/wearable_robot_hw/share/wearable_robot_hw/local_setup.bash
[23.268s] -- Symlinking: /home/kimm/wearable_robot_ws/install/wearable_robot_hw/share/wearable_robot_hw/local_setup.sh
[23.292s] -- Symlinking: /home/kimm/wearable_robot_ws/install/wearable_robot_hw/share/wearable_robot_hw/local_setup.zsh
[23.317s] -- Symlinking: /home/kimm/wearable_robot_ws/install/wearable_robot_hw/share/wearable_robot_hw/local_setup.dsv
[23.340s] -- Symlinking: /home/kimm/wearable_robot_ws/install/wearable_robot_hw/share/wearable_robot_hw/package.dsv
[23.366s] -- Symlinking: /home/kimm/wearable_robot_ws/install/wearable_robot_hw/share/ament_index/resource_index/packages/wearable_robot_hw
[23.386s] -- Symlinking: /home/kimm/wearable_robot_ws/install/wearable_robot_hw/share/wearable_robot_hw/cmake/wearable_robot_hwConfig.cmake
[23.409s] -- Symlinking: /home/kimm/wearable_robot_ws/install/wearable_robot_hw/share/wearable_robot_hw/cmake/wearable_robot_hwConfig-version.cmake
[23.440s] -- Symlinking: /home/kimm/wearable_robot_ws/install/wearable_robot_hw/share/wearable_robot_hw/package.xml
[23.472s] Invoked command in '/home/kimm/wearable_robot_ws/build/wearable_robot_hw' returned '0': CMAKE_PREFIX_PATH=/home/kimm/wearable_robot_ws/install/wearable_robot_interfaces:/home/kimm/wearable_robot_ws/install/wearable_robot_hw:/home/kimm/wearable_robot_ws/install/wearable_robot_data_processing:/home/kimm/wearable_robot_ws/install/wearable_robot_control:/home/kimm/wearable_robot_ws/install/wearable_robot_bringup:/home/kimm/install/can_data_extractor:/opt/ros/foxy /usr/bin/cmake --install /home/kimm/wearable_robot_ws/build/wearable_robot_hw
