Performing C SOURCE FILE Test CMAKE_HAVE_LIBC_PTHREAD failed with the following output:
Change Dir: /home/kimm/wearable_robot_ws/build/wearable_robot_control/CMakeFiles/CMakeTmp

Run Build Command(s):/usr/bin/make cmTC_ee747/fast && make[1]: Entering directory '/home/kimm/wearable_robot_ws/build/wearable_robot_control/CMakeFiles/CMakeTmp'
/usr/bin/make -f CMakeFiles/cmTC_ee747.dir/build.make CMakeFiles/cmTC_ee747.dir/build
make[2]: Entering directory '/home/kimm/wearable_robot_ws/build/wearable_robot_control/CMakeFiles/CMakeTmp'
Building C object CMakeFiles/cmTC_ee747.dir/src.c.o
/usr/bin/cc   -DCMAKE_HAVE_LIBC_PTHREAD   -o CMakeFiles/cmTC_ee747.dir/src.c.o   -c /home/kimm/wearable_robot_ws/build/wearable_robot_control/CMakeFiles/CMakeTmp/src.c
Linking C executable cmTC_ee747
/usr/bin/cmake -E cmake_link_script CMakeFiles/cmTC_ee747.dir/link.txt --verbose=1
/usr/bin/cc  -DCMAKE_HAVE_LIBC_PTHREAD    CMakeFiles/cmTC_ee747.dir/src.c.o  -o cmTC_ee747 
/usr/bin/ld: CMakeFiles/cmTC_ee747.dir/src.c.o: in function `main':
src.c:(.text+0x48): undefined reference to `pthread_create'
/usr/bin/ld: src.c:(.text+0x50): undefined reference to `pthread_detach'
/usr/bin/ld: src.c:(.text+0x5c): undefined reference to `pthread_join'
collect2: error: ld returned 1 exit status
make[2]: *** [CMakeFiles/cmTC_ee747.dir/build.make:87: cmTC_ee747] Error 1
make[2]: Leaving directory '/home/kimm/wearable_robot_ws/build/wearable_robot_control/CMakeFiles/CMakeTmp'
make[1]: *** [Makefile:121: cmTC_ee747/fast] Error 2
make[1]: Leaving directory '/home/kimm/wearable_robot_ws/build/wearable_robot_control/CMakeFiles/CMakeTmp'


Source file was:
#include <pthread.h>

void* test_func(void* data)
{
  return data;
}

int main(void)
{
  pthread_t thread;
  pthread_create(&thread, NULL, test_func, NULL);
  pthread_detach(thread);
  pthread_join(thread, NULL);
  pthread_atfork(NULL, NULL, NULL);
  pthread_exit(NULL);

  return 0;
}

Determining if the function pthread_create exists in the pthreads failed with the following output:
Change Dir: /home/kimm/wearable_robot_ws/build/wearable_robot_control/CMakeFiles/CMakeTmp

Run Build Command(s):/usr/bin/make cmTC_6fee5/fast && make[1]: Entering directory '/home/kimm/wearable_robot_ws/build/wearable_robot_control/CMakeFiles/CMakeTmp'
/usr/bin/make -f CMakeFiles/cmTC_6fee5.dir/build.make CMakeFiles/cmTC_6fee5.dir/build
make[2]: Entering directory '/home/kimm/wearable_robot_ws/build/wearable_robot_control/CMakeFiles/CMakeTmp'
Building C object CMakeFiles/cmTC_6fee5.dir/CheckFunctionExists.c.o
/usr/bin/cc   -DCHECK_FUNCTION_EXISTS=pthread_create   -o CMakeFiles/cmTC_6fee5.dir/CheckFunctionExists.c.o   -c /usr/share/cmake-3.16/Modules/CheckFunctionExists.c
Linking C executable cmTC_6fee5
/usr/bin/cmake -E cmake_link_script CMakeFiles/cmTC_6fee5.dir/link.txt --verbose=1
/usr/bin/cc  -DCHECK_FUNCTION_EXISTS=pthread_create    CMakeFiles/cmTC_6fee5.dir/CheckFunctionExists.c.o  -o cmTC_6fee5  -lpthreads 
/usr/bin/ld: cannot find -lpthreads
collect2: error: ld returned 1 exit status
make[2]: *** [CMakeFiles/cmTC_6fee5.dir/build.make:87: cmTC_6fee5] Error 1
make[2]: Leaving directory '/home/kimm/wearable_robot_ws/build/wearable_robot_control/CMakeFiles/CMakeTmp'
make[1]: *** [Makefile:121: cmTC_6fee5/fast] Error 2
make[1]: Leaving directory '/home/kimm/wearable_robot_ws/build/wearable_robot_control/CMakeFiles/CMakeTmp'



