[0.033s] Invoking command in '/home/kimm/wearable_robot_ws/build/wearable_robot_interfaces': CMAKE_PREFIX_PATH=${CMAKE_PREFIX_PATH}:/opt/ros/foxy /usr/bin/cmake /home/kimm/wearable_robot_ws/src/wearable_robot_interfaces -DCMAKE_INSTALL_PREFIX=/home/kimm/wearable_robot_ws/install/wearable_robot_interfaces
[0.074s] -- Found ament_cmake: 0.9.12 (/opt/ros/foxy/share/ament_cmake/cmake)
[0.126s] -- Found PythonInterp: /usr/bin/python3 (found suitable version "3.8.10", minimum required is "3") 
[0.127s] -- Using PYTHON_EXECUTABLE: /usr/bin/python3
[0.543s] -- Override CMake install command with custom implementation using symlinks instead of copying resources
[0.558s] -- Found rosidl_default_generators: 1.0.1 (/opt/ros/foxy/share/rosidl_default_generators/cmake)
[0.564s] -- Using all available rosidl_typesupport_c: rosidl_typesupport_fastrtps_c;rosidl_typesupport_introspection_c
[0.570s] -- Found rosidl_adapter: 1.3.1 (/opt/ros/foxy/share/rosidl_adapter/cmake)
[0.866s] -- Using all available rosidl_typesupport_cpp: rosidl_typesupport_fastrtps_cpp;rosidl_typesupport_introspection_cpp
[0.914s] -- Found std_msgs: 2.0.5 (/opt/ros/foxy/share/std_msgs/cmake)
[1.031s] -- Found PythonInterp: /usr/bin/python3 (found version "3.8.10") 
[1.498s] -- Found ament_cmake_ros: 0.9.2 (/opt/ros/foxy/share/ament_cmake_ros/cmake)
[1.876s] -- Using all available rosidl_typesupport_c: rosidl_typesupport_fastrtps_c;rosidl_typesupport_introspection_c
[2.004s] -- Using all available rosidl_typesupport_cpp: rosidl_typesupport_fastrtps_cpp;rosidl_typesupport_introspection_cpp
[2.064s] -- Found PythonInterp: /usr/bin/python3 (found suitable version "3.8.10", minimum required is "3.5") 
[2.065s] -- Found python_cmake_module: 0.8.1 (/opt/ros/foxy/share/python_cmake_module/cmake)
[2.128s] -- Using PYTHON_EXECUTABLE: /usr/bin/python3
[2.128s] -- Using PYTHON_INCLUDE_DIRS: /usr/include/python3.8
[2.128s] -- Using PYTHON_LIBRARIES: /usr/lib/aarch64-linux-gnu/libpython3.8.so
[2.231s] -- Found ament_lint_auto: 0.9.8 (/opt/ros/foxy/share/ament_lint_auto/cmake)
[2.258s] -- Added test 'copyright' to check source files copyright and LICENSE
[2.263s] -- Added test 'lint_cmake' to check CMake code style
[2.266s] -- Added test 'xmllint' to check XML markup files
[2.278s] -- Configuring done
[2.417s] -- Generating done
[2.453s] -- Build files have been written to: /home/kimm/wearable_robot_ws/build/wearable_robot_interfaces
[2.481s] Invoked command in '/home/kimm/wearable_robot_ws/build/wearable_robot_interfaces' returned '0': CMAKE_PREFIX_PATH=${CMAKE_PREFIX_PATH}:/opt/ros/foxy /usr/bin/cmake /home/kimm/wearable_robot_ws/src/wearable_robot_interfaces -DCMAKE_INSTALL_PREFIX=/home/kimm/wearable_robot_ws/install/wearable_robot_interfaces
[2.485s] Invoking command in '/home/kimm/wearable_robot_ws/build/wearable_robot_interfaces': CMAKE_PREFIX_PATH=${CMAKE_PREFIX_PATH}:/opt/ros/foxy /usr/bin/cmake --build /home/kimm/wearable_robot_ws/build/wearable_robot_interfaces -- -j8 -l8
[2.616s] [35m[1mScanning dependencies of target wearable_robot_interfaces__cpp[0m
[2.639s] [  1%] [34m[1mGenerating C code for ROS interfaces[0m
[2.667s] [  1%] [34m[1mGenerating C++ code for ROS interfaces[0m
[4.844s] [  1%] Built target wearable_robot_interfaces__cpp
[4.877s] [  2%] [34m[1mGenerating C++ type support dispatch for ROS interfaces[0m
[4.946s] [  3%] [34m[1mGenerating C++ type support for eProsima Fast-RTPS[0m
[4.951s] [  4%] [34m[1mGenerating C++ introspection for ROS interfaces[0m
[4.970s] [35m[1mScanning dependencies of target wearable_robot_interfaces__rosidl_generator_c[0m
[5.026s] [  5%] [32mBuilding C object CMakeFiles/wearable_robot_interfaces__rosidl_generator_c.dir/rosidl_generator_c/wearable_robot_interfaces/msg/detail/imu_raw_data__functions.c.o[0m
[5.056s] [  6%] [32mBuilding C object CMakeFiles/wearable_robot_interfaces__rosidl_generator_c.dir/rosidl_generator_c/wearable_robot_interfaces/msg/detail/displacement_raw_data__functions.c.o[0m
[5.056s] [  7%] [32mBuilding C object CMakeFiles/wearable_robot_interfaces__rosidl_generator_c.dir/rosidl_generator_c/wearable_robot_interfaces/msg/detail/displacement_data__functions.c.o[0m
[5.086s] [  8%] [32mBuilding C object CMakeFiles/wearable_robot_interfaces__rosidl_generator_c.dir/rosidl_generator_c/wearable_robot_interfaces/msg/detail/imu_data__functions.c.o[0m
[5.097s] [  9%] [32mBuilding C object CMakeFiles/wearable_robot_interfaces__rosidl_generator_c.dir/rosidl_generator_c/wearable_robot_interfaces/msg/detail/imu_type__functions.c.o[0m
[5.307s] [ 10%] [32mBuilding C object CMakeFiles/wearable_robot_interfaces__rosidl_generator_c.dir/rosidl_generator_c/wearable_robot_interfaces/msg/detail/temperature_data__functions.c.o[0m
[5.346s] [ 11%] [32mBuilding C object CMakeFiles/wearable_robot_interfaces__rosidl_generator_c.dir/rosidl_generator_c/wearable_robot_interfaces/msg/detail/actuator_command__functions.c.o[0m
[5.362s] [ 12%] [32mBuilding C object CMakeFiles/wearable_robot_interfaces__rosidl_generator_c.dir/rosidl_generator_c/wearable_robot_interfaces/msg/detail/fan_command__functions.c.o[0m
[5.375s] [ 13%] [32mBuilding C object CMakeFiles/wearable_robot_interfaces__rosidl_generator_c.dir/rosidl_generator_c/wearable_robot_interfaces/msg/detail/joint_state__functions.c.o[0m
[5.415s] [ 14%] [32mBuilding C object CMakeFiles/wearable_robot_interfaces__rosidl_generator_c.dir/rosidl_generator_c/wearable_robot_interfaces/msg/detail/can_data_frame__functions.c.o[0m
[5.631s] [ 15%] [32m[1mLinking C shared library libwearable_robot_interfaces__rosidl_generator_c.so[0m
[5.719s] [ 15%] Built target wearable_robot_interfaces__rosidl_generator_c
[5.762s] [ 16%] [34m[1mGenerating C type support dispatch for ROS interfaces[0m
[5.763s] [ 17%] [34m[1mGenerating C introspection for ROS interfaces[0m
[6.892s] [35m[1mScanning dependencies of target wearable_robot_interfaces__rosidl_typesupport_cpp[0m
[6.960s] [ 18%] [32mBuilding CXX object CMakeFiles/wearable_robot_interfaces__rosidl_typesupport_cpp.dir/rosidl_typesupport_cpp/wearable_robot_interfaces/msg/displacement_raw_data__type_support.cpp.o[0m
[6.999s] [ 19%] [32mBuilding CXX object CMakeFiles/wearable_robot_interfaces__rosidl_typesupport_cpp.dir/rosidl_typesupport_cpp/wearable_robot_interfaces/msg/imu_raw_data__type_support.cpp.o[0m
[7.004s] [ 20%] [32mBuilding CXX object CMakeFiles/wearable_robot_interfaces__rosidl_typesupport_cpp.dir/rosidl_typesupport_cpp/wearable_robot_interfaces/msg/displacement_data__type_support.cpp.o[0m
[7.026s] [ 21%] [32mBuilding CXX object CMakeFiles/wearable_robot_interfaces__rosidl_typesupport_cpp.dir/rosidl_typesupport_cpp/wearable_robot_interfaces/msg/imu_data__type_support.cpp.o[0m
[7.833s] [35m[1mScanning dependencies of target wearable_robot_interfaces__rosidl_typesupport_c[0m
[7.942s] [35m[1mScanning dependencies of target wearable_robot_interfaces__rosidl_typesupport_introspection_cpp[0m
[7.958s] [ 22%] [32mBuilding CXX object CMakeFiles/wearable_robot_interfaces__rosidl_typesupport_c.dir/rosidl_typesupport_c/wearable_robot_interfaces/msg/displacement_raw_data__type_support.cpp.o[0m
[7.994s] [35m[1mScanning dependencies of target wearable_robot_interfaces__rosidl_typesupport_fastrtps_cpp[0m
[8.033s] [ 23%] [32mBuilding CXX object CMakeFiles/wearable_robot_interfaces__rosidl_typesupport_introspection_cpp.dir/rosidl_typesupport_introspection_cpp/wearable_robot_interfaces/msg/detail/displacement_raw_data__type_support.cpp.o[0m
[8.045s] [ 24%] [32mBuilding CXX object CMakeFiles/wearable_robot_interfaces__rosidl_typesupport_c.dir/rosidl_typesupport_c/wearable_robot_interfaces/msg/imu_raw_data__type_support.cpp.o[0m
[8.064s] [ 25%] [32mBuilding CXX object CMakeFiles/wearable_robot_interfaces__rosidl_typesupport_cpp.dir/rosidl_typesupport_cpp/wearable_robot_interfaces/msg/imu_type__type_support.cpp.o[0m
[8.088s] [ 26%] [32mBuilding CXX object CMakeFiles/wearable_robot_interfaces__rosidl_typesupport_fastrtps_cpp.dir/rosidl_typesupport_fastrtps_cpp/wearable_robot_interfaces/msg/detail/dds_fastrtps/displacement_raw_data__type_support.cpp.o[0m
[8.117s] [ 27%] [32mBuilding CXX object CMakeFiles/wearable_robot_interfaces__rosidl_typesupport_introspection_cpp.dir/rosidl_typesupport_introspection_cpp/wearable_robot_interfaces/msg/detail/imu_raw_data__type_support.cpp.o[0m
[8.199s] [ 28%] [32mBuilding CXX object CMakeFiles/wearable_robot_interfaces__rosidl_typesupport_c.dir/rosidl_typesupport_c/wearable_robot_interfaces/msg/displacement_data__type_support.cpp.o[0m
[8.222s] [ 29%] [32mBuilding CXX object CMakeFiles/wearable_robot_interfaces__rosidl_typesupport_fastrtps_cpp.dir/rosidl_typesupport_fastrtps_cpp/wearable_robot_interfaces/msg/detail/dds_fastrtps/imu_raw_data__type_support.cpp.o[0m
[8.372s] [ 30%] [32mBuilding CXX object CMakeFiles/wearable_robot_interfaces__rosidl_typesupport_c.dir/rosidl_typesupport_c/wearable_robot_interfaces/msg/imu_data__type_support.cpp.o[0m
[8.580s] [ 31%] [32mBuilding CXX object CMakeFiles/wearable_robot_interfaces__rosidl_typesupport_c.dir/rosidl_typesupport_c/wearable_robot_interfaces/msg/imu_type__type_support.cpp.o[0m
[8.666s] [ 31%] [32mBuilding CXX object CMakeFiles/wearable_robot_interfaces__rosidl_typesupport_fastrtps_cpp.dir/rosidl_typesupport_fastrtps_cpp/wearable_robot_interfaces/msg/detail/dds_fastrtps/displacement_data__type_support.cpp.o[0m
[8.699s] [ 32%] [32mBuilding CXX object CMakeFiles/wearable_robot_interfaces__rosidl_typesupport_c.dir/rosidl_typesupport_c/wearable_robot_interfaces/msg/temperature_data__type_support.cpp.o[0m
[8.765s] [35m[1mScanning dependencies of target wearable_robot_interfaces__rosidl_typesupport_introspection_c[0m
[8.824s] [ 33%] [32mBuilding C object CMakeFiles/wearable_robot_interfaces__rosidl_typesupport_introspection_c.dir/rosidl_typesupport_introspection_c/wearable_robot_interfaces/msg/detail/displacement_raw_data__type_support.c.o[0m
[8.848s] [ 34%] [32mBuilding CXX object CMakeFiles/wearable_robot_interfaces__rosidl_typesupport_c.dir/rosidl_typesupport_c/wearable_robot_interfaces/msg/actuator_command__type_support.cpp.o[0m
[8.888s] [ 35%] [32mBuilding C object CMakeFiles/wearable_robot_interfaces__rosidl_typesupport_introspection_c.dir/rosidl_typesupport_introspection_c/wearable_robot_interfaces/msg/detail/imu_raw_data__type_support.c.o[0m
[8.972s] [ 36%] [32mBuilding C object CMakeFiles/wearable_robot_interfaces__rosidl_typesupport_introspection_c.dir/rosidl_typesupport_introspection_c/wearable_robot_interfaces/msg/detail/displacement_data__type_support.c.o[0m
[8.997s] [ 37%] [32mBuilding CXX object CMakeFiles/wearable_robot_interfaces__rosidl_typesupport_c.dir/rosidl_typesupport_c/wearable_robot_interfaces/msg/fan_command__type_support.cpp.o[0m
[9.084s] [ 38%] [32mBuilding CXX object CMakeFiles/wearable_robot_interfaces__rosidl_typesupport_cpp.dir/rosidl_typesupport_cpp/wearable_robot_interfaces/msg/temperature_data__type_support.cpp.o[0m
[9.146s] [ 38%] [32mBuilding CXX object CMakeFiles/wearable_robot_interfaces__rosidl_typesupport_c.dir/rosidl_typesupport_c/wearable_robot_interfaces/msg/can_data_frame__type_support.cpp.o[0m
[9.152s] [ 40%] [32mBuilding C object CMakeFiles/wearable_robot_interfaces__rosidl_typesupport_introspection_c.dir/rosidl_typesupport_introspection_c/wearable_robot_interfaces/msg/detail/imu_data__type_support.c.o[0m
[9.153s] [ 40%] [32mBuilding C object CMakeFiles/wearable_robot_interfaces__rosidl_typesupport_introspection_c.dir/rosidl_typesupport_introspection_c/wearable_robot_interfaces/msg/detail/imu_type__type_support.c.o[0m
[9.233s] [ 41%] [32mBuilding C object CMakeFiles/wearable_robot_interfaces__rosidl_typesupport_introspection_c.dir/rosidl_typesupport_introspection_c/wearable_robot_interfaces/msg/detail/temperature_data__type_support.c.o[0m
[9.319s] [ 42%] [32mBuilding C object CMakeFiles/wearable_robot_interfaces__rosidl_typesupport_introspection_c.dir/rosidl_typesupport_introspection_c/wearable_robot_interfaces/msg/detail/actuator_command__type_support.c.o[0m
[9.353s] [ 43%] [32mBuilding CXX object CMakeFiles/wearable_robot_interfaces__rosidl_typesupport_introspection_cpp.dir/rosidl_typesupport_introspection_cpp/wearable_robot_interfaces/msg/detail/displacement_data__type_support.cpp.o[0m
[9.355s] [ 44%] [32mBuilding C object CMakeFiles/wearable_robot_interfaces__rosidl_typesupport_introspection_c.dir/rosidl_typesupport_introspection_c/wearable_robot_interfaces/msg/detail/fan_command__type_support.c.o[0m
[9.367s] [ 45%] [32mBuilding CXX object CMakeFiles/wearable_robot_interfaces__rosidl_typesupport_c.dir/rosidl_typesupport_c/wearable_robot_interfaces/msg/joint_state__type_support.cpp.o[0m
[9.518s] [ 46%] [32mBuilding C object CMakeFiles/wearable_robot_interfaces__rosidl_typesupport_introspection_c.dir/rosidl_typesupport_introspection_c/wearable_robot_interfaces/msg/detail/can_data_frame__type_support.c.o[0m
[9.528s] [ 47%] [32mBuilding C object CMakeFiles/wearable_robot_interfaces__rosidl_typesupport_introspection_c.dir/rosidl_typesupport_introspection_c/wearable_robot_interfaces/msg/detail/joint_state__type_support.c.o[0m
[9.556s] [ 48%] [32m[1mLinking CXX shared library libwearable_robot_interfaces__rosidl_typesupport_c.so[0m
[9.624s] [ 49%] [32mBuilding CXX object CMakeFiles/wearable_robot_interfaces__rosidl_typesupport_fastrtps_cpp.dir/rosidl_typesupport_fastrtps_cpp/wearable_robot_interfaces/msg/detail/dds_fastrtps/imu_data__type_support.cpp.o[0m
[9.647s] [ 50%] [32mBuilding CXX object CMakeFiles/wearable_robot_interfaces__rosidl_typesupport_introspection_cpp.dir/rosidl_typesupport_introspection_cpp/wearable_robot_interfaces/msg/detail/imu_data__type_support.cpp.o[0m
[9.650s] [ 51%] [32m[1mLinking C shared library libwearable_robot_interfaces__rosidl_typesupport_introspection_c.so[0m
[9.790s] [ 51%] Built target wearable_robot_interfaces__rosidl_typesupport_introspection_c
[9.791s] [ 51%] Built target wearable_robot_interfaces__rosidl_typesupport_c
[9.810s] [ 52%] [32mBuilding CXX object CMakeFiles/wearable_robot_interfaces__rosidl_typesupport_fastrtps_cpp.dir/rosidl_typesupport_fastrtps_cpp/wearable_robot_interfaces/msg/detail/dds_fastrtps/imu_type__type_support.cpp.o[0m
[9.815s] [ 53%] [32mBuilding CXX object CMakeFiles/wearable_robot_interfaces__rosidl_typesupport_fastrtps_cpp.dir/rosidl_typesupport_fastrtps_cpp/wearable_robot_interfaces/msg/detail/dds_fastrtps/temperature_data__type_support.cpp.o[0m
[9.839s] [ 54%] [32mBuilding CXX object CMakeFiles/wearable_robot_interfaces__rosidl_typesupport_introspection_cpp.dir/rosidl_typesupport_introspection_cpp/wearable_robot_interfaces/msg/detail/imu_type__type_support.cpp.o[0m
[10.381s] [ 55%] [32mBuilding CXX object CMakeFiles/wearable_robot_interfaces__rosidl_typesupport_cpp.dir/rosidl_typesupport_cpp/wearable_robot_interfaces/msg/actuator_command__type_support.cpp.o[0m
[10.437s] [ 56%] [32mBuilding CXX object CMakeFiles/wearable_robot_interfaces__rosidl_typesupport_introspection_cpp.dir/rosidl_typesupport_introspection_cpp/wearable_robot_interfaces/msg/detail/temperature_data__type_support.cpp.o[0m
[10.864s] [ 57%] [32mBuilding CXX object CMakeFiles/wearable_robot_interfaces__rosidl_typesupport_introspection_cpp.dir/rosidl_typesupport_introspection_cpp/wearable_robot_interfaces/msg/detail/actuator_command__type_support.cpp.o[0m
[10.909s] [ 58%] [32mBuilding CXX object CMakeFiles/wearable_robot_interfaces__rosidl_typesupport_introspection_cpp.dir/rosidl_typesupport_introspection_cpp/wearable_robot_interfaces/msg/detail/fan_command__type_support.cpp.o[0m
[10.963s] [ 59%] [32mBuilding CXX object CMakeFiles/wearable_robot_interfaces__rosidl_typesupport_fastrtps_cpp.dir/rosidl_typesupport_fastrtps_cpp/wearable_robot_interfaces/msg/detail/dds_fastrtps/actuator_command__type_support.cpp.o[0m
[11.465s] [ 60%] [32mBuilding CXX object CMakeFiles/wearable_robot_interfaces__rosidl_typesupport_fastrtps_cpp.dir/rosidl_typesupport_fastrtps_cpp/wearable_robot_interfaces/msg/detail/dds_fastrtps/fan_command__type_support.cpp.o[0m
[11.531s] [ 61%] [32mBuilding CXX object CMakeFiles/wearable_robot_interfaces__rosidl_typesupport_cpp.dir/rosidl_typesupport_cpp/wearable_robot_interfaces/msg/fan_command__type_support.cpp.o[0m
[11.833s] [ 62%] [32mBuilding CXX object CMakeFiles/wearable_robot_interfaces__rosidl_typesupport_introspection_cpp.dir/rosidl_typesupport_introspection_cpp/wearable_robot_interfaces/msg/detail/can_data_frame__type_support.cpp.o[0m
[11.910s] [ 63%] [32mBuilding CXX object CMakeFiles/wearable_robot_interfaces__rosidl_typesupport_fastrtps_cpp.dir/rosidl_typesupport_fastrtps_cpp/wearable_robot_interfaces/msg/detail/dds_fastrtps/can_data_frame__type_support.cpp.o[0m
[12.048s] [ 64%] [32mBuilding CXX object CMakeFiles/wearable_robot_interfaces__rosidl_typesupport_fastrtps_cpp.dir/rosidl_typesupport_fastrtps_cpp/wearable_robot_interfaces/msg/detail/dds_fastrtps/joint_state__type_support.cpp.o[0m
[12.165s] [ 65%] [32mBuilding CXX object CMakeFiles/wearable_robot_interfaces__rosidl_typesupport_introspection_cpp.dir/rosidl_typesupport_introspection_cpp/wearable_robot_interfaces/msg/detail/joint_state__type_support.cpp.o[0m
[12.322s] [ 66%] [32mBuilding CXX object CMakeFiles/wearable_robot_interfaces__rosidl_typesupport_cpp.dir/rosidl_typesupport_cpp/wearable_robot_interfaces/msg/can_data_frame__type_support.cpp.o[0m
[12.693s] [ 67%] [32mBuilding CXX object CMakeFiles/wearable_robot_interfaces__rosidl_typesupport_cpp.dir/rosidl_typesupport_cpp/wearable_robot_interfaces/msg/joint_state__type_support.cpp.o[0m
[13.299s] [ 68%] [32m[1mLinking CXX shared library libwearable_robot_interfaces__rosidl_typesupport_introspection_cpp.so[0m
[13.572s] [ 68%] Built target wearable_robot_interfaces__rosidl_typesupport_introspection_cpp
[13.619s] [ 69%] [32m[1mLinking CXX shared library libwearable_robot_interfaces__rosidl_typesupport_cpp.so[0m
[13.735s] [ 69%] Built target wearable_robot_interfaces__rosidl_typesupport_cpp
[13.812s] [ 70%] [32m[1mLinking CXX shared library libwearable_robot_interfaces__rosidl_typesupport_fastrtps_cpp.so[0m
[14.026s] [ 70%] Built target wearable_robot_interfaces__rosidl_typesupport_fastrtps_cpp
[14.055s] [ 71%] [34m[1mGenerating C type support for eProsima Fast-RTPS[0m
[15.888s] [35m[1mScanning dependencies of target wearable_robot_interfaces__rosidl_typesupport_fastrtps_c[0m
[15.943s] [ 72%] [32mBuilding CXX object CMakeFiles/wearable_robot_interfaces__rosidl_typesupport_fastrtps_c.dir/rosidl_typesupport_fastrtps_c/wearable_robot_interfaces/msg/detail/displacement_data__type_support_c.cpp.o[0m
[15.946s] [ 73%] [32mBuilding CXX object CMakeFiles/wearable_robot_interfaces__rosidl_typesupport_fastrtps_c.dir/rosidl_typesupport_fastrtps_c/wearable_robot_interfaces/msg/detail/displacement_raw_data__type_support_c.cpp.o[0m
[15.961s] [ 74%] [32mBuilding CXX object CMakeFiles/wearable_robot_interfaces__rosidl_typesupport_fastrtps_c.dir/rosidl_typesupport_fastrtps_c/wearable_robot_interfaces/msg/detail/imu_raw_data__type_support_c.cpp.o[0m
[15.969s] [ 75%] [32mBuilding CXX object CMakeFiles/wearable_robot_interfaces__rosidl_typesupport_fastrtps_c.dir/rosidl_typesupport_fastrtps_c/wearable_robot_interfaces/msg/detail/imu_type__type_support_c.cpp.o[0m
[15.976s] [ 77%] [32mBuilding CXX object CMakeFiles/wearable_robot_interfaces__rosidl_typesupport_fastrtps_c.dir/rosidl_typesupport_fastrtps_c/wearable_robot_interfaces/msg/detail/fan_command__type_support_c.cpp.o[0m
[15.977s] [ 77%] [32mBuilding CXX object CMakeFiles/wearable_robot_interfaces__rosidl_typesupport_fastrtps_c.dir/rosidl_typesupport_fastrtps_c/wearable_robot_interfaces/msg/detail/temperature_data__type_support_c.cpp.o[0m
[15.985s] [ 78%] [32mBuilding CXX object CMakeFiles/wearable_robot_interfaces__rosidl_typesupport_fastrtps_c.dir/rosidl_typesupport_fastrtps_c/wearable_robot_interfaces/msg/detail/imu_data__type_support_c.cpp.o[0m
[16.003s] [ 79%] [32mBuilding CXX object CMakeFiles/wearable_robot_interfaces__rosidl_typesupport_fastrtps_c.dir/rosidl_typesupport_fastrtps_c/wearable_robot_interfaces/msg/detail/actuator_command__type_support_c.cpp.o[0m
[17.446s] [ 80%] [32mBuilding CXX object CMakeFiles/wearable_robot_interfaces__rosidl_typesupport_fastrtps_c.dir/rosidl_typesupport_fastrtps_c/wearable_robot_interfaces/msg/detail/can_data_frame__type_support_c.cpp.o[0m
[17.530s] [ 81%] [32mBuilding CXX object CMakeFiles/wearable_robot_interfaces__rosidl_typesupport_fastrtps_c.dir/rosidl_typesupport_fastrtps_c/wearable_robot_interfaces/msg/detail/joint_state__type_support_c.cpp.o[0m
[18.463s] [ 82%] [32m[1mLinking CXX shared library libwearable_robot_interfaces__rosidl_typesupport_fastrtps_c.so[0m
[18.684s] [ 82%] Built target wearable_robot_interfaces__rosidl_typesupport_fastrtps_c
[18.731s] [ 82%] Built target wearable_robot_interfaces
[18.758s] [35m[1mScanning dependencies of target wearable_robot_interfaces__py[0m
[18.786s] [ 83%] [34m[1mGenerating Python code for ROS interfaces[0m
[22.471s] [ 83%] Built target wearable_robot_interfaces__py
[22.507s] [35m[1mScanning dependencies of target wearable_robot_interfaces__python[0m
[22.601s] [ 84%] [32mBuilding C object CMakeFiles/wearable_robot_interfaces__python.dir/rosidl_generator_py/wearable_robot_interfaces/msg/_imu_type_s.c.o[0m
[22.608s] [ 85%] [32mBuilding C object CMakeFiles/wearable_robot_interfaces__python.dir/rosidl_generator_py/wearable_robot_interfaces/msg/_imu_data_s.c.o[0m
[22.612s] [ 86%] [32mBuilding C object CMakeFiles/wearable_robot_interfaces__python.dir/rosidl_generator_py/wearable_robot_interfaces/msg/_displacement_data_s.c.o[0m
[22.615s] [ 87%] [32mBuilding C object CMakeFiles/wearable_robot_interfaces__python.dir/rosidl_generator_py/wearable_robot_interfaces/msg/_temperature_data_s.c.o[0m
[22.616s] [ 88%] [32mBuilding C object CMakeFiles/wearable_robot_interfaces__python.dir/rosidl_generator_py/wearable_robot_interfaces/msg/_displacement_raw_data_s.c.o[0m
[22.618s] [ 89%] [32mBuilding C object CMakeFiles/wearable_robot_interfaces__python.dir/rosidl_generator_py/wearable_robot_interfaces/msg/_imu_raw_data_s.c.o[0m
[22.628s] [ 90%] [32mBuilding C object CMakeFiles/wearable_robot_interfaces__python.dir/rosidl_generator_py/wearable_robot_interfaces/msg/_fan_command_s.c.o[0m
[22.647s] [ 91%] [32mBuilding C object CMakeFiles/wearable_robot_interfaces__python.dir/rosidl_generator_py/wearable_robot_interfaces/msg/_actuator_command_s.c.o[0m
[22.981s] [ 92%] [32mBuilding C object CMakeFiles/wearable_robot_interfaces__python.dir/rosidl_generator_py/wearable_robot_interfaces/msg/_can_data_frame_s.c.o[0m
[23.033s] [ 93%] [32mBuilding C object CMakeFiles/wearable_robot_interfaces__python.dir/rosidl_generator_py/wearable_robot_interfaces/msg/_joint_state_s.c.o[0m
[23.301s] [ 94%] [32m[1mLinking C shared library rosidl_generator_py/wearable_robot_interfaces/libwearable_robot_interfaces__python.so[0m
[23.416s] [ 94%] Built target wearable_robot_interfaces__python
[23.442s] [35m[1mScanning dependencies of target wearable_robot_interfaces__rosidl_typesupport_fastrtps_c__pyext[0m
[23.442s] [35m[1mScanning dependencies of target wearable_robot_interfaces__rosidl_typesupport_introspection_c__pyext[0m
[23.442s] [35m[1mScanning dependencies of target wearable_robot_interfaces__rosidl_typesupport_c__pyext[0m
[23.485s] [ 95%] [32mBuilding C object CMakeFiles/wearable_robot_interfaces__rosidl_typesupport_introspection_c__pyext.dir/rosidl_generator_py/wearable_robot_interfaces/_wearable_robot_interfaces_s.ep.rosidl_typesupport_introspection_c.c.o[0m
[23.494s] [ 97%] [32mBuilding C object CMakeFiles/wearable_robot_interfaces__rosidl_typesupport_c__pyext.dir/rosidl_generator_py/wearable_robot_interfaces/_wearable_robot_interfaces_s.ep.rosidl_typesupport_c.c.o[0m
[23.494s] [ 97%] [32mBuilding C object CMakeFiles/wearable_robot_interfaces__rosidl_typesupport_fastrtps_c__pyext.dir/rosidl_generator_py/wearable_robot_interfaces/_wearable_robot_interfaces_s.ep.rosidl_typesupport_fastrtps_c.c.o[0m
[23.775s] [ 98%] [32m[1mLinking CXX shared library rosidl_generator_py/wearable_robot_interfaces/wearable_robot_interfaces_s__rosidl_typesupport_fastrtps_c.cpython-38-aarch64-linux-gnu.so[0m
[23.776s] [ 99%] [32m[1mLinking C shared library rosidl_generator_py/wearable_robot_interfaces/wearable_robot_interfaces_s__rosidl_typesupport_introspection_c.cpython-38-aarch64-linux-gnu.so[0m
[23.794s] [100%] [32m[1mLinking C shared library rosidl_generator_py/wearable_robot_interfaces/wearable_robot_interfaces_s__rosidl_typesupport_c.cpython-38-aarch64-linux-gnu.so[0m
[23.897s] [100%] Built target wearable_robot_interfaces__rosidl_typesupport_introspection_c__pyext
[23.931s] [100%] Built target wearable_robot_interfaces__rosidl_typesupport_c__pyext
[23.970s] [100%] Built target wearable_robot_interfaces__rosidl_typesupport_fastrtps_c__pyext
[24.013s] Invoked command in '/home/kimm/wearable_robot_ws/build/wearable_robot_interfaces' returned '0': CMAKE_PREFIX_PATH=${CMAKE_PREFIX_PATH}:/opt/ros/foxy /usr/bin/cmake --build /home/kimm/wearable_robot_ws/build/wearable_robot_interfaces -- -j8 -l8
[24.052s] Invoking command in '/home/kimm/wearable_robot_ws/build/wearable_robot_interfaces': CMAKE_PREFIX_PATH=${CMAKE_PREFIX_PATH}:/opt/ros/foxy /usr/bin/cmake --install /home/kimm/wearable_robot_ws/build/wearable_robot_interfaces
[24.073s] -- Install configuration: ""
[24.075s] -- Execute custom install script
[24.076s] -- Up-to-date symlink: /home/kimm/wearable_robot_ws/install/wearable_robot_interfaces/share/ament_index/resource_index/rosidl_interfaces/wearable_robot_interfaces
[24.077s] -- Up-to-date symlink: /home/kimm/wearable_robot_ws/install/wearable_robot_interfaces/include/wearable_robot_interfaces/msg/actuator_command.h
[24.077s] -- Up-to-date symlink: /home/kimm/wearable_robot_ws/install/wearable_robot_interfaces/include/wearable_robot_interfaces/msg/can_data.h
[24.078s] -- Symlinking: /home/kimm/wearable_robot_ws/install/wearable_robot_interfaces/include/wearable_robot_interfaces/msg/can_data_frame.h
[24.100s] -- Up-to-date symlink: /home/kimm/wearable_robot_ws/install/wearable_robot_interfaces/include/wearable_robot_interfaces/msg/detail/actuator_command__functions.h
[24.100s] -- Up-to-date symlink: /home/kimm/wearable_robot_ws/install/wearable_robot_interfaces/include/wearable_robot_interfaces/msg/detail/actuator_command__struct.h
[24.101s] -- Up-to-date symlink: /home/kimm/wearable_robot_ws/install/wearable_robot_interfaces/include/wearable_robot_interfaces/msg/detail/actuator_command__type_support.h
[24.101s] -- Up-to-date symlink: /home/kimm/wearable_robot_ws/install/wearable_robot_interfaces/include/wearable_robot_interfaces/msg/detail/can_data__functions.h
[24.101s] -- Up-to-date symlink: /home/kimm/wearable_robot_ws/install/wearable_robot_interfaces/include/wearable_robot_interfaces/msg/detail/can_data__struct.h
[24.101s] -- Up-to-date symlink: /home/kimm/wearable_robot_ws/install/wearable_robot_interfaces/include/wearable_robot_interfaces/msg/detail/can_data__type_support.h
[24.101s] -- Symlinking: /home/kimm/wearable_robot_ws/install/wearable_robot_interfaces/include/wearable_robot_interfaces/msg/detail/can_data_frame__functions.h
[24.122s] -- Symlinking: /home/kimm/wearable_robot_ws/install/wearable_robot_interfaces/include/wearable_robot_interfaces/msg/detail/can_data_frame__struct.h
[24.143s] -- Symlinking: /home/kimm/wearable_robot_ws/install/wearable_robot_interfaces/include/wearable_robot_interfaces/msg/detail/can_data_frame__type_support.h
[24.165s] -- Up-to-date symlink: /home/kimm/wearable_robot_ws/install/wearable_robot_interfaces/include/wearable_robot_interfaces/msg/detail/displacement_data__functions.h
[24.166s] -- Up-to-date symlink: /home/kimm/wearable_robot_ws/install/wearable_robot_interfaces/include/wearable_robot_interfaces/msg/detail/displacement_data__struct.h
[24.166s] -- Up-to-date symlink: /home/kimm/wearable_robot_ws/install/wearable_robot_interfaces/include/wearable_robot_interfaces/msg/detail/displacement_data__type_support.h
[24.166s] -- Up-to-date symlink: /home/kimm/wearable_robot_ws/install/wearable_robot_interfaces/include/wearable_robot_interfaces/msg/detail/displacement_raw_data__functions.h
[24.166s] -- Up-to-date symlink: /home/kimm/wearable_robot_ws/install/wearable_robot_interfaces/include/wearable_robot_interfaces/msg/detail/displacement_raw_data__struct.h
[24.167s] -- Up-to-date symlink: /home/kimm/wearable_robot_ws/install/wearable_robot_interfaces/include/wearable_robot_interfaces/msg/detail/displacement_raw_data__type_support.h
[24.167s] -- Up-to-date symlink: /home/kimm/wearable_robot_ws/install/wearable_robot_interfaces/include/wearable_robot_interfaces/msg/detail/fan_command__functions.h
[24.167s] -- Up-to-date symlink: /home/kimm/wearable_robot_ws/install/wearable_robot_interfaces/include/wearable_robot_interfaces/msg/detail/fan_command__struct.h
[24.168s] -- Up-to-date symlink: /home/kimm/wearable_robot_ws/install/wearable_robot_interfaces/include/wearable_robot_interfaces/msg/detail/fan_command__type_support.h
[24.168s] -- Up-to-date symlink: /home/kimm/wearable_robot_ws/install/wearable_robot_interfaces/include/wearable_robot_interfaces/msg/detail/imu_data__functions.h
[24.168s] -- Up-to-date symlink: /home/kimm/wearable_robot_ws/install/wearable_robot_interfaces/include/wearable_robot_interfaces/msg/detail/imu_data__struct.h
[24.169s] -- Up-to-date symlink: /home/kimm/wearable_robot_ws/install/wearable_robot_interfaces/include/wearable_robot_interfaces/msg/detail/imu_data__type_support.h
[24.169s] -- Up-to-date symlink: /home/kimm/wearable_robot_ws/install/wearable_robot_interfaces/include/wearable_robot_interfaces/msg/detail/imu_raw_data__functions.h
[24.169s] -- Up-to-date symlink: /home/kimm/wearable_robot_ws/install/wearable_robot_interfaces/include/wearable_robot_interfaces/msg/detail/imu_raw_data__struct.h
[24.170s] -- Up-to-date symlink: /home/kimm/wearable_robot_ws/install/wearable_robot_interfaces/include/wearable_robot_interfaces/msg/detail/imu_raw_data__type_support.h
[24.170s] -- Up-to-date symlink: /home/kimm/wearable_robot_ws/install/wearable_robot_interfaces/include/wearable_robot_interfaces/msg/detail/imu_type__functions.h
[24.170s] -- Up-to-date symlink: /home/kimm/wearable_robot_ws/install/wearable_robot_interfaces/include/wearable_robot_interfaces/msg/detail/imu_type__struct.h
[24.171s] -- Up-to-date symlink: /home/kimm/wearable_robot_ws/install/wearable_robot_interfaces/include/wearable_robot_interfaces/msg/detail/imu_type__type_support.h
[24.171s] -- Up-to-date symlink: /home/kimm/wearable_robot_ws/install/wearable_robot_interfaces/include/wearable_robot_interfaces/msg/detail/joint_state__functions.h
[24.171s] -- Up-to-date symlink: /home/kimm/wearable_robot_ws/install/wearable_robot_interfaces/include/wearable_robot_interfaces/msg/detail/joint_state__struct.h
[24.172s] -- Up-to-date symlink: /home/kimm/wearable_robot_ws/install/wearable_robot_interfaces/include/wearable_robot_interfaces/msg/detail/joint_state__type_support.h
[24.172s] -- Up-to-date symlink: /home/kimm/wearable_robot_ws/install/wearable_robot_interfaces/include/wearable_robot_interfaces/msg/detail/temperature_data__functions.h
[24.172s] -- Up-to-date symlink: /home/kimm/wearable_robot_ws/install/wearable_robot_interfaces/include/wearable_robot_interfaces/msg/detail/temperature_data__struct.h
[24.173s] -- Up-to-date symlink: /home/kimm/wearable_robot_ws/install/wearable_robot_interfaces/include/wearable_robot_interfaces/msg/detail/temperature_data__type_support.h
[24.173s] -- Up-to-date symlink: /home/kimm/wearable_robot_ws/install/wearable_robot_interfaces/include/wearable_robot_interfaces/msg/displacement_data.h
[24.173s] -- Up-to-date symlink: /home/kimm/wearable_robot_ws/install/wearable_robot_interfaces/include/wearable_robot_interfaces/msg/displacement_raw_data.h
[24.174s] -- Up-to-date symlink: /home/kimm/wearable_robot_ws/install/wearable_robot_interfaces/include/wearable_robot_interfaces/msg/fan_command.h
[24.174s] -- Up-to-date symlink: /home/kimm/wearable_robot_ws/install/wearable_robot_interfaces/include/wearable_robot_interfaces/msg/imu_data.h
[24.174s] -- Up-to-date symlink: /home/kimm/wearable_robot_ws/install/wearable_robot_interfaces/include/wearable_robot_interfaces/msg/imu_raw_data.h
[24.175s] -- Up-to-date symlink: /home/kimm/wearable_robot_ws/install/wearable_robot_interfaces/include/wearable_robot_interfaces/msg/imu_type.h
[24.175s] -- Up-to-date symlink: /home/kimm/wearable_robot_ws/install/wearable_robot_interfaces/include/wearable_robot_interfaces/msg/joint_state.h
[24.175s] -- Up-to-date symlink: /home/kimm/wearable_robot_ws/install/wearable_robot_interfaces/include/wearable_robot_interfaces/msg/rosidl_generator_c__visibility_control.h
[24.176s] -- Up-to-date symlink: /home/kimm/wearable_robot_ws/install/wearable_robot_interfaces/include/wearable_robot_interfaces/msg/temperature_data.h
[24.176s] -- Up-to-date symlink: /home/kimm/wearable_robot_ws/install/wearable_robot_interfaces/share/wearable_robot_interfaces/environment/library_path.sh
[24.177s] -- Up-to-date symlink: /home/kimm/wearable_robot_ws/install/wearable_robot_interfaces/share/wearable_robot_interfaces/environment/library_path.dsv
[24.181s] -- Up-to-date symlink: /home/kimm/wearable_robot_ws/install/wearable_robot_interfaces/include/wearable_robot_interfaces/msg/detail/actuator_command__rosidl_typesupport_fastrtps_c.h
[24.182s] -- Up-to-date symlink: /home/kimm/wearable_robot_ws/install/wearable_robot_interfaces/include/wearable_robot_interfaces/msg/detail/can_data__rosidl_typesupport_fastrtps_c.h
[24.183s] -- Symlinking: /home/kimm/wearable_robot_ws/install/wearable_robot_interfaces/include/wearable_robot_interfaces/msg/detail/can_data_frame__rosidl_typesupport_fastrtps_c.h
[24.207s] -- Up-to-date symlink: /home/kimm/wearable_robot_ws/install/wearable_robot_interfaces/include/wearable_robot_interfaces/msg/detail/displacement_data__rosidl_typesupport_fastrtps_c.h
[24.207s] -- Up-to-date symlink: /home/kimm/wearable_robot_ws/install/wearable_robot_interfaces/include/wearable_robot_interfaces/msg/detail/displacement_raw_data__rosidl_typesupport_fastrtps_c.h
[24.208s] -- Up-to-date symlink: /home/kimm/wearable_robot_ws/install/wearable_robot_interfaces/include/wearable_robot_interfaces/msg/detail/fan_command__rosidl_typesupport_fastrtps_c.h
[24.211s] -- Up-to-date symlink: /home/kimm/wearable_robot_ws/install/wearable_robot_interfaces/include/wearable_robot_interfaces/msg/detail/imu_data__rosidl_typesupport_fastrtps_c.h
[24.212s] -- Up-to-date symlink: /home/kimm/wearable_robot_ws/install/wearable_robot_interfaces/include/wearable_robot_interfaces/msg/detail/imu_raw_data__rosidl_typesupport_fastrtps_c.h
[24.212s] -- Up-to-date symlink: /home/kimm/wearable_robot_ws/install/wearable_robot_interfaces/include/wearable_robot_interfaces/msg/detail/imu_type__rosidl_typesupport_fastrtps_c.h
[24.213s] -- Up-to-date symlink: /home/kimm/wearable_robot_ws/install/wearable_robot_interfaces/include/wearable_robot_interfaces/msg/detail/joint_state__rosidl_typesupport_fastrtps_c.h
[24.213s] -- Up-to-date symlink: /home/kimm/wearable_robot_ws/install/wearable_robot_interfaces/include/wearable_robot_interfaces/msg/detail/temperature_data__rosidl_typesupport_fastrtps_c.h
[24.213s] -- Up-to-date symlink: /home/kimm/wearable_robot_ws/install/wearable_robot_interfaces/include/wearable_robot_interfaces/msg/rosidl_typesupport_fastrtps_c__visibility_control.h
[24.213s] -- Up-to-date symlink: /home/kimm/wearable_robot_ws/install/wearable_robot_interfaces/lib/libwearable_robot_interfaces__rosidl_typesupport_fastrtps_c.so
[24.213s] -- Up-to-date symlink: /home/kimm/wearable_robot_ws/install/wearable_robot_interfaces/include/wearable_robot_interfaces/msg/detail/actuator_command__rosidl_typesupport_fastrtps_cpp.hpp
[24.213s] -- Up-to-date symlink: /home/kimm/wearable_robot_ws/install/wearable_robot_interfaces/include/wearable_robot_interfaces/msg/detail/can_data__rosidl_typesupport_fastrtps_cpp.hpp
[24.214s] -- Symlinking: /home/kimm/wearable_robot_ws/install/wearable_robot_interfaces/include/wearable_robot_interfaces/msg/detail/can_data_frame__rosidl_typesupport_fastrtps_cpp.hpp
[24.243s] -- Up-to-date symlink: /home/kimm/wearable_robot_ws/install/wearable_robot_interfaces/include/wearable_robot_interfaces/msg/detail/displacement_data__rosidl_typesupport_fastrtps_cpp.hpp
[24.243s] -- Up-to-date symlink: /home/kimm/wearable_robot_ws/install/wearable_robot_interfaces/include/wearable_robot_interfaces/msg/detail/displacement_raw_data__rosidl_typesupport_fastrtps_cpp.hpp
[24.243s] -- Up-to-date symlink: /home/kimm/wearable_robot_ws/install/wearable_robot_interfaces/include/wearable_robot_interfaces/msg/detail/fan_command__rosidl_typesupport_fastrtps_cpp.hpp
[24.243s] -- Up-to-date symlink: /home/kimm/wearable_robot_ws/install/wearable_robot_interfaces/include/wearable_robot_interfaces/msg/detail/imu_data__rosidl_typesupport_fastrtps_cpp.hpp
[24.244s] -- Up-to-date symlink: /home/kimm/wearable_robot_ws/install/wearable_robot_interfaces/include/wearable_robot_interfaces/msg/detail/imu_raw_data__rosidl_typesupport_fastrtps_cpp.hpp
[24.244s] -- Up-to-date symlink: /home/kimm/wearable_robot_ws/install/wearable_robot_interfaces/include/wearable_robot_interfaces/msg/detail/imu_type__rosidl_typesupport_fastrtps_cpp.hpp
[24.244s] -- Up-to-date symlink: /home/kimm/wearable_robot_ws/install/wearable_robot_interfaces/include/wearable_robot_interfaces/msg/detail/joint_state__rosidl_typesupport_fastrtps_cpp.hpp
[24.245s] -- Up-to-date symlink: /home/kimm/wearable_robot_ws/install/wearable_robot_interfaces/include/wearable_robot_interfaces/msg/detail/temperature_data__rosidl_typesupport_fastrtps_cpp.hpp
[24.245s] -- Up-to-date symlink: /home/kimm/wearable_robot_ws/install/wearable_robot_interfaces/include/wearable_robot_interfaces/msg/rosidl_typesupport_fastrtps_cpp__visibility_control.h
[24.246s] -- Up-to-date symlink: /home/kimm/wearable_robot_ws/install/wearable_robot_interfaces/lib/libwearable_robot_interfaces__rosidl_typesupport_fastrtps_cpp.so
[24.248s] -- Up-to-date symlink: /home/kimm/wearable_robot_ws/install/wearable_robot_interfaces/include/wearable_robot_interfaces/msg/detail/actuator_command__rosidl_typesupport_introspection_c.h
[24.248s] -- Up-to-date symlink: /home/kimm/wearable_robot_ws/install/wearable_robot_interfaces/include/wearable_robot_interfaces/msg/detail/can_data__rosidl_typesupport_introspection_c.h
[24.248s] -- Symlinking: /home/kimm/wearable_robot_ws/install/wearable_robot_interfaces/include/wearable_robot_interfaces/msg/detail/can_data_frame__rosidl_typesupport_introspection_c.h
[24.272s] -- Up-to-date symlink: /home/kimm/wearable_robot_ws/install/wearable_robot_interfaces/include/wearable_robot_interfaces/msg/detail/displacement_data__rosidl_typesupport_introspection_c.h
[24.272s] -- Up-to-date symlink: /home/kimm/wearable_robot_ws/install/wearable_robot_interfaces/include/wearable_robot_interfaces/msg/detail/displacement_raw_data__rosidl_typesupport_introspection_c.h
[24.273s] -- Up-to-date symlink: /home/kimm/wearable_robot_ws/install/wearable_robot_interfaces/include/wearable_robot_interfaces/msg/detail/fan_command__rosidl_typesupport_introspection_c.h
[24.274s] -- Up-to-date symlink: /home/kimm/wearable_robot_ws/install/wearable_robot_interfaces/include/wearable_robot_interfaces/msg/detail/imu_data__rosidl_typesupport_introspection_c.h
[24.276s] -- Up-to-date symlink: /home/kimm/wearable_robot_ws/install/wearable_robot_interfaces/include/wearable_robot_interfaces/msg/detail/imu_raw_data__rosidl_typesupport_introspection_c.h
[24.276s] -- Up-to-date symlink: /home/kimm/wearable_robot_ws/install/wearable_robot_interfaces/include/wearable_robot_interfaces/msg/detail/imu_type__rosidl_typesupport_introspection_c.h
[24.276s] -- Up-to-date symlink: /home/kimm/wearable_robot_ws/install/wearable_robot_interfaces/include/wearable_robot_interfaces/msg/detail/joint_state__rosidl_typesupport_introspection_c.h
[24.277s] -- Up-to-date symlink: /home/kimm/wearable_robot_ws/install/wearable_robot_interfaces/include/wearable_robot_interfaces/msg/detail/temperature_data__rosidl_typesupport_introspection_c.h
[24.277s] -- Up-to-date symlink: /home/kimm/wearable_robot_ws/install/wearable_robot_interfaces/include/wearable_robot_interfaces/msg/rosidl_typesupport_introspection_c__visibility_control.h
[24.279s] -- Up-to-date symlink: /home/kimm/wearable_robot_ws/install/wearable_robot_interfaces/include/wearable_robot_interfaces/msg/actuator_command.hpp
[24.280s] -- Up-to-date symlink: /home/kimm/wearable_robot_ws/install/wearable_robot_interfaces/include/wearable_robot_interfaces/msg/can_data.hpp
[24.280s] -- Symlinking: /home/kimm/wearable_robot_ws/install/wearable_robot_interfaces/include/wearable_robot_interfaces/msg/can_data_frame.hpp
[24.301s] -- Up-to-date symlink: /home/kimm/wearable_robot_ws/install/wearable_robot_interfaces/include/wearable_robot_interfaces/msg/detail/actuator_command__builder.hpp
[24.302s] -- Up-to-date symlink: /home/kimm/wearable_robot_ws/install/wearable_robot_interfaces/include/wearable_robot_interfaces/msg/detail/actuator_command__struct.hpp
[24.302s] -- Up-to-date symlink: /home/kimm/wearable_robot_ws/install/wearable_robot_interfaces/include/wearable_robot_interfaces/msg/detail/actuator_command__traits.hpp
[24.302s] -- Up-to-date symlink: /home/kimm/wearable_robot_ws/install/wearable_robot_interfaces/include/wearable_robot_interfaces/msg/detail/actuator_command__type_support.hpp
[24.302s] -- Up-to-date symlink: /home/kimm/wearable_robot_ws/install/wearable_robot_interfaces/include/wearable_robot_interfaces/msg/detail/can_data__builder.hpp
[24.303s] -- Up-to-date symlink: /home/kimm/wearable_robot_ws/install/wearable_robot_interfaces/include/wearable_robot_interfaces/msg/detail/can_data__struct.hpp
[24.303s] -- Up-to-date symlink: /home/kimm/wearable_robot_ws/install/wearable_robot_interfaces/include/wearable_robot_interfaces/msg/detail/can_data__traits.hpp
[24.303s] -- Up-to-date symlink: /home/kimm/wearable_robot_ws/install/wearable_robot_interfaces/include/wearable_robot_interfaces/msg/detail/can_data__type_support.hpp
[24.304s] -- Symlinking: /home/kimm/wearable_robot_ws/install/wearable_robot_interfaces/include/wearable_robot_interfaces/msg/detail/can_data_frame__builder.hpp
[24.326s] -- Symlinking: /home/kimm/wearable_robot_ws/install/wearable_robot_interfaces/include/wearable_robot_interfaces/msg/detail/can_data_frame__struct.hpp
[24.347s] -- Symlinking: /home/kimm/wearable_robot_ws/install/wearable_robot_interfaces/include/wearable_robot_interfaces/msg/detail/can_data_frame__traits.hpp
[24.379s] -- Symlinking: /home/kimm/wearable_robot_ws/install/wearable_robot_interfaces/include/wearable_robot_interfaces/msg/detail/can_data_frame__type_support.hpp
[24.405s] -- Up-to-date symlink: /home/kimm/wearable_robot_ws/install/wearable_robot_interfaces/include/wearable_robot_interfaces/msg/detail/displacement_data__builder.hpp
[24.406s] -- Up-to-date symlink: /home/kimm/wearable_robot_ws/install/wearable_robot_interfaces/include/wearable_robot_interfaces/msg/detail/displacement_data__struct.hpp
[24.406s] -- Up-to-date symlink: /home/kimm/wearable_robot_ws/install/wearable_robot_interfaces/include/wearable_robot_interfaces/msg/detail/displacement_data__traits.hpp
[24.407s] -- Up-to-date symlink: /home/kimm/wearable_robot_ws/install/wearable_robot_interfaces/include/wearable_robot_interfaces/msg/detail/displacement_data__type_support.hpp
[24.407s] -- Up-to-date symlink: /home/kimm/wearable_robot_ws/install/wearable_robot_interfaces/include/wearable_robot_interfaces/msg/detail/displacement_raw_data__builder.hpp
[24.407s] -- Up-to-date symlink: /home/kimm/wearable_robot_ws/install/wearable_robot_interfaces/include/wearable_robot_interfaces/msg/detail/displacement_raw_data__struct.hpp
[24.407s] -- Up-to-date symlink: /home/kimm/wearable_robot_ws/install/wearable_robot_interfaces/include/wearable_robot_interfaces/msg/detail/displacement_raw_data__traits.hpp
[24.408s] -- Up-to-date symlink: /home/kimm/wearable_robot_ws/install/wearable_robot_interfaces/include/wearable_robot_interfaces/msg/detail/displacement_raw_data__type_support.hpp
[24.408s] -- Up-to-date symlink: /home/kimm/wearable_robot_ws/install/wearable_robot_interfaces/include/wearable_robot_interfaces/msg/detail/fan_command__builder.hpp
[24.408s] -- Up-to-date symlink: /home/kimm/wearable_robot_ws/install/wearable_robot_interfaces/include/wearable_robot_interfaces/msg/detail/fan_command__struct.hpp
[24.408s] -- Up-to-date symlink: /home/kimm/wearable_robot_ws/install/wearable_robot_interfaces/include/wearable_robot_interfaces/msg/detail/fan_command__traits.hpp
[24.409s] -- Up-to-date symlink: /home/kimm/wearable_robot_ws/install/wearable_robot_interfaces/include/wearable_robot_interfaces/msg/detail/fan_command__type_support.hpp
[24.409s] -- Up-to-date symlink: /home/kimm/wearable_robot_ws/install/wearable_robot_interfaces/include/wearable_robot_interfaces/msg/detail/imu_data__builder.hpp
[24.409s] -- Up-to-date symlink: /home/kimm/wearable_robot_ws/install/wearable_robot_interfaces/include/wearable_robot_interfaces/msg/detail/imu_data__struct.hpp
[24.409s] -- Up-to-date symlink: /home/kimm/wearable_robot_ws/install/wearable_robot_interfaces/include/wearable_robot_interfaces/msg/detail/imu_data__traits.hpp
[24.410s] -- Up-to-date symlink: /home/kimm/wearable_robot_ws/install/wearable_robot_interfaces/include/wearable_robot_interfaces/msg/detail/imu_data__type_support.hpp
[24.410s] -- Up-to-date symlink: /home/kimm/wearable_robot_ws/install/wearable_robot_interfaces/include/wearable_robot_interfaces/msg/detail/imu_raw_data__builder.hpp
[24.410s] -- Up-to-date symlink: /home/kimm/wearable_robot_ws/install/wearable_robot_interfaces/include/wearable_robot_interfaces/msg/detail/imu_raw_data__struct.hpp
[24.411s] -- Up-to-date symlink: /home/kimm/wearable_robot_ws/install/wearable_robot_interfaces/include/wearable_robot_interfaces/msg/detail/imu_raw_data__traits.hpp
[24.415s] -- Up-to-date symlink: /home/kimm/wearable_robot_ws/install/wearable_robot_interfaces/include/wearable_robot_interfaces/msg/detail/imu_raw_data__type_support.hpp
[24.416s] -- Up-to-date symlink: /home/kimm/wearable_robot_ws/install/wearable_robot_interfaces/include/wearable_robot_interfaces/msg/detail/imu_type__builder.hpp
[24.416s] -- Up-to-date symlink: /home/kimm/wearable_robot_ws/install/wearable_robot_interfaces/include/wearable_robot_interfaces/msg/detail/imu_type__struct.hpp
[24.416s] -- Up-to-date symlink: /home/kimm/wearable_robot_ws/install/wearable_robot_interfaces/include/wearable_robot_interfaces/msg/detail/imu_type__traits.hpp
[24.416s] -- Up-to-date symlink: /home/kimm/wearable_robot_ws/install/wearable_robot_interfaces/include/wearable_robot_interfaces/msg/detail/imu_type__type_support.hpp
[24.417s] -- Up-to-date symlink: /home/kimm/wearable_robot_ws/install/wearable_robot_interfaces/include/wearable_robot_interfaces/msg/detail/joint_state__builder.hpp
[24.417s] -- Up-to-date symlink: /home/kimm/wearable_robot_ws/install/wearable_robot_interfaces/include/wearable_robot_interfaces/msg/detail/joint_state__struct.hpp
[24.417s] -- Up-to-date symlink: /home/kimm/wearable_robot_ws/install/wearable_robot_interfaces/include/wearable_robot_interfaces/msg/detail/joint_state__traits.hpp
[24.417s] -- Up-to-date symlink: /home/kimm/wearable_robot_ws/install/wearable_robot_interfaces/include/wearable_robot_interfaces/msg/detail/joint_state__type_support.hpp
[24.417s] -- Up-to-date symlink: /home/kimm/wearable_robot_ws/install/wearable_robot_interfaces/include/wearable_robot_interfaces/msg/detail/temperature_data__builder.hpp
[24.417s] -- Up-to-date symlink: /home/kimm/wearable_robot_ws/install/wearable_robot_interfaces/include/wearable_robot_interfaces/msg/detail/temperature_data__struct.hpp
[24.417s] -- Up-to-date symlink: /home/kimm/wearable_robot_ws/install/wearable_robot_interfaces/include/wearable_robot_interfaces/msg/detail/temperature_data__traits.hpp
[24.418s] -- Up-to-date symlink: /home/kimm/wearable_robot_ws/install/wearable_robot_interfaces/include/wearable_robot_interfaces/msg/detail/temperature_data__type_support.hpp
[24.418s] -- Up-to-date symlink: /home/kimm/wearable_robot_ws/install/wearable_robot_interfaces/include/wearable_robot_interfaces/msg/displacement_data.hpp
[24.418s] -- Up-to-date symlink: /home/kimm/wearable_robot_ws/install/wearable_robot_interfaces/include/wearable_robot_interfaces/msg/displacement_raw_data.hpp
[24.418s] -- Up-to-date symlink: /home/kimm/wearable_robot_ws/install/wearable_robot_interfaces/include/wearable_robot_interfaces/msg/fan_command.hpp
[24.418s] -- Up-to-date symlink: /home/kimm/wearable_robot_ws/install/wearable_robot_interfaces/include/wearable_robot_interfaces/msg/imu_data.hpp
[24.418s] -- Up-to-date symlink: /home/kimm/wearable_robot_ws/install/wearable_robot_interfaces/include/wearable_robot_interfaces/msg/imu_raw_data.hpp
[24.418s] -- Up-to-date symlink: /home/kimm/wearable_robot_ws/install/wearable_robot_interfaces/include/wearable_robot_interfaces/msg/imu_type.hpp
[24.419s] -- Up-to-date symlink: /home/kimm/wearable_robot_ws/install/wearable_robot_interfaces/include/wearable_robot_interfaces/msg/joint_state.hpp
[24.419s] -- Up-to-date symlink: /home/kimm/wearable_robot_ws/install/wearable_robot_interfaces/include/wearable_robot_interfaces/msg/rosidl_generator_cpp__visibility_control.hpp
[24.419s] -- Up-to-date symlink: /home/kimm/wearable_robot_ws/install/wearable_robot_interfaces/include/wearable_robot_interfaces/msg/temperature_data.hpp
[24.419s] -- Up-to-date symlink: /home/kimm/wearable_robot_ws/install/wearable_robot_interfaces/include/wearable_robot_interfaces/msg/detail/actuator_command__rosidl_typesupport_introspection_cpp.hpp
[24.420s] -- Up-to-date symlink: /home/kimm/wearable_robot_ws/install/wearable_robot_interfaces/include/wearable_robot_interfaces/msg/detail/can_data__rosidl_typesupport_introspection_cpp.hpp
[24.420s] -- Symlinking: /home/kimm/wearable_robot_ws/install/wearable_robot_interfaces/include/wearable_robot_interfaces/msg/detail/can_data_frame__rosidl_typesupport_introspection_cpp.hpp
[24.444s] -- Up-to-date symlink: /home/kimm/wearable_robot_ws/install/wearable_robot_interfaces/include/wearable_robot_interfaces/msg/detail/displacement_data__rosidl_typesupport_introspection_cpp.hpp
[24.444s] -- Up-to-date symlink: /home/kimm/wearable_robot_ws/install/wearable_robot_interfaces/include/wearable_robot_interfaces/msg/detail/displacement_raw_data__rosidl_typesupport_introspection_cpp.hpp
[24.445s] -- Up-to-date symlink: /home/kimm/wearable_robot_ws/install/wearable_robot_interfaces/include/wearable_robot_interfaces/msg/detail/fan_command__rosidl_typesupport_introspection_cpp.hpp
[24.445s] -- Up-to-date symlink: /home/kimm/wearable_robot_ws/install/wearable_robot_interfaces/include/wearable_robot_interfaces/msg/detail/imu_data__rosidl_typesupport_introspection_cpp.hpp
[24.445s] -- Up-to-date symlink: /home/kimm/wearable_robot_ws/install/wearable_robot_interfaces/include/wearable_robot_interfaces/msg/detail/imu_raw_data__rosidl_typesupport_introspection_cpp.hpp
[24.445s] -- Up-to-date symlink: /home/kimm/wearable_robot_ws/install/wearable_robot_interfaces/include/wearable_robot_interfaces/msg/detail/imu_type__rosidl_typesupport_introspection_cpp.hpp
[24.446s] -- Up-to-date symlink: /home/kimm/wearable_robot_ws/install/wearable_robot_interfaces/include/wearable_robot_interfaces/msg/detail/joint_state__rosidl_typesupport_introspection_cpp.hpp
[24.446s] -- Up-to-date symlink: /home/kimm/wearable_robot_ws/install/wearable_robot_interfaces/include/wearable_robot_interfaces/msg/detail/temperature_data__rosidl_typesupport_introspection_cpp.hpp
[24.448s] -- Up-to-date symlink: /home/kimm/wearable_robot_ws/install/wearable_robot_interfaces/share/wearable_robot_interfaces/environment/pythonpath.sh
[24.448s] -- Up-to-date symlink: /home/kimm/wearable_robot_ws/install/wearable_robot_interfaces/share/wearable_robot_interfaces/environment/pythonpath.dsv
[24.448s] -- Up-to-date symlink: /home/kimm/wearable_robot_ws/install/wearable_robot_interfaces/lib/python3.8/site-packages/wearable_robot_interfaces/__init__.py
[24.449s] -- Up-to-date symlink: /home/kimm/wearable_robot_ws/install/wearable_robot_interfaces/lib/python3.8/site-packages/wearable_robot_interfaces/msg/__init__.py
[24.449s] -- Up-to-date symlink: /home/kimm/wearable_robot_ws/install/wearable_robot_interfaces/lib/python3.8/site-packages/wearable_robot_interfaces/msg/_actuator_command.py
[24.450s] -- Up-to-date symlink: /home/kimm/wearable_robot_ws/install/wearable_robot_interfaces/lib/python3.8/site-packages/wearable_robot_interfaces/msg/_can_data.py
[24.450s] -- Symlinking: /home/kimm/wearable_robot_ws/install/wearable_robot_interfaces/lib/python3.8/site-packages/wearable_robot_interfaces/msg/_can_data_frame.py
[24.473s] -- Up-to-date symlink: /home/kimm/wearable_robot_ws/install/wearable_robot_interfaces/lib/python3.8/site-packages/wearable_robot_interfaces/msg/_displacement_data.py
[24.474s] -- Up-to-date symlink: /home/kimm/wearable_robot_ws/install/wearable_robot_interfaces/lib/python3.8/site-packages/wearable_robot_interfaces/msg/_displacement_raw_data.py
[24.474s] -- Up-to-date symlink: /home/kimm/wearable_robot_ws/install/wearable_robot_interfaces/lib/python3.8/site-packages/wearable_robot_interfaces/msg/_fan_command.py
[24.480s] -- Up-to-date symlink: /home/kimm/wearable_robot_ws/install/wearable_robot_interfaces/lib/python3.8/site-packages/wearable_robot_interfaces/msg/_imu_data.py
[24.480s] -- Up-to-date symlink: /home/kimm/wearable_robot_ws/install/wearable_robot_interfaces/lib/python3.8/site-packages/wearable_robot_interfaces/msg/_imu_raw_data.py
[24.481s] -- Up-to-date symlink: /home/kimm/wearable_robot_ws/install/wearable_robot_interfaces/lib/python3.8/site-packages/wearable_robot_interfaces/msg/_imu_type.py
[24.481s] -- Up-to-date symlink: /home/kimm/wearable_robot_ws/install/wearable_robot_interfaces/lib/python3.8/site-packages/wearable_robot_interfaces/msg/_joint_state.py
[24.481s] -- Up-to-date symlink: /home/kimm/wearable_robot_ws/install/wearable_robot_interfaces/lib/python3.8/site-packages/wearable_robot_interfaces/msg/_temperature_data.py
[24.483s] -- Up-to-date symlink: /home/kimm/wearable_robot_ws/install/wearable_robot_interfaces/lib/python3.8/site-packages/wearable_robot_interfaces/wearable_robot_interfaces_s__rosidl_typesupport_fastrtps_c.cpython-38-aarch64-linux-gnu.so
[24.485s] -- Up-to-date symlink: /home/kimm/wearable_robot_ws/install/wearable_robot_interfaces/lib/python3.8/site-packages/wearable_robot_interfaces/wearable_robot_interfaces_s__rosidl_typesupport_introspection_c.cpython-38-aarch64-linux-gnu.so
[24.486s] -- Up-to-date symlink: /home/kimm/wearable_robot_ws/install/wearable_robot_interfaces/lib/python3.8/site-packages/wearable_robot_interfaces/wearable_robot_interfaces_s__rosidl_typesupport_c.cpython-38-aarch64-linux-gnu.so
[24.487s] -- Up-to-date symlink: /home/kimm/wearable_robot_ws/install/wearable_robot_interfaces/lib/libwearable_robot_interfaces__python.so
[24.487s] -- Up-to-date symlink: /home/kimm/wearable_robot_ws/install/wearable_robot_interfaces/share/wearable_robot_interfaces/msg/DisplacementRawData.idl
[24.487s] -- Up-to-date symlink: /home/kimm/wearable_robot_ws/install/wearable_robot_interfaces/share/wearable_robot_interfaces/msg/IMURawData.idl
[24.488s] -- Up-to-date symlink: /home/kimm/wearable_robot_ws/install/wearable_robot_interfaces/share/wearable_robot_interfaces/msg/DisplacementData.idl
[24.489s] -- Up-to-date symlink: /home/kimm/wearable_robot_ws/install/wearable_robot_interfaces/share/wearable_robot_interfaces/msg/IMUData.idl
[24.489s] -- Up-to-date symlink: /home/kimm/wearable_robot_ws/install/wearable_robot_interfaces/share/wearable_robot_interfaces/msg/IMUType.idl
[24.489s] -- Up-to-date symlink: /home/kimm/wearable_robot_ws/install/wearable_robot_interfaces/share/wearable_robot_interfaces/msg/TemperatureData.idl
[24.490s] -- Up-to-date symlink: /home/kimm/wearable_robot_ws/install/wearable_robot_interfaces/share/wearable_robot_interfaces/msg/ActuatorCommand.idl
[24.493s] -- Up-to-date symlink: /home/kimm/wearable_robot_ws/install/wearable_robot_interfaces/share/wearable_robot_interfaces/msg/FanCommand.idl
[24.494s] -- Symlinking: /home/kimm/wearable_robot_ws/install/wearable_robot_interfaces/share/wearable_robot_interfaces/msg/CANDataFrame.idl
[24.515s] -- Up-to-date symlink: /home/kimm/wearable_robot_ws/install/wearable_robot_interfaces/share/wearable_robot_interfaces/msg/JointState.idl
[24.517s] -- Up-to-date symlink: /home/kimm/wearable_robot_ws/install/wearable_robot_interfaces/share/wearable_robot_interfaces/msg/DisplacementRawData.msg
[24.518s] -- Up-to-date symlink: /home/kimm/wearable_robot_ws/install/wearable_robot_interfaces/share/wearable_robot_interfaces/msg/IMURawData.msg
[24.519s] -- Up-to-date symlink: /home/kimm/wearable_robot_ws/install/wearable_robot_interfaces/share/wearable_robot_interfaces/msg/DisplacementData.msg
[24.519s] -- Up-to-date symlink: /home/kimm/wearable_robot_ws/install/wearable_robot_interfaces/share/wearable_robot_interfaces/msg/IMUData.msg
[24.519s] -- Up-to-date symlink: /home/kimm/wearable_robot_ws/install/wearable_robot_interfaces/share/wearable_robot_interfaces/msg/IMUType.msg
[24.520s] -- Up-to-date symlink: /home/kimm/wearable_robot_ws/install/wearable_robot_interfaces/share/wearable_robot_interfaces/msg/TemperatureData.msg
[24.520s] -- Up-to-date symlink: /home/kimm/wearable_robot_ws/install/wearable_robot_interfaces/share/wearable_robot_interfaces/msg/ActuatorCommand.msg
[24.520s] -- Up-to-date symlink: /home/kimm/wearable_robot_ws/install/wearable_robot_interfaces/share/wearable_robot_interfaces/msg/FanCommand.msg
[24.520s] -- Symlinking: /home/kimm/wearable_robot_ws/install/wearable_robot_interfaces/share/wearable_robot_interfaces/msg/CANDataFrame.msg
[24.553s] -- Up-to-date symlink: /home/kimm/wearable_robot_ws/install/wearable_robot_interfaces/share/wearable_robot_interfaces/msg/JointState.msg
[24.553s] -- Up-to-date symlink: /home/kimm/wearable_robot_ws/install/wearable_robot_interfaces/share/ament_index/resource_index/package_run_dependencies/wearable_robot_interfaces
[24.554s] -- Up-to-date symlink: /home/kimm/wearable_robot_ws/install/wearable_robot_interfaces/share/ament_index/resource_index/parent_prefix_path/wearable_robot_interfaces
[24.554s] -- Up-to-date symlink: /home/kimm/wearable_robot_ws/install/wearable_robot_interfaces/share/wearable_robot_interfaces/environment/ament_prefix_path.sh
[24.554s] -- Up-to-date symlink: /home/kimm/wearable_robot_ws/install/wearable_robot_interfaces/share/wearable_robot_interfaces/environment/ament_prefix_path.dsv
[24.554s] -- Up-to-date symlink: /home/kimm/wearable_robot_ws/install/wearable_robot_interfaces/share/wearable_robot_interfaces/environment/path.sh
[24.554s] -- Up-to-date symlink: /home/kimm/wearable_robot_ws/install/wearable_robot_interfaces/share/wearable_robot_interfaces/environment/path.dsv
[24.554s] -- Up-to-date symlink: /home/kimm/wearable_robot_ws/install/wearable_robot_interfaces/share/wearable_robot_interfaces/local_setup.bash
[24.554s] -- Up-to-date symlink: /home/kimm/wearable_robot_ws/install/wearable_robot_interfaces/share/wearable_robot_interfaces/local_setup.sh
[24.555s] -- Up-to-date symlink: /home/kimm/wearable_robot_ws/install/wearable_robot_interfaces/share/wearable_robot_interfaces/local_setup.zsh
[24.555s] -- Up-to-date symlink: /home/kimm/wearable_robot_ws/install/wearable_robot_interfaces/share/wearable_robot_interfaces/local_setup.dsv
[24.555s] -- Symlinking: /home/kimm/wearable_robot_ws/install/wearable_robot_interfaces/share/wearable_robot_interfaces/package.dsv
[24.578s] -- Up-to-date symlink: /home/kimm/wearable_robot_ws/install/wearable_robot_interfaces/share/ament_index/resource_index/packages/wearable_robot_interfaces
[24.579s] -- Up-to-date symlink: /home/kimm/wearable_robot_ws/install/wearable_robot_interfaces/share/wearable_robot_interfaces/cmake/rosidl_cmake-extras.cmake
[24.579s] -- Up-to-date symlink: /home/kimm/wearable_robot_ws/install/wearable_robot_interfaces/share/wearable_robot_interfaces/cmake/ament_cmake_export_dependencies-extras.cmake
[24.579s] -- Up-to-date symlink: /home/kimm/wearable_robot_ws/install/wearable_robot_interfaces/share/wearable_robot_interfaces/cmake/ament_cmake_export_libraries-extras.cmake
[24.580s] -- Up-to-date symlink: /home/kimm/wearable_robot_ws/install/wearable_robot_interfaces/share/wearable_robot_interfaces/cmake/ament_cmake_export_targets-extras.cmake
[24.580s] -- Up-to-date symlink: /home/kimm/wearable_robot_ws/install/wearable_robot_interfaces/share/wearable_robot_interfaces/cmake/ament_cmake_export_include_directories-extras.cmake
[24.580s] -- Up-to-date symlink: /home/kimm/wearable_robot_ws/install/wearable_robot_interfaces/share/wearable_robot_interfaces/cmake/rosidl_cmake_export_typesupport_libraries-extras.cmake
[24.580s] -- Up-to-date symlink: /home/kimm/wearable_robot_ws/install/wearable_robot_interfaces/share/wearable_robot_interfaces/cmake/rosidl_cmake_export_typesupport_targets-extras.cmake
[24.581s] -- Up-to-date symlink: /home/kimm/wearable_robot_ws/install/wearable_robot_interfaces/share/wearable_robot_interfaces/cmake/wearable_robot_interfacesConfig.cmake
[24.581s] -- Up-to-date symlink: /home/kimm/wearable_robot_ws/install/wearable_robot_interfaces/share/wearable_robot_interfaces/cmake/wearable_robot_interfacesConfig-version.cmake
[24.581s] -- Up-to-date symlink: /home/kimm/wearable_robot_ws/install/wearable_robot_interfaces/share/wearable_robot_interfaces/package.xml
[24.582s] -- Installing: /home/kimm/wearable_robot_ws/install/wearable_robot_interfaces/lib/libwearable_robot_interfaces__rosidl_generator_c.so
[24.583s] -- Set runtime path of "/home/kimm/wearable_robot_ws/install/wearable_robot_interfaces/lib/libwearable_robot_interfaces__rosidl_generator_c.so" to ""
[24.583s] -- Installing: /home/kimm/wearable_robot_ws/install/wearable_robot_interfaces/lib/libwearable_robot_interfaces__rosidl_typesupport_introspection_c.so
[24.584s] -- Set runtime path of "/home/kimm/wearable_robot_ws/install/wearable_robot_interfaces/lib/libwearable_robot_interfaces__rosidl_typesupport_introspection_c.so" to ""
[24.584s] -- Installing: /home/kimm/wearable_robot_ws/install/wearable_robot_interfaces/lib/libwearable_robot_interfaces__rosidl_typesupport_c.so
[24.585s] -- Set runtime path of "/home/kimm/wearable_robot_ws/install/wearable_robot_interfaces/lib/libwearable_robot_interfaces__rosidl_typesupport_c.so" to ""
[24.586s] -- Installing: /home/kimm/wearable_robot_ws/install/wearable_robot_interfaces/lib/libwearable_robot_interfaces__rosidl_typesupport_introspection_cpp.so
[24.587s] -- Set runtime path of "/home/kimm/wearable_robot_ws/install/wearable_robot_interfaces/lib/libwearable_robot_interfaces__rosidl_typesupport_introspection_cpp.so" to ""
[24.587s] -- Installing: /home/kimm/wearable_robot_ws/install/wearable_robot_interfaces/lib/libwearable_robot_interfaces__rosidl_typesupport_cpp.so
[24.588s] -- Set runtime path of "/home/kimm/wearable_robot_ws/install/wearable_robot_interfaces/lib/libwearable_robot_interfaces__rosidl_typesupport_cpp.so" to ""
[24.686s] Compiling '/home/kimm/wearable_robot_ws/install/wearable_robot_interfaces/lib/python3.8/site-packages/wearable_robot_interfaces/__init__.py'...
[24.712s] -- Up-to-date: /home/kimm/wearable_robot_ws/install/wearable_robot_interfaces/share/wearable_robot_interfaces/cmake/wearable_robot_interfaces__rosidl_generator_cExport.cmake
[24.713s] -- Installing: /home/kimm/wearable_robot_ws/install/wearable_robot_interfaces/share/wearable_robot_interfaces/cmake/wearable_robot_interfaces__rosidl_generator_cExport-noconfig.cmake
[24.713s] -- Up-to-date: /home/kimm/wearable_robot_ws/install/wearable_robot_interfaces/share/wearable_robot_interfaces/cmake/wearable_robot_interfaces__rosidl_typesupport_introspection_cExport.cmake
[24.713s] -- Installing: /home/kimm/wearable_robot_ws/install/wearable_robot_interfaces/share/wearable_robot_interfaces/cmake/wearable_robot_interfaces__rosidl_typesupport_introspection_cExport-noconfig.cmake
[24.713s] -- Up-to-date: /home/kimm/wearable_robot_ws/install/wearable_robot_interfaces/share/wearable_robot_interfaces/cmake/wearable_robot_interfaces__rosidl_typesupport_cExport.cmake
[24.713s] -- Installing: /home/kimm/wearable_robot_ws/install/wearable_robot_interfaces/share/wearable_robot_interfaces/cmake/wearable_robot_interfaces__rosidl_typesupport_cExport-noconfig.cmake
[24.713s] -- Up-to-date: /home/kimm/wearable_robot_ws/install/wearable_robot_interfaces/share/wearable_robot_interfaces/cmake/wearable_robot_interfaces__rosidl_generator_cppExport.cmake
[24.714s] -- Up-to-date: /home/kimm/wearable_robot_ws/install/wearable_robot_interfaces/share/wearable_robot_interfaces/cmake/wearable_robot_interfaces__rosidl_typesupport_introspection_cppExport.cmake
[24.714s] -- Installing: /home/kimm/wearable_robot_ws/install/wearable_robot_interfaces/share/wearable_robot_interfaces/cmake/wearable_robot_interfaces__rosidl_typesupport_introspection_cppExport-noconfig.cmake
[24.714s] -- Up-to-date: /home/kimm/wearable_robot_ws/install/wearable_robot_interfaces/share/wearable_robot_interfaces/cmake/wearable_robot_interfaces__rosidl_typesupport_cppExport.cmake
[24.714s] -- Installing: /home/kimm/wearable_robot_ws/install/wearable_robot_interfaces/share/wearable_robot_interfaces/cmake/wearable_robot_interfaces__rosidl_typesupport_cppExport-noconfig.cmake
[24.717s] Invoked command in '/home/kimm/wearable_robot_ws/build/wearable_robot_interfaces' returned '0': CMAKE_PREFIX_PATH=${CMAKE_PREFIX_PATH}:/opt/ros/foxy /usr/bin/cmake --install /home/kimm/wearable_robot_ws/build/wearable_robot_interfaces
