[0.128s] Invoking command in '/home/kimm/wearable_robot_ws/build/wearable_robot_control': CMAKE_PREFIX_PATH=${CMAKE_PREFIX_PATH}:/opt/ros/foxy /usr/bin/cmake --build /home/kimm/wearable_robot_ws/build/wearable_robot_control -- -j8 -l8
[0.313s] Invoked command in '/home/kimm/wearable_robot_ws/build/wearable_robot_control' returned '0': CMAKE_PREFIX_PATH=${CMAKE_PREFIX_PATH}:/opt/ros/foxy /usr/bin/cmake --build /home/kimm/wearable_robot_ws/build/wearable_robot_control -- -j8 -l8
[0.347s] Invoking command in '/home/kimm/wearable_robot_ws/build/wearable_robot_control': CMAKE_PREFIX_PATH=${CMAKE_PREFIX_PATH}:/opt/ros/foxy /usr/bin/cmake --install /home/kimm/wearable_robot_ws/build/wearable_robot_control
[0.377s] -- Install configuration: ""
[0.386s] -- Execute custom install script
[0.386s] -- Up-to-date symlink: /home/kimm/wearable_robot_ws/install/wearable_robot_control/share/ament_index/resource_index/package_run_dependencies/wearable_robot_control
[0.386s] -- Up-to-date symlink: /home/kimm/wearable_robot_ws/install/wearable_robot_control/share/ament_index/resource_index/parent_prefix_path/wearable_robot_control
[0.386s] -- Up-to-date symlink: /home/kimm/wearable_robot_ws/install/wearable_robot_control/share/wearable_robot_control/environment/ament_prefix_path.sh
[0.387s] -- Up-to-date symlink: /home/kimm/wearable_robot_ws/install/wearable_robot_control/share/wearable_robot_control/environment/ament_prefix_path.dsv
[0.387s] -- Up-to-date symlink: /home/kimm/wearable_robot_ws/install/wearable_robot_control/share/wearable_robot_control/environment/path.sh
[0.387s] -- Up-to-date symlink: /home/kimm/wearable_robot_ws/install/wearable_robot_control/share/wearable_robot_control/environment/path.dsv
[0.387s] -- Up-to-date symlink: /home/kimm/wearable_robot_ws/install/wearable_robot_control/share/wearable_robot_control/local_setup.bash
[0.387s] -- Up-to-date symlink: /home/kimm/wearable_robot_ws/install/wearable_robot_control/share/wearable_robot_control/local_setup.sh
[0.387s] -- Up-to-date symlink: /home/kimm/wearable_robot_ws/install/wearable_robot_control/share/wearable_robot_control/local_setup.zsh
[0.387s] -- Up-to-date symlink: /home/kimm/wearable_robot_ws/install/wearable_robot_control/share/wearable_robot_control/local_setup.dsv
[0.388s] -- Symlinking: /home/kimm/wearable_robot_ws/install/wearable_robot_control/share/wearable_robot_control/package.dsv
[0.443s] -- Up-to-date symlink: /home/kimm/wearable_robot_ws/install/wearable_robot_control/share/ament_index/resource_index/packages/wearable_robot_control
[0.443s] -- Up-to-date symlink: /home/kimm/wearable_robot_ws/install/wearable_robot_control/share/wearable_robot_control/cmake/wearable_robot_controlConfig.cmake
[0.443s] -- Up-to-date symlink: /home/kimm/wearable_robot_ws/install/wearable_robot_control/share/wearable_robot_control/cmake/wearable_robot_controlConfig-version.cmake
[0.444s] -- Up-to-date symlink: /home/kimm/wearable_robot_ws/install/wearable_robot_control/share/wearable_robot_control/package.xml
[0.448s] Invoked command in '/home/kimm/wearable_robot_ws/build/wearable_robot_control' returned '0': CMAKE_PREFIX_PATH=${CMAKE_PREFIX_PATH}:/opt/ros/foxy /usr/bin/cmake --install /home/kimm/wearable_robot_ws/build/wearable_robot_control
