[0.049s] Invoking command in '/home/kimm/wearable_robot_ws/build/wearable_robot_hw': CMAKE_PREFIX_PATH=/home/kimm/wearable_robot_ws/install/wearable_robot_interfaces:/home/kimm/wearable_robot_ws/install/wearable_robot_hw:/home/kimm/wearable_robot_ws/install/wearable_robot_data_processing:/home/kimm/wearable_robot_ws/install/wearable_robot_control:/home/kimm/wearable_robot_ws/install/wearable_robot_bringup:/home/kimm/install/can_data_extractor:/opt/ros/foxy /usr/bin/cmake --build /home/kimm/wearable_robot_ws/build/wearable_robot_hw -- -j8 -l8
[0.182s] [35m[1mScanning dependencies of target CAN_setting_node[0m
[0.227s] [ 33%] Built target CAN_data_extractor_node
[0.242s] [ 66%] Built target CAN_command_transmit_node
[0.265s] [ 83%] [32mBuilding CXX object CMakeFiles/CAN_setting_node.dir/src/CAN_setting_node.cpp.o[0m
[5.873s] [100%] [32m[1mLinking CXX executable CAN_setting_node[0m
[6.686s] [100%] Built target CAN_setting_node
[6.715s] Invoked command in '/home/kimm/wearable_robot_ws/build/wearable_robot_hw' returned '0': CMAKE_PREFIX_PATH=/home/kimm/wearable_robot_ws/install/wearable_robot_interfaces:/home/kimm/wearable_robot_ws/install/wearable_robot_hw:/home/kimm/wearable_robot_ws/install/wearable_robot_data_processing:/home/kimm/wearable_robot_ws/install/wearable_robot_control:/home/kimm/wearable_robot_ws/install/wearable_robot_bringup:/home/kimm/install/can_data_extractor:/opt/ros/foxy /usr/bin/cmake --build /home/kimm/wearable_robot_ws/build/wearable_robot_hw -- -j8 -l8
[6.721s] Invoking command in '/home/kimm/wearable_robot_ws/build/wearable_robot_hw': CMAKE_PREFIX_PATH=/home/kimm/wearable_robot_ws/install/wearable_robot_interfaces:/home/kimm/wearable_robot_ws/install/wearable_robot_hw:/home/kimm/wearable_robot_ws/install/wearable_robot_data_processing:/home/kimm/wearable_robot_ws/install/wearable_robot_control:/home/kimm/wearable_robot_ws/install/wearable_robot_bringup:/home/kimm/install/can_data_extractor:/opt/ros/foxy /usr/bin/cmake --install /home/kimm/wearable_robot_ws/build/wearable_robot_hw
[6.740s] -- Install configuration: ""
[6.741s] -- Execute custom install script
[6.742s] -- Up-to-date symlink: /home/kimm/wearable_robot_ws/install/wearable_robot_hw/lib/wearable_robot_hw/CAN_data_extractor_node
[6.744s] -- Up-to-date symlink: /home/kimm/wearable_robot_ws/install/wearable_robot_hw/lib/wearable_robot_hw/CAN_command_transmit_node
[6.744s] -- Up-to-date symlink: /home/kimm/wearable_robot_ws/install/wearable_robot_hw/lib/wearable_robot_hw/CAN_setting_node
[6.745s] -- Up-to-date symlink: /home/kimm/wearable_robot_ws/install/wearable_robot_hw/share/ament_index/resource_index/package_run_dependencies/wearable_robot_hw
[6.745s] -- Up-to-date symlink: /home/kimm/wearable_robot_ws/install/wearable_robot_hw/share/ament_index/resource_index/parent_prefix_path/wearable_robot_hw
[6.745s] -- Up-to-date symlink: /home/kimm/wearable_robot_ws/install/wearable_robot_hw/share/wearable_robot_hw/environment/ament_prefix_path.sh
[6.746s] -- Up-to-date symlink: /home/kimm/wearable_robot_ws/install/wearable_robot_hw/share/wearable_robot_hw/environment/ament_prefix_path.dsv
[6.746s] -- Up-to-date symlink: /home/kimm/wearable_robot_ws/install/wearable_robot_hw/share/wearable_robot_hw/environment/path.sh
[6.748s] -- Up-to-date symlink: /home/kimm/wearable_robot_ws/install/wearable_robot_hw/share/wearable_robot_hw/environment/path.dsv
[6.748s] -- Up-to-date symlink: /home/kimm/wearable_robot_ws/install/wearable_robot_hw/share/wearable_robot_hw/local_setup.bash
[6.748s] -- Up-to-date symlink: /home/kimm/wearable_robot_ws/install/wearable_robot_hw/share/wearable_robot_hw/local_setup.sh
[6.749s] -- Up-to-date symlink: /home/kimm/wearable_robot_ws/install/wearable_robot_hw/share/wearable_robot_hw/local_setup.zsh
[6.749s] -- Up-to-date symlink: /home/kimm/wearable_robot_ws/install/wearable_robot_hw/share/wearable_robot_hw/local_setup.dsv
[6.749s] -- Symlinking: /home/kimm/wearable_robot_ws/install/wearable_robot_hw/share/wearable_robot_hw/package.dsv
[6.769s] -- Up-to-date symlink: /home/kimm/wearable_robot_ws/install/wearable_robot_hw/share/ament_index/resource_index/packages/wearable_robot_hw
[6.770s] -- Up-to-date symlink: /home/kimm/wearable_robot_ws/install/wearable_robot_hw/share/wearable_robot_hw/cmake/wearable_robot_hwConfig.cmake
[6.770s] -- Up-to-date symlink: /home/kimm/wearable_robot_ws/install/wearable_robot_hw/share/wearable_robot_hw/cmake/wearable_robot_hwConfig-version.cmake
[6.770s] -- Up-to-date symlink: /home/kimm/wearable_robot_ws/install/wearable_robot_hw/share/wearable_robot_hw/package.xml
[6.776s] Invoked command in '/home/kimm/wearable_robot_ws/build/wearable_robot_hw' returned '0': CMAKE_PREFIX_PATH=/home/kimm/wearable_robot_ws/install/wearable_robot_interfaces:/home/kimm/wearable_robot_ws/install/wearable_robot_hw:/home/kimm/wearable_robot_ws/install/wearable_robot_data_processing:/home/kimm/wearable_robot_ws/install/wearable_robot_control:/home/kimm/wearable_robot_ws/install/wearable_robot_bringup:/home/kimm/install/can_data_extractor:/opt/ros/foxy /usr/bin/cmake --install /home/kimm/wearable_robot_ws/build/wearable_robot_hw
