[0.122s] Invoking command in '/home/kimm/wearable_robot_ws/build/wearable_robot_interfaces': CMAKE_PREFIX_PATH=${CMAKE_PREFIX_PATH}:/opt/ros/foxy /usr/bin/cmake --build /home/kimm/wearable_robot_ws/build/wearable_robot_interfaces -- -j8 -l8
[0.291s] [  0%] Built target wearable_robot_interfaces__cpp
[0.295s] [ 12%] Built target wearable_robot_interfaces__rosidl_generator_c
[0.400s] [ 24%] Built target wearable_robot_interfaces__rosidl_typesupport_cpp
[0.423s] [ 36%] Built target wearable_robot_interfaces__rosidl_typesupport_introspection_c
[0.431s] [ 47%] Built target wearable_robot_interfaces__rosidl_typesupport_fastrtps_cpp
[0.432s] [ 58%] Built target wearable_robot_interfaces__rosidl_typesupport_c
[0.441s] [ 70%] Built target wearable_robot_interfaces__rosidl_typesupport_introspection_cpp
[0.520s] [ 82%] Built target wearable_robot_interfaces__rosidl_typesupport_fastrtps_c
[0.573s] [ 82%] Built target wearable_robot_interfaces
[0.627s] [ 83%] Built target wearable_robot_interfaces__py
[0.711s] [ 94%] Built target wearable_robot_interfaces__python
[0.782s] [ 96%] Built target wearable_robot_interfaces__rosidl_typesupport_introspection_c__pyext
[0.783s] [ 98%] Built target wearable_robot_interfaces__rosidl_typesupport_fastrtps_c__pyext
[0.787s] [100%] Built target wearable_robot_interfaces__rosidl_typesupport_c__pyext
[0.825s] Invoked command in '/home/kimm/wearable_robot_ws/build/wearable_robot_interfaces' returned '0': CMAKE_PREFIX_PATH=${CMAKE_PREFIX_PATH}:/opt/ros/foxy /usr/bin/cmake --build /home/kimm/wearable_robot_ws/build/wearable_robot_interfaces -- -j8 -l8
[0.827s] Invoking command in '/home/kimm/wearable_robot_ws/build/wearable_robot_interfaces': CMAKE_PREFIX_PATH=${CMAKE_PREFIX_PATH}:/opt/ros/foxy /usr/bin/cmake --install /home/kimm/wearable_robot_ws/build/wearable_robot_interfaces
[0.847s] -- Install configuration: ""
[0.848s] -- Execute custom install script
[0.849s] -- Up-to-date symlink: /home/kimm/wearable_robot_ws/install/wearable_robot_interfaces/share/ament_index/resource_index/rosidl_interfaces/wearable_robot_interfaces
[0.852s] -- Up-to-date symlink: /home/kimm/wearable_robot_ws/install/wearable_robot_interfaces/include/wearable_robot_interfaces/msg/actuator_command.h
[0.853s] -- Up-to-date symlink: /home/kimm/wearable_robot_ws/install/wearable_robot_interfaces/include/wearable_robot_interfaces/msg/can_data.h
[0.854s] -- Up-to-date symlink: /home/kimm/wearable_robot_ws/install/wearable_robot_interfaces/include/wearable_robot_interfaces/msg/detail/actuator_command__functions.h
[0.854s] -- Up-to-date symlink: /home/kimm/wearable_robot_ws/install/wearable_robot_interfaces/include/wearable_robot_interfaces/msg/detail/actuator_command__struct.h
[0.854s] -- Up-to-date symlink: /home/kimm/wearable_robot_ws/install/wearable_robot_interfaces/include/wearable_robot_interfaces/msg/detail/actuator_command__type_support.h
[0.855s] -- Up-to-date symlink: /home/kimm/wearable_robot_ws/install/wearable_robot_interfaces/include/wearable_robot_interfaces/msg/detail/can_data__functions.h
[0.856s] -- Up-to-date symlink: /home/kimm/wearable_robot_ws/install/wearable_robot_interfaces/include/wearable_robot_interfaces/msg/detail/can_data__struct.h
[0.856s] -- Up-to-date symlink: /home/kimm/wearable_robot_ws/install/wearable_robot_interfaces/include/wearable_robot_interfaces/msg/detail/can_data__type_support.h
[0.857s] -- Up-to-date symlink: /home/kimm/wearable_robot_ws/install/wearable_robot_interfaces/include/wearable_robot_interfaces/msg/detail/displacement_data__functions.h
[0.857s] -- Up-to-date symlink: /home/kimm/wearable_robot_ws/install/wearable_robot_interfaces/include/wearable_robot_interfaces/msg/detail/displacement_data__struct.h
[0.857s] -- Up-to-date symlink: /home/kimm/wearable_robot_ws/install/wearable_robot_interfaces/include/wearable_robot_interfaces/msg/detail/displacement_data__type_support.h
[0.858s] -- Up-to-date symlink: /home/kimm/wearable_robot_ws/install/wearable_robot_interfaces/include/wearable_robot_interfaces/msg/detail/displacement_raw_data__functions.h
[0.858s] -- Up-to-date symlink: /home/kimm/wearable_robot_ws/install/wearable_robot_interfaces/include/wearable_robot_interfaces/msg/detail/displacement_raw_data__struct.h
[0.858s] -- Up-to-date symlink: /home/kimm/wearable_robot_ws/install/wearable_robot_interfaces/include/wearable_robot_interfaces/msg/detail/displacement_raw_data__type_support.h
[0.859s] -- Up-to-date symlink: /home/kimm/wearable_robot_ws/install/wearable_robot_interfaces/include/wearable_robot_interfaces/msg/detail/fan_command__functions.h
[0.859s] -- Up-to-date symlink: /home/kimm/wearable_robot_ws/install/wearable_robot_interfaces/include/wearable_robot_interfaces/msg/detail/fan_command__struct.h
[0.859s] -- Up-to-date symlink: /home/kimm/wearable_robot_ws/install/wearable_robot_interfaces/include/wearable_robot_interfaces/msg/detail/fan_command__type_support.h
[0.859s] -- Up-to-date symlink: /home/kimm/wearable_robot_ws/install/wearable_robot_interfaces/include/wearable_robot_interfaces/msg/detail/imu_data__functions.h
[0.859s] -- Up-to-date symlink: /home/kimm/wearable_robot_ws/install/wearable_robot_interfaces/include/wearable_robot_interfaces/msg/detail/imu_data__struct.h
[0.860s] -- Up-to-date symlink: /home/kimm/wearable_robot_ws/install/wearable_robot_interfaces/include/wearable_robot_interfaces/msg/detail/imu_data__type_support.h
[0.860s] -- Up-to-date symlink: /home/kimm/wearable_robot_ws/install/wearable_robot_interfaces/include/wearable_robot_interfaces/msg/detail/imu_raw_data__functions.h
[0.860s] -- Up-to-date symlink: /home/kimm/wearable_robot_ws/install/wearable_robot_interfaces/include/wearable_robot_interfaces/msg/detail/imu_raw_data__struct.h
[0.860s] -- Up-to-date symlink: /home/kimm/wearable_robot_ws/install/wearable_robot_interfaces/include/wearable_robot_interfaces/msg/detail/imu_raw_data__type_support.h
[0.860s] -- Up-to-date symlink: /home/kimm/wearable_robot_ws/install/wearable_robot_interfaces/include/wearable_robot_interfaces/msg/detail/imu_type__functions.h
[0.861s] -- Up-to-date symlink: /home/kimm/wearable_robot_ws/install/wearable_robot_interfaces/include/wearable_robot_interfaces/msg/detail/imu_type__struct.h
[0.861s] -- Up-to-date symlink: /home/kimm/wearable_robot_ws/install/wearable_robot_interfaces/include/wearable_robot_interfaces/msg/detail/imu_type__type_support.h
[0.861s] -- Up-to-date symlink: /home/kimm/wearable_robot_ws/install/wearable_robot_interfaces/include/wearable_robot_interfaces/msg/detail/joint_state__functions.h
[0.861s] -- Up-to-date symlink: /home/kimm/wearable_robot_ws/install/wearable_robot_interfaces/include/wearable_robot_interfaces/msg/detail/joint_state__struct.h
[0.862s] -- Up-to-date symlink: /home/kimm/wearable_robot_ws/install/wearable_robot_interfaces/include/wearable_robot_interfaces/msg/detail/joint_state__type_support.h
[0.862s] -- Up-to-date symlink: /home/kimm/wearable_robot_ws/install/wearable_robot_interfaces/include/wearable_robot_interfaces/msg/detail/temperature_data__functions.h
[0.862s] -- Up-to-date symlink: /home/kimm/wearable_robot_ws/install/wearable_robot_interfaces/include/wearable_robot_interfaces/msg/detail/temperature_data__struct.h
[0.862s] -- Up-to-date symlink: /home/kimm/wearable_robot_ws/install/wearable_robot_interfaces/include/wearable_robot_interfaces/msg/detail/temperature_data__type_support.h
[0.863s] -- Up-to-date symlink: /home/kimm/wearable_robot_ws/install/wearable_robot_interfaces/include/wearable_robot_interfaces/msg/displacement_data.h
[0.863s] -- Up-to-date symlink: /home/kimm/wearable_robot_ws/install/wearable_robot_interfaces/include/wearable_robot_interfaces/msg/displacement_raw_data.h
[0.863s] -- Up-to-date symlink: /home/kimm/wearable_robot_ws/install/wearable_robot_interfaces/include/wearable_robot_interfaces/msg/fan_command.h
[0.863s] -- Up-to-date symlink: /home/kimm/wearable_robot_ws/install/wearable_robot_interfaces/include/wearable_robot_interfaces/msg/imu_data.h
[0.863s] -- Up-to-date symlink: /home/kimm/wearable_robot_ws/install/wearable_robot_interfaces/include/wearable_robot_interfaces/msg/imu_raw_data.h
[0.864s] -- Up-to-date symlink: /home/kimm/wearable_robot_ws/install/wearable_robot_interfaces/include/wearable_robot_interfaces/msg/imu_type.h
[0.864s] -- Up-to-date symlink: /home/kimm/wearable_robot_ws/install/wearable_robot_interfaces/include/wearable_robot_interfaces/msg/joint_state.h
[0.864s] -- Up-to-date symlink: /home/kimm/wearable_robot_ws/install/wearable_robot_interfaces/include/wearable_robot_interfaces/msg/rosidl_generator_c__visibility_control.h
[0.864s] -- Up-to-date symlink: /home/kimm/wearable_robot_ws/install/wearable_robot_interfaces/include/wearable_robot_interfaces/msg/temperature_data.h
[0.865s] -- Up-to-date symlink: /home/kimm/wearable_robot_ws/install/wearable_robot_interfaces/share/wearable_robot_interfaces/environment/library_path.sh
[0.865s] -- Up-to-date symlink: /home/kimm/wearable_robot_ws/install/wearable_robot_interfaces/share/wearable_robot_interfaces/environment/library_path.dsv
[0.867s] -- Up-to-date symlink: /home/kimm/wearable_robot_ws/install/wearable_robot_interfaces/include/wearable_robot_interfaces/msg/detail/actuator_command__rosidl_typesupport_fastrtps_c.h
[0.868s] -- Up-to-date symlink: /home/kimm/wearable_robot_ws/install/wearable_robot_interfaces/include/wearable_robot_interfaces/msg/detail/can_data__rosidl_typesupport_fastrtps_c.h
[0.869s] -- Up-to-date symlink: /home/kimm/wearable_robot_ws/install/wearable_robot_interfaces/include/wearable_robot_interfaces/msg/detail/displacement_data__rosidl_typesupport_fastrtps_c.h
[0.869s] -- Up-to-date symlink: /home/kimm/wearable_robot_ws/install/wearable_robot_interfaces/include/wearable_robot_interfaces/msg/detail/displacement_raw_data__rosidl_typesupport_fastrtps_c.h
[0.869s] -- Up-to-date symlink: /home/kimm/wearable_robot_ws/install/wearable_robot_interfaces/include/wearable_robot_interfaces/msg/detail/fan_command__rosidl_typesupport_fastrtps_c.h
[0.869s] -- Up-to-date symlink: /home/kimm/wearable_robot_ws/install/wearable_robot_interfaces/include/wearable_robot_interfaces/msg/detail/imu_data__rosidl_typesupport_fastrtps_c.h
[0.870s] -- Up-to-date symlink: /home/kimm/wearable_robot_ws/install/wearable_robot_interfaces/include/wearable_robot_interfaces/msg/detail/imu_raw_data__rosidl_typesupport_fastrtps_c.h
[0.870s] -- Up-to-date symlink: /home/kimm/wearable_robot_ws/install/wearable_robot_interfaces/include/wearable_robot_interfaces/msg/detail/imu_type__rosidl_typesupport_fastrtps_c.h
[0.870s] -- Up-to-date symlink: /home/kimm/wearable_robot_ws/install/wearable_robot_interfaces/include/wearable_robot_interfaces/msg/detail/joint_state__rosidl_typesupport_fastrtps_c.h
[0.870s] -- Up-to-date symlink: /home/kimm/wearable_robot_ws/install/wearable_robot_interfaces/include/wearable_robot_interfaces/msg/detail/temperature_data__rosidl_typesupport_fastrtps_c.h
[0.870s] -- Up-to-date symlink: /home/kimm/wearable_robot_ws/install/wearable_robot_interfaces/include/wearable_robot_interfaces/msg/rosidl_typesupport_fastrtps_c__visibility_control.h
[0.871s] -- Up-to-date symlink: /home/kimm/wearable_robot_ws/install/wearable_robot_interfaces/lib/libwearable_robot_interfaces__rosidl_typesupport_fastrtps_c.so
[0.873s] -- Up-to-date symlink: /home/kimm/wearable_robot_ws/install/wearable_robot_interfaces/include/wearable_robot_interfaces/msg/detail/actuator_command__rosidl_typesupport_fastrtps_cpp.hpp
[0.873s] -- Up-to-date symlink: /home/kimm/wearable_robot_ws/install/wearable_robot_interfaces/include/wearable_robot_interfaces/msg/detail/can_data__rosidl_typesupport_fastrtps_cpp.hpp
[0.873s] -- Up-to-date symlink: /home/kimm/wearable_robot_ws/install/wearable_robot_interfaces/include/wearable_robot_interfaces/msg/detail/displacement_data__rosidl_typesupport_fastrtps_cpp.hpp
[0.874s] -- Up-to-date symlink: /home/kimm/wearable_robot_ws/install/wearable_robot_interfaces/include/wearable_robot_interfaces/msg/detail/displacement_raw_data__rosidl_typesupport_fastrtps_cpp.hpp
[0.874s] -- Up-to-date symlink: /home/kimm/wearable_robot_ws/install/wearable_robot_interfaces/include/wearable_robot_interfaces/msg/detail/fan_command__rosidl_typesupport_fastrtps_cpp.hpp
[0.874s] -- Up-to-date symlink: /home/kimm/wearable_robot_ws/install/wearable_robot_interfaces/include/wearable_robot_interfaces/msg/detail/imu_data__rosidl_typesupport_fastrtps_cpp.hpp
[0.875s] -- Up-to-date symlink: /home/kimm/wearable_robot_ws/install/wearable_robot_interfaces/include/wearable_robot_interfaces/msg/detail/imu_raw_data__rosidl_typesupport_fastrtps_cpp.hpp
[0.875s] -- Up-to-date symlink: /home/kimm/wearable_robot_ws/install/wearable_robot_interfaces/include/wearable_robot_interfaces/msg/detail/imu_type__rosidl_typesupport_fastrtps_cpp.hpp
[0.875s] -- Up-to-date symlink: /home/kimm/wearable_robot_ws/install/wearable_robot_interfaces/include/wearable_robot_interfaces/msg/detail/joint_state__rosidl_typesupport_fastrtps_cpp.hpp
[0.876s] -- Up-to-date symlink: /home/kimm/wearable_robot_ws/install/wearable_robot_interfaces/include/wearable_robot_interfaces/msg/detail/temperature_data__rosidl_typesupport_fastrtps_cpp.hpp
[0.876s] -- Up-to-date symlink: /home/kimm/wearable_robot_ws/install/wearable_robot_interfaces/include/wearable_robot_interfaces/msg/rosidl_typesupport_fastrtps_cpp__visibility_control.h
[0.877s] -- Up-to-date symlink: /home/kimm/wearable_robot_ws/install/wearable_robot_interfaces/lib/libwearable_robot_interfaces__rosidl_typesupport_fastrtps_cpp.so
[0.878s] -- Up-to-date symlink: /home/kimm/wearable_robot_ws/install/wearable_robot_interfaces/include/wearable_robot_interfaces/msg/detail/actuator_command__rosidl_typesupport_introspection_c.h
[0.878s] -- Up-to-date symlink: /home/kimm/wearable_robot_ws/install/wearable_robot_interfaces/include/wearable_robot_interfaces/msg/detail/can_data__rosidl_typesupport_introspection_c.h
[0.879s] -- Up-to-date symlink: /home/kimm/wearable_robot_ws/install/wearable_robot_interfaces/include/wearable_robot_interfaces/msg/detail/displacement_data__rosidl_typesupport_introspection_c.h
[0.879s] -- Up-to-date symlink: /home/kimm/wearable_robot_ws/install/wearable_robot_interfaces/include/wearable_robot_interfaces/msg/detail/displacement_raw_data__rosidl_typesupport_introspection_c.h
[0.880s] -- Up-to-date symlink: /home/kimm/wearable_robot_ws/install/wearable_robot_interfaces/include/wearable_robot_interfaces/msg/detail/fan_command__rosidl_typesupport_introspection_c.h
[0.880s] -- Up-to-date symlink: /home/kimm/wearable_robot_ws/install/wearable_robot_interfaces/include/wearable_robot_interfaces/msg/detail/imu_data__rosidl_typesupport_introspection_c.h
[0.880s] -- Up-to-date symlink: /home/kimm/wearable_robot_ws/install/wearable_robot_interfaces/include/wearable_robot_interfaces/msg/detail/imu_raw_data__rosidl_typesupport_introspection_c.h
[0.880s] -- Up-to-date symlink: /home/kimm/wearable_robot_ws/install/wearable_robot_interfaces/include/wearable_robot_interfaces/msg/detail/imu_type__rosidl_typesupport_introspection_c.h
[0.881s] -- Up-to-date symlink: /home/kimm/wearable_robot_ws/install/wearable_robot_interfaces/include/wearable_robot_interfaces/msg/detail/joint_state__rosidl_typesupport_introspection_c.h
[0.881s] -- Up-to-date symlink: /home/kimm/wearable_robot_ws/install/wearable_robot_interfaces/include/wearable_robot_interfaces/msg/detail/temperature_data__rosidl_typesupport_introspection_c.h
[0.881s] -- Up-to-date symlink: /home/kimm/wearable_robot_ws/install/wearable_robot_interfaces/include/wearable_robot_interfaces/msg/rosidl_typesupport_introspection_c__visibility_control.h
[0.883s] -- Up-to-date symlink: /home/kimm/wearable_robot_ws/install/wearable_robot_interfaces/include/wearable_robot_interfaces/msg/actuator_command.hpp
[0.883s] -- Up-to-date symlink: /home/kimm/wearable_robot_ws/install/wearable_robot_interfaces/include/wearable_robot_interfaces/msg/can_data.hpp
[0.884s] -- Up-to-date symlink: /home/kimm/wearable_robot_ws/install/wearable_robot_interfaces/include/wearable_robot_interfaces/msg/detail/actuator_command__builder.hpp
[0.884s] -- Up-to-date symlink: /home/kimm/wearable_robot_ws/install/wearable_robot_interfaces/include/wearable_robot_interfaces/msg/detail/actuator_command__struct.hpp
[0.884s] -- Up-to-date symlink: /home/kimm/wearable_robot_ws/install/wearable_robot_interfaces/include/wearable_robot_interfaces/msg/detail/actuator_command__traits.hpp
[0.885s] -- Up-to-date symlink: /home/kimm/wearable_robot_ws/install/wearable_robot_interfaces/include/wearable_robot_interfaces/msg/detail/actuator_command__type_support.hpp
[0.885s] -- Up-to-date symlink: /home/kimm/wearable_robot_ws/install/wearable_robot_interfaces/include/wearable_robot_interfaces/msg/detail/can_data__builder.hpp
[0.885s] -- Up-to-date symlink: /home/kimm/wearable_robot_ws/install/wearable_robot_interfaces/include/wearable_robot_interfaces/msg/detail/can_data__struct.hpp
[0.886s] -- Up-to-date symlink: /home/kimm/wearable_robot_ws/install/wearable_robot_interfaces/include/wearable_robot_interfaces/msg/detail/can_data__traits.hpp
[0.886s] -- Up-to-date symlink: /home/kimm/wearable_robot_ws/install/wearable_robot_interfaces/include/wearable_robot_interfaces/msg/detail/can_data__type_support.hpp
[0.886s] -- Up-to-date symlink: /home/kimm/wearable_robot_ws/install/wearable_robot_interfaces/include/wearable_robot_interfaces/msg/detail/displacement_data__builder.hpp
[0.887s] -- Up-to-date symlink: /home/kimm/wearable_robot_ws/install/wearable_robot_interfaces/include/wearable_robot_interfaces/msg/detail/displacement_data__struct.hpp
[0.887s] -- Up-to-date symlink: /home/kimm/wearable_robot_ws/install/wearable_robot_interfaces/include/wearable_robot_interfaces/msg/detail/displacement_data__traits.hpp
[0.888s] -- Up-to-date symlink: /home/kimm/wearable_robot_ws/install/wearable_robot_interfaces/include/wearable_robot_interfaces/msg/detail/displacement_data__type_support.hpp
[0.888s] -- Up-to-date symlink: /home/kimm/wearable_robot_ws/install/wearable_robot_interfaces/include/wearable_robot_interfaces/msg/detail/displacement_raw_data__builder.hpp
[0.888s] -- Up-to-date symlink: /home/kimm/wearable_robot_ws/install/wearable_robot_interfaces/include/wearable_robot_interfaces/msg/detail/displacement_raw_data__struct.hpp
[0.888s] -- Up-to-date symlink: /home/kimm/wearable_robot_ws/install/wearable_robot_interfaces/include/wearable_robot_interfaces/msg/detail/displacement_raw_data__traits.hpp
[0.889s] -- Up-to-date symlink: /home/kimm/wearable_robot_ws/install/wearable_robot_interfaces/include/wearable_robot_interfaces/msg/detail/displacement_raw_data__type_support.hpp
[0.890s] -- Up-to-date symlink: /home/kimm/wearable_robot_ws/install/wearable_robot_interfaces/include/wearable_robot_interfaces/msg/detail/fan_command__builder.hpp
[0.890s] -- Up-to-date symlink: /home/kimm/wearable_robot_ws/install/wearable_robot_interfaces/include/wearable_robot_interfaces/msg/detail/fan_command__struct.hpp
[0.891s] -- Up-to-date symlink: /home/kimm/wearable_robot_ws/install/wearable_robot_interfaces/include/wearable_robot_interfaces/msg/detail/fan_command__traits.hpp
[0.891s] -- Up-to-date symlink: /home/kimm/wearable_robot_ws/install/wearable_robot_interfaces/include/wearable_robot_interfaces/msg/detail/fan_command__type_support.hpp
[0.891s] -- Up-to-date symlink: /home/kimm/wearable_robot_ws/install/wearable_robot_interfaces/include/wearable_robot_interfaces/msg/detail/imu_data__builder.hpp
[0.891s] -- Up-to-date symlink: /home/kimm/wearable_robot_ws/install/wearable_robot_interfaces/include/wearable_robot_interfaces/msg/detail/imu_data__struct.hpp
[0.893s] -- Up-to-date symlink: /home/kimm/wearable_robot_ws/install/wearable_robot_interfaces/include/wearable_robot_interfaces/msg/detail/imu_data__traits.hpp
[0.893s] -- Up-to-date symlink: /home/kimm/wearable_robot_ws/install/wearable_robot_interfaces/include/wearable_robot_interfaces/msg/detail/imu_data__type_support.hpp
[0.893s] -- Up-to-date symlink: /home/kimm/wearable_robot_ws/install/wearable_robot_interfaces/include/wearable_robot_interfaces/msg/detail/imu_raw_data__builder.hpp
[0.893s] -- Up-to-date symlink: /home/kimm/wearable_robot_ws/install/wearable_robot_interfaces/include/wearable_robot_interfaces/msg/detail/imu_raw_data__struct.hpp
[0.893s] -- Up-to-date symlink: /home/kimm/wearable_robot_ws/install/wearable_robot_interfaces/include/wearable_robot_interfaces/msg/detail/imu_raw_data__traits.hpp
[0.893s] -- Up-to-date symlink: /home/kimm/wearable_robot_ws/install/wearable_robot_interfaces/include/wearable_robot_interfaces/msg/detail/imu_raw_data__type_support.hpp
[0.897s] -- Up-to-date symlink: /home/kimm/wearable_robot_ws/install/wearable_robot_interfaces/include/wearable_robot_interfaces/msg/detail/imu_type__builder.hpp
[0.897s] -- Up-to-date symlink: /home/kimm/wearable_robot_ws/install/wearable_robot_interfaces/include/wearable_robot_interfaces/msg/detail/imu_type__struct.hpp
[0.897s] -- Up-to-date symlink: /home/kimm/wearable_robot_ws/install/wearable_robot_interfaces/include/wearable_robot_interfaces/msg/detail/imu_type__traits.hpp
[0.898s] -- Up-to-date symlink: /home/kimm/wearable_robot_ws/install/wearable_robot_interfaces/include/wearable_robot_interfaces/msg/detail/imu_type__type_support.hpp
[0.898s] -- Up-to-date symlink: /home/kimm/wearable_robot_ws/install/wearable_robot_interfaces/include/wearable_robot_interfaces/msg/detail/joint_state__builder.hpp
[0.898s] -- Up-to-date symlink: /home/kimm/wearable_robot_ws/install/wearable_robot_interfaces/include/wearable_robot_interfaces/msg/detail/joint_state__struct.hpp
[0.898s] -- Up-to-date symlink: /home/kimm/wearable_robot_ws/install/wearable_robot_interfaces/include/wearable_robot_interfaces/msg/detail/joint_state__traits.hpp
[0.899s] -- Up-to-date symlink: /home/kimm/wearable_robot_ws/install/wearable_robot_interfaces/include/wearable_robot_interfaces/msg/detail/joint_state__type_support.hpp
[0.899s] -- Up-to-date symlink: /home/kimm/wearable_robot_ws/install/wearable_robot_interfaces/include/wearable_robot_interfaces/msg/detail/temperature_data__builder.hpp
[0.900s] -- Up-to-date symlink: /home/kimm/wearable_robot_ws/install/wearable_robot_interfaces/include/wearable_robot_interfaces/msg/detail/temperature_data__struct.hpp
[0.900s] -- Up-to-date symlink: /home/kimm/wearable_robot_ws/install/wearable_robot_interfaces/include/wearable_robot_interfaces/msg/detail/temperature_data__traits.hpp
[0.900s] -- Up-to-date symlink: /home/kimm/wearable_robot_ws/install/wearable_robot_interfaces/include/wearable_robot_interfaces/msg/detail/temperature_data__type_support.hpp
[0.900s] -- Up-to-date symlink: /home/kimm/wearable_robot_ws/install/wearable_robot_interfaces/include/wearable_robot_interfaces/msg/displacement_data.hpp
[0.901s] -- Up-to-date symlink: /home/kimm/wearable_robot_ws/install/wearable_robot_interfaces/include/wearable_robot_interfaces/msg/displacement_raw_data.hpp
[0.901s] -- Up-to-date symlink: /home/kimm/wearable_robot_ws/install/wearable_robot_interfaces/include/wearable_robot_interfaces/msg/fan_command.hpp
[0.902s] -- Up-to-date symlink: /home/kimm/wearable_robot_ws/install/wearable_robot_interfaces/include/wearable_robot_interfaces/msg/imu_data.hpp
[0.902s] -- Up-to-date symlink: /home/kimm/wearable_robot_ws/install/wearable_robot_interfaces/include/wearable_robot_interfaces/msg/imu_raw_data.hpp
[0.902s] -- Up-to-date symlink: /home/kimm/wearable_robot_ws/install/wearable_robot_interfaces/include/wearable_robot_interfaces/msg/imu_type.hpp
[0.903s] -- Up-to-date symlink: /home/kimm/wearable_robot_ws/install/wearable_robot_interfaces/include/wearable_robot_interfaces/msg/joint_state.hpp
[0.903s] -- Up-to-date symlink: /home/kimm/wearable_robot_ws/install/wearable_robot_interfaces/include/wearable_robot_interfaces/msg/rosidl_generator_cpp__visibility_control.hpp
[0.904s] -- Up-to-date symlink: /home/kimm/wearable_robot_ws/install/wearable_robot_interfaces/include/wearable_robot_interfaces/msg/temperature_data.hpp
[0.905s] -- Up-to-date symlink: /home/kimm/wearable_robot_ws/install/wearable_robot_interfaces/include/wearable_robot_interfaces/msg/detail/actuator_command__rosidl_typesupport_introspection_cpp.hpp
[0.905s] -- Up-to-date symlink: /home/kimm/wearable_robot_ws/install/wearable_robot_interfaces/include/wearable_robot_interfaces/msg/detail/can_data__rosidl_typesupport_introspection_cpp.hpp
[0.905s] -- Up-to-date symlink: /home/kimm/wearable_robot_ws/install/wearable_robot_interfaces/include/wearable_robot_interfaces/msg/detail/displacement_data__rosidl_typesupport_introspection_cpp.hpp
[0.905s] -- Up-to-date symlink: /home/kimm/wearable_robot_ws/install/wearable_robot_interfaces/include/wearable_robot_interfaces/msg/detail/displacement_raw_data__rosidl_typesupport_introspection_cpp.hpp
[0.905s] -- Up-to-date symlink: /home/kimm/wearable_robot_ws/install/wearable_robot_interfaces/include/wearable_robot_interfaces/msg/detail/fan_command__rosidl_typesupport_introspection_cpp.hpp
[0.906s] -- Up-to-date symlink: /home/kimm/wearable_robot_ws/install/wearable_robot_interfaces/include/wearable_robot_interfaces/msg/detail/imu_data__rosidl_typesupport_introspection_cpp.hpp
[0.906s] -- Up-to-date symlink: /home/kimm/wearable_robot_ws/install/wearable_robot_interfaces/include/wearable_robot_interfaces/msg/detail/imu_raw_data__rosidl_typesupport_introspection_cpp.hpp
[0.906s] -- Up-to-date symlink: /home/kimm/wearable_robot_ws/install/wearable_robot_interfaces/include/wearable_robot_interfaces/msg/detail/imu_type__rosidl_typesupport_introspection_cpp.hpp
[0.906s] -- Up-to-date symlink: /home/kimm/wearable_robot_ws/install/wearable_robot_interfaces/include/wearable_robot_interfaces/msg/detail/joint_state__rosidl_typesupport_introspection_cpp.hpp
[0.906s] -- Up-to-date symlink: /home/kimm/wearable_robot_ws/install/wearable_robot_interfaces/include/wearable_robot_interfaces/msg/detail/temperature_data__rosidl_typesupport_introspection_cpp.hpp
[0.907s] -- Up-to-date symlink: /home/kimm/wearable_robot_ws/install/wearable_robot_interfaces/share/wearable_robot_interfaces/environment/pythonpath.sh
[0.907s] -- Up-to-date symlink: /home/kimm/wearable_robot_ws/install/wearable_robot_interfaces/share/wearable_robot_interfaces/environment/pythonpath.dsv
[0.907s] -- Up-to-date symlink: /home/kimm/wearable_robot_ws/install/wearable_robot_interfaces/lib/python3.8/site-packages/wearable_robot_interfaces/__init__.py
[0.907s] -- Up-to-date symlink: /home/kimm/wearable_robot_ws/install/wearable_robot_interfaces/lib/python3.8/site-packages/wearable_robot_interfaces/msg/__init__.py
[0.907s] -- Up-to-date symlink: /home/kimm/wearable_robot_ws/install/wearable_robot_interfaces/lib/python3.8/site-packages/wearable_robot_interfaces/msg/_actuator_command.py
[0.908s] -- Up-to-date symlink: /home/kimm/wearable_robot_ws/install/wearable_robot_interfaces/lib/python3.8/site-packages/wearable_robot_interfaces/msg/_can_data.py
[0.908s] -- Up-to-date symlink: /home/kimm/wearable_robot_ws/install/wearable_robot_interfaces/lib/python3.8/site-packages/wearable_robot_interfaces/msg/_displacement_data.py
[0.908s] -- Up-to-date symlink: /home/kimm/wearable_robot_ws/install/wearable_robot_interfaces/lib/python3.8/site-packages/wearable_robot_interfaces/msg/_displacement_raw_data.py
[0.909s] -- Up-to-date symlink: /home/kimm/wearable_robot_ws/install/wearable_robot_interfaces/lib/python3.8/site-packages/wearable_robot_interfaces/msg/_fan_command.py
[0.909s] -- Up-to-date symlink: /home/kimm/wearable_robot_ws/install/wearable_robot_interfaces/lib/python3.8/site-packages/wearable_robot_interfaces/msg/_imu_data.py
[0.909s] -- Up-to-date symlink: /home/kimm/wearable_robot_ws/install/wearable_robot_interfaces/lib/python3.8/site-packages/wearable_robot_interfaces/msg/_imu_raw_data.py
[0.909s] -- Up-to-date symlink: /home/kimm/wearable_robot_ws/install/wearable_robot_interfaces/lib/python3.8/site-packages/wearable_robot_interfaces/msg/_imu_type.py
[0.909s] -- Up-to-date symlink: /home/kimm/wearable_robot_ws/install/wearable_robot_interfaces/lib/python3.8/site-packages/wearable_robot_interfaces/msg/_joint_state.py
[0.910s] -- Up-to-date symlink: /home/kimm/wearable_robot_ws/install/wearable_robot_interfaces/lib/python3.8/site-packages/wearable_robot_interfaces/msg/_temperature_data.py
[0.911s] -- Up-to-date symlink: /home/kimm/wearable_robot_ws/install/wearable_robot_interfaces/lib/python3.8/site-packages/wearable_robot_interfaces/wearable_robot_interfaces_s__rosidl_typesupport_fastrtps_c.cpython-38-aarch64-linux-gnu.so
[0.911s] -- Up-to-date symlink: /home/kimm/wearable_robot_ws/install/wearable_robot_interfaces/lib/python3.8/site-packages/wearable_robot_interfaces/wearable_robot_interfaces_s__rosidl_typesupport_introspection_c.cpython-38-aarch64-linux-gnu.so
[0.912s] -- Up-to-date symlink: /home/kimm/wearable_robot_ws/install/wearable_robot_interfaces/lib/python3.8/site-packages/wearable_robot_interfaces/wearable_robot_interfaces_s__rosidl_typesupport_c.cpython-38-aarch64-linux-gnu.so
[0.913s] -- Up-to-date symlink: /home/kimm/wearable_robot_ws/install/wearable_robot_interfaces/lib/libwearable_robot_interfaces__python.so
[0.913s] -- Up-to-date symlink: /home/kimm/wearable_robot_ws/install/wearable_robot_interfaces/share/wearable_robot_interfaces/msg/DisplacementRawData.idl
[0.915s] -- Up-to-date symlink: /home/kimm/wearable_robot_ws/install/wearable_robot_interfaces/share/wearable_robot_interfaces/msg/IMURawData.idl
[0.915s] -- Up-to-date symlink: /home/kimm/wearable_robot_ws/install/wearable_robot_interfaces/share/wearable_robot_interfaces/msg/DisplacementData.idl
[0.915s] -- Up-to-date symlink: /home/kimm/wearable_robot_ws/install/wearable_robot_interfaces/share/wearable_robot_interfaces/msg/IMUData.idl
[0.916s] -- Up-to-date symlink: /home/kimm/wearable_robot_ws/install/wearable_robot_interfaces/share/wearable_robot_interfaces/msg/IMUType.idl
[0.917s] -- Up-to-date symlink: /home/kimm/wearable_robot_ws/install/wearable_robot_interfaces/share/wearable_robot_interfaces/msg/TemperatureData.idl
[0.918s] -- Up-to-date symlink: /home/kimm/wearable_robot_ws/install/wearable_robot_interfaces/share/wearable_robot_interfaces/msg/ActuatorCommand.idl
[0.918s] -- Up-to-date symlink: /home/kimm/wearable_robot_ws/install/wearable_robot_interfaces/share/wearable_robot_interfaces/msg/FanCommand.idl
[0.919s] -- Up-to-date symlink: /home/kimm/wearable_robot_ws/install/wearable_robot_interfaces/share/wearable_robot_interfaces/msg/CANData.idl
[0.919s] -- Up-to-date symlink: /home/kimm/wearable_robot_ws/install/wearable_robot_interfaces/share/wearable_robot_interfaces/msg/JointState.idl
[0.919s] -- Up-to-date symlink: /home/kimm/wearable_robot_ws/install/wearable_robot_interfaces/share/wearable_robot_interfaces/msg/DisplacementRawData.msg
[0.920s] -- Up-to-date symlink: /home/kimm/wearable_robot_ws/install/wearable_robot_interfaces/share/wearable_robot_interfaces/msg/IMURawData.msg
[0.920s] -- Up-to-date symlink: /home/kimm/wearable_robot_ws/install/wearable_robot_interfaces/share/wearable_robot_interfaces/msg/DisplacementData.msg
[0.921s] -- Up-to-date symlink: /home/kimm/wearable_robot_ws/install/wearable_robot_interfaces/share/wearable_robot_interfaces/msg/IMUData.msg
[0.922s] -- Up-to-date symlink: /home/kimm/wearable_robot_ws/install/wearable_robot_interfaces/share/wearable_robot_interfaces/msg/IMUType.msg
[0.922s] -- Up-to-date symlink: /home/kimm/wearable_robot_ws/install/wearable_robot_interfaces/share/wearable_robot_interfaces/msg/TemperatureData.msg
[0.923s] -- Up-to-date symlink: /home/kimm/wearable_robot_ws/install/wearable_robot_interfaces/share/wearable_robot_interfaces/msg/ActuatorCommand.msg
[0.923s] -- Up-to-date symlink: /home/kimm/wearable_robot_ws/install/wearable_robot_interfaces/share/wearable_robot_interfaces/msg/FanCommand.msg
[0.924s] -- Up-to-date symlink: /home/kimm/wearable_robot_ws/install/wearable_robot_interfaces/share/wearable_robot_interfaces/msg/CANData.msg
[0.924s] -- Up-to-date symlink: /home/kimm/wearable_robot_ws/install/wearable_robot_interfaces/share/wearable_robot_interfaces/msg/JointState.msg
[0.924s] -- Up-to-date symlink: /home/kimm/wearable_robot_ws/install/wearable_robot_interfaces/share/ament_index/resource_index/package_run_dependencies/wearable_robot_interfaces
[0.925s] -- Up-to-date symlink: /home/kimm/wearable_robot_ws/install/wearable_robot_interfaces/share/ament_index/resource_index/parent_prefix_path/wearable_robot_interfaces
[0.925s] -- Up-to-date symlink: /home/kimm/wearable_robot_ws/install/wearable_robot_interfaces/share/wearable_robot_interfaces/environment/ament_prefix_path.sh
[0.925s] -- Up-to-date symlink: /home/kimm/wearable_robot_ws/install/wearable_robot_interfaces/share/wearable_robot_interfaces/environment/ament_prefix_path.dsv
[0.925s] -- Up-to-date symlink: /home/kimm/wearable_robot_ws/install/wearable_robot_interfaces/share/wearable_robot_interfaces/environment/path.sh
[0.925s] -- Up-to-date symlink: /home/kimm/wearable_robot_ws/install/wearable_robot_interfaces/share/wearable_robot_interfaces/environment/path.dsv
[0.926s] -- Up-to-date symlink: /home/kimm/wearable_robot_ws/install/wearable_robot_interfaces/share/wearable_robot_interfaces/local_setup.bash
[0.927s] -- Up-to-date symlink: /home/kimm/wearable_robot_ws/install/wearable_robot_interfaces/share/wearable_robot_interfaces/local_setup.sh
[0.927s] -- Up-to-date symlink: /home/kimm/wearable_robot_ws/install/wearable_robot_interfaces/share/wearable_robot_interfaces/local_setup.zsh
[0.929s] -- Up-to-date symlink: /home/kimm/wearable_robot_ws/install/wearable_robot_interfaces/share/wearable_robot_interfaces/local_setup.dsv
[0.930s] -- Symlinking: /home/kimm/wearable_robot_ws/install/wearable_robot_interfaces/share/wearable_robot_interfaces/package.dsv
[0.951s] -- Up-to-date symlink: /home/kimm/wearable_robot_ws/install/wearable_robot_interfaces/share/ament_index/resource_index/packages/wearable_robot_interfaces
[0.951s] -- Up-to-date symlink: /home/kimm/wearable_robot_ws/install/wearable_robot_interfaces/share/wearable_robot_interfaces/cmake/rosidl_cmake-extras.cmake
[0.952s] -- Up-to-date symlink: /home/kimm/wearable_robot_ws/install/wearable_robot_interfaces/share/wearable_robot_interfaces/cmake/ament_cmake_export_dependencies-extras.cmake
[0.952s] -- Up-to-date symlink: /home/kimm/wearable_robot_ws/install/wearable_robot_interfaces/share/wearable_robot_interfaces/cmake/ament_cmake_export_libraries-extras.cmake
[0.952s] -- Up-to-date symlink: /home/kimm/wearable_robot_ws/install/wearable_robot_interfaces/share/wearable_robot_interfaces/cmake/ament_cmake_export_targets-extras.cmake
[0.953s] -- Up-to-date symlink: /home/kimm/wearable_robot_ws/install/wearable_robot_interfaces/share/wearable_robot_interfaces/cmake/ament_cmake_export_include_directories-extras.cmake
[0.953s] -- Up-to-date symlink: /home/kimm/wearable_robot_ws/install/wearable_robot_interfaces/share/wearable_robot_interfaces/cmake/rosidl_cmake_export_typesupport_libraries-extras.cmake
[0.954s] -- Up-to-date symlink: /home/kimm/wearable_robot_ws/install/wearable_robot_interfaces/share/wearable_robot_interfaces/cmake/rosidl_cmake_export_typesupport_targets-extras.cmake
[0.954s] -- Up-to-date symlink: /home/kimm/wearable_robot_ws/install/wearable_robot_interfaces/share/wearable_robot_interfaces/cmake/wearable_robot_interfacesConfig.cmake
[0.954s] -- Up-to-date symlink: /home/kimm/wearable_robot_ws/install/wearable_robot_interfaces/share/wearable_robot_interfaces/cmake/wearable_robot_interfacesConfig-version.cmake
[0.955s] -- Up-to-date symlink: /home/kimm/wearable_robot_ws/install/wearable_robot_interfaces/share/wearable_robot_interfaces/package.xml
[0.955s] -- Up-to-date: /home/kimm/wearable_robot_ws/install/wearable_robot_interfaces/lib/libwearable_robot_interfaces__rosidl_generator_c.so
[0.956s] -- Up-to-date: /home/kimm/wearable_robot_ws/install/wearable_robot_interfaces/lib/libwearable_robot_interfaces__rosidl_typesupport_introspection_c.so
[0.957s] -- Up-to-date: /home/kimm/wearable_robot_ws/install/wearable_robot_interfaces/lib/libwearable_robot_interfaces__rosidl_typesupport_c.so
[0.958s] -- Up-to-date: /home/kimm/wearable_robot_ws/install/wearable_robot_interfaces/lib/libwearable_robot_interfaces__rosidl_typesupport_introspection_cpp.so
[0.959s] -- Up-to-date: /home/kimm/wearable_robot_ws/install/wearable_robot_interfaces/lib/libwearable_robot_interfaces__rosidl_typesupport_cpp.so
[1.040s] -- Up-to-date: /home/kimm/wearable_robot_ws/install/wearable_robot_interfaces/share/wearable_robot_interfaces/cmake/wearable_robot_interfaces__rosidl_generator_cExport.cmake
[1.040s] -- Up-to-date: /home/kimm/wearable_robot_ws/install/wearable_robot_interfaces/share/wearable_robot_interfaces/cmake/wearable_robot_interfaces__rosidl_generator_cExport-noconfig.cmake
[1.040s] -- Up-to-date: /home/kimm/wearable_robot_ws/install/wearable_robot_interfaces/share/wearable_robot_interfaces/cmake/wearable_robot_interfaces__rosidl_typesupport_introspection_cExport.cmake
[1.040s] -- Up-to-date: /home/kimm/wearable_robot_ws/install/wearable_robot_interfaces/share/wearable_robot_interfaces/cmake/wearable_robot_interfaces__rosidl_typesupport_introspection_cExport-noconfig.cmake
[1.041s] -- Up-to-date: /home/kimm/wearable_robot_ws/install/wearable_robot_interfaces/share/wearable_robot_interfaces/cmake/wearable_robot_interfaces__rosidl_typesupport_cExport.cmake
[1.041s] -- Up-to-date: /home/kimm/wearable_robot_ws/install/wearable_robot_interfaces/share/wearable_robot_interfaces/cmake/wearable_robot_interfaces__rosidl_typesupport_cExport-noconfig.cmake
[1.041s] -- Up-to-date: /home/kimm/wearable_robot_ws/install/wearable_robot_interfaces/share/wearable_robot_interfaces/cmake/wearable_robot_interfaces__rosidl_generator_cppExport.cmake
[1.041s] -- Up-to-date: /home/kimm/wearable_robot_ws/install/wearable_robot_interfaces/share/wearable_robot_interfaces/cmake/wearable_robot_interfaces__rosidl_typesupport_introspection_cppExport.cmake
[1.042s] -- Up-to-date: /home/kimm/wearable_robot_ws/install/wearable_robot_interfaces/share/wearable_robot_interfaces/cmake/wearable_robot_interfaces__rosidl_typesupport_introspection_cppExport-noconfig.cmake
[1.042s] -- Up-to-date: /home/kimm/wearable_robot_ws/install/wearable_robot_interfaces/share/wearable_robot_interfaces/cmake/wearable_robot_interfaces__rosidl_typesupport_cppExport.cmake
[1.042s] -- Up-to-date: /home/kimm/wearable_robot_ws/install/wearable_robot_interfaces/share/wearable_robot_interfaces/cmake/wearable_robot_interfaces__rosidl_typesupport_cppExport-noconfig.cmake
[1.050s] Invoked command in '/home/kimm/wearable_robot_ws/build/wearable_robot_interfaces' returned '0': CMAKE_PREFIX_PATH=${CMAKE_PREFIX_PATH}:/opt/ros/foxy /usr/bin/cmake --install /home/kimm/wearable_robot_ws/build/wearable_robot_interfaces
