[0.084s] Invoking command in '/home/kimm/wearable_robot_ws/build/wearable_robot_control': CMAKE_PREFIX_PATH=${CMAKE_PREFIX_PATH}:/opt/ros/foxy /usr/bin/cmake --build /home/kimm/wearable_robot_ws/build/wearable_robot_control -- -j8 -l8
[0.147s] -- Found ament_cmake: 0.9.12 (/opt/ros/foxy/share/ament_cmake/cmake)
[0.208s] -- Using PYTHON_EXECUTABLE: /usr/bin/python3
[0.630s] -- Override CMake install command with custom implementation using symlinks instead of copying resources
[0.645s] -- Found rclcpp: 2.4.3 (/opt/ros/foxy/share/rclcpp/cmake)
[0.712s] -- Using all available rosidl_typesupport_c: rosidl_typesupport_fastrtps_c;rosidl_typesupport_introspection_c
[0.719s] -- Found rosidl_adapter: 1.3.1 (/opt/ros/foxy/share/rosidl_adapter/cmake)
[0.977s] -- Using all available rosidl_typesupport_cpp: rosidl_typesupport_fastrtps_cpp;rosidl_typesupport_introspection_cpp
[1.076s] -- Found rmw_implementation_cmake: 1.0.4 (/opt/ros/foxy/share/rmw_implementation_cmake/cmake)
[1.079s] -- Using RMW implementation 'rmw_fastrtps_cpp' as default
[1.346s] -- Found wearable_robot_interfaces: 0.0.0 (/home/kimm/wearable_robot_ws/install/wearable_robot_interfaces/share/wearable_robot_interfaces/cmake)
[1.403s] -- Found ros2_socketcan_msgs: 1.3.0 (/home/kimm/wearable_robot_ws/install/ros2_socketcan_msgs/share/ros2_socketcan_msgs/cmake)
[1.464s] -- Found ros2_socketcan: 1.3.0 (/home/kimm/wearable_robot_ws/install/ros2_socketcan/share/ros2_socketcan/cmake)
[1.746s] -- Found ament_lint_auto: 0.9.8 (/opt/ros/foxy/share/ament_lint_auto/cmake)
[1.889s] -- Added test 'copyright' to check source files copyright and LICENSE
[1.891s] -- Added test 'cppcheck' to perform static code analysis on C / C++ code
[1.891s] -- Configured cppcheck include dirs: 
[1.892s] -- Configured cppcheck exclude dirs and/or files: 
[1.892s] -- Added test 'cpplint' to check C / C++ code against the Google style
[1.893s] -- Configured cpplint exclude dirs and/or files: 
[1.893s] -- Added test 'lint_cmake' to check CMake code style
[1.895s] -- Added test 'uncrustify' to check C / C++ code style
[1.895s] -- Configured uncrustify additional arguments: 
[1.895s] -- Added test 'xmllint' to check XML markup files
[1.904s] -- Configuring done
[1.907s] CMake Error at CMakeLists.txt:48 (add_executable):
[1.908s]   Cannot find source file:
[1.908s] 
[1.908s]     src/body_control_node.cpp
[1.909s] 
[1.909s]   Tried extensions .c .C .c++ .cc .cpp .cxx .cu .m .M .mm .h .hh .h++ .hm
[1.909s]   .hpp .hxx .in .txx
[1.909s] 
[1.910s] 
[1.910s] CMake Error at CMakeLists.txt:48 (add_executable):
[1.910s]   No SOURCES given to target: body_control_node
[1.911s] 
[1.911s] 
[1.911s] CMake Generate step failed.  Build files cannot be regenerated correctly.
[1.927s] make: *** [Makefile:222: cmake_check_build_system] Error 1
[1.934s] Invoked command in '/home/kimm/wearable_robot_ws/build/wearable_robot_control' returned '2': CMAKE_PREFIX_PATH=${CMAKE_PREFIX_PATH}:/opt/ros/foxy /usr/bin/cmake --build /home/kimm/wearable_robot_ws/build/wearable_robot_control -- -j8 -l8
