[0.099s] Invoking command in '/home/kimm/wearable_robot_ws/build/ros2_socketcan_msgs': CMAKE_PREFIX_PATH=${CMAKE_PREFIX_PATH}:/opt/ros/foxy /usr/bin/cmake --build /home/kimm/wearable_robot_ws/build/ros2_socketcan_msgs -- -j8 -l8
[0.288s] [  3%] Built target ros2_socketcan_msgs__cpp
[0.295s] [ 12%] Built target ros2_socketcan_msgs__rosidl_generator_c
[0.406s] [ 22%] Built target ros2_socketcan_msgs__rosidl_typesupport_introspection_c
[0.426s] [ 32%] Built target ros2_socketcan_msgs__rosidl_typesupport_fastrtps_cpp
[0.426s] [ 41%] Built target ros2_socketcan_msgs__rosidl_typesupport_c
[0.438s] [ 51%] Built target ros2_socketcan_msgs__rosidl_typesupport_cpp
[0.465s] [ 61%] Built target ros2_socketcan_msgs__rosidl_typesupport_introspection_cpp
[0.539s] [ 70%] Built target ros2_socketcan_msgs__rosidl_typesupport_fastrtps_c
[0.587s] [ 70%] Built target ros2_socketcan_msgs
[0.642s] [ 74%] Built target ros2_socketcan_msgs__py
[0.702s] [ 80%] Built target ros2_socketcan_msgs__python
[0.824s] [ 87%] Built target ros2_socketcan_msgs__rosidl_typesupport_c__pyext
[0.849s] [ 93%] Built target ros2_socketcan_msgs__rosidl_typesupport_introspection_c__pyext
[0.863s] [100%] Built target ros2_socketcan_msgs__rosidl_typesupport_fastrtps_c__pyext
[0.901s] Invoked command in '/home/kimm/wearable_robot_ws/build/ros2_socketcan_msgs' returned '0': CMAKE_PREFIX_PATH=${CMAKE_PREFIX_PATH}:/opt/ros/foxy /usr/bin/cmake --build /home/kimm/wearable_robot_ws/build/ros2_socketcan_msgs -- -j8 -l8
[0.905s] Invoking command in '/home/kimm/wearable_robot_ws/build/ros2_socketcan_msgs': CMAKE_PREFIX_PATH=${CMAKE_PREFIX_PATH}:/opt/ros/foxy /usr/bin/cmake --install /home/kimm/wearable_robot_ws/build/ros2_socketcan_msgs
[0.967s] -- Install configuration: ""
[0.967s] -- Execute custom install script
[0.969s] -- Up-to-date symlink: /home/kimm/wearable_robot_ws/install/ros2_socketcan_msgs/share/ament_index/resource_index/rosidl_interfaces/ros2_socketcan_msgs
[0.970s] -- Up-to-date symlink: /home/kimm/wearable_robot_ws/install/ros2_socketcan_msgs/include/ros2_socketcan_msgs/msg/detail/fd_frame__functions.h
[0.970s] -- Up-to-date symlink: /home/kimm/wearable_robot_ws/install/ros2_socketcan_msgs/include/ros2_socketcan_msgs/msg/detail/fd_frame__struct.h
[0.971s] -- Up-to-date symlink: /home/kimm/wearable_robot_ws/install/ros2_socketcan_msgs/include/ros2_socketcan_msgs/msg/detail/fd_frame__type_support.h
[0.971s] -- Up-to-date symlink: /home/kimm/wearable_robot_ws/install/ros2_socketcan_msgs/include/ros2_socketcan_msgs/msg/fd_frame.h
[0.972s] -- Up-to-date symlink: /home/kimm/wearable_robot_ws/install/ros2_socketcan_msgs/include/ros2_socketcan_msgs/msg/rosidl_generator_c__visibility_control.h
[0.973s] -- Up-to-date symlink: /home/kimm/wearable_robot_ws/install/ros2_socketcan_msgs/share/ros2_socketcan_msgs/environment/library_path.sh
[0.975s] -- Up-to-date symlink: /home/kimm/wearable_robot_ws/install/ros2_socketcan_msgs/share/ros2_socketcan_msgs/environment/library_path.dsv
[0.976s] -- Up-to-date symlink: /home/kimm/wearable_robot_ws/install/ros2_socketcan_msgs/include/ros2_socketcan_msgs/msg/detail/fd_frame__rosidl_typesupport_fastrtps_c.h
[0.976s] -- Up-to-date symlink: /home/kimm/wearable_robot_ws/install/ros2_socketcan_msgs/include/ros2_socketcan_msgs/msg/rosidl_typesupport_fastrtps_c__visibility_control.h
[0.977s] -- Up-to-date symlink: /home/kimm/wearable_robot_ws/install/ros2_socketcan_msgs/lib/libros2_socketcan_msgs__rosidl_typesupport_fastrtps_c.so
[0.978s] -- Up-to-date symlink: /home/kimm/wearable_robot_ws/install/ros2_socketcan_msgs/include/ros2_socketcan_msgs/msg/detail/fd_frame__rosidl_typesupport_fastrtps_cpp.hpp
[0.978s] -- Up-to-date symlink: /home/kimm/wearable_robot_ws/install/ros2_socketcan_msgs/include/ros2_socketcan_msgs/msg/rosidl_typesupport_fastrtps_cpp__visibility_control.h
[0.979s] -- Up-to-date symlink: /home/kimm/wearable_robot_ws/install/ros2_socketcan_msgs/lib/libros2_socketcan_msgs__rosidl_typesupport_fastrtps_cpp.so
[0.995s] -- Up-to-date symlink: /home/kimm/wearable_robot_ws/install/ros2_socketcan_msgs/include/ros2_socketcan_msgs/msg/detail/fd_frame__rosidl_typesupport_introspection_c.h
[0.995s] -- Up-to-date symlink: /home/kimm/wearable_robot_ws/install/ros2_socketcan_msgs/include/ros2_socketcan_msgs/msg/rosidl_typesupport_introspection_c__visibility_control.h
[0.995s] -- Up-to-date symlink: /home/kimm/wearable_robot_ws/install/ros2_socketcan_msgs/include/ros2_socketcan_msgs/msg/detail/fd_frame__builder.hpp
[0.996s] -- Up-to-date symlink: /home/kimm/wearable_robot_ws/install/ros2_socketcan_msgs/include/ros2_socketcan_msgs/msg/detail/fd_frame__struct.hpp
[0.996s] -- Up-to-date symlink: /home/kimm/wearable_robot_ws/install/ros2_socketcan_msgs/include/ros2_socketcan_msgs/msg/detail/fd_frame__traits.hpp
[0.996s] -- Up-to-date symlink: /home/kimm/wearable_robot_ws/install/ros2_socketcan_msgs/include/ros2_socketcan_msgs/msg/detail/fd_frame__type_support.hpp
[0.996s] -- Up-to-date symlink: /home/kimm/wearable_robot_ws/install/ros2_socketcan_msgs/include/ros2_socketcan_msgs/msg/fd_frame.hpp
[0.997s] -- Up-to-date symlink: /home/kimm/wearable_robot_ws/install/ros2_socketcan_msgs/include/ros2_socketcan_msgs/msg/rosidl_generator_cpp__visibility_control.hpp
[0.997s] -- Up-to-date symlink: /home/kimm/wearable_robot_ws/install/ros2_socketcan_msgs/include/ros2_socketcan_msgs/msg/detail/fd_frame__rosidl_typesupport_introspection_cpp.hpp
[0.997s] -- Up-to-date symlink: /home/kimm/wearable_robot_ws/install/ros2_socketcan_msgs/share/ros2_socketcan_msgs/environment/pythonpath.sh
[0.997s] -- Up-to-date symlink: /home/kimm/wearable_robot_ws/install/ros2_socketcan_msgs/share/ros2_socketcan_msgs/environment/pythonpath.dsv
[0.997s] -- Up-to-date symlink: /home/kimm/wearable_robot_ws/install/ros2_socketcan_msgs/lib/python3.8/site-packages/ros2_socketcan_msgs/__init__.py
[0.998s] -- Up-to-date symlink: /home/kimm/wearable_robot_ws/install/ros2_socketcan_msgs/lib/python3.8/site-packages/ros2_socketcan_msgs/msg/__init__.py
[0.998s] -- Up-to-date symlink: /home/kimm/wearable_robot_ws/install/ros2_socketcan_msgs/lib/python3.8/site-packages/ros2_socketcan_msgs/msg/_fd_frame.py
[0.998s] -- Up-to-date symlink: /home/kimm/wearable_robot_ws/install/ros2_socketcan_msgs/lib/python3.8/site-packages/ros2_socketcan_msgs/ros2_socketcan_msgs_s__rosidl_typesupport_fastrtps_c.cpython-38-aarch64-linux-gnu.so
[0.998s] -- Up-to-date symlink: /home/kimm/wearable_robot_ws/install/ros2_socketcan_msgs/lib/python3.8/site-packages/ros2_socketcan_msgs/ros2_socketcan_msgs_s__rosidl_typesupport_introspection_c.cpython-38-aarch64-linux-gnu.so
[0.998s] -- Up-to-date symlink: /home/kimm/wearable_robot_ws/install/ros2_socketcan_msgs/lib/python3.8/site-packages/ros2_socketcan_msgs/ros2_socketcan_msgs_s__rosidl_typesupport_c.cpython-38-aarch64-linux-gnu.so
[0.999s] -- Up-to-date symlink: /home/kimm/wearable_robot_ws/install/ros2_socketcan_msgs/lib/libros2_socketcan_msgs__python.so
[1.000s] -- Up-to-date symlink: /home/kimm/wearable_robot_ws/install/ros2_socketcan_msgs/share/ros2_socketcan_msgs/msg/FdFrame.idl
[1.000s] -- Up-to-date symlink: /home/kimm/wearable_robot_ws/install/ros2_socketcan_msgs/share/ros2_socketcan_msgs/msg/FdFrame.msg
[1.000s] -- Up-to-date symlink: /home/kimm/wearable_robot_ws/install/ros2_socketcan_msgs/share/ament_index/resource_index/package_run_dependencies/ros2_socketcan_msgs
[1.000s] -- Up-to-date symlink: /home/kimm/wearable_robot_ws/install/ros2_socketcan_msgs/share/ament_index/resource_index/parent_prefix_path/ros2_socketcan_msgs
[1.001s] -- Up-to-date symlink: /home/kimm/wearable_robot_ws/install/ros2_socketcan_msgs/share/ros2_socketcan_msgs/environment/ament_prefix_path.sh
[1.001s] -- Up-to-date symlink: /home/kimm/wearable_robot_ws/install/ros2_socketcan_msgs/share/ros2_socketcan_msgs/environment/ament_prefix_path.dsv
[1.001s] -- Up-to-date symlink: /home/kimm/wearable_robot_ws/install/ros2_socketcan_msgs/share/ros2_socketcan_msgs/environment/path.sh
[1.001s] -- Up-to-date symlink: /home/kimm/wearable_robot_ws/install/ros2_socketcan_msgs/share/ros2_socketcan_msgs/environment/path.dsv
[1.003s] -- Up-to-date symlink: /home/kimm/wearable_robot_ws/install/ros2_socketcan_msgs/share/ros2_socketcan_msgs/local_setup.bash
[1.004s] -- Up-to-date symlink: /home/kimm/wearable_robot_ws/install/ros2_socketcan_msgs/share/ros2_socketcan_msgs/local_setup.sh
[1.004s] -- Up-to-date symlink: /home/kimm/wearable_robot_ws/install/ros2_socketcan_msgs/share/ros2_socketcan_msgs/local_setup.zsh
[1.005s] -- Up-to-date symlink: /home/kimm/wearable_robot_ws/install/ros2_socketcan_msgs/share/ros2_socketcan_msgs/local_setup.dsv
[1.005s] -- Symlinking: /home/kimm/wearable_robot_ws/install/ros2_socketcan_msgs/share/ros2_socketcan_msgs/package.dsv
[1.040s] -- Up-to-date symlink: /home/kimm/wearable_robot_ws/install/ros2_socketcan_msgs/share/ament_index/resource_index/packages/ros2_socketcan_msgs
[1.042s] -- Up-to-date symlink: /home/kimm/wearable_robot_ws/install/ros2_socketcan_msgs/share/ros2_socketcan_msgs/cmake/rosidl_cmake-extras.cmake
[1.043s] -- Up-to-date symlink: /home/kimm/wearable_robot_ws/install/ros2_socketcan_msgs/share/ros2_socketcan_msgs/cmake/ament_cmake_export_dependencies-extras.cmake
[1.043s] -- Up-to-date symlink: /home/kimm/wearable_robot_ws/install/ros2_socketcan_msgs/share/ros2_socketcan_msgs/cmake/ament_cmake_export_libraries-extras.cmake
[1.043s] -- Up-to-date symlink: /home/kimm/wearable_robot_ws/install/ros2_socketcan_msgs/share/ros2_socketcan_msgs/cmake/ament_cmake_export_targets-extras.cmake
[1.043s] -- Up-to-date symlink: /home/kimm/wearable_robot_ws/install/ros2_socketcan_msgs/share/ros2_socketcan_msgs/cmake/ament_cmake_export_include_directories-extras.cmake
[1.046s] -- Up-to-date symlink: /home/kimm/wearable_robot_ws/install/ros2_socketcan_msgs/share/ros2_socketcan_msgs/cmake/rosidl_cmake_export_typesupport_libraries-extras.cmake
[1.049s] -- Up-to-date symlink: /home/kimm/wearable_robot_ws/install/ros2_socketcan_msgs/share/ros2_socketcan_msgs/cmake/rosidl_cmake_export_typesupport_targets-extras.cmake
[1.049s] -- Up-to-date symlink: /home/kimm/wearable_robot_ws/install/ros2_socketcan_msgs/share/ros2_socketcan_msgs/cmake/ros2_socketcan_msgsConfig.cmake
[1.050s] -- Up-to-date symlink: /home/kimm/wearable_robot_ws/install/ros2_socketcan_msgs/share/ros2_socketcan_msgs/cmake/ros2_socketcan_msgsConfig-version.cmake
[1.050s] -- Up-to-date symlink: /home/kimm/wearable_robot_ws/install/ros2_socketcan_msgs/share/ros2_socketcan_msgs/package.xml
[1.051s] -- Up-to-date: /home/kimm/wearable_robot_ws/install/ros2_socketcan_msgs/lib/libros2_socketcan_msgs__rosidl_generator_c.so
[1.051s] -- Up-to-date: /home/kimm/wearable_robot_ws/install/ros2_socketcan_msgs/lib/libros2_socketcan_msgs__rosidl_typesupport_introspection_c.so
[1.052s] -- Up-to-date: /home/kimm/wearable_robot_ws/install/ros2_socketcan_msgs/lib/libros2_socketcan_msgs__rosidl_typesupport_c.so
[1.053s] -- Up-to-date: /home/kimm/wearable_robot_ws/install/ros2_socketcan_msgs/lib/libros2_socketcan_msgs__rosidl_typesupport_introspection_cpp.so
[1.055s] -- Up-to-date: /home/kimm/wearable_robot_ws/install/ros2_socketcan_msgs/lib/libros2_socketcan_msgs__rosidl_typesupport_cpp.so
[1.157s] -- Up-to-date: /home/kimm/wearable_robot_ws/install/ros2_socketcan_msgs/share/ros2_socketcan_msgs/cmake/ros2_socketcan_msgs__rosidl_generator_cExport.cmake
[1.158s] -- Up-to-date: /home/kimm/wearable_robot_ws/install/ros2_socketcan_msgs/share/ros2_socketcan_msgs/cmake/ros2_socketcan_msgs__rosidl_generator_cExport-noconfig.cmake
[1.158s] -- Up-to-date: /home/kimm/wearable_robot_ws/install/ros2_socketcan_msgs/share/ros2_socketcan_msgs/cmake/ros2_socketcan_msgs__rosidl_typesupport_introspection_cExport.cmake
[1.158s] -- Up-to-date: /home/kimm/wearable_robot_ws/install/ros2_socketcan_msgs/share/ros2_socketcan_msgs/cmake/ros2_socketcan_msgs__rosidl_typesupport_introspection_cExport-noconfig.cmake
[1.158s] -- Up-to-date: /home/kimm/wearable_robot_ws/install/ros2_socketcan_msgs/share/ros2_socketcan_msgs/cmake/ros2_socketcan_msgs__rosidl_typesupport_cExport.cmake
[1.158s] -- Up-to-date: /home/kimm/wearable_robot_ws/install/ros2_socketcan_msgs/share/ros2_socketcan_msgs/cmake/ros2_socketcan_msgs__rosidl_typesupport_cExport-noconfig.cmake
[1.170s] -- Up-to-date: /home/kimm/wearable_robot_ws/install/ros2_socketcan_msgs/share/ros2_socketcan_msgs/cmake/ros2_socketcan_msgs__rosidl_generator_cppExport.cmake
[1.170s] -- Up-to-date: /home/kimm/wearable_robot_ws/install/ros2_socketcan_msgs/share/ros2_socketcan_msgs/cmake/ros2_socketcan_msgs__rosidl_typesupport_introspection_cppExport.cmake
[1.171s] -- Up-to-date: /home/kimm/wearable_robot_ws/install/ros2_socketcan_msgs/share/ros2_socketcan_msgs/cmake/ros2_socketcan_msgs__rosidl_typesupport_introspection_cppExport-noconfig.cmake
[1.171s] -- Up-to-date: /home/kimm/wearable_robot_ws/install/ros2_socketcan_msgs/share/ros2_socketcan_msgs/cmake/ros2_socketcan_msgs__rosidl_typesupport_cppExport.cmake
[1.173s] -- Up-to-date: /home/kimm/wearable_robot_ws/install/ros2_socketcan_msgs/share/ros2_socketcan_msgs/cmake/ros2_socketcan_msgs__rosidl_typesupport_cppExport-noconfig.cmake
[1.181s] Invoked command in '/home/kimm/wearable_robot_ws/build/ros2_socketcan_msgs' returned '0': CMAKE_PREFIX_PATH=${CMAKE_PREFIX_PATH}:/opt/ros/foxy /usr/bin/cmake --install /home/kimm/wearable_robot_ws/build/ros2_socketcan_msgs
