[0.097s] Invoking command in '/home/kimm/wearable_robot_ws/build/can_msgs': CMAKE_PREFIX_PATH=${CMAKE_PREFIX_PATH}:/opt/ros/foxy /usr/bin/cmake /home/kimm/wearable_robot_ws/src/ros2can_bridge/can_msgs -DAMENT_CMAKE_SYMLINK_INSTALL=1 -DCMAKE_INSTALL_PREFIX=/home/kimm/wearable_robot_ws/install/can_msgs
[0.335s] -- Found ament_cmake: 0.9.12 (/opt/ros/foxy/share/ament_cmake/cmake)
[0.431s] -- Found PythonInterp: /usr/bin/python3 (found suitable version "3.8.10", minimum required is "3") 
[0.431s] -- Using PYTHON_EXECUTABLE: /usr/bin/python3
[0.880s] -- Override CMake install command with custom implementation using symlinks instead of copying resources
[0.919s] -- Found builtin_interfaces: 1.0.0 (/opt/ros/foxy/share/builtin_interfaces/cmake)
[0.980s] -- Using all available rosidl_typesupport_c: rosidl_typesupport_fastrtps_c;rosidl_typesupport_introspection_c
[0.990s] -- Found rosidl_adapter: 1.3.1 (/opt/ros/foxy/share/rosidl_adapter/cmake)
[1.307s] -- Using all available rosidl_typesupport_cpp: rosidl_typesupport_fastrtps_cpp;rosidl_typesupport_introspection_cpp
[1.367s] -- Found rosidl_default_generators: 1.0.1 (/opt/ros/foxy/share/rosidl_default_generators/cmake)
[1.392s] -- Found geometry_msgs: 2.0.5 (/opt/ros/foxy/share/geometry_msgs/cmake)
[1.618s] -- Found PythonInterp: /usr/bin/python3 (found version "3.8.10") 
[1.970s] CMake Error at /opt/ros/foxy/share/rosidl_cmake/cmake/rosidl_generate_interfaces.cmake:229 (message):
[1.970s]   Packages installing interfaces must include
[1.970s]   '<member_of_group>rosidl_interface_packages</member_of_group>' in their
[1.970s]   package.xml
[1.971s] Call Stack (most recent call first):
[1.971s]   CMakeLists.txt:15 (rosidl_generate_interfaces)
[1.971s] 
[1.971s] 
[1.974s] -- Configuring incomplete, errors occurred!
[1.974s] See also "/home/kimm/wearable_robot_ws/build/can_msgs/CMakeFiles/CMakeOutput.log".
[2.003s] Invoked command in '/home/kimm/wearable_robot_ws/build/can_msgs' returned '1': CMAKE_PREFIX_PATH=${CMAKE_PREFIX_PATH}:/opt/ros/foxy /usr/bin/cmake /home/kimm/wearable_robot_ws/src/ros2can_bridge/can_msgs -DAMENT_CMAKE_SYMLINK_INSTALL=1 -DCMAKE_INSTALL_PREFIX=/home/kimm/wearable_robot_ws/install/can_msgs
