[0.055s] Invoking command in '/home/kimm/wearable_robot_ws/build/wearable_robot_data_processing': CMAKE_PREFIX_PATH=/home/kimm/wearable_robot_ws/install/wearable_robot_interfaces:/home/kimm/wearable_robot_ws/install/wearable_robot_hw:/home/kimm/wearable_robot_ws/install/wearable_robot_data_processing:/home/kimm/wearable_robot_ws/install/wearable_robot_control:/home/kimm/wearable_robot_ws/install/wearable_robot_bringup:/home/kimm/install/can_data_extractor:/opt/ros/foxy /usr/bin/cmake --build /home/kimm/wearable_robot_ws/build/wearable_robot_data_processing -- -j8 -l8
[0.119s] -- Found ament_cmake: 0.9.12 (/opt/ros/foxy/share/ament_cmake/cmake)
[0.175s] -- Using PYTHON_EXECUTABLE: /usr/bin/python3
[0.642s] -- Override CMake install command with custom implementation using symlinks instead of copying resources
[0.669s] -- Found rclcpp: 2.4.3 (/opt/ros/foxy/share/rclcpp/cmake)
[0.759s] -- Using all available rosidl_typesupport_c: rosidl_typesupport_fastrtps_c;rosidl_typesupport_introspection_c
[0.767s] -- Found rosidl_adapter: 1.3.1 (/opt/ros/foxy/share/rosidl_adapter/cmake)
[1.112s] -- Using all available rosidl_typesupport_cpp: rosidl_typesupport_fastrtps_cpp;rosidl_typesupport_introspection_cpp
[1.252s] -- Found rmw_implementation_cmake: 1.0.4 (/opt/ros/foxy/share/rmw_implementation_cmake/cmake)
[1.259s] -- Using RMW implementation 'rmw_fastrtps_cpp' as default
[1.638s] -- Found wearable_robot_interfaces: 0.0.0 (/home/kimm/wearable_robot_ws/install/wearable_robot_interfaces/share/wearable_robot_interfaces/cmake)
[1.717s] -- Found ament_lint_auto: 0.9.8 (/opt/ros/foxy/share/ament_lint_auto/cmake)
[1.902s] -- Added test 'copyright' to check source files copyright and LICENSE
[1.904s] -- Added test 'cppcheck' to perform static code analysis on C / C++ code
[1.904s] -- Configured cppcheck include dirs: 
[1.904s] -- Configured cppcheck exclude dirs and/or files: 
[1.907s] -- Added test 'cpplint' to check C / C++ code against the Google style
[1.907s] -- Configured cpplint exclude dirs and/or files: 
[1.908s] -- Added test 'lint_cmake' to check CMake code style
[1.911s] -- Added test 'uncrustify' to check C / C++ code style
[1.911s] -- Configured uncrustify additional arguments: 
[1.912s] -- Added test 'xmllint' to check XML markup files
[1.921s] make: *** [Makefile:398: cmake_check_build_system] Interrupt
[1.933s] Invoked command in '/home/kimm/wearable_robot_ws/build/wearable_robot_data_processing' returned '-2': CMAKE_PREFIX_PATH=/home/kimm/wearable_robot_ws/install/wearable_robot_interfaces:/home/kimm/wearable_robot_ws/install/wearable_robot_hw:/home/kimm/wearable_robot_ws/install/wearable_robot_data_processing:/home/kimm/wearable_robot_ws/install/wearable_robot_control:/home/kimm/wearable_robot_ws/install/wearable_robot_bringup:/home/kimm/install/can_data_extractor:/opt/ros/foxy /usr/bin/cmake --build /home/kimm/wearable_robot_ws/build/wearable_robot_data_processing -- -j8 -l8
