[01m[K/home/kimm/wearable_robot_ws/src/ros2_socketcan/ros2_socketcan/src/socket_can_receiver_node.cpp:10:1:[m[K [01;31m[Kerror: [m[Kno declaration matches ‘[01m[Kdrivers::socketcan::SocketCanReceiverNode::SocketCanReceiverNode(const rclcpp::NodeOptions&)[m[K’
   10 | [01;31m[KSocketCanReceiverNode[m[K::SocketCanReceiverNode(const rclcpp::NodeOptions & options)
      | [01;31m[K^~~~~~~~~~~~~~~~~~~~~[m[K
In file included from [01m[K/home/kimm/wearable_robot_ws/src/ros2_socketcan/ros2_socketcan/src/socket_can_receiver_node.cpp:2[m[K:
[01m[K/home/kimm/wearable_robot_ws/src/ros2_socketcan/ros2_socketcan/include/ros2_socketcan/socket_can_receiver_node.hpp:45:24:[m[K [01;36m[Knote: [m[Kcandidates are: ‘[01m[Kdrivers::socketcan::SocketCanReceiverNode::SocketCanReceiverNode(drivers::socketcan::SocketCanReceiverNode&&)[m[K’
   45 | class SOCKETCAN_PUBLIC [01;36m[KSocketCanReceiverNode[m[K final
      |                        [01;36m[K^~~~~~~~~~~~~~~~~~~~~[m[K
[01m[K/home/kimm/wearable_robot_ws/src/ros2_socketcan/ros2_socketcan/include/ros2_socketcan/socket_can_receiver_node.hpp:45:24:[m[K [01;36m[Knote: [m[K                ‘[01m[Kdrivers::socketcan::SocketCanReceiverNode::SocketCanReceiverNode(const drivers::socketcan::SocketCanReceiverNode&)[m[K’
[01m[K/home/kimm/wearable_robot_ws/src/ros2_socketcan/ros2_socketcan/include/ros2_socketcan/socket_can_receiver_node.hpp:50:12:[m[K [01;36m[Knote: [m[K                ‘[01m[Kdrivers::socketcan::SocketCanReceiverNode::SocketCanReceiverNode(rclcpp::NodeOptions)[m[K’
   50 |   explicit [01;36m[KSocketCanReceiverNode[m[K(rclcpp::NodeOptions options);
      |            [01;36m[K^~~~~~~~~~~~~~~~~~~~~[m[K
[01m[K/home/kimm/wearable_robot_ws/src/ros2_socketcan/ros2_socketcan/include/ros2_socketcan/socket_can_receiver_node.hpp:45:24:[m[K [01;36m[Knote: [m[K‘[01m[Kclass drivers::socketcan::SocketCanReceiverNode[m[K’ defined here
   45 | class SOCKETCAN_PUBLIC [01;36m[KSocketCanReceiverNode[m[K final
      |                        [01;36m[K^~~~~~~~~~~~~~~~~~~~~[m[K
[01m[K/home/kimm/wearable_robot_ws/src/ros2_socketcan/ros2_socketcan/src/socket_can_receiver_node.cpp:[m[K In member function ‘[01m[Kvirtual rclcpp_lifecycle::node_interfaces::LifecycleNodeInterface::CallbackReturn drivers::socketcan::SocketCanReceiverNode::on_configure(const rclcpp_lifecycle::State&)[m[K’:
[01m[K/home/kimm/wearable_robot_ws/src/ros2_socketcan/ros2_socketcan/src/socket_can_receiver_node.cpp:36:5:[m[K [01;31m[Kerror: [m[K‘[01m[Kpub_id_100_[m[K’ was not declared in this scope
   36 |     [01;31m[Kpub_id_100_[m[K = create_publisher<can_msgs::msg::Frame>("can_data_100", 10);
      |     [01;31m[K^~~~~~~~~~~[m[K
[01m[K/home/kimm/wearable_robot_ws/src/ros2_socketcan/ros2_socketcan/src/socket_can_receiver_node.cpp:37:5:[m[K [01;31m[Kerror: [m[K‘[01m[Kpub_id_401_[m[K’ was not declared in this scope
   37 |     [01;31m[Kpub_id_401_[m[K = create_publisher<can_msgs::msg::Frame>("can_data_401", 10);
      |     [01;31m[K^~~~~~~~~~~[m[K
[01m[K/home/kimm/wearable_robot_ws/src/ros2_socketcan/ros2_socketcan/src/socket_can_receiver_node.cpp:25:69:[m[K [01;35m[Kwarning: [m[Kunused parameter ‘[01m[Kstate[m[K’ [[01;35m[K-Wunused-parameter[m[K]
   25 | SocketCanReceiverNode::on_configure([01;35m[Kconst rclcpp_lifecycle::State & state[m[K)
      |                                     [01;35m[K~~~~~~~~~~~~~~~~~~~~~~~~~~~~~~~~^~~~~[m[K
[01m[K/home/kimm/wearable_robot_ws/src/ros2_socketcan/ros2_socketcan/src/socket_can_receiver_node.cpp:[m[K In member function ‘[01m[Kvirtual rclcpp_lifecycle::node_interfaces::LifecycleNodeInterface::CallbackReturn drivers::socketcan::SocketCanReceiverNode::on_activate(const rclcpp_lifecycle::State&)[m[K’:
[01m[K/home/kimm/wearable_robot_ws/src/ros2_socketcan/ros2_socketcan/src/socket_can_receiver_node.cpp:55:3:[m[K [01;31m[Kerror: [m[K‘[01m[Kpub_id_100_[m[K’ was not declared in this scope
   55 |   [01;31m[Kpub_id_100_[m[K->on_activate();
      |   [01;31m[K^~~~~~~~~~~[m[K
[01m[K/home/kimm/wearable_robot_ws/src/ros2_socketcan/ros2_socketcan/src/socket_can_receiver_node.cpp:56:3:[m[K [01;31m[Kerror: [m[K‘[01m[Kpub_id_401_[m[K’ was not declared in this scope
   56 |   [01;31m[Kpub_id_401_[m[K->on_activate();
      |   [01;31m[K^~~~~~~~~~~[m[K
[01m[K/home/kimm/wearable_robot_ws/src/ros2_socketcan/ros2_socketcan/src/socket_can_receiver_node.cpp:53:68:[m[K [01;35m[Kwarning: [m[Kunused parameter ‘[01m[Kstate[m[K’ [[01;35m[K-Wunused-parameter[m[K]
   53 | SocketCanReceiverNode::on_activate([01;35m[Kconst rclcpp_lifecycle::State & state[m[K)
      |                                    [01;35m[K~~~~~~~~~~~~~~~~~~~~~~~~~~~~~~~~^~~~~[m[K
[01m[K/home/kimm/wearable_robot_ws/src/ros2_socketcan/ros2_socketcan/src/socket_can_receiver_node.cpp:[m[K In member function ‘[01m[Kvirtual rclcpp_lifecycle::node_interfaces::LifecycleNodeInterface::CallbackReturn drivers::socketcan::SocketCanReceiverNode::on_deactivate(const rclcpp_lifecycle::State&)[m[K’:
[01m[K/home/kimm/wearable_robot_ws/src/ros2_socketcan/ros2_socketcan/src/socket_can_receiver_node.cpp:63:3:[m[K [01;31m[Kerror: [m[K‘[01m[Kpub_id_100_[m[K’ was not declared in this scope
   63 |   [01;31m[Kpub_id_100_[m[K->on_deactivate();
      |   [01;31m[K^~~~~~~~~~~[m[K
[01m[K/home/kimm/wearable_robot_ws/src/ros2_socketcan/ros2_socketcan/src/socket_can_receiver_node.cpp:64:3:[m[K [01;31m[Kerror: [m[K‘[01m[Kpub_id_401_[m[K’ was not declared in this scope
   64 |   [01;31m[Kpub_id_401_[m[K->on_deactivate();
      |   [01;31m[K^~~~~~~~~~~[m[K
[01m[K/home/kimm/wearable_robot_ws/src/ros2_socketcan/ros2_socketcan/src/socket_can_receiver_node.cpp:61:70:[m[K [01;35m[Kwarning: [m[Kunused parameter ‘[01m[Kstate[m[K’ [[01;35m[K-Wunused-parameter[m[K]
   61 | SocketCanReceiverNode::on_deactivate([01;35m[Kconst rclcpp_lifecycle::State & state[m[K)
      |                                      [01;35m[K~~~~~~~~~~~~~~~~~~~~~~~~~~~~~~~~^~~~~[m[K
[01m[K/home/kimm/wearable_robot_ws/src/ros2_socketcan/ros2_socketcan/src/socket_can_receiver_node.cpp:[m[K In member function ‘[01m[Kvirtual rclcpp_lifecycle::node_interfaces::LifecycleNodeInterface::CallbackReturn drivers::socketcan::SocketCanReceiverNode::on_cleanup(const rclcpp_lifecycle::State&)[m[K’:
[01m[K/home/kimm/wearable_robot_ws/src/ros2_socketcan/ros2_socketcan/src/socket_can_receiver_node.cpp:71:3:[m[K [01;31m[Kerror: [m[K‘[01m[Kpub_id_100_[m[K’ was not declared in this scope
   71 |   [01;31m[Kpub_id_100_[m[K.reset();
      |   [01;31m[K^~~~~~~~~~~[m[K
[01m[K/home/kimm/wearable_robot_ws/src/ros2_socketcan/ros2_socketcan/src/socket_can_receiver_node.cpp:72:3:[m[K [01;31m[Kerror: [m[K‘[01m[Kpub_id_401_[m[K’ was not declared in this scope
   72 |   [01;31m[Kpub_id_401_[m[K.reset();
      |   [01;31m[K^~~~~~~~~~~[m[K
[01m[K/home/kimm/wearable_robot_ws/src/ros2_socketcan/ros2_socketcan/src/socket_can_receiver_node.cpp:69:67:[m[K [01;35m[Kwarning: [m[Kunused parameter ‘[01m[Kstate[m[K’ [[01;35m[K-Wunused-parameter[m[K]
   69 | SocketCanReceiverNode::on_cleanup([01;35m[Kconst rclcpp_lifecycle::State & state[m[K)
      |                                   [01;35m[K~~~~~~~~~~~~~~~~~~~~~~~~~~~~~~~~^~~~~[m[K
[01m[K/home/kimm/wearable_robot_ws/src/ros2_socketcan/ros2_socketcan/src/socket_can_receiver_node.cpp:[m[K In member function ‘[01m[Kvirtual rclcpp_lifecycle::node_interfaces::LifecycleNodeInterface::CallbackReturn drivers::socketcan::SocketCanReceiverNode::on_shutdown(const rclcpp_lifecycle::State&)[m[K’:
[01m[K/home/kimm/wearable_robot_ws/src/ros2_socketcan/ros2_socketcan/src/socket_can_receiver_node.cpp:84:68:[m[K [01;35m[Kwarning: [m[Kunused parameter ‘[01m[Kstate[m[K’ [[01;35m[K-Wunused-parameter[m[K]
   84 | SocketCanReceiverNode::on_shutdown([01;35m[Kconst rclcpp_lifecycle::State & state[m[K)
      |                                    [01;35m[K~~~~~~~~~~~~~~~~~~~~~~~~~~~~~~~~^~~~~[m[K
[01m[K/home/kimm/wearable_robot_ws/src/ros2_socketcan/ros2_socketcan/src/socket_can_receiver_node.cpp:[m[K In member function ‘[01m[Kvoid drivers::socketcan::SocketCanReceiverNode::receive()[m[K’:
[01m[K/home/kimm/wearable_robot_ws/src/ros2_socketcan/ros2_socketcan/src/socket_can_receiver_node.cpp:120:33:[m[K [01;31m[Kerror: [m[K‘[01m[Klast_pub_100_[m[K’ was not declared in this scope
  120 |             if ((current_time - [01;31m[Klast_pub_100_[m[K).nanoseconds() >= interval_100_.count()) {
      |                                 [01;31m[K^~~~~~~~~~~~~[m[K
[01m[K/home/kimm/wearable_robot_ws/src/ros2_socketcan/ros2_socketcan/src/socket_can_receiver_node.cpp:120:65:[m[K [01;31m[Kerror: [m[K‘[01m[Kinterval_100_[m[K’ was not declared in this scope; did you mean ‘[01m[Kinterval_ns_[m[K’?
  120 |             if ((current_time - last_pub_100_).nanoseconds() >= [01;31m[Kinterval_100_[m[K.count()) {
      |                                                                 [01;31m[K^~~~~~~~~~~~~[m[K
      |                                                                 [32m[Kinterval_ns_[m[K
[01m[K/home/kimm/wearable_robot_ws/src/ros2_socketcan/ros2_socketcan/src/socket_can_receiver_node.cpp:121:15:[m[K [01;31m[Kerror: [m[K‘[01m[Kpub_id_100_[m[K’ was not declared in this scope
  121 |               [01;31m[Kpub_id_100_[m[K->publish(frame);
      |               [01;31m[K^~~~~~~~~~~[m[K
[01m[K/home/kimm/wearable_robot_ws/src/ros2_socketcan/ros2_socketcan/src/socket_can_receiver_node.cpp:131:33:[m[K [01;31m[Kerror: [m[K‘[01m[Klast_pub_401_[m[K’ was not declared in this scope
  131 |             if ((current_time - [01;31m[Klast_pub_401_[m[K).nanoseconds() >= interval_401_.count()) {
      |                                 [01;31m[K^~~~~~~~~~~~~[m[K
[01m[K/home/kimm/wearable_robot_ws/src/ros2_socketcan/ros2_socketcan/src/socket_can_receiver_node.cpp:131:65:[m[K [01;31m[Kerror: [m[K‘[01m[Kinterval_401_[m[K’ was not declared in this scope; did you mean ‘[01m[Kinterval_ns_[m[K’?
  131 |             if ((current_time - last_pub_401_).nanoseconds() >= [01;31m[Kinterval_401_[m[K.count()) {
      |                                                                 [01;31m[K^~~~~~~~~~~~~[m[K
      |                                                                 [32m[Kinterval_ns_[m[K
[01m[K/home/kimm/wearable_robot_ws/src/ros2_socketcan/ros2_socketcan/src/socket_can_receiver_node.cpp:132:15:[m[K [01;31m[Kerror: [m[K‘[01m[Kpub_id_401_[m[K’ was not declared in this scope
  132 |               [01;31m[Kpub_id_401_[m[K->publish(frame);
      |               [01;31m[K^~~~~~~~~~~[m[K
make[2]: *** [CMakeFiles/socket_can_receiver_node.dir/build.make:63: CMakeFiles/socket_can_receiver_node.dir/src/socket_can_receiver_node.cpp.o] Error 1
make[1]: *** [CMakeFiles/Makefile2:301: CMakeFiles/socket_can_receiver_node.dir/all] Error 2
make: *** [Makefile:141: all] Error 2
