[0.048s] Invoking command in '/home/kimm/wearable_robot_ws/build/wearable_robot_data_processing': CMAKE_PREFIX_PATH=/home/kimm/wearable_robot_ws/install/wearable_robot_interfaces:/home/kimm/wearable_robot_ws/install/wearable_robot_hw:/home/kimm/wearable_robot_ws/install/wearable_robot_data_processing:/home/kimm/wearable_robot_ws/install/wearable_robot_control:/home/kimm/wearable_robot_ws/install/wearable_robot_bringup:/home/kimm/install/can_data_extractor:/opt/ros/foxy /usr/bin/cmake --build /home/kimm/wearable_robot_ws/build/wearable_robot_data_processing -- -j8 -l8
[0.107s] -- Found ament_cmake: 0.9.12 (/opt/ros/foxy/share/ament_cmake/cmake)
[0.152s] -- Using PYTHON_EXECUTABLE: /usr/bin/python3
[0.535s] -- Override CMake install command with custom implementation using symlinks instead of copying resources
[0.549s] -- Found rclcpp: 2.4.3 (/opt/ros/foxy/share/rclcpp/cmake)
[0.614s] -- Using all available rosidl_typesupport_c: rosidl_typesupport_fastrtps_c;rosidl_typesupport_introspection_c
[0.620s] -- Found rosidl_adapter: 1.3.1 (/opt/ros/foxy/share/rosidl_adapter/cmake)
[0.860s] -- Using all available rosidl_typesupport_cpp: rosidl_typesupport_fastrtps_cpp;rosidl_typesupport_introspection_cpp
[0.956s] -- Found rmw_implementation_cmake: 1.0.4 (/opt/ros/foxy/share/rmw_implementation_cmake/cmake)
[0.958s] -- Using RMW implementation 'rmw_fastrtps_cpp' as default
[1.225s] -- Found wearable_robot_interfaces: 0.0.0 (/home/kimm/wearable_robot_ws/install/wearable_robot_interfaces/share/wearable_robot_interfaces/cmake)
[1.291s] -- Found ament_lint_auto: 0.9.8 (/opt/ros/foxy/share/ament_lint_auto/cmake)
[1.440s] -- Added test 'copyright' to check source files copyright and LICENSE
[1.442s] -- Added test 'cppcheck' to perform static code analysis on C / C++ code
[1.442s] -- Configured cppcheck include dirs: 
[1.443s] -- Configured cppcheck exclude dirs and/or files: 
[1.444s] -- Added test 'cpplint' to check C / C++ code against the Google style
[1.445s] -- Configured cpplint exclude dirs and/or files: 
[1.445s] -- Added test 'lint_cmake' to check CMake code style
[1.447s] -- Added test 'uncrustify' to check C / C++ code style
[1.447s] -- Configured uncrustify additional arguments: 
[1.447s] -- Added test 'xmllint' to check XML markup files
[1.454s] -- Configuring done
[1.493s] -- Generating done
[1.512s] -- Build files have been written to: /home/kimm/wearable_robot_ws/build/wearable_robot_data_processing
[1.621s] [ 37%] Built target displacement_data_logger
[1.624s] [ 50%] Built target data_parser_node
[1.624s] [ 75%] Built target IMU_processing_node
[1.633s] [100%] Built target displacement_processing_node
[1.657s] Invoked command in '/home/kimm/wearable_robot_ws/build/wearable_robot_data_processing' returned '0': CMAKE_PREFIX_PATH=/home/kimm/wearable_robot_ws/install/wearable_robot_interfaces:/home/kimm/wearable_robot_ws/install/wearable_robot_hw:/home/kimm/wearable_robot_ws/install/wearable_robot_data_processing:/home/kimm/wearable_robot_ws/install/wearable_robot_control:/home/kimm/wearable_robot_ws/install/wearable_robot_bringup:/home/kimm/install/can_data_extractor:/opt/ros/foxy /usr/bin/cmake --build /home/kimm/wearable_robot_ws/build/wearable_robot_data_processing -- -j8 -l8
[1.661s] Invoking command in '/home/kimm/wearable_robot_ws/build/wearable_robot_data_processing': CMAKE_PREFIX_PATH=/home/kimm/wearable_robot_ws/install/wearable_robot_interfaces:/home/kimm/wearable_robot_ws/install/wearable_robot_hw:/home/kimm/wearable_robot_ws/install/wearable_robot_data_processing:/home/kimm/wearable_robot_ws/install/wearable_robot_control:/home/kimm/wearable_robot_ws/install/wearable_robot_bringup:/home/kimm/install/can_data_extractor:/opt/ros/foxy /usr/bin/cmake --install /home/kimm/wearable_robot_ws/build/wearable_robot_data_processing
[1.688s] -- Install configuration: ""
[1.689s] -- Execute custom install script
[1.690s] -- Up-to-date symlink: /home/kimm/wearable_robot_ws/install/wearable_robot_data_processing/lib/wearable_robot_data_processing/displacement_data_logger
[1.691s] -- Up-to-date symlink: /home/kimm/wearable_robot_ws/install/wearable_robot_data_processing/lib/wearable_robot_data_processing/data_parser_node
[1.691s] -- Up-to-date symlink: /home/kimm/wearable_robot_ws/install/wearable_robot_data_processing/lib/wearable_robot_data_processing/displacement_processing_node
[1.692s] -- Up-to-date symlink: /home/kimm/wearable_robot_ws/install/wearable_robot_data_processing/lib/wearable_robot_data_processing/IMU_processing_node
[1.692s] -- Up-to-date symlink: /home/kimm/wearable_robot_ws/install/wearable_robot_data_processing/share/ament_index/resource_index/package_run_dependencies/wearable_robot_data_processing
[1.693s] -- Up-to-date symlink: /home/kimm/wearable_robot_ws/install/wearable_robot_data_processing/share/ament_index/resource_index/parent_prefix_path/wearable_robot_data_processing
[1.694s] -- Up-to-date symlink: /home/kimm/wearable_robot_ws/install/wearable_robot_data_processing/share/wearable_robot_data_processing/environment/ament_prefix_path.sh
[1.696s] -- Up-to-date symlink: /home/kimm/wearable_robot_ws/install/wearable_robot_data_processing/share/wearable_robot_data_processing/environment/ament_prefix_path.dsv
[1.696s] -- Up-to-date symlink: /home/kimm/wearable_robot_ws/install/wearable_robot_data_processing/share/wearable_robot_data_processing/environment/path.sh
[1.696s] -- Up-to-date symlink: /home/kimm/wearable_robot_ws/install/wearable_robot_data_processing/share/wearable_robot_data_processing/environment/path.dsv
[1.697s] -- Up-to-date symlink: /home/kimm/wearable_robot_ws/install/wearable_robot_data_processing/share/wearable_robot_data_processing/local_setup.bash
[1.698s] -- Up-to-date symlink: /home/kimm/wearable_robot_ws/install/wearable_robot_data_processing/share/wearable_robot_data_processing/local_setup.sh
[1.698s] -- Up-to-date symlink: /home/kimm/wearable_robot_ws/install/wearable_robot_data_processing/share/wearable_robot_data_processing/local_setup.zsh
[1.698s] -- Up-to-date symlink: /home/kimm/wearable_robot_ws/install/wearable_robot_data_processing/share/wearable_robot_data_processing/local_setup.dsv
[1.698s] -- Symlinking: /home/kimm/wearable_robot_ws/install/wearable_robot_data_processing/share/wearable_robot_data_processing/package.dsv
[1.719s] -- Up-to-date symlink: /home/kimm/wearable_robot_ws/install/wearable_robot_data_processing/share/ament_index/resource_index/packages/wearable_robot_data_processing
[1.720s] -- Up-to-date symlink: /home/kimm/wearable_robot_ws/install/wearable_robot_data_processing/share/wearable_robot_data_processing/cmake/wearable_robot_data_processingConfig.cmake
[1.720s] -- Up-to-date symlink: /home/kimm/wearable_robot_ws/install/wearable_robot_data_processing/share/wearable_robot_data_processing/cmake/wearable_robot_data_processingConfig-version.cmake
[1.721s] -- Up-to-date symlink: /home/kimm/wearable_robot_ws/install/wearable_robot_data_processing/share/wearable_robot_data_processing/package.xml
[1.729s] Invoked command in '/home/kimm/wearable_robot_ws/build/wearable_robot_data_processing' returned '0': CMAKE_PREFIX_PATH=/home/kimm/wearable_robot_ws/install/wearable_robot_interfaces:/home/kimm/wearable_robot_ws/install/wearable_robot_hw:/home/kimm/wearable_robot_ws/install/wearable_robot_data_processing:/home/kimm/wearable_robot_ws/install/wearable_robot_control:/home/kimm/wearable_robot_ws/install/wearable_robot_bringup:/home/kimm/install/can_data_extractor:/opt/ros/foxy /usr/bin/cmake --install /home/kimm/wearable_robot_ws/build/wearable_robot_data_processing
