[0.052s] Invoking command in '/home/kimm/wearable_robot_ws/build/wearable_robot_data_processing': CMAKE_PREFIX_PATH=/home/kimm/wearable_robot_ws/install/ros2_socketcan:/home/kimm/wearable_robot_ws/install/wearable_robot_interfaces:/home/kimm/wearable_robot_ws/install/ros2_socketcan_msgs:/home/kimm/wearable_robot_ws/install/wearable_robot_hw:/home/kimm/wearable_robot_ws/install/wearable_robot_data_processing:/home/kimm/wearable_robot_ws/install/wearable_robot_control:/home/kimm/wearable_robot_ws/install/wearable_robot_bringup:/home/kimm/wearable_robot_ws/install/can_comm:/home/kimm/install/can_data_extractor:/opt/ros/foxy LD_LIBRARY_PATH=/home/kimm/wearable_robot_ws/install/ros2_socketcan/lib:/home/kimm/wearable_robot_ws/install/wearable_robot_interfaces/lib:/home/kimm/wearable_robot_ws/install/ros2_socketcan_msgs/lib:/opt/ros/foxy/opt/yaml_cpp_vendor/lib:/opt/ros/foxy/opt/rviz_ogre_vendor/lib:/opt/ros/foxy/lib/aarch64-linux-gnu:/opt/ros/foxy/lib /usr/bin/cmake --build /home/kimm/wearable_robot_ws/build/wearable_robot_data_processing -- -j8 -l8
[0.174s] [35m[1mScanning dependencies of target can_receiver_401_node[0m
[0.176s] [35m[1mScanning dependencies of target can_receiver_100_node[0m
[0.272s] [ 16%] Built target displacement_data_logger
[0.279s] [ 25%] [32mBuilding CXX object CMakeFiles/can_receiver_100_node.dir/src/can_receiver_100_node.cpp.o[0m
[0.285s] [ 33%] [32mBuilding CXX object CMakeFiles/can_receiver_401_node.dir/src/can_receiver_401_node.cpp.o[0m
[0.285s] [ 50%] Built target data_parser_node
[0.291s] [ 66%] Built target displacement_processing_node
[0.334s] [ 83%] Built target IMU_processing_node
[2.921s] [01m[K/home/kimm/wearable_robot_ws/src/wearable_robot_data_processing/src/can_receiver_100_node.cpp:16:1:[m[K [01;31m[Kerror: [m[K‘[01m[KCallbackReturn[m[K’ does not name a type
[2.922s]    16 | [01;31m[KCallbackReturn[m[K CanReceiver100Node::on_configure(const rclcpp_lifecycle::State &)
[2.924s]       | [01;31m[K^~~~~~~~~~~~~~[m[K
[2.925s] [01m[K/home/kimm/wearable_robot_ws/src/wearable_robot_data_processing/src/can_receiver_100_node.cpp:[m[K In member function ‘[01m[Kvoid drivers::socketcan::CanReceiver100Node::receive()[m[K’:
[2.925s] [01m[K/home/kimm/wearable_robot_ws/src/wearable_robot_data_processing/src/can_receiver_100_node.cpp:41:30:[m[K [01;31m[Kerror: [m[K‘[01m[Klifecycle_msgs::msg::State[m[K’ has not been declared
[2.925s]    41 |         lifecycle_msgs::msg::[01;31m[KState[m[K::PRIMARY_STATE_ACTIVE) {
[2.925s]       |                              [01;31m[K^~~~~[m[K
[2.945s] [01m[K/home/kimm/wearable_robot_ws/src/wearable_robot_data_processing/src/can_receiver_100_node.cpp:[m[K At global scope:
[2.946s] [01m[K/home/kimm/wearable_robot_ws/src/wearable_robot_data_processing/src/can_receiver_100_node.cpp:73:71:[m[K [01;31m[Kerror: [m[Kexpected constructor, destructor, or type conversion at end of input
[2.947s]    73 | RCLCPP_COMPONENTS_REGISTER_NODE(drivers::socketcan::CanReceiver100Node[01;31m[K)[m[K
[2.948s]       |                                                                       [01;31m[K^[m[K
[3.063s] [01m[K/home/kimm/wearable_robot_ws/src/wearable_robot_data_processing/src/can_receiver_401_node.cpp:16:1:[m[K [01;31m[Kerror: [m[K‘[01m[KCallbackReturn[m[K’ does not name a type
[3.064s]    16 | [01;31m[KCallbackReturn[m[K CanReceiver401Node::on_configure(const rclcpp_lifecycle::State &)
[3.065s]       | [01;31m[K^~~~~~~~~~~~~~[m[K
[3.068s] [01m[K/home/kimm/wearable_robot_ws/src/wearable_robot_data_processing/src/can_receiver_401_node.cpp:[m[K In member function ‘[01m[Kvoid drivers::socketcan::CanReceiver401Node::receive()[m[K’:
[3.069s] [01m[K/home/kimm/wearable_robot_ws/src/wearable_robot_data_processing/src/can_receiver_401_node.cpp:41:30:[m[K [01;31m[Kerror: [m[K‘[01m[Klifecycle_msgs::msg::State[m[K’ has not been declared
[3.069s]    41 |         lifecycle_msgs::msg::[01;31m[KState[m[K::PRIMARY_STATE_ACTIVE) {
[3.069s]       |                              [01;31m[K^~~~~[m[K
[3.093s] [01m[K/home/kimm/wearable_robot_ws/src/wearable_robot_data_processing/src/can_receiver_401_node.cpp:[m[K At global scope:
[3.093s] [01m[K/home/kimm/wearable_robot_ws/src/wearable_robot_data_processing/src/can_receiver_401_node.cpp:73:71:[m[K [01;31m[Kerror: [m[Kexpected constructor, destructor, or type conversion at end of input
[3.094s]    73 | RCLCPP_COMPONENTS_REGISTER_NODE(drivers::socketcan::CanReceiver401Node[01;31m[K)[m[K
[3.094s]       |                                                                       [01;31m[K^[m[K
[3.824s] make[2]: *** [CMakeFiles/can_receiver_100_node.dir/build.make:63: CMakeFiles/can_receiver_100_node.dir/src/can_receiver_100_node.cpp.o] Error 1
[3.825s] make[1]: *** [CMakeFiles/Makefile2:88: CMakeFiles/can_receiver_100_node.dir/all] Error 2
[3.826s] make[1]: *** Waiting for unfinished jobs....
[3.929s] make[2]: *** [CMakeFiles/can_receiver_401_node.dir/build.make:63: CMakeFiles/can_receiver_401_node.dir/src/can_receiver_401_node.cpp.o] Error 1
[3.930s] make[1]: *** [CMakeFiles/Makefile2:115: CMakeFiles/can_receiver_401_node.dir/all] Error 2
[3.930s] make: *** [Makefile:141: all] Error 2
[3.940s] Invoked command in '/home/kimm/wearable_robot_ws/build/wearable_robot_data_processing' returned '2': CMAKE_PREFIX_PATH=/home/kimm/wearable_robot_ws/install/ros2_socketcan:/home/kimm/wearable_robot_ws/install/wearable_robot_interfaces:/home/kimm/wearable_robot_ws/install/ros2_socketcan_msgs:/home/kimm/wearable_robot_ws/install/wearable_robot_hw:/home/kimm/wearable_robot_ws/install/wearable_robot_data_processing:/home/kimm/wearable_robot_ws/install/wearable_robot_control:/home/kimm/wearable_robot_ws/install/wearable_robot_bringup:/home/kimm/wearable_robot_ws/install/can_comm:/home/kimm/install/can_data_extractor:/opt/ros/foxy LD_LIBRARY_PATH=/home/kimm/wearable_robot_ws/install/ros2_socketcan/lib:/home/kimm/wearable_robot_ws/install/wearable_robot_interfaces/lib:/home/kimm/wearable_robot_ws/install/ros2_socketcan_msgs/lib:/opt/ros/foxy/opt/yaml_cpp_vendor/lib:/opt/ros/foxy/opt/rviz_ogre_vendor/lib:/opt/ros/foxy/lib/aarch64-linux-gnu:/opt/ros/foxy/lib /usr/bin/cmake --build /home/kimm/wearable_robot_ws/build/wearable_robot_data_processing -- -j8 -l8
