[0.060s] Invoking command in '/home/kimm/wearable_robot_ws/build/wearable_robot_interfaces': CMAKE_PREFIX_PATH=${CMAKE_PREFIX_PATH}:/opt/ros/foxy /usr/bin/cmake /home/kimm/wearable_robot_ws/src/wearable_robot_interfaces -DAMENT_CMAKE_SYMLINK_INSTALL=1 -DCMAKE_INSTALL_PREFIX=/home/kimm/wearable_robot_ws/install/wearable_robot_interfaces
[0.212s] -- The C compiler identification is GNU 9.4.0
[0.317s] -- The CXX compiler identification is GNU 9.4.0
[0.328s] -- Check for working C compiler: /usr/bin/cc
[0.462s] -- Check for working C compiler: /usr/bin/cc -- works
[0.464s] -- Detecting C compiler ABI info
[0.616s] -- Detecting C compiler ABI info - done
[0.631s] -- Detecting C compile features
[0.632s] -- Detecting C compile features - done
[0.641s] -- Check for working CXX compiler: /usr/bin/c++
[0.827s] -- Check for working CXX compiler: /usr/bin/c++ -- works
[0.827s] -- Detecting CXX compiler ABI info
[0.997s] -- Detecting CXX compiler ABI info - done
[1.016s] -- Detecting CXX compile features
[1.017s] -- Detecting CXX compile features - done
[1.023s] -- Found ament_cmake: 0.9.12 (/opt/ros/foxy/share/ament_cmake/cmake)
[1.077s] -- Found PythonInterp: /usr/bin/python3 (found suitable version "3.8.10", minimum required is "3") 
[1.077s] -- Using PYTHON_EXECUTABLE: /usr/bin/python3
[1.472s] -- Override CMake install command with custom implementation using symlinks instead of copying resources
[1.518s] -- Found rosidl_default_generators: 1.0.1 (/opt/ros/foxy/share/rosidl_default_generators/cmake)
[1.526s] -- Using all available rosidl_typesupport_c: rosidl_typesupport_fastrtps_c;rosidl_typesupport_introspection_c
[1.539s] -- Found rosidl_adapter: 1.3.1 (/opt/ros/foxy/share/rosidl_adapter/cmake)
[1.764s] -- Found OpenSSL: /usr/lib/aarch64-linux-gnu/libcrypto.so (found version "1.1.1f")  
[1.832s] -- Found FastRTPS: /opt/ros/foxy/include  
[2.011s] -- Using all available rosidl_typesupport_cpp: rosidl_typesupport_fastrtps_cpp;rosidl_typesupport_introspection_cpp
[2.066s] -- Found std_msgs: 2.0.5 (/opt/ros/foxy/share/std_msgs/cmake)
[2.181s] -- Found PythonInterp: /usr/bin/python3 (found version "3.8.10") 
[2.598s] -- Found ament_cmake_ros: 0.9.2 (/opt/ros/foxy/share/ament_cmake_ros/cmake)
[2.979s] -- Using all available rosidl_typesupport_c: rosidl_typesupport_fastrtps_c;rosidl_typesupport_introspection_c
[3.135s] -- Using all available rosidl_typesupport_cpp: rosidl_typesupport_fastrtps_cpp;rosidl_typesupport_introspection_cpp
[3.192s] -- Found PythonInterp: /usr/bin/python3 (found suitable version "3.8.10", minimum required is "3.5") 
[3.195s] -- Found python_cmake_module: 0.8.1 (/opt/ros/foxy/share/python_cmake_module/cmake)
[3.256s] -- Found PythonLibs: /usr/lib/aarch64-linux-gnu/libpython3.8.so (found suitable version "3.8.10", minimum required is "3.5") 
[3.256s] -- Using PYTHON_EXECUTABLE: /usr/bin/python3
[3.257s] -- Using PYTHON_INCLUDE_DIRS: /usr/include/python3.8
[3.257s] -- Using PYTHON_LIBRARIES: /usr/lib/aarch64-linux-gnu/libpython3.8.so
[3.302s] -- Found PythonExtra: .so  
[3.440s] -- Found ament_lint_auto: 0.9.8 (/opt/ros/foxy/share/ament_lint_auto/cmake)
[3.484s] -- Added test 'copyright' to check source files copyright and LICENSE
[3.488s] -- Added test 'lint_cmake' to check CMake code style
[3.491s] -- Added test 'xmllint' to check XML markup files
[3.506s] -- Configuring done
[3.633s] -- Generating done
[3.666s] -- Build files have been written to: /home/kimm/wearable_robot_ws/build/wearable_robot_interfaces
[3.696s] Invoked command in '/home/kimm/wearable_robot_ws/build/wearable_robot_interfaces' returned '0': CMAKE_PREFIX_PATH=${CMAKE_PREFIX_PATH}:/opt/ros/foxy /usr/bin/cmake /home/kimm/wearable_robot_ws/src/wearable_robot_interfaces -DAMENT_CMAKE_SYMLINK_INSTALL=1 -DCMAKE_INSTALL_PREFIX=/home/kimm/wearable_robot_ws/install/wearable_robot_interfaces
[3.704s] Invoking command in '/home/kimm/wearable_robot_ws/build/wearable_robot_interfaces': CMAKE_PREFIX_PATH=${CMAKE_PREFIX_PATH}:/opt/ros/foxy /usr/bin/cmake --build /home/kimm/wearable_robot_ws/build/wearable_robot_interfaces -- -j8 -l8
[3.796s] [  1%] [34m[1mGenerating C code for ROS interfaces[0m
[3.802s] [35m[1mScanning dependencies of target wearable_robot_interfaces__cpp[0m
[3.835s] [  2%] [34m[1mGenerating C++ code for ROS interfaces[0m
[5.639s] [  2%] Built target wearable_robot_interfaces__cpp
[5.671s] [  3%] [34m[1mGenerating C++ type support dispatch for ROS interfaces[0m
[5.674s] [  4%] [34m[1mGenerating C++ type support for eProsima Fast-RTPS[0m
[5.685s] [  5%] [34m[1mGenerating C++ introspection for ROS interfaces[0m
[5.686s] [35m[1mScanning dependencies of target wearable_robot_interfaces__rosidl_generator_c[0m
[5.746s] [  6%] [32mBuilding C object CMakeFiles/wearable_robot_interfaces__rosidl_generator_c.dir/rosidl_generator_c/wearable_robot_interfaces/msg/detail/displacement_data__functions.c.o[0m
[5.759s] [  7%] [32mBuilding C object CMakeFiles/wearable_robot_interfaces__rosidl_generator_c.dir/rosidl_generator_c/wearable_robot_interfaces/msg/detail/displacement_raw_data__functions.c.o[0m
[5.768s] [  8%] [32mBuilding C object CMakeFiles/wearable_robot_interfaces__rosidl_generator_c.dir/rosidl_generator_c/wearable_robot_interfaces/msg/detail/imu_data__functions.c.o[0m
[5.786s] [  9%] [32mBuilding C object CMakeFiles/wearable_robot_interfaces__rosidl_generator_c.dir/rosidl_generator_c/wearable_robot_interfaces/msg/detail/imu_type__functions.c.o[0m
[5.788s] [ 10%] [32mBuilding C object CMakeFiles/wearable_robot_interfaces__rosidl_generator_c.dir/rosidl_generator_c/wearable_robot_interfaces/msg/detail/temperature_data__functions.c.o[0m
[5.903s] [ 11%] [32mBuilding C object CMakeFiles/wearable_robot_interfaces__rosidl_generator_c.dir/rosidl_generator_c/wearable_robot_interfaces/msg/detail/actuator_command__functions.c.o[0m
[6.014s] [ 12%] [32mBuilding C object CMakeFiles/wearable_robot_interfaces__rosidl_generator_c.dir/rosidl_generator_c/wearable_robot_interfaces/msg/detail/fan_command__functions.c.o[0m
[6.024s] [ 13%] [32mBuilding C object CMakeFiles/wearable_robot_interfaces__rosidl_generator_c.dir/rosidl_generator_c/wearable_robot_interfaces/msg/detail/can_data_frame__functions.c.o[0m
[6.048s] [ 14%] [32mBuilding C object CMakeFiles/wearable_robot_interfaces__rosidl_generator_c.dir/rosidl_generator_c/wearable_robot_interfaces/msg/detail/joint_state__functions.c.o[0m
[6.199s] [ 15%] [32m[1mLinking C shared library libwearable_robot_interfaces__rosidl_generator_c.so[0m
[6.289s] [ 15%] Built target wearable_robot_interfaces__rosidl_generator_c
[6.310s] [ 16%] [34m[1mGenerating C introspection for ROS interfaces[0m
[6.313s] [ 17%] [34m[1mGenerating C type support dispatch for ROS interfaces[0m
[6.896s] [35m[1mScanning dependencies of target wearable_robot_interfaces__rosidl_typesupport_cpp[0m
[6.970s] [ 18%] [32mBuilding CXX object CMakeFiles/wearable_robot_interfaces__rosidl_typesupport_cpp.dir/rosidl_typesupport_cpp/wearable_robot_interfaces/msg/displacement_raw_data__type_support.cpp.o[0m
[6.999s] [ 20%] [32mBuilding CXX object CMakeFiles/wearable_robot_interfaces__rosidl_typesupport_cpp.dir/rosidl_typesupport_cpp/wearable_robot_interfaces/msg/displacement_data__type_support.cpp.o[0m
[7.007s] [ 21%] [32mBuilding CXX object CMakeFiles/wearable_robot_interfaces__rosidl_typesupport_cpp.dir/rosidl_typesupport_cpp/wearable_robot_interfaces/msg/imu_data__type_support.cpp.o[0m
[7.020s] [35m[1mScanning dependencies of target wearable_robot_interfaces__rosidl_typesupport_introspection_cpp[0m
[7.039s] [ 22%] [32mBuilding CXX object CMakeFiles/wearable_robot_interfaces__rosidl_typesupport_cpp.dir/rosidl_typesupport_cpp/wearable_robot_interfaces/msg/imu_type__type_support.cpp.o[0m
[7.162s] [ 23%] [32mBuilding CXX object CMakeFiles/wearable_robot_interfaces__rosidl_typesupport_introspection_cpp.dir/rosidl_typesupport_introspection_cpp/wearable_robot_interfaces/msg/detail/displacement_raw_data__type_support.cpp.o[0m
[7.485s] [35m[1mScanning dependencies of target wearable_robot_interfaces__rosidl_typesupport_c[0m
[7.522s] [35m[1mScanning dependencies of target wearable_robot_interfaces__rosidl_typesupport_fastrtps_cpp[0m
[7.559s] [ 24%] [32mBuilding CXX object CMakeFiles/wearable_robot_interfaces__rosidl_typesupport_c.dir/rosidl_typesupport_c/wearable_robot_interfaces/msg/displacement_raw_data__type_support.cpp.o[0m
[7.615s] [ 25%] [32mBuilding CXX object CMakeFiles/wearable_robot_interfaces__rosidl_typesupport_fastrtps_cpp.dir/rosidl_typesupport_fastrtps_cpp/wearable_robot_interfaces/msg/detail/dds_fastrtps/displacement_raw_data__type_support.cpp.o[0m
[7.656s] [ 26%] [32mBuilding CXX object CMakeFiles/wearable_robot_interfaces__rosidl_typesupport_c.dir/rosidl_typesupport_c/wearable_robot_interfaces/msg/displacement_data__type_support.cpp.o[0m
[7.807s] [ 27%] [32mBuilding CXX object CMakeFiles/wearable_robot_interfaces__rosidl_typesupport_c.dir/rosidl_typesupport_c/wearable_robot_interfaces/msg/imu_data__type_support.cpp.o[0m
[7.824s] [ 28%] [32mBuilding CXX object CMakeFiles/wearable_robot_interfaces__rosidl_typesupport_cpp.dir/rosidl_typesupport_cpp/wearable_robot_interfaces/msg/temperature_data__type_support.cpp.o[0m
[7.864s] [ 29%] [32mBuilding CXX object CMakeFiles/wearable_robot_interfaces__rosidl_typesupport_cpp.dir/rosidl_typesupport_cpp/wearable_robot_interfaces/msg/actuator_command__type_support.cpp.o[0m
[7.977s] [ 30%] [32mBuilding CXX object CMakeFiles/wearable_robot_interfaces__rosidl_typesupport_c.dir/rosidl_typesupport_c/wearable_robot_interfaces/msg/imu_type__type_support.cpp.o[0m
[8.036s] [ 31%] [32mBuilding CXX object CMakeFiles/wearable_robot_interfaces__rosidl_typesupport_c.dir/rosidl_typesupport_c/wearable_robot_interfaces/msg/temperature_data__type_support.cpp.o[0m
[8.170s] [ 32%] [32mBuilding CXX object CMakeFiles/wearable_robot_interfaces__rosidl_typesupport_c.dir/rosidl_typesupport_c/wearable_robot_interfaces/msg/actuator_command__type_support.cpp.o[0m
[8.172s] [ 33%] [32mBuilding CXX object CMakeFiles/wearable_robot_interfaces__rosidl_typesupport_cpp.dir/rosidl_typesupport_cpp/wearable_robot_interfaces/msg/fan_command__type_support.cpp.o[0m
[8.198s] [ 34%] [32mBuilding CXX object CMakeFiles/wearable_robot_interfaces__rosidl_typesupport_introspection_cpp.dir/rosidl_typesupport_introspection_cpp/wearable_robot_interfaces/msg/detail/displacement_data__type_support.cpp.o[0m
[8.242s] [ 35%] [32mBuilding CXX object CMakeFiles/wearable_robot_interfaces__rosidl_typesupport_c.dir/rosidl_typesupport_c/wearable_robot_interfaces/msg/fan_command__type_support.cpp.o[0m
[8.279s] [35m[1mScanning dependencies of target wearable_robot_interfaces__rosidl_typesupport_introspection_c[0m
[8.315s] [ 36%] [32mBuilding CXX object CMakeFiles/wearable_robot_interfaces__rosidl_typesupport_introspection_cpp.dir/rosidl_typesupport_introspection_cpp/wearable_robot_interfaces/msg/detail/imu_data__type_support.cpp.o[0m
[8.404s] [ 37%] [32mBuilding C object CMakeFiles/wearable_robot_interfaces__rosidl_typesupport_introspection_c.dir/rosidl_typesupport_introspection_c/wearable_robot_interfaces/msg/detail/displacement_raw_data__type_support.c.o[0m
[8.420s] [ 38%] [32mBuilding CXX object CMakeFiles/wearable_robot_interfaces__rosidl_typesupport_c.dir/rosidl_typesupport_c/wearable_robot_interfaces/msg/can_data_frame__type_support.cpp.o[0m
[8.530s] [ 40%] [32mBuilding CXX object CMakeFiles/wearable_robot_interfaces__rosidl_typesupport_c.dir/rosidl_typesupport_c/wearable_robot_interfaces/msg/joint_state__type_support.cpp.o[0m
[8.622s] [ 41%] [32mBuilding C object CMakeFiles/wearable_robot_interfaces__rosidl_typesupport_introspection_c.dir/rosidl_typesupport_introspection_c/wearable_robot_interfaces/msg/detail/displacement_data__type_support.c.o[0m
[8.631s] [ 42%] [32m[1mLinking CXX shared library libwearable_robot_interfaces__rosidl_typesupport_c.so[0m
[8.734s] [ 44%] [32mBuilding CXX object CMakeFiles/wearable_robot_interfaces__rosidl_typesupport_cpp.dir/rosidl_typesupport_cpp/wearable_robot_interfaces/msg/can_data_frame__type_support.cpp.o[0m
[8.736s] [ 44%] [32mBuilding CXX object CMakeFiles/wearable_robot_interfaces__rosidl_typesupport_introspection_cpp.dir/rosidl_typesupport_introspection_cpp/wearable_robot_interfaces/msg/detail/imu_type__type_support.cpp.o[0m
[8.761s] [ 45%] [32mBuilding C object CMakeFiles/wearable_robot_interfaces__rosidl_typesupport_introspection_c.dir/rosidl_typesupport_introspection_c/wearable_robot_interfaces/msg/detail/imu_data__type_support.c.o[0m
[8.824s] [ 45%] Built target wearable_robot_interfaces__rosidl_typesupport_c
[8.881s] [ 46%] [32mBuilding C object CMakeFiles/wearable_robot_interfaces__rosidl_typesupport_introspection_c.dir/rosidl_typesupport_introspection_c/wearable_robot_interfaces/msg/detail/imu_type__type_support.c.o[0m
[8.972s] [ 47%] [32mBuilding C object CMakeFiles/wearable_robot_interfaces__rosidl_typesupport_introspection_c.dir/rosidl_typesupport_introspection_c/wearable_robot_interfaces/msg/detail/temperature_data__type_support.c.o[0m
[8.984s] [ 48%] [32mBuilding C object CMakeFiles/wearable_robot_interfaces__rosidl_typesupport_introspection_c.dir/rosidl_typesupport_introspection_c/wearable_robot_interfaces/msg/detail/actuator_command__type_support.c.o[0m
[8.984s] [ 49%] [32mBuilding CXX object CMakeFiles/wearable_robot_interfaces__rosidl_typesupport_fastrtps_cpp.dir/rosidl_typesupport_fastrtps_cpp/wearable_robot_interfaces/msg/detail/dds_fastrtps/displacement_data__type_support.cpp.o[0m
[9.120s] [ 50%] [32mBuilding C object CMakeFiles/wearable_robot_interfaces__rosidl_typesupport_introspection_c.dir/rosidl_typesupport_introspection_c/wearable_robot_interfaces/msg/detail/fan_command__type_support.c.o[0m
[9.134s] [ 51%] [32mBuilding CXX object CMakeFiles/wearable_robot_interfaces__rosidl_typesupport_cpp.dir/rosidl_typesupport_cpp/wearable_robot_interfaces/msg/joint_state__type_support.cpp.o[0m
[9.141s] [ 52%] [32mBuilding C object CMakeFiles/wearable_robot_interfaces__rosidl_typesupport_introspection_c.dir/rosidl_typesupport_introspection_c/wearable_robot_interfaces/msg/detail/can_data_frame__type_support.c.o[0m
[9.270s] [ 53%] [32mBuilding CXX object CMakeFiles/wearable_robot_interfaces__rosidl_typesupport_introspection_cpp.dir/rosidl_typesupport_introspection_cpp/wearable_robot_interfaces/msg/detail/temperature_data__type_support.cpp.o[0m
[9.278s] [ 54%] [32mBuilding C object CMakeFiles/wearable_robot_interfaces__rosidl_typesupport_introspection_c.dir/rosidl_typesupport_introspection_c/wearable_robot_interfaces/msg/detail/joint_state__type_support.c.o[0m
[9.299s] [ 55%] [32mBuilding CXX object CMakeFiles/wearable_robot_interfaces__rosidl_typesupport_introspection_cpp.dir/rosidl_typesupport_introspection_cpp/wearable_robot_interfaces/msg/detail/actuator_command__type_support.cpp.o[0m
[9.395s] [ 56%] [32mBuilding CXX object CMakeFiles/wearable_robot_interfaces__rosidl_typesupport_introspection_cpp.dir/rosidl_typesupport_introspection_cpp/wearable_robot_interfaces/msg/detail/fan_command__type_support.cpp.o[0m
[9.452s] [ 57%] [32m[1mLinking C shared library libwearable_robot_interfaces__rosidl_typesupport_introspection_c.so[0m
[9.533s] [ 58%] [32mBuilding CXX object CMakeFiles/wearable_robot_interfaces__rosidl_typesupport_introspection_cpp.dir/rosidl_typesupport_introspection_cpp/wearable_robot_interfaces/msg/detail/can_data_frame__type_support.cpp.o[0m
[9.632s] [ 60%] [32mBuilding CXX object CMakeFiles/wearable_robot_interfaces__rosidl_typesupport_introspection_cpp.dir/rosidl_typesupport_introspection_cpp/wearable_robot_interfaces/msg/detail/joint_state__type_support.cpp.o[0m
[9.652s] [ 60%] Built target wearable_robot_interfaces__rosidl_typesupport_introspection_c
[9.721s] [ 61%] [32mBuilding CXX object CMakeFiles/wearable_robot_interfaces__rosidl_typesupport_fastrtps_cpp.dir/rosidl_typesupport_fastrtps_cpp/wearable_robot_interfaces/msg/detail/dds_fastrtps/imu_data__type_support.cpp.o[0m
[10.132s] [ 62%] [32m[1mLinking CXX shared library libwearable_robot_interfaces__rosidl_typesupport_cpp.so[0m
[10.248s] [ 63%] [32mBuilding CXX object CMakeFiles/wearable_robot_interfaces__rosidl_typesupport_fastrtps_cpp.dir/rosidl_typesupport_fastrtps_cpp/wearable_robot_interfaces/msg/detail/dds_fastrtps/imu_type__type_support.cpp.o[0m
[10.295s] [ 63%] Built target wearable_robot_interfaces__rosidl_typesupport_cpp
[10.328s] [ 64%] [32mBuilding CXX object CMakeFiles/wearable_robot_interfaces__rosidl_typesupport_fastrtps_cpp.dir/rosidl_typesupport_fastrtps_cpp/wearable_robot_interfaces/msg/detail/dds_fastrtps/temperature_data__type_support.cpp.o[0m
[10.354s] [ 65%] [32mBuilding CXX object CMakeFiles/wearable_robot_interfaces__rosidl_typesupport_fastrtps_cpp.dir/rosidl_typesupport_fastrtps_cpp/wearable_robot_interfaces/msg/detail/dds_fastrtps/actuator_command__type_support.cpp.o[0m
[10.574s] [ 66%] [32mBuilding CXX object CMakeFiles/wearable_robot_interfaces__rosidl_typesupport_fastrtps_cpp.dir/rosidl_typesupport_fastrtps_cpp/wearable_robot_interfaces/msg/detail/dds_fastrtps/fan_command__type_support.cpp.o[0m
[10.577s] [ 67%] [32mBuilding CXX object CMakeFiles/wearable_robot_interfaces__rosidl_typesupport_fastrtps_cpp.dir/rosidl_typesupport_fastrtps_cpp/wearable_robot_interfaces/msg/detail/dds_fastrtps/can_data_frame__type_support.cpp.o[0m
[10.781s] [ 68%] [32mBuilding CXX object CMakeFiles/wearable_robot_interfaces__rosidl_typesupport_fastrtps_cpp.dir/rosidl_typesupport_fastrtps_cpp/wearable_robot_interfaces/msg/detail/dds_fastrtps/joint_state__type_support.cpp.o[0m
[10.798s] [ 69%] [32m[1mLinking CXX shared library libwearable_robot_interfaces__rosidl_typesupport_introspection_cpp.so[0m
[11.198s] [ 69%] Built target wearable_robot_interfaces__rosidl_typesupport_introspection_cpp
[12.170s] [ 70%] [32m[1mLinking CXX shared library libwearable_robot_interfaces__rosidl_typesupport_fastrtps_cpp.so[0m
[12.365s] [ 70%] Built target wearable_robot_interfaces__rosidl_typesupport_fastrtps_cpp
[12.389s] [ 71%] [34m[1mGenerating C type support for eProsima Fast-RTPS[0m
[13.589s] [35m[1mScanning dependencies of target wearable_robot_interfaces__rosidl_typesupport_fastrtps_c[0m
[13.637s] [ 74%] [32mBuilding CXX object CMakeFiles/wearable_robot_interfaces__rosidl_typesupport_fastrtps_c.dir/rosidl_typesupport_fastrtps_c/wearable_robot_interfaces/msg/detail/displacement_data__type_support_c.cpp.o[0m
[13.638s] [ 74%] [32mBuilding CXX object CMakeFiles/wearable_robot_interfaces__rosidl_typesupport_fastrtps_c.dir/rosidl_typesupport_fastrtps_c/wearable_robot_interfaces/msg/detail/actuator_command__type_support_c.cpp.o[0m
[13.641s] [ 73%] [32mBuilding CXX object CMakeFiles/wearable_robot_interfaces__rosidl_typesupport_fastrtps_c.dir/rosidl_typesupport_fastrtps_c/wearable_robot_interfaces/msg/detail/imu_data__type_support_c.cpp.o[0m
[13.642s] [ 75%] [32mBuilding CXX object CMakeFiles/wearable_robot_interfaces__rosidl_typesupport_fastrtps_c.dir/rosidl_typesupport_fastrtps_c/wearable_robot_interfaces/msg/detail/imu_type__type_support_c.cpp.o[0m
[13.647s] [ 76%] [32mBuilding CXX object CMakeFiles/wearable_robot_interfaces__rosidl_typesupport_fastrtps_c.dir/rosidl_typesupport_fastrtps_c/wearable_robot_interfaces/msg/detail/displacement_raw_data__type_support_c.cpp.o[0m
[13.658s] [ 78%] [32mBuilding CXX object CMakeFiles/wearable_robot_interfaces__rosidl_typesupport_fastrtps_c.dir/rosidl_typesupport_fastrtps_c/wearable_robot_interfaces/msg/detail/temperature_data__type_support_c.cpp.o[0m
[13.658s] [ 78%] [32mBuilding CXX object CMakeFiles/wearable_robot_interfaces__rosidl_typesupport_fastrtps_c.dir/rosidl_typesupport_fastrtps_c/wearable_robot_interfaces/msg/detail/can_data_frame__type_support_c.cpp.o[0m
[13.666s] [ 80%] [32mBuilding CXX object CMakeFiles/wearable_robot_interfaces__rosidl_typesupport_fastrtps_c.dir/rosidl_typesupport_fastrtps_c/wearable_robot_interfaces/msg/detail/fan_command__type_support_c.cpp.o[0m
[14.815s] [ 81%] [32mBuilding CXX object CMakeFiles/wearable_robot_interfaces__rosidl_typesupport_fastrtps_c.dir/rosidl_typesupport_fastrtps_c/wearable_robot_interfaces/msg/detail/joint_state__type_support_c.cpp.o[0m
[15.656s] [ 82%] [32m[1mLinking CXX shared library libwearable_robot_interfaces__rosidl_typesupport_fastrtps_c.so[0m
[15.848s] [ 82%] Built target wearable_robot_interfaces__rosidl_typesupport_fastrtps_c
[15.874s] [35m[1mScanning dependencies of target wearable_robot_interfaces[0m
[15.901s] [ 82%] Built target wearable_robot_interfaces
[15.923s] [35m[1mScanning dependencies of target wearable_robot_interfaces__py[0m
[15.947s] [ 83%] [34m[1mGenerating Python code for ROS interfaces[0m
[18.655s] [ 83%] Built target wearable_robot_interfaces__py
[18.773s] [35m[1mScanning dependencies of target wearable_robot_interfaces__python[0m
[19.011s] [ 84%] [32mBuilding C object CMakeFiles/wearable_robot_interfaces__python.dir/rosidl_generator_py/wearable_robot_interfaces/msg/_displacement_raw_data_s.c.o[0m
[19.013s] [ 85%] [32mBuilding C object CMakeFiles/wearable_robot_interfaces__python.dir/rosidl_generator_py/wearable_robot_interfaces/msg/_imu_data_s.c.o[0m
[19.014s] [ 86%] [32mBuilding C object CMakeFiles/wearable_robot_interfaces__python.dir/rosidl_generator_py/wearable_robot_interfaces/msg/_displacement_data_s.c.o[0m
[19.016s] [ 87%] [32mBuilding C object CMakeFiles/wearable_robot_interfaces__python.dir/rosidl_generator_py/wearable_robot_interfaces/msg/_imu_type_s.c.o[0m
[19.039s] [ 88%] [32mBuilding C object CMakeFiles/wearable_robot_interfaces__python.dir/rosidl_generator_py/wearable_robot_interfaces/msg/_temperature_data_s.c.o[0m
[19.055s] [ 89%] [32mBuilding C object CMakeFiles/wearable_robot_interfaces__python.dir/rosidl_generator_py/wearable_robot_interfaces/msg/_fan_command_s.c.o[0m
[19.069s] [ 90%] [32mBuilding C object CMakeFiles/wearable_robot_interfaces__python.dir/rosidl_generator_py/wearable_robot_interfaces/msg/_can_data_frame_s.c.o[0m
[19.070s] [ 91%] [32mBuilding C object CMakeFiles/wearable_robot_interfaces__python.dir/rosidl_generator_py/wearable_robot_interfaces/msg/_actuator_command_s.c.o[0m
[19.543s] [ 92%] [32mBuilding C object CMakeFiles/wearable_robot_interfaces__python.dir/rosidl_generator_py/wearable_robot_interfaces/msg/_joint_state_s.c.o[0m
[19.882s] [ 93%] [32m[1mLinking C shared library rosidl_generator_py/wearable_robot_interfaces/libwearable_robot_interfaces__python.so[0m
[20.013s] [ 93%] Built target wearable_robot_interfaces__python
[20.043s] [35m[1mScanning dependencies of target wearable_robot_interfaces__rosidl_typesupport_c__pyext[0m
[20.093s] [35m[1mScanning dependencies of target wearable_robot_interfaces__rosidl_typesupport_introspection_c__pyext[0m
[20.102s] [35m[1mScanning dependencies of target wearable_robot_interfaces__rosidl_typesupport_fastrtps_c__pyext[0m
[20.144s] [ 94%] [32mBuilding C object CMakeFiles/wearable_robot_interfaces__rosidl_typesupport_c__pyext.dir/rosidl_generator_py/wearable_robot_interfaces/_wearable_robot_interfaces_s.ep.rosidl_typesupport_c.c.o[0m
[20.161s] [ 95%] [32mBuilding C object CMakeFiles/wearable_robot_interfaces__rosidl_typesupport_introspection_c__pyext.dir/rosidl_generator_py/wearable_robot_interfaces/_wearable_robot_interfaces_s.ep.rosidl_typesupport_introspection_c.c.o[0m
[20.183s] [ 96%] [32mBuilding C object CMakeFiles/wearable_robot_interfaces__rosidl_typesupport_fastrtps_c__pyext.dir/rosidl_generator_py/wearable_robot_interfaces/_wearable_robot_interfaces_s.ep.rosidl_typesupport_fastrtps_c.c.o[0m
[20.554s] [ 97%] [32m[1mLinking C shared library rosidl_generator_py/wearable_robot_interfaces/wearable_robot_interfaces_s__rosidl_typesupport_introspection_c.cpython-38-aarch64-linux-gnu.so[0m
[20.626s] [ 98%] [32m[1mLinking CXX shared library rosidl_generator_py/wearable_robot_interfaces/wearable_robot_interfaces_s__rosidl_typesupport_fastrtps_c.cpython-38-aarch64-linux-gnu.so[0m
[20.641s] [ 98%] Built target wearable_robot_interfaces__rosidl_typesupport_introspection_c__pyext
[20.666s] [100%] [32m[1mLinking C shared library rosidl_generator_py/wearable_robot_interfaces/wearable_robot_interfaces_s__rosidl_typesupport_c.cpython-38-aarch64-linux-gnu.so[0m
[20.805s] [100%] Built target wearable_robot_interfaces__rosidl_typesupport_fastrtps_c__pyext
[20.806s] [100%] Built target wearable_robot_interfaces__rosidl_typesupport_c__pyext
[20.839s] Invoked command in '/home/kimm/wearable_robot_ws/build/wearable_robot_interfaces' returned '0': CMAKE_PREFIX_PATH=${CMAKE_PREFIX_PATH}:/opt/ros/foxy /usr/bin/cmake --build /home/kimm/wearable_robot_ws/build/wearable_robot_interfaces -- -j8 -l8
[20.841s] Invoking command in '/home/kimm/wearable_robot_ws/build/wearable_robot_interfaces': CMAKE_PREFIX_PATH=${CMAKE_PREFIX_PATH}:/opt/ros/foxy /usr/bin/cmake --install /home/kimm/wearable_robot_ws/build/wearable_robot_interfaces
[20.867s] -- Install configuration: ""
[20.869s] -- Execute custom install script
[20.871s] -- Symlinking: /home/kimm/wearable_robot_ws/install/wearable_robot_interfaces/share/ament_index/resource_index/rosidl_interfaces/wearable_robot_interfaces
[20.912s] -- Symlinking: /home/kimm/wearable_robot_ws/install/wearable_robot_interfaces/include/wearable_robot_interfaces/msg/actuator_command.h
[20.934s] -- Symlinking: /home/kimm/wearable_robot_ws/install/wearable_robot_interfaces/include/wearable_robot_interfaces/msg/can_data_frame.h
[20.956s] -- Symlinking: /home/kimm/wearable_robot_ws/install/wearable_robot_interfaces/include/wearable_robot_interfaces/msg/detail/actuator_command__functions.h
[20.977s] -- Symlinking: /home/kimm/wearable_robot_ws/install/wearable_robot_interfaces/include/wearable_robot_interfaces/msg/detail/actuator_command__struct.h
[21.001s] -- Symlinking: /home/kimm/wearable_robot_ws/install/wearable_robot_interfaces/include/wearable_robot_interfaces/msg/detail/actuator_command__type_support.h
[21.024s] -- Symlinking: /home/kimm/wearable_robot_ws/install/wearable_robot_interfaces/include/wearable_robot_interfaces/msg/detail/can_data_frame__functions.h
[21.044s] -- Symlinking: /home/kimm/wearable_robot_ws/install/wearable_robot_interfaces/include/wearable_robot_interfaces/msg/detail/can_data_frame__struct.h
[21.064s] -- Symlinking: /home/kimm/wearable_robot_ws/install/wearable_robot_interfaces/include/wearable_robot_interfaces/msg/detail/can_data_frame__type_support.h
[21.086s] -- Symlinking: /home/kimm/wearable_robot_ws/install/wearable_robot_interfaces/include/wearable_robot_interfaces/msg/detail/displacement_data__functions.h
[21.111s] -- Symlinking: /home/kimm/wearable_robot_ws/install/wearable_robot_interfaces/include/wearable_robot_interfaces/msg/detail/displacement_data__struct.h
[21.137s] -- Symlinking: /home/kimm/wearable_robot_ws/install/wearable_robot_interfaces/include/wearable_robot_interfaces/msg/detail/displacement_data__type_support.h
[21.159s] -- Symlinking: /home/kimm/wearable_robot_ws/install/wearable_robot_interfaces/include/wearable_robot_interfaces/msg/detail/displacement_raw_data__functions.h
[21.180s] -- Symlinking: /home/kimm/wearable_robot_ws/install/wearable_robot_interfaces/include/wearable_robot_interfaces/msg/detail/displacement_raw_data__struct.h
[21.205s] -- Symlinking: /home/kimm/wearable_robot_ws/install/wearable_robot_interfaces/include/wearable_robot_interfaces/msg/detail/displacement_raw_data__type_support.h
[21.230s] -- Symlinking: /home/kimm/wearable_robot_ws/install/wearable_robot_interfaces/include/wearable_robot_interfaces/msg/detail/fan_command__functions.h
[21.253s] -- Symlinking: /home/kimm/wearable_robot_ws/install/wearable_robot_interfaces/include/wearable_robot_interfaces/msg/detail/fan_command__struct.h
[21.278s] -- Symlinking: /home/kimm/wearable_robot_ws/install/wearable_robot_interfaces/include/wearable_robot_interfaces/msg/detail/fan_command__type_support.h
[21.311s] -- Symlinking: /home/kimm/wearable_robot_ws/install/wearable_robot_interfaces/include/wearable_robot_interfaces/msg/detail/imu_data__functions.h
[21.337s] -- Symlinking: /home/kimm/wearable_robot_ws/install/wearable_robot_interfaces/include/wearable_robot_interfaces/msg/detail/imu_data__struct.h
[21.359s] -- Symlinking: /home/kimm/wearable_robot_ws/install/wearable_robot_interfaces/include/wearable_robot_interfaces/msg/detail/imu_data__type_support.h
[21.383s] -- Symlinking: /home/kimm/wearable_robot_ws/install/wearable_robot_interfaces/include/wearable_robot_interfaces/msg/detail/imu_type__functions.h
[21.411s] -- Symlinking: /home/kimm/wearable_robot_ws/install/wearable_robot_interfaces/include/wearable_robot_interfaces/msg/detail/imu_type__struct.h
[21.436s] -- Symlinking: /home/kimm/wearable_robot_ws/install/wearable_robot_interfaces/include/wearable_robot_interfaces/msg/detail/imu_type__type_support.h
[21.459s] -- Symlinking: /home/kimm/wearable_robot_ws/install/wearable_robot_interfaces/include/wearable_robot_interfaces/msg/detail/joint_state__functions.h
[21.481s] -- Symlinking: /home/kimm/wearable_robot_ws/install/wearable_robot_interfaces/include/wearable_robot_interfaces/msg/detail/joint_state__struct.h
[21.511s] -- Symlinking: /home/kimm/wearable_robot_ws/install/wearable_robot_interfaces/include/wearable_robot_interfaces/msg/detail/joint_state__type_support.h
[21.533s] -- Symlinking: /home/kimm/wearable_robot_ws/install/wearable_robot_interfaces/include/wearable_robot_interfaces/msg/detail/temperature_data__functions.h
[21.556s] -- Symlinking: /home/kimm/wearable_robot_ws/install/wearable_robot_interfaces/include/wearable_robot_interfaces/msg/detail/temperature_data__struct.h
[21.579s] -- Symlinking: /home/kimm/wearable_robot_ws/install/wearable_robot_interfaces/include/wearable_robot_interfaces/msg/detail/temperature_data__type_support.h
[21.601s] -- Symlinking: /home/kimm/wearable_robot_ws/install/wearable_robot_interfaces/include/wearable_robot_interfaces/msg/displacement_data.h
[21.627s] -- Symlinking: /home/kimm/wearable_robot_ws/install/wearable_robot_interfaces/include/wearable_robot_interfaces/msg/displacement_raw_data.h
[21.651s] -- Symlinking: /home/kimm/wearable_robot_ws/install/wearable_robot_interfaces/include/wearable_robot_interfaces/msg/fan_command.h
[21.674s] -- Symlinking: /home/kimm/wearable_robot_ws/install/wearable_robot_interfaces/include/wearable_robot_interfaces/msg/imu_data.h
[21.699s] -- Symlinking: /home/kimm/wearable_robot_ws/install/wearable_robot_interfaces/include/wearable_robot_interfaces/msg/imu_type.h
[21.731s] -- Symlinking: /home/kimm/wearable_robot_ws/install/wearable_robot_interfaces/include/wearable_robot_interfaces/msg/joint_state.h
[21.754s] -- Symlinking: /home/kimm/wearable_robot_ws/install/wearable_robot_interfaces/include/wearable_robot_interfaces/msg/rosidl_generator_c__visibility_control.h
[21.777s] -- Symlinking: /home/kimm/wearable_robot_ws/install/wearable_robot_interfaces/include/wearable_robot_interfaces/msg/temperature_data.h
[21.797s] -- Symlinking: /home/kimm/wearable_robot_ws/install/wearable_robot_interfaces/share/wearable_robot_interfaces/environment/library_path.sh
[21.823s] -- Symlinking: /home/kimm/wearable_robot_ws/install/wearable_robot_interfaces/share/wearable_robot_interfaces/environment/library_path.dsv
[21.847s] -- Symlinking: /home/kimm/wearable_robot_ws/install/wearable_robot_interfaces/include/wearable_robot_interfaces/msg/detail/actuator_command__rosidl_typesupport_fastrtps_c.h
[21.869s] -- Symlinking: /home/kimm/wearable_robot_ws/install/wearable_robot_interfaces/include/wearable_robot_interfaces/msg/detail/can_data_frame__rosidl_typesupport_fastrtps_c.h
[21.894s] -- Symlinking: /home/kimm/wearable_robot_ws/install/wearable_robot_interfaces/include/wearable_robot_interfaces/msg/detail/displacement_data__rosidl_typesupport_fastrtps_c.h
[21.918s] -- Symlinking: /home/kimm/wearable_robot_ws/install/wearable_robot_interfaces/include/wearable_robot_interfaces/msg/detail/displacement_raw_data__rosidl_typesupport_fastrtps_c.h
[21.939s] -- Symlinking: /home/kimm/wearable_robot_ws/install/wearable_robot_interfaces/include/wearable_robot_interfaces/msg/detail/fan_command__rosidl_typesupport_fastrtps_c.h
[21.968s] -- Symlinking: /home/kimm/wearable_robot_ws/install/wearable_robot_interfaces/include/wearable_robot_interfaces/msg/detail/imu_data__rosidl_typesupport_fastrtps_c.h
[21.997s] -- Symlinking: /home/kimm/wearable_robot_ws/install/wearable_robot_interfaces/include/wearable_robot_interfaces/msg/detail/imu_type__rosidl_typesupport_fastrtps_c.h
[22.019s] -- Symlinking: /home/kimm/wearable_robot_ws/install/wearable_robot_interfaces/include/wearable_robot_interfaces/msg/detail/joint_state__rosidl_typesupport_fastrtps_c.h
[22.044s] -- Symlinking: /home/kimm/wearable_robot_ws/install/wearable_robot_interfaces/include/wearable_robot_interfaces/msg/detail/temperature_data__rosidl_typesupport_fastrtps_c.h
[22.073s] -- Symlinking: /home/kimm/wearable_robot_ws/install/wearable_robot_interfaces/include/wearable_robot_interfaces/msg/rosidl_typesupport_fastrtps_c__visibility_control.h
[22.104s] -- Symlinking: /home/kimm/wearable_robot_ws/install/wearable_robot_interfaces/lib/libwearable_robot_interfaces__rosidl_typesupport_fastrtps_c.so
[22.139s] -- Symlinking: /home/kimm/wearable_robot_ws/install/wearable_robot_interfaces/include/wearable_robot_interfaces/msg/detail/actuator_command__rosidl_typesupport_fastrtps_cpp.hpp
[22.168s] -- Symlinking: /home/kimm/wearable_robot_ws/install/wearable_robot_interfaces/include/wearable_robot_interfaces/msg/detail/can_data_frame__rosidl_typesupport_fastrtps_cpp.hpp
[22.192s] -- Symlinking: /home/kimm/wearable_robot_ws/install/wearable_robot_interfaces/include/wearable_robot_interfaces/msg/detail/displacement_data__rosidl_typesupport_fastrtps_cpp.hpp
[22.217s] -- Symlinking: /home/kimm/wearable_robot_ws/install/wearable_robot_interfaces/include/wearable_robot_interfaces/msg/detail/displacement_raw_data__rosidl_typesupport_fastrtps_cpp.hpp
[22.244s] -- Symlinking: /home/kimm/wearable_robot_ws/install/wearable_robot_interfaces/include/wearable_robot_interfaces/msg/detail/fan_command__rosidl_typesupport_fastrtps_cpp.hpp
[22.269s] -- Symlinking: /home/kimm/wearable_robot_ws/install/wearable_robot_interfaces/include/wearable_robot_interfaces/msg/detail/imu_data__rosidl_typesupport_fastrtps_cpp.hpp
[22.294s] -- Symlinking: /home/kimm/wearable_robot_ws/install/wearable_robot_interfaces/include/wearable_robot_interfaces/msg/detail/imu_type__rosidl_typesupport_fastrtps_cpp.hpp
[22.321s] -- Symlinking: /home/kimm/wearable_robot_ws/install/wearable_robot_interfaces/include/wearable_robot_interfaces/msg/detail/joint_state__rosidl_typesupport_fastrtps_cpp.hpp
[22.343s] -- Symlinking: /home/kimm/wearable_robot_ws/install/wearable_robot_interfaces/include/wearable_robot_interfaces/msg/detail/temperature_data__rosidl_typesupport_fastrtps_cpp.hpp
[22.367s] -- Symlinking: /home/kimm/wearable_robot_ws/install/wearable_robot_interfaces/include/wearable_robot_interfaces/msg/rosidl_typesupport_fastrtps_cpp__visibility_control.h
[22.388s] -- Symlinking: /home/kimm/wearable_robot_ws/install/wearable_robot_interfaces/lib/libwearable_robot_interfaces__rosidl_typesupport_fastrtps_cpp.so
[22.414s] -- Symlinking: /home/kimm/wearable_robot_ws/install/wearable_robot_interfaces/include/wearable_robot_interfaces/msg/detail/actuator_command__rosidl_typesupport_introspection_c.h
[22.441s] -- Symlinking: /home/kimm/wearable_robot_ws/install/wearable_robot_interfaces/include/wearable_robot_interfaces/msg/detail/can_data_frame__rosidl_typesupport_introspection_c.h
[22.465s] -- Symlinking: /home/kimm/wearable_robot_ws/install/wearable_robot_interfaces/include/wearable_robot_interfaces/msg/detail/displacement_data__rosidl_typesupport_introspection_c.h
[22.489s] -- Symlinking: /home/kimm/wearable_robot_ws/install/wearable_robot_interfaces/include/wearable_robot_interfaces/msg/detail/displacement_raw_data__rosidl_typesupport_introspection_c.h
[22.514s] -- Symlinking: /home/kimm/wearable_robot_ws/install/wearable_robot_interfaces/include/wearable_robot_interfaces/msg/detail/fan_command__rosidl_typesupport_introspection_c.h
[22.536s] -- Symlinking: /home/kimm/wearable_robot_ws/install/wearable_robot_interfaces/include/wearable_robot_interfaces/msg/detail/imu_data__rosidl_typesupport_introspection_c.h
[22.559s] -- Symlinking: /home/kimm/wearable_robot_ws/install/wearable_robot_interfaces/include/wearable_robot_interfaces/msg/detail/imu_type__rosidl_typesupport_introspection_c.h
[22.585s] -- Symlinking: /home/kimm/wearable_robot_ws/install/wearable_robot_interfaces/include/wearable_robot_interfaces/msg/detail/joint_state__rosidl_typesupport_introspection_c.h
[22.615s] -- Symlinking: /home/kimm/wearable_robot_ws/install/wearable_robot_interfaces/include/wearable_robot_interfaces/msg/detail/temperature_data__rosidl_typesupport_introspection_c.h
[22.638s] -- Symlinking: /home/kimm/wearable_robot_ws/install/wearable_robot_interfaces/include/wearable_robot_interfaces/msg/rosidl_typesupport_introspection_c__visibility_control.h
[22.661s] -- Symlinking: /home/kimm/wearable_robot_ws/install/wearable_robot_interfaces/include/wearable_robot_interfaces/msg/actuator_command.hpp
[22.688s] -- Symlinking: /home/kimm/wearable_robot_ws/install/wearable_robot_interfaces/include/wearable_robot_interfaces/msg/can_data_frame.hpp
[22.710s] -- Symlinking: /home/kimm/wearable_robot_ws/install/wearable_robot_interfaces/include/wearable_robot_interfaces/msg/detail/actuator_command__builder.hpp
[22.735s] -- Symlinking: /home/kimm/wearable_robot_ws/install/wearable_robot_interfaces/include/wearable_robot_interfaces/msg/detail/actuator_command__struct.hpp
[22.759s] -- Symlinking: /home/kimm/wearable_robot_ws/install/wearable_robot_interfaces/include/wearable_robot_interfaces/msg/detail/actuator_command__traits.hpp
[22.785s] -- Symlinking: /home/kimm/wearable_robot_ws/install/wearable_robot_interfaces/include/wearable_robot_interfaces/msg/detail/actuator_command__type_support.hpp
[22.816s] -- Symlinking: /home/kimm/wearable_robot_ws/install/wearable_robot_interfaces/include/wearable_robot_interfaces/msg/detail/can_data_frame__builder.hpp
[22.842s] -- Symlinking: /home/kimm/wearable_robot_ws/install/wearable_robot_interfaces/include/wearable_robot_interfaces/msg/detail/can_data_frame__struct.hpp
[22.866s] -- Symlinking: /home/kimm/wearable_robot_ws/install/wearable_robot_interfaces/include/wearable_robot_interfaces/msg/detail/can_data_frame__traits.hpp
[22.889s] -- Symlinking: /home/kimm/wearable_robot_ws/install/wearable_robot_interfaces/include/wearable_robot_interfaces/msg/detail/can_data_frame__type_support.hpp
[22.915s] -- Symlinking: /home/kimm/wearable_robot_ws/install/wearable_robot_interfaces/include/wearable_robot_interfaces/msg/detail/displacement_data__builder.hpp
[22.938s] -- Symlinking: /home/kimm/wearable_robot_ws/install/wearable_robot_interfaces/include/wearable_robot_interfaces/msg/detail/displacement_data__struct.hpp
[22.961s] -- Symlinking: /home/kimm/wearable_robot_ws/install/wearable_robot_interfaces/include/wearable_robot_interfaces/msg/detail/displacement_data__traits.hpp
[22.990s] -- Symlinking: /home/kimm/wearable_robot_ws/install/wearable_robot_interfaces/include/wearable_robot_interfaces/msg/detail/displacement_data__type_support.hpp
[23.040s] -- Symlinking: /home/kimm/wearable_robot_ws/install/wearable_robot_interfaces/include/wearable_robot_interfaces/msg/detail/displacement_raw_data__builder.hpp
[23.089s] -- Symlinking: /home/kimm/wearable_robot_ws/install/wearable_robot_interfaces/include/wearable_robot_interfaces/msg/detail/displacement_raw_data__struct.hpp
[23.135s] -- Symlinking: /home/kimm/wearable_robot_ws/install/wearable_robot_interfaces/include/wearable_robot_interfaces/msg/detail/displacement_raw_data__traits.hpp
[23.168s] -- Symlinking: /home/kimm/wearable_robot_ws/install/wearable_robot_interfaces/include/wearable_robot_interfaces/msg/detail/displacement_raw_data__type_support.hpp
[23.200s] -- Symlinking: /home/kimm/wearable_robot_ws/install/wearable_robot_interfaces/include/wearable_robot_interfaces/msg/detail/fan_command__builder.hpp
[23.231s] -- Symlinking: /home/kimm/wearable_robot_ws/install/wearable_robot_interfaces/include/wearable_robot_interfaces/msg/detail/fan_command__struct.hpp
[23.259s] -- Symlinking: /home/kimm/wearable_robot_ws/install/wearable_robot_interfaces/include/wearable_robot_interfaces/msg/detail/fan_command__traits.hpp
[23.295s] -- Symlinking: /home/kimm/wearable_robot_ws/install/wearable_robot_interfaces/include/wearable_robot_interfaces/msg/detail/fan_command__type_support.hpp
[23.341s] -- Symlinking: /home/kimm/wearable_robot_ws/install/wearable_robot_interfaces/include/wearable_robot_interfaces/msg/detail/imu_data__builder.hpp
[23.392s] -- Symlinking: /home/kimm/wearable_robot_ws/install/wearable_robot_interfaces/include/wearable_robot_interfaces/msg/detail/imu_data__struct.hpp
[23.433s] -- Symlinking: /home/kimm/wearable_robot_ws/install/wearable_robot_interfaces/include/wearable_robot_interfaces/msg/detail/imu_data__traits.hpp
[23.489s] -- Symlinking: /home/kimm/wearable_robot_ws/install/wearable_robot_interfaces/include/wearable_robot_interfaces/msg/detail/imu_data__type_support.hpp
[23.522s] -- Symlinking: /home/kimm/wearable_robot_ws/install/wearable_robot_interfaces/include/wearable_robot_interfaces/msg/detail/imu_type__builder.hpp
[23.545s] -- Symlinking: /home/kimm/wearable_robot_ws/install/wearable_robot_interfaces/include/wearable_robot_interfaces/msg/detail/imu_type__struct.hpp
[23.572s] -- Symlinking: /home/kimm/wearable_robot_ws/install/wearable_robot_interfaces/include/wearable_robot_interfaces/msg/detail/imu_type__traits.hpp
[23.592s] -- Symlinking: /home/kimm/wearable_robot_ws/install/wearable_robot_interfaces/include/wearable_robot_interfaces/msg/detail/imu_type__type_support.hpp
[23.616s] -- Symlinking: /home/kimm/wearable_robot_ws/install/wearable_robot_interfaces/include/wearable_robot_interfaces/msg/detail/joint_state__builder.hpp
[23.641s] -- Symlinking: /home/kimm/wearable_robot_ws/install/wearable_robot_interfaces/include/wearable_robot_interfaces/msg/detail/joint_state__struct.hpp
[23.665s] -- Symlinking: /home/kimm/wearable_robot_ws/install/wearable_robot_interfaces/include/wearable_robot_interfaces/msg/detail/joint_state__traits.hpp
[23.688s] -- Symlinking: /home/kimm/wearable_robot_ws/install/wearable_robot_interfaces/include/wearable_robot_interfaces/msg/detail/joint_state__type_support.hpp
[23.713s] -- Symlinking: /home/kimm/wearable_robot_ws/install/wearable_robot_interfaces/include/wearable_robot_interfaces/msg/detail/temperature_data__builder.hpp
[23.735s] -- Symlinking: /home/kimm/wearable_robot_ws/install/wearable_robot_interfaces/include/wearable_robot_interfaces/msg/detail/temperature_data__struct.hpp
[23.758s] -- Symlinking: /home/kimm/wearable_robot_ws/install/wearable_robot_interfaces/include/wearable_robot_interfaces/msg/detail/temperature_data__traits.hpp
[23.780s] -- Symlinking: /home/kimm/wearable_robot_ws/install/wearable_robot_interfaces/include/wearable_robot_interfaces/msg/detail/temperature_data__type_support.hpp
[23.805s] -- Symlinking: /home/kimm/wearable_robot_ws/install/wearable_robot_interfaces/include/wearable_robot_interfaces/msg/displacement_data.hpp
[23.846s] -- Symlinking: /home/kimm/wearable_robot_ws/install/wearable_robot_interfaces/include/wearable_robot_interfaces/msg/displacement_raw_data.hpp
[23.876s] -- Symlinking: /home/kimm/wearable_robot_ws/install/wearable_robot_interfaces/include/wearable_robot_interfaces/msg/fan_command.hpp
[23.904s] -- Symlinking: /home/kimm/wearable_robot_ws/install/wearable_robot_interfaces/include/wearable_robot_interfaces/msg/imu_data.hpp
[23.933s] -- Symlinking: /home/kimm/wearable_robot_ws/install/wearable_robot_interfaces/include/wearable_robot_interfaces/msg/imu_type.hpp
[23.958s] -- Symlinking: /home/kimm/wearable_robot_ws/install/wearable_robot_interfaces/include/wearable_robot_interfaces/msg/joint_state.hpp
[23.979s] -- Symlinking: /home/kimm/wearable_robot_ws/install/wearable_robot_interfaces/include/wearable_robot_interfaces/msg/rosidl_generator_cpp__visibility_control.hpp
[24.006s] -- Symlinking: /home/kimm/wearable_robot_ws/install/wearable_robot_interfaces/include/wearable_robot_interfaces/msg/temperature_data.hpp
[24.036s] -- Symlinking: /home/kimm/wearable_robot_ws/install/wearable_robot_interfaces/include/wearable_robot_interfaces/msg/detail/actuator_command__rosidl_typesupport_introspection_cpp.hpp
[24.054s] -- Symlinking: /home/kimm/wearable_robot_ws/install/wearable_robot_interfaces/include/wearable_robot_interfaces/msg/detail/can_data_frame__rosidl_typesupport_introspection_cpp.hpp
[24.076s] -- Symlinking: /home/kimm/wearable_robot_ws/install/wearable_robot_interfaces/include/wearable_robot_interfaces/msg/detail/displacement_data__rosidl_typesupport_introspection_cpp.hpp
[24.098s] -- Symlinking: /home/kimm/wearable_robot_ws/install/wearable_robot_interfaces/include/wearable_robot_interfaces/msg/detail/displacement_raw_data__rosidl_typesupport_introspection_cpp.hpp
[24.124s] -- Symlinking: /home/kimm/wearable_robot_ws/install/wearable_robot_interfaces/include/wearable_robot_interfaces/msg/detail/fan_command__rosidl_typesupport_introspection_cpp.hpp
[24.148s] -- Symlinking: /home/kimm/wearable_robot_ws/install/wearable_robot_interfaces/include/wearable_robot_interfaces/msg/detail/imu_data__rosidl_typesupport_introspection_cpp.hpp
[24.169s] -- Symlinking: /home/kimm/wearable_robot_ws/install/wearable_robot_interfaces/include/wearable_robot_interfaces/msg/detail/imu_type__rosidl_typesupport_introspection_cpp.hpp
[24.194s] -- Symlinking: /home/kimm/wearable_robot_ws/install/wearable_robot_interfaces/include/wearable_robot_interfaces/msg/detail/joint_state__rosidl_typesupport_introspection_cpp.hpp
[24.217s] -- Symlinking: /home/kimm/wearable_robot_ws/install/wearable_robot_interfaces/include/wearable_robot_interfaces/msg/detail/temperature_data__rosidl_typesupport_introspection_cpp.hpp
[24.241s] -- Symlinking: /home/kimm/wearable_robot_ws/install/wearable_robot_interfaces/share/wearable_robot_interfaces/environment/pythonpath.sh
[24.264s] -- Symlinking: /home/kimm/wearable_robot_ws/install/wearable_robot_interfaces/share/wearable_robot_interfaces/environment/pythonpath.dsv
[24.288s] -- Symlinking: /home/kimm/wearable_robot_ws/install/wearable_robot_interfaces/lib/python3.8/site-packages/wearable_robot_interfaces/__init__.py
[24.312s] -- Symlinking: /home/kimm/wearable_robot_ws/install/wearable_robot_interfaces/lib/python3.8/site-packages/wearable_robot_interfaces/msg/__init__.py
[24.338s] -- Symlinking: /home/kimm/wearable_robot_ws/install/wearable_robot_interfaces/lib/python3.8/site-packages/wearable_robot_interfaces/msg/_actuator_command.py
[24.360s] -- Symlinking: /home/kimm/wearable_robot_ws/install/wearable_robot_interfaces/lib/python3.8/site-packages/wearable_robot_interfaces/msg/_can_data_frame.py
[24.381s] -- Symlinking: /home/kimm/wearable_robot_ws/install/wearable_robot_interfaces/lib/python3.8/site-packages/wearable_robot_interfaces/msg/_displacement_data.py
[24.403s] -- Symlinking: /home/kimm/wearable_robot_ws/install/wearable_robot_interfaces/lib/python3.8/site-packages/wearable_robot_interfaces/msg/_displacement_raw_data.py
[24.425s] -- Symlinking: /home/kimm/wearable_robot_ws/install/wearable_robot_interfaces/lib/python3.8/site-packages/wearable_robot_interfaces/msg/_fan_command.py
[24.454s] -- Symlinking: /home/kimm/wearable_robot_ws/install/wearable_robot_interfaces/lib/python3.8/site-packages/wearable_robot_interfaces/msg/_imu_data.py
[24.478s] -- Symlinking: /home/kimm/wearable_robot_ws/install/wearable_robot_interfaces/lib/python3.8/site-packages/wearable_robot_interfaces/msg/_imu_type.py
[24.498s] -- Symlinking: /home/kimm/wearable_robot_ws/install/wearable_robot_interfaces/lib/python3.8/site-packages/wearable_robot_interfaces/msg/_joint_state.py
[24.519s] -- Symlinking: /home/kimm/wearable_robot_ws/install/wearable_robot_interfaces/lib/python3.8/site-packages/wearable_robot_interfaces/msg/_temperature_data.py
[24.543s] -- Symlinking: /home/kimm/wearable_robot_ws/install/wearable_robot_interfaces/lib/python3.8/site-packages/wearable_robot_interfaces/wearable_robot_interfaces_s__rosidl_typesupport_fastrtps_c.cpython-38-aarch64-linux-gnu.so
[24.566s] -- Symlinking: /home/kimm/wearable_robot_ws/install/wearable_robot_interfaces/lib/python3.8/site-packages/wearable_robot_interfaces/wearable_robot_interfaces_s__rosidl_typesupport_introspection_c.cpython-38-aarch64-linux-gnu.so
[24.589s] -- Symlinking: /home/kimm/wearable_robot_ws/install/wearable_robot_interfaces/lib/python3.8/site-packages/wearable_robot_interfaces/wearable_robot_interfaces_s__rosidl_typesupport_c.cpython-38-aarch64-linux-gnu.so
[24.615s] -- Symlinking: /home/kimm/wearable_robot_ws/install/wearable_robot_interfaces/lib/libwearable_robot_interfaces__python.so
[24.639s] -- Symlinking: /home/kimm/wearable_robot_ws/install/wearable_robot_interfaces/share/wearable_robot_interfaces/msg/DisplacementRawData.idl
[24.662s] -- Symlinking: /home/kimm/wearable_robot_ws/install/wearable_robot_interfaces/share/wearable_robot_interfaces/msg/DisplacementData.idl
[24.707s] -- Symlinking: /home/kimm/wearable_robot_ws/install/wearable_robot_interfaces/share/wearable_robot_interfaces/msg/IMUData.idl
[24.734s] -- Symlinking: /home/kimm/wearable_robot_ws/install/wearable_robot_interfaces/share/wearable_robot_interfaces/msg/IMUType.idl
[24.756s] -- Symlinking: /home/kimm/wearable_robot_ws/install/wearable_robot_interfaces/share/wearable_robot_interfaces/msg/TemperatureData.idl
[24.781s] -- Symlinking: /home/kimm/wearable_robot_ws/install/wearable_robot_interfaces/share/wearable_robot_interfaces/msg/ActuatorCommand.idl
[24.808s] -- Symlinking: /home/kimm/wearable_robot_ws/install/wearable_robot_interfaces/share/wearable_robot_interfaces/msg/FanCommand.idl
[24.832s] -- Symlinking: /home/kimm/wearable_robot_ws/install/wearable_robot_interfaces/share/wearable_robot_interfaces/msg/CANDataFrame.idl
[24.858s] -- Symlinking: /home/kimm/wearable_robot_ws/install/wearable_robot_interfaces/share/wearable_robot_interfaces/msg/JointState.idl
[24.905s] -- Symlinking: /home/kimm/wearable_robot_ws/install/wearable_robot_interfaces/share/wearable_robot_interfaces/msg/DisplacementRawData.msg
[24.931s] -- Symlinking: /home/kimm/wearable_robot_ws/install/wearable_robot_interfaces/share/wearable_robot_interfaces/msg/DisplacementData.msg
[24.957s] -- Symlinking: /home/kimm/wearable_robot_ws/install/wearable_robot_interfaces/share/wearable_robot_interfaces/msg/IMUData.msg
[24.984s] -- Symlinking: /home/kimm/wearable_robot_ws/install/wearable_robot_interfaces/share/wearable_robot_interfaces/msg/IMUType.msg
[25.008s] -- Symlinking: /home/kimm/wearable_robot_ws/install/wearable_robot_interfaces/share/wearable_robot_interfaces/msg/TemperatureData.msg
[25.033s] -- Symlinking: /home/kimm/wearable_robot_ws/install/wearable_robot_interfaces/share/wearable_robot_interfaces/msg/ActuatorCommand.msg
[25.055s] -- Symlinking: /home/kimm/wearable_robot_ws/install/wearable_robot_interfaces/share/wearable_robot_interfaces/msg/FanCommand.msg
[25.074s] -- Symlinking: /home/kimm/wearable_robot_ws/install/wearable_robot_interfaces/share/wearable_robot_interfaces/msg/CANDataFrame.msg
[25.095s] -- Symlinking: /home/kimm/wearable_robot_ws/install/wearable_robot_interfaces/share/wearable_robot_interfaces/msg/JointState.msg
[25.127s] -- Symlinking: /home/kimm/wearable_robot_ws/install/wearable_robot_interfaces/share/ament_index/resource_index/package_run_dependencies/wearable_robot_interfaces
[25.158s] -- Symlinking: /home/kimm/wearable_robot_ws/install/wearable_robot_interfaces/share/ament_index/resource_index/parent_prefix_path/wearable_robot_interfaces
[25.182s] -- Symlinking: /home/kimm/wearable_robot_ws/install/wearable_robot_interfaces/share/wearable_robot_interfaces/environment/ament_prefix_path.sh
[25.205s] -- Symlinking: /home/kimm/wearable_robot_ws/install/wearable_robot_interfaces/share/wearable_robot_interfaces/environment/ament_prefix_path.dsv
[25.232s] -- Symlinking: /home/kimm/wearable_robot_ws/install/wearable_robot_interfaces/share/wearable_robot_interfaces/environment/path.sh
[25.256s] -- Symlinking: /home/kimm/wearable_robot_ws/install/wearable_robot_interfaces/share/wearable_robot_interfaces/environment/path.dsv
[25.288s] -- Symlinking: /home/kimm/wearable_robot_ws/install/wearable_robot_interfaces/share/wearable_robot_interfaces/local_setup.bash
[25.313s] -- Symlinking: /home/kimm/wearable_robot_ws/install/wearable_robot_interfaces/share/wearable_robot_interfaces/local_setup.sh
[25.341s] -- Symlinking: /home/kimm/wearable_robot_ws/install/wearable_robot_interfaces/share/wearable_robot_interfaces/local_setup.zsh
[25.369s] -- Symlinking: /home/kimm/wearable_robot_ws/install/wearable_robot_interfaces/share/wearable_robot_interfaces/local_setup.dsv
[25.388s] -- Symlinking: /home/kimm/wearable_robot_ws/install/wearable_robot_interfaces/share/wearable_robot_interfaces/package.dsv
[25.419s] -- Symlinking: /home/kimm/wearable_robot_ws/install/wearable_robot_interfaces/share/ament_index/resource_index/packages/wearable_robot_interfaces
[25.443s] -- Symlinking: /home/kimm/wearable_robot_ws/install/wearable_robot_interfaces/share/wearable_robot_interfaces/cmake/rosidl_cmake-extras.cmake
[25.464s] -- Symlinking: /home/kimm/wearable_robot_ws/install/wearable_robot_interfaces/share/wearable_robot_interfaces/cmake/ament_cmake_export_dependencies-extras.cmake
[25.482s] -- Symlinking: /home/kimm/wearable_robot_ws/install/wearable_robot_interfaces/share/wearable_robot_interfaces/cmake/ament_cmake_export_libraries-extras.cmake
[25.501s] -- Symlinking: /home/kimm/wearable_robot_ws/install/wearable_robot_interfaces/share/wearable_robot_interfaces/cmake/ament_cmake_export_targets-extras.cmake
[25.527s] -- Symlinking: /home/kimm/wearable_robot_ws/install/wearable_robot_interfaces/share/wearable_robot_interfaces/cmake/ament_cmake_export_include_directories-extras.cmake
[25.550s] -- Symlinking: /home/kimm/wearable_robot_ws/install/wearable_robot_interfaces/share/wearable_robot_interfaces/cmake/rosidl_cmake_export_typesupport_libraries-extras.cmake
[25.573s] -- Symlinking: /home/kimm/wearable_robot_ws/install/wearable_robot_interfaces/share/wearable_robot_interfaces/cmake/rosidl_cmake_export_typesupport_targets-extras.cmake
[25.596s] -- Symlinking: /home/kimm/wearable_robot_ws/install/wearable_robot_interfaces/share/wearable_robot_interfaces/cmake/wearable_robot_interfacesConfig.cmake
[25.630s] -- Symlinking: /home/kimm/wearable_robot_ws/install/wearable_robot_interfaces/share/wearable_robot_interfaces/cmake/wearable_robot_interfacesConfig-version.cmake
[25.654s] -- Symlinking: /home/kimm/wearable_robot_ws/install/wearable_robot_interfaces/share/wearable_robot_interfaces/package.xml
[25.676s] -- Installing: /home/kimm/wearable_robot_ws/install/wearable_robot_interfaces/lib/libwearable_robot_interfaces__rosidl_generator_c.so
[25.678s] -- Set runtime path of "/home/kimm/wearable_robot_ws/install/wearable_robot_interfaces/lib/libwearable_robot_interfaces__rosidl_generator_c.so" to ""
[25.679s] -- Installing: /home/kimm/wearable_robot_ws/install/wearable_robot_interfaces/lib/libwearable_robot_interfaces__rosidl_typesupport_introspection_c.so
[25.679s] -- Set runtime path of "/home/kimm/wearable_robot_ws/install/wearable_robot_interfaces/lib/libwearable_robot_interfaces__rosidl_typesupport_introspection_c.so" to ""
[25.679s] -- Installing: /home/kimm/wearable_robot_ws/install/wearable_robot_interfaces/lib/libwearable_robot_interfaces__rosidl_typesupport_c.so
[25.680s] -- Set runtime path of "/home/kimm/wearable_robot_ws/install/wearable_robot_interfaces/lib/libwearable_robot_interfaces__rosidl_typesupport_c.so" to ""
[25.680s] -- Installing: /home/kimm/wearable_robot_ws/install/wearable_robot_interfaces/lib/libwearable_robot_interfaces__rosidl_typesupport_introspection_cpp.so
[25.681s] -- Set runtime path of "/home/kimm/wearable_robot_ws/install/wearable_robot_interfaces/lib/libwearable_robot_interfaces__rosidl_typesupport_introspection_cpp.so" to ""
[25.681s] -- Installing: /home/kimm/wearable_robot_ws/install/wearable_robot_interfaces/lib/libwearable_robot_interfaces__rosidl_typesupport_cpp.so
[25.682s] -- Set runtime path of "/home/kimm/wearable_robot_ws/install/wearable_robot_interfaces/lib/libwearable_robot_interfaces__rosidl_typesupport_cpp.so" to ""
[25.763s] Compiling '/home/kimm/wearable_robot_ws/install/wearable_robot_interfaces/lib/python3.8/site-packages/wearable_robot_interfaces/__init__.py'...
[25.775s] -- Installing: /home/kimm/wearable_robot_ws/install/wearable_robot_interfaces/share/wearable_robot_interfaces/cmake/wearable_robot_interfaces__rosidl_generator_cExport.cmake
[25.776s] -- Installing: /home/kimm/wearable_robot_ws/install/wearable_robot_interfaces/share/wearable_robot_interfaces/cmake/wearable_robot_interfaces__rosidl_generator_cExport-noconfig.cmake
[25.776s] -- Installing: /home/kimm/wearable_robot_ws/install/wearable_robot_interfaces/share/wearable_robot_interfaces/cmake/wearable_robot_interfaces__rosidl_typesupport_introspection_cExport.cmake
[25.777s] -- Installing: /home/kimm/wearable_robot_ws/install/wearable_robot_interfaces/share/wearable_robot_interfaces/cmake/wearable_robot_interfaces__rosidl_typesupport_introspection_cExport-noconfig.cmake
[25.777s] -- Installing: /home/kimm/wearable_robot_ws/install/wearable_robot_interfaces/share/wearable_robot_interfaces/cmake/wearable_robot_interfaces__rosidl_typesupport_cExport.cmake
[25.778s] -- Installing: /home/kimm/wearable_robot_ws/install/wearable_robot_interfaces/share/wearable_robot_interfaces/cmake/wearable_robot_interfaces__rosidl_typesupport_cExport-noconfig.cmake
[25.778s] -- Installing: /home/kimm/wearable_robot_ws/install/wearable_robot_interfaces/share/wearable_robot_interfaces/cmake/wearable_robot_interfaces__rosidl_generator_cppExport.cmake
[25.779s] -- Installing: /home/kimm/wearable_robot_ws/install/wearable_robot_interfaces/share/wearable_robot_interfaces/cmake/wearable_robot_interfaces__rosidl_typesupport_introspection_cppExport.cmake
[25.779s] -- Installing: /home/kimm/wearable_robot_ws/install/wearable_robot_interfaces/share/wearable_robot_interfaces/cmake/wearable_robot_interfaces__rosidl_typesupport_introspection_cppExport-noconfig.cmake
[25.780s] -- Installing: /home/kimm/wearable_robot_ws/install/wearable_robot_interfaces/share/wearable_robot_interfaces/cmake/wearable_robot_interfaces__rosidl_typesupport_cppExport.cmake
[25.781s] -- Installing: /home/kimm/wearable_robot_ws/install/wearable_robot_interfaces/share/wearable_robot_interfaces/cmake/wearable_robot_interfaces__rosidl_typesupport_cppExport-noconfig.cmake
[25.789s] Invoked command in '/home/kimm/wearable_robot_ws/build/wearable_robot_interfaces' returned '0': CMAKE_PREFIX_PATH=${CMAKE_PREFIX_PATH}:/opt/ros/foxy /usr/bin/cmake --install /home/kimm/wearable_robot_ws/build/wearable_robot_interfaces
