[0.401s] DEBUG:colcon:Command line arguments: ['/usr/bin/colcon', 'build', '--symlink-install']
[0.402s] DEBUG:colcon:Parsed command line arguments: Namespace(allow_overriding=[], ament_cmake_args=None, base_paths=['.'], build_base='build', catkin_cmake_args=None, catkin_skip_building_tests=False, cmake_args=None, cmake_clean_cache=False, cmake_clean_first=False, cmake_force_configure=False, cmake_target=None, cmake_target_skip_unavailable=False, continue_on_error=False, event_handlers=None, executor='parallel', ignore_user_meta=False, install_base='install', log_base=None, log_level=None, main=<bound method BuildVerb.main of <colcon_core.verb.build.BuildVerb object at 0xffffb9121790>>, merge_install=False, metas=['./colcon.meta'], packages_above=None, packages_above_and_dependencies=None, packages_above_depth=None, packages_end=None, packages_ignore=None, packages_ignore_regex=None, packages_select=None, packages_select_build_failed=False, packages_select_by_dep=None, packages_select_regex=None, packages_select_test_failures=False, packages_skip=None, packages_skip_build_finished=False, packages_skip_by_dep=None, packages_skip_regex=None, packages_skip_test_passed=False, packages_skip_up_to=None, packages_start=None, packages_up_to=None, packages_up_to_regex=None, parallel_workers=8, paths=None, symlink_install=True, test_result_base=None, verb_extension=<colcon_core.verb.build.BuildVerb object at 0xffffb9121790>, verb_name='build', verb_parser=<colcon_defaults.argument_parser.defaults.DefaultArgumentsDecorator object at 0xffffb90d2250>)
[0.696s] Level 1:colcon.colcon_core.package_discovery:discover_packages(colcon_meta) check parameters
[0.696s] Level 1:colcon.colcon_core.package_discovery:discover_packages(recursive) check parameters
[0.696s] Level 1:colcon.colcon_core.package_discovery:discover_packages(ignore) check parameters
[0.696s] Level 1:colcon.colcon_core.package_discovery:discover_packages(path) check parameters
[0.697s] Level 1:colcon.colcon_core.package_discovery:discover_packages(colcon_meta) discover
[0.697s] Level 1:colcon.colcon_core.package_discovery:discover_packages(recursive) discover
[0.697s] INFO:colcon.colcon_core.package_discovery:Crawling recursively for packages in '/home/kimm/wearable_robot_ws'
[0.697s] Level 1:colcon.colcon_core.package_identification:_identify(.) by extensions ['ignore', 'ignore_ament_install']
[0.697s] Level 1:colcon.colcon_core.package_identification:_identify(.) by extension 'ignore'
[0.697s] Level 1:colcon.colcon_core.package_identification:_identify(.) by extension 'ignore_ament_install'
[0.698s] Level 1:colcon.colcon_core.package_identification:_identify(.) by extensions ['colcon_pkg']
[0.698s] Level 1:colcon.colcon_core.package_identification:_identify(.) by extension 'colcon_pkg'
[0.698s] Level 1:colcon.colcon_core.package_identification:_identify(.) by extensions ['colcon_meta']
[0.698s] Level 1:colcon.colcon_core.package_identification:_identify(.) by extension 'colcon_meta'
[0.698s] Level 1:colcon.colcon_core.package_identification:_identify(.) by extensions ['ros']
[0.698s] Level 1:colcon.colcon_core.package_identification:_identify(.) by extension 'ros'
[0.721s] Level 1:colcon.colcon_core.package_identification:_identify(.) by extensions ['cmake', 'python']
[0.721s] Level 1:colcon.colcon_core.package_identification:_identify(.) by extension 'cmake'
[0.721s] Level 1:colcon.colcon_core.package_identification:_identify(.) by extension 'python'
[0.721s] Level 1:colcon.colcon_core.package_identification:_identify(.) by extensions ['python_setup_py']
[0.722s] Level 1:colcon.colcon_core.package_identification:_identify(.) by extension 'python_setup_py'
[0.722s] Level 1:colcon.colcon_core.package_identification:_identify(build) by extensions ['ignore', 'ignore_ament_install']
[0.722s] Level 1:colcon.colcon_core.package_identification:_identify(build) by extension 'ignore'
[0.722s] Level 1:colcon.colcon_core.package_identification:_identify(build) ignored
[0.723s] Level 1:colcon.colcon_core.package_identification:_identify(install) by extensions ['ignore', 'ignore_ament_install']
[0.723s] Level 1:colcon.colcon_core.package_identification:_identify(install) by extension 'ignore'
[0.723s] Level 1:colcon.colcon_core.package_identification:_identify(install) ignored
[0.723s] Level 1:colcon.colcon_core.package_identification:_identify(log) by extensions ['ignore', 'ignore_ament_install']
[0.723s] Level 1:colcon.colcon_core.package_identification:_identify(log) by extension 'ignore'
[0.723s] Level 1:colcon.colcon_core.package_identification:_identify(log) ignored
[0.724s] Level 1:colcon.colcon_core.package_identification:_identify(src) by extensions ['ignore', 'ignore_ament_install']
[0.724s] Level 1:colcon.colcon_core.package_identification:_identify(src) by extension 'ignore'
[0.724s] Level 1:colcon.colcon_core.package_identification:_identify(src) by extension 'ignore_ament_install'
[0.724s] Level 1:colcon.colcon_core.package_identification:_identify(src) by extensions ['colcon_pkg']
[0.724s] Level 1:colcon.colcon_core.package_identification:_identify(src) by extension 'colcon_pkg'
[0.724s] Level 1:colcon.colcon_core.package_identification:_identify(src) by extensions ['colcon_meta']
[0.724s] Level 1:colcon.colcon_core.package_identification:_identify(src) by extension 'colcon_meta'
[0.724s] Level 1:colcon.colcon_core.package_identification:_identify(src) by extensions ['ros']
[0.724s] Level 1:colcon.colcon_core.package_identification:_identify(src) by extension 'ros'
[0.725s] Level 1:colcon.colcon_core.package_identification:_identify(src) by extensions ['cmake', 'python']
[0.725s] Level 1:colcon.colcon_core.package_identification:_identify(src) by extension 'cmake'
[0.725s] Level 1:colcon.colcon_core.package_identification:_identify(src) by extension 'python'
[0.725s] Level 1:colcon.colcon_core.package_identification:_identify(src) by extensions ['python_setup_py']
[0.725s] Level 1:colcon.colcon_core.package_identification:_identify(src) by extension 'python_setup_py'
[0.725s] Level 1:colcon.colcon_core.package_identification:_identify(src/wearable_robot_bringup) by extensions ['ignore', 'ignore_ament_install']
[0.725s] Level 1:colcon.colcon_core.package_identification:_identify(src/wearable_robot_bringup) by extension 'ignore'
[0.726s] Level 1:colcon.colcon_core.package_identification:_identify(src/wearable_robot_bringup) by extension 'ignore_ament_install'
[0.726s] Level 1:colcon.colcon_core.package_identification:_identify(src/wearable_robot_bringup) by extensions ['colcon_pkg']
[0.726s] Level 1:colcon.colcon_core.package_identification:_identify(src/wearable_robot_bringup) by extension 'colcon_pkg'
[0.726s] Level 1:colcon.colcon_core.package_identification:_identify(src/wearable_robot_bringup) by extensions ['colcon_meta']
[0.726s] Level 1:colcon.colcon_core.package_identification:_identify(src/wearable_robot_bringup) by extension 'colcon_meta'
[0.726s] Level 1:colcon.colcon_core.package_identification:_identify(src/wearable_robot_bringup) by extensions ['ros']
[0.726s] Level 1:colcon.colcon_core.package_identification:_identify(src/wearable_robot_bringup) by extension 'ros'
[0.731s] DEBUG:colcon.colcon_core.package_identification:Package 'src/wearable_robot_bringup' with type 'ros.ament_cmake' and name 'wearable_robot_bringup'
[0.731s] Level 1:colcon.colcon_core.package_identification:_identify(src/wearable_robot_control) by extensions ['ignore', 'ignore_ament_install']
[0.732s] Level 1:colcon.colcon_core.package_identification:_identify(src/wearable_robot_control) by extension 'ignore'
[0.732s] Level 1:colcon.colcon_core.package_identification:_identify(src/wearable_robot_control) by extension 'ignore_ament_install'
[0.732s] Level 1:colcon.colcon_core.package_identification:_identify(src/wearable_robot_control) by extensions ['colcon_pkg']
[0.732s] Level 1:colcon.colcon_core.package_identification:_identify(src/wearable_robot_control) by extension 'colcon_pkg'
[0.732s] Level 1:colcon.colcon_core.package_identification:_identify(src/wearable_robot_control) by extensions ['colcon_meta']
[0.732s] Level 1:colcon.colcon_core.package_identification:_identify(src/wearable_robot_control) by extension 'colcon_meta'
[0.732s] Level 1:colcon.colcon_core.package_identification:_identify(src/wearable_robot_control) by extensions ['ros']
[0.732s] Level 1:colcon.colcon_core.package_identification:_identify(src/wearable_robot_control) by extension 'ros'
[0.734s] DEBUG:colcon.colcon_core.package_identification:Package 'src/wearable_robot_control' with type 'ros.ament_cmake' and name 'wearable_robot_control'
[0.734s] Level 1:colcon.colcon_core.package_identification:_identify(src/wearable_robot_data_processing) by extensions ['ignore', 'ignore_ament_install']
[0.734s] Level 1:colcon.colcon_core.package_identification:_identify(src/wearable_robot_data_processing) by extension 'ignore'
[0.734s] Level 1:colcon.colcon_core.package_identification:_identify(src/wearable_robot_data_processing) by extension 'ignore_ament_install'
[0.735s] Level 1:colcon.colcon_core.package_identification:_identify(src/wearable_robot_data_processing) by extensions ['colcon_pkg']
[0.735s] Level 1:colcon.colcon_core.package_identification:_identify(src/wearable_robot_data_processing) by extension 'colcon_pkg'
[0.735s] Level 1:colcon.colcon_core.package_identification:_identify(src/wearable_robot_data_processing) by extensions ['colcon_meta']
[0.735s] Level 1:colcon.colcon_core.package_identification:_identify(src/wearable_robot_data_processing) by extension 'colcon_meta'
[0.735s] Level 1:colcon.colcon_core.package_identification:_identify(src/wearable_robot_data_processing) by extensions ['ros']
[0.735s] Level 1:colcon.colcon_core.package_identification:_identify(src/wearable_robot_data_processing) by extension 'ros'
[0.736s] DEBUG:colcon.colcon_core.package_identification:Package 'src/wearable_robot_data_processing' with type 'ros.ament_cmake' and name 'wearable_robot_data_processing'
[0.737s] Level 1:colcon.colcon_core.package_identification:_identify(src/wearable_robot_hw) by extensions ['ignore', 'ignore_ament_install']
[0.737s] Level 1:colcon.colcon_core.package_identification:_identify(src/wearable_robot_hw) by extension 'ignore'
[0.737s] Level 1:colcon.colcon_core.package_identification:_identify(src/wearable_robot_hw) by extension 'ignore_ament_install'
[0.737s] Level 1:colcon.colcon_core.package_identification:_identify(src/wearable_robot_hw) by extensions ['colcon_pkg']
[0.737s] Level 1:colcon.colcon_core.package_identification:_identify(src/wearable_robot_hw) by extension 'colcon_pkg'
[0.737s] Level 1:colcon.colcon_core.package_identification:_identify(src/wearable_robot_hw) by extensions ['colcon_meta']
[0.737s] Level 1:colcon.colcon_core.package_identification:_identify(src/wearable_robot_hw) by extension 'colcon_meta'
[0.738s] Level 1:colcon.colcon_core.package_identification:_identify(src/wearable_robot_hw) by extensions ['ros']
[0.738s] Level 1:colcon.colcon_core.package_identification:_identify(src/wearable_robot_hw) by extension 'ros'
[0.739s] DEBUG:colcon.colcon_core.package_identification:Package 'src/wearable_robot_hw' with type 'ros.ament_cmake' and name 'wearable_robot_hw'
[0.739s] Level 1:colcon.colcon_core.package_identification:_identify(src/wearable_robot_interfaces) by extensions ['ignore', 'ignore_ament_install']
[0.740s] Level 1:colcon.colcon_core.package_identification:_identify(src/wearable_robot_interfaces) by extension 'ignore'
[0.740s] Level 1:colcon.colcon_core.package_identification:_identify(src/wearable_robot_interfaces) by extension 'ignore_ament_install'
[0.740s] Level 1:colcon.colcon_core.package_identification:_identify(src/wearable_robot_interfaces) by extensions ['colcon_pkg']
[0.740s] Level 1:colcon.colcon_core.package_identification:_identify(src/wearable_robot_interfaces) by extension 'colcon_pkg'
[0.740s] Level 1:colcon.colcon_core.package_identification:_identify(src/wearable_robot_interfaces) by extensions ['colcon_meta']
[0.740s] Level 1:colcon.colcon_core.package_identification:_identify(src/wearable_robot_interfaces) by extension 'colcon_meta'
[0.740s] Level 1:colcon.colcon_core.package_identification:_identify(src/wearable_robot_interfaces) by extensions ['ros']
[0.740s] Level 1:colcon.colcon_core.package_identification:_identify(src/wearable_robot_interfaces) by extension 'ros'
[0.741s] DEBUG:colcon.colcon_core.package_identification:Package 'src/wearable_robot_interfaces' with type 'ros.ament_cmake' and name 'wearable_robot_interfaces'
[0.742s] Level 1:colcon.colcon_core.package_discovery:discover_packages(recursive) using defaults
[0.742s] Level 1:colcon.colcon_core.package_discovery:discover_packages(ignore) discover
[0.742s] Level 1:colcon.colcon_core.package_discovery:discover_packages(ignore) using defaults
[0.742s] Level 1:colcon.colcon_core.package_discovery:discover_packages(path) discover
[0.742s] Level 1:colcon.colcon_core.package_discovery:discover_packages(path) using defaults
[0.777s] Level 1:colcon.colcon_core.package_discovery:discover_packages(prefix_path) check parameters
[0.778s] Level 1:colcon.colcon_core.package_discovery:discover_packages(prefix_path) discover
[0.782s] DEBUG:colcon.colcon_installed_package_information.package_discovery:Found 5 installed packages in /home/kimm/wearable_robot_ws/install
[0.783s] DEBUG:colcon.colcon_installed_package_information.package_discovery:Found 1 installed packages in /home/kimm/install
[0.785s] DEBUG:colcon.colcon_installed_package_information.package_discovery:Found 261 installed packages in /opt/ros/foxy
[0.788s] Level 1:colcon.colcon_core.package_discovery:discover_packages(prefix_path) using defaults
[0.909s] Level 5:colcon.colcon_core.verb:set package 'wearable_robot_bringup' build argument 'cmake_args' from command line to 'None'
[0.909s] Level 5:colcon.colcon_core.verb:set package 'wearable_robot_bringup' build argument 'cmake_target' from command line to 'None'
[0.910s] Level 5:colcon.colcon_core.verb:set package 'wearable_robot_bringup' build argument 'cmake_target_skip_unavailable' from command line to 'False'
[0.910s] Level 5:colcon.colcon_core.verb:set package 'wearable_robot_bringup' build argument 'cmake_clean_cache' from command line to 'False'
[0.910s] Level 5:colcon.colcon_core.verb:set package 'wearable_robot_bringup' build argument 'cmake_clean_first' from command line to 'False'
[0.910s] Level 5:colcon.colcon_core.verb:set package 'wearable_robot_bringup' build argument 'cmake_force_configure' from command line to 'False'
[0.910s] Level 5:colcon.colcon_core.verb:set package 'wearable_robot_bringup' build argument 'ament_cmake_args' from command line to 'None'
[0.910s] Level 5:colcon.colcon_core.verb:set package 'wearable_robot_bringup' build argument 'catkin_cmake_args' from command line to 'None'
[0.910s] Level 5:colcon.colcon_core.verb:set package 'wearable_robot_bringup' build argument 'catkin_skip_building_tests' from command line to 'False'
[0.910s] DEBUG:colcon.colcon_core.verb:Building package 'wearable_robot_bringup' with the following arguments: {'ament_cmake_args': None, 'build_base': '/home/kimm/wearable_robot_ws/build/wearable_robot_bringup', 'catkin_cmake_args': None, 'catkin_skip_building_tests': False, 'cmake_args': None, 'cmake_clean_cache': False, 'cmake_clean_first': False, 'cmake_force_configure': False, 'cmake_target': None, 'cmake_target_skip_unavailable': False, 'install_base': '/home/kimm/wearable_robot_ws/install/wearable_robot_bringup', 'merge_install': False, 'path': '/home/kimm/wearable_robot_ws/src/wearable_robot_bringup', 'symlink_install': True, 'test_result_base': None}
[0.911s] Level 5:colcon.colcon_core.verb:set package 'wearable_robot_control' build argument 'cmake_args' from command line to 'None'
[0.911s] Level 5:colcon.colcon_core.verb:set package 'wearable_robot_control' build argument 'cmake_target' from command line to 'None'
[0.911s] Level 5:colcon.colcon_core.verb:set package 'wearable_robot_control' build argument 'cmake_target_skip_unavailable' from command line to 'False'
[0.911s] Level 5:colcon.colcon_core.verb:set package 'wearable_robot_control' build argument 'cmake_clean_cache' from command line to 'False'
[0.911s] Level 5:colcon.colcon_core.verb:set package 'wearable_robot_control' build argument 'cmake_clean_first' from command line to 'False'
[0.911s] Level 5:colcon.colcon_core.verb:set package 'wearable_robot_control' build argument 'cmake_force_configure' from command line to 'False'
[0.911s] Level 5:colcon.colcon_core.verb:set package 'wearable_robot_control' build argument 'ament_cmake_args' from command line to 'None'
[0.911s] Level 5:colcon.colcon_core.verb:set package 'wearable_robot_control' build argument 'catkin_cmake_args' from command line to 'None'
[0.911s] Level 5:colcon.colcon_core.verb:set package 'wearable_robot_control' build argument 'catkin_skip_building_tests' from command line to 'False'
[0.911s] DEBUG:colcon.colcon_core.verb:Building package 'wearable_robot_control' with the following arguments: {'ament_cmake_args': None, 'build_base': '/home/kimm/wearable_robot_ws/build/wearable_robot_control', 'catkin_cmake_args': None, 'catkin_skip_building_tests': False, 'cmake_args': None, 'cmake_clean_cache': False, 'cmake_clean_first': False, 'cmake_force_configure': False, 'cmake_target': None, 'cmake_target_skip_unavailable': False, 'install_base': '/home/kimm/wearable_robot_ws/install/wearable_robot_control', 'merge_install': False, 'path': '/home/kimm/wearable_robot_ws/src/wearable_robot_control', 'symlink_install': True, 'test_result_base': None}
[0.912s] Level 5:colcon.colcon_core.verb:set package 'wearable_robot_interfaces' build argument 'cmake_args' from command line to 'None'
[0.912s] Level 5:colcon.colcon_core.verb:set package 'wearable_robot_interfaces' build argument 'cmake_target' from command line to 'None'
[0.912s] Level 5:colcon.colcon_core.verb:set package 'wearable_robot_interfaces' build argument 'cmake_target_skip_unavailable' from command line to 'False'
[0.912s] Level 5:colcon.colcon_core.verb:set package 'wearable_robot_interfaces' build argument 'cmake_clean_cache' from command line to 'False'
[0.912s] Level 5:colcon.colcon_core.verb:set package 'wearable_robot_interfaces' build argument 'cmake_clean_first' from command line to 'False'
[0.912s] Level 5:colcon.colcon_core.verb:set package 'wearable_robot_interfaces' build argument 'cmake_force_configure' from command line to 'False'
[0.912s] Level 5:colcon.colcon_core.verb:set package 'wearable_robot_interfaces' build argument 'ament_cmake_args' from command line to 'None'
[0.913s] Level 5:colcon.colcon_core.verb:set package 'wearable_robot_interfaces' build argument 'catkin_cmake_args' from command line to 'None'
[0.913s] Level 5:colcon.colcon_core.verb:set package 'wearable_robot_interfaces' build argument 'catkin_skip_building_tests' from command line to 'False'
[0.913s] DEBUG:colcon.colcon_core.verb:Building package 'wearable_robot_interfaces' with the following arguments: {'ament_cmake_args': None, 'build_base': '/home/kimm/wearable_robot_ws/build/wearable_robot_interfaces', 'catkin_cmake_args': None, 'catkin_skip_building_tests': False, 'cmake_args': None, 'cmake_clean_cache': False, 'cmake_clean_first': False, 'cmake_force_configure': False, 'cmake_target': None, 'cmake_target_skip_unavailable': False, 'install_base': '/home/kimm/wearable_robot_ws/install/wearable_robot_interfaces', 'merge_install': False, 'path': '/home/kimm/wearable_robot_ws/src/wearable_robot_interfaces', 'symlink_install': True, 'test_result_base': None}
[0.913s] Level 5:colcon.colcon_core.verb:set package 'wearable_robot_data_processing' build argument 'cmake_args' from command line to 'None'
[0.913s] Level 5:colcon.colcon_core.verb:set package 'wearable_robot_data_processing' build argument 'cmake_target' from command line to 'None'
[0.913s] Level 5:colcon.colcon_core.verb:set package 'wearable_robot_data_processing' build argument 'cmake_target_skip_unavailable' from command line to 'False'
[0.914s] Level 5:colcon.colcon_core.verb:set package 'wearable_robot_data_processing' build argument 'cmake_clean_cache' from command line to 'False'
[0.914s] Level 5:colcon.colcon_core.verb:set package 'wearable_robot_data_processing' build argument 'cmake_clean_first' from command line to 'False'
[0.914s] Level 5:colcon.colcon_core.verb:set package 'wearable_robot_data_processing' build argument 'cmake_force_configure' from command line to 'False'
[0.914s] Level 5:colcon.colcon_core.verb:set package 'wearable_robot_data_processing' build argument 'ament_cmake_args' from command line to 'None'
[0.914s] Level 5:colcon.colcon_core.verb:set package 'wearable_robot_data_processing' build argument 'catkin_cmake_args' from command line to 'None'
[0.914s] Level 5:colcon.colcon_core.verb:set package 'wearable_robot_data_processing' build argument 'catkin_skip_building_tests' from command line to 'False'
[0.914s] DEBUG:colcon.colcon_core.verb:Building package 'wearable_robot_data_processing' with the following arguments: {'ament_cmake_args': None, 'build_base': '/home/kimm/wearable_robot_ws/build/wearable_robot_data_processing', 'catkin_cmake_args': None, 'catkin_skip_building_tests': False, 'cmake_args': None, 'cmake_clean_cache': False, 'cmake_clean_first': False, 'cmake_force_configure': False, 'cmake_target': None, 'cmake_target_skip_unavailable': False, 'install_base': '/home/kimm/wearable_robot_ws/install/wearable_robot_data_processing', 'merge_install': False, 'path': '/home/kimm/wearable_robot_ws/src/wearable_robot_data_processing', 'symlink_install': True, 'test_result_base': None}
[0.915s] Level 5:colcon.colcon_core.verb:set package 'wearable_robot_hw' build argument 'cmake_args' from command line to 'None'
[0.915s] Level 5:colcon.colcon_core.verb:set package 'wearable_robot_hw' build argument 'cmake_target' from command line to 'None'
[0.915s] Level 5:colcon.colcon_core.verb:set package 'wearable_robot_hw' build argument 'cmake_target_skip_unavailable' from command line to 'False'
[0.915s] Level 5:colcon.colcon_core.verb:set package 'wearable_robot_hw' build argument 'cmake_clean_cache' from command line to 'False'
[0.915s] Level 5:colcon.colcon_core.verb:set package 'wearable_robot_hw' build argument 'cmake_clean_first' from command line to 'False'
[0.915s] Level 5:colcon.colcon_core.verb:set package 'wearable_robot_hw' build argument 'cmake_force_configure' from command line to 'False'
[0.915s] Level 5:colcon.colcon_core.verb:set package 'wearable_robot_hw' build argument 'ament_cmake_args' from command line to 'None'
[0.915s] Level 5:colcon.colcon_core.verb:set package 'wearable_robot_hw' build argument 'catkin_cmake_args' from command line to 'None'
[0.915s] Level 5:colcon.colcon_core.verb:set package 'wearable_robot_hw' build argument 'catkin_skip_building_tests' from command line to 'False'
[0.915s] DEBUG:colcon.colcon_core.verb:Building package 'wearable_robot_hw' with the following arguments: {'ament_cmake_args': None, 'build_base': '/home/kimm/wearable_robot_ws/build/wearable_robot_hw', 'catkin_cmake_args': None, 'catkin_skip_building_tests': False, 'cmake_args': None, 'cmake_clean_cache': False, 'cmake_clean_first': False, 'cmake_force_configure': False, 'cmake_target': None, 'cmake_target_skip_unavailable': False, 'install_base': '/home/kimm/wearable_robot_ws/install/wearable_robot_hw', 'merge_install': False, 'path': '/home/kimm/wearable_robot_ws/src/wearable_robot_hw', 'symlink_install': True, 'test_result_base': None}
[0.915s] INFO:colcon.colcon_core.executor:Executing jobs using 'parallel' executor
[0.918s] DEBUG:colcon.colcon_parallel_executor.executor.parallel:run_until_complete
[0.918s] INFO:colcon.colcon_ros.task.ament_cmake.build:Building ROS package in '/home/kimm/wearable_robot_ws/src/wearable_robot_interfaces' with build type 'ament_cmake'
[0.919s] INFO:colcon.colcon_cmake.task.cmake.build:Building CMake package in '/home/kimm/wearable_robot_ws/src/wearable_robot_interfaces'
[0.923s] INFO:colcon.colcon_core.plugin_system:Skipping extension 'colcon_core.shell.bat': Not used on non-Windows systems
[0.924s] INFO:colcon.colcon_core.shell:Skip shell extension 'powershell' for command environment: Not usable outside of PowerShell
[0.924s] DEBUG:colcon.colcon_core.shell:Skip shell extension 'dsv' for command environment
[0.968s] INFO:colcon.colcon_ros.task.ament_cmake.build:Building ROS package in '/home/kimm/wearable_robot_ws/src/wearable_robot_bringup' with build type 'ament_cmake'
[0.969s] INFO:colcon.colcon_cmake.task.cmake.build:Building CMake package in '/home/kimm/wearable_robot_ws/src/wearable_robot_bringup'
[0.971s] INFO:colcon.colcon_core.shell:Skip shell extension 'powershell' for command environment: Not usable outside of PowerShell
[0.971s] DEBUG:colcon.colcon_core.shell:Skip shell extension 'dsv' for command environment
[0.985s] INFO:colcon.colcon_ros.task.ament_cmake.build:Building ROS package in '/home/kimm/wearable_robot_ws/src/wearable_robot_control' with build type 'ament_cmake'
[0.986s] INFO:colcon.colcon_cmake.task.cmake.build:Building CMake package in '/home/kimm/wearable_robot_ws/src/wearable_robot_control'
[0.987s] INFO:colcon.colcon_core.shell:Skip shell extension 'powershell' for command environment: Not usable outside of PowerShell
[0.987s] DEBUG:colcon.colcon_core.shell:Skip shell extension 'dsv' for command environment
[1.011s] DEBUG:colcon.colcon_core.event_handler.log_command:Invoking command in '/home/kimm/wearable_robot_ws/build/wearable_robot_interfaces': CMAKE_PREFIX_PATH=${CMAKE_PREFIX_PATH}:/opt/ros/foxy /usr/bin/cmake --build /home/kimm/wearable_robot_ws/build/wearable_robot_interfaces -- -j8 -l8
[1.034s] DEBUG:colcon.colcon_core.event_handler.log_command:Invoking command in '/home/kimm/wearable_robot_ws/build/wearable_robot_bringup': CMAKE_PREFIX_PATH=${CMAKE_PREFIX_PATH}:/opt/ros/foxy /usr/bin/cmake --build /home/kimm/wearable_robot_ws/build/wearable_robot_bringup -- -j8 -l8
[1.055s] DEBUG:colcon.colcon_core.event_handler.log_command:Invoking command in '/home/kimm/wearable_robot_ws/build/wearable_robot_control': CMAKE_PREFIX_PATH=${CMAKE_PREFIX_PATH}:/opt/ros/foxy /usr/bin/cmake --build /home/kimm/wearable_robot_ws/build/wearable_robot_control -- -j8 -l8
[1.127s] DEBUG:colcon.colcon_core.event_handler.log_command:Invoked command in '/home/kimm/wearable_robot_ws/build/wearable_robot_bringup' returned '0': CMAKE_PREFIX_PATH=${CMAKE_PREFIX_PATH}:/opt/ros/foxy /usr/bin/cmake --build /home/kimm/wearable_robot_ws/build/wearable_robot_bringup -- -j8 -l8
[1.162s] DEBUG:colcon.colcon_core.event_handler.log_command:Invoking command in '/home/kimm/wearable_robot_ws/build/wearable_robot_bringup': CMAKE_PREFIX_PATH=${CMAKE_PREFIX_PATH}:/opt/ros/foxy /usr/bin/cmake --install /home/kimm/wearable_robot_ws/build/wearable_robot_bringup
[1.170s] DEBUG:colcon.colcon_core.event_handler.log_command:Invoked command in '/home/kimm/wearable_robot_ws/build/wearable_robot_control' returned '0': CMAKE_PREFIX_PATH=${CMAKE_PREFIX_PATH}:/opt/ros/foxy /usr/bin/cmake --build /home/kimm/wearable_robot_ws/build/wearable_robot_control -- -j8 -l8
[1.179s] DEBUG:colcon.colcon_core.event_handler.log_command:Invoking command in '/home/kimm/wearable_robot_ws/build/wearable_robot_control': CMAKE_PREFIX_PATH=${CMAKE_PREFIX_PATH}:/opt/ros/foxy /usr/bin/cmake --install /home/kimm/wearable_robot_ws/build/wearable_robot_control
[1.229s] Level 1:colcon.colcon_core.environment:create_environment_scripts_only(wearable_robot_bringup)
[1.236s] DEBUG:colcon.colcon_core.event_handler.log_command:Invoked command in '/home/kimm/wearable_robot_ws/build/wearable_robot_bringup' returned '0': CMAKE_PREFIX_PATH=${CMAKE_PREFIX_PATH}:/opt/ros/foxy /usr/bin/cmake --install /home/kimm/wearable_robot_ws/build/wearable_robot_bringup
[1.242s] Level 1:colcon.colcon_core.environment:checking '/home/kimm/wearable_robot_ws/install/wearable_robot_bringup' for CMake module files
[1.243s] Level 1:colcon.colcon_core.environment:checking '/home/kimm/wearable_robot_ws/install/wearable_robot_bringup' for CMake config files
[1.244s] Level 1:colcon.colcon_core.shell:create_environment_hook('wearable_robot_bringup', 'cmake_prefix_path')
[1.245s] INFO:colcon.colcon_core.shell:Creating environment hook '/home/kimm/wearable_robot_ws/install/wearable_robot_bringup/share/wearable_robot_bringup/hook/cmake_prefix_path.ps1'
[1.247s] INFO:colcon.colcon_core.shell:Creating environment descriptor '/home/kimm/wearable_robot_ws/install/wearable_robot_bringup/share/wearable_robot_bringup/hook/cmake_prefix_path.dsv'
[1.249s] INFO:colcon.colcon_core.shell:Creating environment hook '/home/kimm/wearable_robot_ws/install/wearable_robot_bringup/share/wearable_robot_bringup/hook/cmake_prefix_path.sh'
[1.251s] Level 1:colcon.colcon_core.environment:checking '/home/kimm/wearable_robot_ws/install/wearable_robot_bringup/bin'
[1.251s] Level 1:colcon.colcon_core.environment:checking '/home/kimm/wearable_robot_ws/install/wearable_robot_bringup/lib/pkgconfig/wearable_robot_bringup.pc'
[1.251s] Level 1:colcon.colcon_core.environment:checking '/home/kimm/wearable_robot_ws/install/wearable_robot_bringup/lib/python3.8/site-packages'
[1.252s] Level 1:colcon.colcon_core.environment:checking '/home/kimm/wearable_robot_ws/install/wearable_robot_bringup/bin'
[1.253s] INFO:colcon.colcon_core.shell:Creating package script '/home/kimm/wearable_robot_ws/install/wearable_robot_bringup/share/wearable_robot_bringup/package.ps1'
[1.257s] INFO:colcon.colcon_core.shell:Creating package descriptor '/home/kimm/wearable_robot_ws/install/wearable_robot_bringup/share/wearable_robot_bringup/package.dsv'
[1.262s] INFO:colcon.colcon_core.shell:Creating package script '/home/kimm/wearable_robot_ws/install/wearable_robot_bringup/share/wearable_robot_bringup/package.sh'
[1.264s] INFO:colcon.colcon_core.shell:Creating package script '/home/kimm/wearable_robot_ws/install/wearable_robot_bringup/share/wearable_robot_bringup/package.bash'
[1.267s] INFO:colcon.colcon_core.shell:Creating package script '/home/kimm/wearable_robot_ws/install/wearable_robot_bringup/share/wearable_robot_bringup/package.zsh'
[1.268s] Level 1:colcon.colcon_core.environment:create_file_with_runtime_dependencies(/home/kimm/wearable_robot_ws/install/wearable_robot_bringup/share/colcon-core/packages/wearable_robot_bringup)
[1.270s] Level 1:colcon.colcon_core.environment:create_environment_scripts_only(wearable_robot_bringup)
[1.270s] Level 1:colcon.colcon_core.environment:checking '/home/kimm/wearable_robot_ws/install/wearable_robot_bringup' for CMake module files
[1.271s] Level 1:colcon.colcon_core.environment:checking '/home/kimm/wearable_robot_ws/install/wearable_robot_bringup' for CMake config files
[1.272s] Level 1:colcon.colcon_core.shell:create_environment_hook('wearable_robot_bringup', 'cmake_prefix_path')
[1.272s] INFO:colcon.colcon_core.shell:Creating environment hook '/home/kimm/wearable_robot_ws/install/wearable_robot_bringup/share/wearable_robot_bringup/hook/cmake_prefix_path.ps1'
[1.274s] INFO:colcon.colcon_core.shell:Creating environment descriptor '/home/kimm/wearable_robot_ws/install/wearable_robot_bringup/share/wearable_robot_bringup/hook/cmake_prefix_path.dsv'
[1.275s] INFO:colcon.colcon_core.shell:Creating environment hook '/home/kimm/wearable_robot_ws/install/wearable_robot_bringup/share/wearable_robot_bringup/hook/cmake_prefix_path.sh'
[1.276s] Level 1:colcon.colcon_core.environment:checking '/home/kimm/wearable_robot_ws/install/wearable_robot_bringup/bin'
[1.276s] Level 1:colcon.colcon_core.environment:checking '/home/kimm/wearable_robot_ws/install/wearable_robot_bringup/lib/pkgconfig/wearable_robot_bringup.pc'
[1.276s] Level 1:colcon.colcon_core.environment:checking '/home/kimm/wearable_robot_ws/install/wearable_robot_bringup/lib/python3.8/site-packages'
[1.277s] Level 1:colcon.colcon_core.environment:checking '/home/kimm/wearable_robot_ws/install/wearable_robot_bringup/bin'
[1.277s] INFO:colcon.colcon_core.shell:Creating package script '/home/kimm/wearable_robot_ws/install/wearable_robot_bringup/share/wearable_robot_bringup/package.ps1'
[1.279s] INFO:colcon.colcon_core.shell:Creating package descriptor '/home/kimm/wearable_robot_ws/install/wearable_robot_bringup/share/wearable_robot_bringup/package.dsv'
[1.280s] INFO:colcon.colcon_core.shell:Creating package script '/home/kimm/wearable_robot_ws/install/wearable_robot_bringup/share/wearable_robot_bringup/package.sh'
[1.281s] INFO:colcon.colcon_core.shell:Creating package script '/home/kimm/wearable_robot_ws/install/wearable_robot_bringup/share/wearable_robot_bringup/package.bash'
[1.281s] INFO:colcon.colcon_core.shell:Creating package script '/home/kimm/wearable_robot_ws/install/wearable_robot_bringup/share/wearable_robot_bringup/package.zsh'
[1.283s] Level 1:colcon.colcon_core.environment:create_file_with_runtime_dependencies(/home/kimm/wearable_robot_ws/install/wearable_robot_bringup/share/colcon-core/packages/wearable_robot_bringup)
[1.285s] Level 1:colcon.colcon_core.environment:create_environment_scripts_only(wearable_robot_control)
[1.286s] Level 1:colcon.colcon_core.environment:checking '/home/kimm/wearable_robot_ws/install/wearable_robot_control' for CMake module files
[1.288s] DEBUG:colcon.colcon_core.event_handler.log_command:Invoked command in '/home/kimm/wearable_robot_ws/build/wearable_robot_control' returned '0': CMAKE_PREFIX_PATH=${CMAKE_PREFIX_PATH}:/opt/ros/foxy /usr/bin/cmake --install /home/kimm/wearable_robot_ws/build/wearable_robot_control
[1.289s] Level 1:colcon.colcon_core.environment:checking '/home/kimm/wearable_robot_ws/install/wearable_robot_control' for CMake config files
[1.289s] Level 1:colcon.colcon_core.shell:create_environment_hook('wearable_robot_control', 'cmake_prefix_path')
[1.290s] INFO:colcon.colcon_core.shell:Creating environment hook '/home/kimm/wearable_robot_ws/install/wearable_robot_control/share/wearable_robot_control/hook/cmake_prefix_path.ps1'
[1.292s] INFO:colcon.colcon_core.shell:Creating environment descriptor '/home/kimm/wearable_robot_ws/install/wearable_robot_control/share/wearable_robot_control/hook/cmake_prefix_path.dsv'
[1.292s] INFO:colcon.colcon_core.shell:Creating environment hook '/home/kimm/wearable_robot_ws/install/wearable_robot_control/share/wearable_robot_control/hook/cmake_prefix_path.sh'
[1.294s] Level 1:colcon.colcon_core.environment:checking '/home/kimm/wearable_robot_ws/install/wearable_robot_control/bin'
[1.294s] Level 1:colcon.colcon_core.environment:checking '/home/kimm/wearable_robot_ws/install/wearable_robot_control/lib/pkgconfig/wearable_robot_control.pc'
[1.294s] Level 1:colcon.colcon_core.environment:checking '/home/kimm/wearable_robot_ws/install/wearable_robot_control/lib/python3.8/site-packages'
[1.295s] Level 1:colcon.colcon_core.environment:checking '/home/kimm/wearable_robot_ws/install/wearable_robot_control/bin'
[1.295s] INFO:colcon.colcon_core.shell:Creating package script '/home/kimm/wearable_robot_ws/install/wearable_robot_control/share/wearable_robot_control/package.ps1'
[1.296s] INFO:colcon.colcon_core.shell:Creating package descriptor '/home/kimm/wearable_robot_ws/install/wearable_robot_control/share/wearable_robot_control/package.dsv'
[1.297s] INFO:colcon.colcon_core.shell:Creating package script '/home/kimm/wearable_robot_ws/install/wearable_robot_control/share/wearable_robot_control/package.sh'
[1.298s] INFO:colcon.colcon_core.shell:Creating package script '/home/kimm/wearable_robot_ws/install/wearable_robot_control/share/wearable_robot_control/package.bash'
[1.299s] INFO:colcon.colcon_core.shell:Creating package script '/home/kimm/wearable_robot_ws/install/wearable_robot_control/share/wearable_robot_control/package.zsh'
[1.300s] Level 1:colcon.colcon_core.environment:create_file_with_runtime_dependencies(/home/kimm/wearable_robot_ws/install/wearable_robot_control/share/colcon-core/packages/wearable_robot_control)
[1.301s] Level 1:colcon.colcon_core.environment:create_environment_scripts_only(wearable_robot_control)
[1.301s] Level 1:colcon.colcon_core.environment:checking '/home/kimm/wearable_robot_ws/install/wearable_robot_control' for CMake module files
[1.302s] Level 1:colcon.colcon_core.environment:checking '/home/kimm/wearable_robot_ws/install/wearable_robot_control' for CMake config files
[1.303s] Level 1:colcon.colcon_core.shell:create_environment_hook('wearable_robot_control', 'cmake_prefix_path')
[1.303s] INFO:colcon.colcon_core.shell:Creating environment hook '/home/kimm/wearable_robot_ws/install/wearable_robot_control/share/wearable_robot_control/hook/cmake_prefix_path.ps1'
[1.304s] INFO:colcon.colcon_core.shell:Creating environment descriptor '/home/kimm/wearable_robot_ws/install/wearable_robot_control/share/wearable_robot_control/hook/cmake_prefix_path.dsv'
[1.305s] INFO:colcon.colcon_core.shell:Creating environment hook '/home/kimm/wearable_robot_ws/install/wearable_robot_control/share/wearable_robot_control/hook/cmake_prefix_path.sh'
[1.306s] Level 1:colcon.colcon_core.environment:checking '/home/kimm/wearable_robot_ws/install/wearable_robot_control/bin'
[1.306s] Level 1:colcon.colcon_core.environment:checking '/home/kimm/wearable_robot_ws/install/wearable_robot_control/lib/pkgconfig/wearable_robot_control.pc'
[1.306s] Level 1:colcon.colcon_core.environment:checking '/home/kimm/wearable_robot_ws/install/wearable_robot_control/lib/python3.8/site-packages'
[1.307s] Level 1:colcon.colcon_core.environment:checking '/home/kimm/wearable_robot_ws/install/wearable_robot_control/bin'
[1.307s] INFO:colcon.colcon_core.shell:Creating package script '/home/kimm/wearable_robot_ws/install/wearable_robot_control/share/wearable_robot_control/package.ps1'
[1.309s] INFO:colcon.colcon_core.shell:Creating package descriptor '/home/kimm/wearable_robot_ws/install/wearable_robot_control/share/wearable_robot_control/package.dsv'
[1.310s] INFO:colcon.colcon_core.shell:Creating package script '/home/kimm/wearable_robot_ws/install/wearable_robot_control/share/wearable_robot_control/package.sh'
[1.310s] INFO:colcon.colcon_core.shell:Creating package script '/home/kimm/wearable_robot_ws/install/wearable_robot_control/share/wearable_robot_control/package.bash'
[1.311s] INFO:colcon.colcon_core.shell:Creating package script '/home/kimm/wearable_robot_ws/install/wearable_robot_control/share/wearable_robot_control/package.zsh'
[1.312s] Level 1:colcon.colcon_core.environment:create_file_with_runtime_dependencies(/home/kimm/wearable_robot_ws/install/wearable_robot_control/share/colcon-core/packages/wearable_robot_control)
[1.572s] DEBUG:colcon.colcon_core.event_handler.log_command:Invoked command in '/home/kimm/wearable_robot_ws/build/wearable_robot_interfaces' returned '0': CMAKE_PREFIX_PATH=${CMAKE_PREFIX_PATH}:/opt/ros/foxy /usr/bin/cmake --build /home/kimm/wearable_robot_ws/build/wearable_robot_interfaces -- -j8 -l8
[1.580s] DEBUG:colcon.colcon_core.event_handler.log_command:Invoking command in '/home/kimm/wearable_robot_ws/build/wearable_robot_interfaces': CMAKE_PREFIX_PATH=${CMAKE_PREFIX_PATH}:/opt/ros/foxy /usr/bin/cmake --install /home/kimm/wearable_robot_ws/build/wearable_robot_interfaces
[1.789s] Level 1:colcon.colcon_core.environment:create_environment_scripts_only(wearable_robot_interfaces)
[1.790s] Level 1:colcon.colcon_core.environment:checking '/home/kimm/wearable_robot_ws/install/wearable_robot_interfaces' for CMake module files
[1.792s] DEBUG:colcon.colcon_core.event_handler.log_command:Invoked command in '/home/kimm/wearable_robot_ws/build/wearable_robot_interfaces' returned '0': CMAKE_PREFIX_PATH=${CMAKE_PREFIX_PATH}:/opt/ros/foxy /usr/bin/cmake --install /home/kimm/wearable_robot_ws/build/wearable_robot_interfaces
[1.794s] Level 1:colcon.colcon_core.environment:checking '/home/kimm/wearable_robot_ws/install/wearable_robot_interfaces' for CMake config files
[1.795s] Level 1:colcon.colcon_core.shell:create_environment_hook('wearable_robot_interfaces', 'cmake_prefix_path')
[1.796s] INFO:colcon.colcon_core.shell:Creating environment hook '/home/kimm/wearable_robot_ws/install/wearable_robot_interfaces/share/wearable_robot_interfaces/hook/cmake_prefix_path.ps1'
[1.798s] INFO:colcon.colcon_core.shell:Creating environment descriptor '/home/kimm/wearable_robot_ws/install/wearable_robot_interfaces/share/wearable_robot_interfaces/hook/cmake_prefix_path.dsv'
[1.799s] INFO:colcon.colcon_core.shell:Creating environment hook '/home/kimm/wearable_robot_ws/install/wearable_robot_interfaces/share/wearable_robot_interfaces/hook/cmake_prefix_path.sh'
[1.801s] Level 1:colcon.colcon_core.environment:checking '/home/kimm/wearable_robot_ws/install/wearable_robot_interfaces/lib'
[1.802s] Level 1:colcon.colcon_core.shell:create_environment_hook('wearable_robot_interfaces', 'ld_library_path_lib')
[1.803s] INFO:colcon.colcon_core.shell:Creating environment hook '/home/kimm/wearable_robot_ws/install/wearable_robot_interfaces/share/wearable_robot_interfaces/hook/ld_library_path_lib.ps1'
[1.805s] INFO:colcon.colcon_core.shell:Creating environment descriptor '/home/kimm/wearable_robot_ws/install/wearable_robot_interfaces/share/wearable_robot_interfaces/hook/ld_library_path_lib.dsv'
[1.806s] INFO:colcon.colcon_core.shell:Creating environment hook '/home/kimm/wearable_robot_ws/install/wearable_robot_interfaces/share/wearable_robot_interfaces/hook/ld_library_path_lib.sh'
[1.807s] Level 1:colcon.colcon_core.environment:checking '/home/kimm/wearable_robot_ws/install/wearable_robot_interfaces/bin'
[1.808s] Level 1:colcon.colcon_core.environment:checking '/home/kimm/wearable_robot_ws/install/wearable_robot_interfaces/lib/pkgconfig/wearable_robot_interfaces.pc'
[1.808s] Level 1:colcon.colcon_core.environment:checking '/home/kimm/wearable_robot_ws/install/wearable_robot_interfaces/lib/python3.8/site-packages'
[1.809s] Level 1:colcon.colcon_core.shell:create_environment_hook('wearable_robot_interfaces', 'pythonpath')
[1.809s] INFO:colcon.colcon_core.shell:Creating environment hook '/home/kimm/wearable_robot_ws/install/wearable_robot_interfaces/share/wearable_robot_interfaces/hook/pythonpath.ps1'
[1.811s] INFO:colcon.colcon_core.shell:Creating environment descriptor '/home/kimm/wearable_robot_ws/install/wearable_robot_interfaces/share/wearable_robot_interfaces/hook/pythonpath.dsv'
[1.812s] INFO:colcon.colcon_core.shell:Creating environment hook '/home/kimm/wearable_robot_ws/install/wearable_robot_interfaces/share/wearable_robot_interfaces/hook/pythonpath.sh'
[1.814s] Level 1:colcon.colcon_core.environment:checking '/home/kimm/wearable_robot_ws/install/wearable_robot_interfaces/bin'
[1.815s] INFO:colcon.colcon_core.shell:Creating package script '/home/kimm/wearable_robot_ws/install/wearable_robot_interfaces/share/wearable_robot_interfaces/package.ps1'
[1.817s] INFO:colcon.colcon_core.shell:Creating package descriptor '/home/kimm/wearable_robot_ws/install/wearable_robot_interfaces/share/wearable_robot_interfaces/package.dsv'
[1.818s] INFO:colcon.colcon_core.shell:Creating package script '/home/kimm/wearable_robot_ws/install/wearable_robot_interfaces/share/wearable_robot_interfaces/package.sh'
[1.820s] INFO:colcon.colcon_core.shell:Creating package script '/home/kimm/wearable_robot_ws/install/wearable_robot_interfaces/share/wearable_robot_interfaces/package.bash'
[1.821s] INFO:colcon.colcon_core.shell:Creating package script '/home/kimm/wearable_robot_ws/install/wearable_robot_interfaces/share/wearable_robot_interfaces/package.zsh'
[1.822s] Level 1:colcon.colcon_core.environment:create_file_with_runtime_dependencies(/home/kimm/wearable_robot_ws/install/wearable_robot_interfaces/share/colcon-core/packages/wearable_robot_interfaces)
[1.825s] Level 1:colcon.colcon_core.environment:create_environment_scripts_only(wearable_robot_interfaces)
[1.825s] Level 1:colcon.colcon_core.environment:checking '/home/kimm/wearable_robot_ws/install/wearable_robot_interfaces' for CMake module files
[1.827s] Level 1:colcon.colcon_core.environment:checking '/home/kimm/wearable_robot_ws/install/wearable_robot_interfaces' for CMake config files
[1.829s] Level 1:colcon.colcon_core.shell:create_environment_hook('wearable_robot_interfaces', 'cmake_prefix_path')
[1.829s] INFO:colcon.colcon_core.shell:Creating environment hook '/home/kimm/wearable_robot_ws/install/wearable_robot_interfaces/share/wearable_robot_interfaces/hook/cmake_prefix_path.ps1'
[1.831s] INFO:colcon.colcon_core.shell:Creating environment descriptor '/home/kimm/wearable_robot_ws/install/wearable_robot_interfaces/share/wearable_robot_interfaces/hook/cmake_prefix_path.dsv'
[1.832s] INFO:colcon.colcon_core.shell:Creating environment hook '/home/kimm/wearable_robot_ws/install/wearable_robot_interfaces/share/wearable_robot_interfaces/hook/cmake_prefix_path.sh'
[1.833s] Level 1:colcon.colcon_core.environment:checking '/home/kimm/wearable_robot_ws/install/wearable_robot_interfaces/lib'
[1.834s] Level 1:colcon.colcon_core.shell:create_environment_hook('wearable_robot_interfaces', 'ld_library_path_lib')
[1.834s] INFO:colcon.colcon_core.shell:Creating environment hook '/home/kimm/wearable_robot_ws/install/wearable_robot_interfaces/share/wearable_robot_interfaces/hook/ld_library_path_lib.ps1'
[1.835s] INFO:colcon.colcon_core.shell:Creating environment descriptor '/home/kimm/wearable_robot_ws/install/wearable_robot_interfaces/share/wearable_robot_interfaces/hook/ld_library_path_lib.dsv'
[1.836s] INFO:colcon.colcon_core.shell:Creating environment hook '/home/kimm/wearable_robot_ws/install/wearable_robot_interfaces/share/wearable_robot_interfaces/hook/ld_library_path_lib.sh'
[1.837s] Level 1:colcon.colcon_core.environment:checking '/home/kimm/wearable_robot_ws/install/wearable_robot_interfaces/bin'
[1.837s] Level 1:colcon.colcon_core.environment:checking '/home/kimm/wearable_robot_ws/install/wearable_robot_interfaces/lib/pkgconfig/wearable_robot_interfaces.pc'
[1.838s] Level 1:colcon.colcon_core.environment:checking '/home/kimm/wearable_robot_ws/install/wearable_robot_interfaces/lib/python3.8/site-packages'
[1.838s] Level 1:colcon.colcon_core.shell:create_environment_hook('wearable_robot_interfaces', 'pythonpath')
[1.838s] INFO:colcon.colcon_core.shell:Creating environment hook '/home/kimm/wearable_robot_ws/install/wearable_robot_interfaces/share/wearable_robot_interfaces/hook/pythonpath.ps1'
[1.839s] INFO:colcon.colcon_core.shell:Creating environment descriptor '/home/kimm/wearable_robot_ws/install/wearable_robot_interfaces/share/wearable_robot_interfaces/hook/pythonpath.dsv'
[1.840s] INFO:colcon.colcon_core.shell:Creating environment hook '/home/kimm/wearable_robot_ws/install/wearable_robot_interfaces/share/wearable_robot_interfaces/hook/pythonpath.sh'
[1.841s] Level 1:colcon.colcon_core.environment:checking '/home/kimm/wearable_robot_ws/install/wearable_robot_interfaces/bin'
[1.842s] INFO:colcon.colcon_core.shell:Creating package script '/home/kimm/wearable_robot_ws/install/wearable_robot_interfaces/share/wearable_robot_interfaces/package.ps1'
[1.843s] INFO:colcon.colcon_core.shell:Creating package descriptor '/home/kimm/wearable_robot_ws/install/wearable_robot_interfaces/share/wearable_robot_interfaces/package.dsv'
[1.844s] INFO:colcon.colcon_core.shell:Creating package script '/home/kimm/wearable_robot_ws/install/wearable_robot_interfaces/share/wearable_robot_interfaces/package.sh'
[1.845s] INFO:colcon.colcon_core.shell:Creating package script '/home/kimm/wearable_robot_ws/install/wearable_robot_interfaces/share/wearable_robot_interfaces/package.bash'
[1.846s] INFO:colcon.colcon_core.shell:Creating package script '/home/kimm/wearable_robot_ws/install/wearable_robot_interfaces/share/wearable_robot_interfaces/package.zsh'
[1.847s] Level 1:colcon.colcon_core.environment:create_file_with_runtime_dependencies(/home/kimm/wearable_robot_ws/install/wearable_robot_interfaces/share/colcon-core/packages/wearable_robot_interfaces)
[1.848s] INFO:colcon.colcon_ros.task.ament_cmake.build:Building ROS package in '/home/kimm/wearable_robot_ws/src/wearable_robot_data_processing' with build type 'ament_cmake'
[1.849s] INFO:colcon.colcon_cmake.task.cmake.build:Building CMake package in '/home/kimm/wearable_robot_ws/src/wearable_robot_data_processing'
[1.849s] INFO:colcon.colcon_core.shell:Skip shell extension 'powershell' for command environment: Not usable outside of PowerShell
[1.850s] DEBUG:colcon.colcon_core.shell:Skip shell extension 'dsv' for command environment
[1.868s] INFO:colcon.colcon_ros.task.ament_cmake.build:Building ROS package in '/home/kimm/wearable_robot_ws/src/wearable_robot_hw' with build type 'ament_cmake'
[1.869s] INFO:colcon.colcon_cmake.task.cmake.build:Building CMake package in '/home/kimm/wearable_robot_ws/src/wearable_robot_hw'
[1.870s] INFO:colcon.colcon_core.shell:Skip shell extension 'powershell' for command environment: Not usable outside of PowerShell
[1.870s] DEBUG:colcon.colcon_core.shell:Skip shell extension 'dsv' for command environment
[1.901s] DEBUG:colcon.colcon_core.event_handler.log_command:Invoking command in '/home/kimm/wearable_robot_ws/build/wearable_robot_data_processing': CMAKE_PREFIX_PATH=/home/kimm/wearable_robot_ws/install/wearable_robot_interfaces:/home/kimm/wearable_robot_ws/install/wearable_robot_hw:/home/kimm/wearable_robot_ws/install/wearable_robot_data_processing:/home/kimm/wearable_robot_ws/install/wearable_robot_control:/home/kimm/wearable_robot_ws/install/wearable_robot_bringup:/home/kimm/install/can_data_extractor:/opt/ros/foxy /usr/bin/cmake --build /home/kimm/wearable_robot_ws/build/wearable_robot_data_processing -- -j8 -l8
[1.916s] DEBUG:colcon.colcon_core.event_handler.log_command:Invoking command in '/home/kimm/wearable_robot_ws/build/wearable_robot_hw': CMAKE_PREFIX_PATH=/home/kimm/wearable_robot_ws/install/wearable_robot_interfaces:/home/kimm/wearable_robot_ws/install/wearable_robot_hw:/home/kimm/wearable_robot_ws/install/wearable_robot_data_processing:/home/kimm/wearable_robot_ws/install/wearable_robot_control:/home/kimm/wearable_robot_ws/install/wearable_robot_bringup:/home/kimm/install/can_data_extractor:/opt/ros/foxy /usr/bin/cmake --build /home/kimm/wearable_robot_ws/build/wearable_robot_hw -- -j8 -l8
[14.948s] DEBUG:colcon.colcon_core.event_handler.log_command:Invoked command in '/home/kimm/wearable_robot_ws/build/wearable_robot_data_processing' returned '0': CMAKE_PREFIX_PATH=/home/kimm/wearable_robot_ws/install/wearable_robot_interfaces:/home/kimm/wearable_robot_ws/install/wearable_robot_hw:/home/kimm/wearable_robot_ws/install/wearable_robot_data_processing:/home/kimm/wearable_robot_ws/install/wearable_robot_control:/home/kimm/wearable_robot_ws/install/wearable_robot_bringup:/home/kimm/install/can_data_extractor:/opt/ros/foxy /usr/bin/cmake --build /home/kimm/wearable_robot_ws/build/wearable_robot_data_processing -- -j8 -l8
[14.952s] DEBUG:colcon.colcon_core.event_handler.log_command:Invoking command in '/home/kimm/wearable_robot_ws/build/wearable_robot_data_processing': CMAKE_PREFIX_PATH=/home/kimm/wearable_robot_ws/install/wearable_robot_interfaces:/home/kimm/wearable_robot_ws/install/wearable_robot_hw:/home/kimm/wearable_robot_ws/install/wearable_robot_data_processing:/home/kimm/wearable_robot_ws/install/wearable_robot_control:/home/kimm/wearable_robot_ws/install/wearable_robot_bringup:/home/kimm/install/can_data_extractor:/opt/ros/foxy /usr/bin/cmake --install /home/kimm/wearable_robot_ws/build/wearable_robot_data_processing
[15.033s] Level 1:colcon.colcon_core.environment:create_environment_scripts_only(wearable_robot_data_processing)
[15.035s] Level 1:colcon.colcon_core.environment:checking '/home/kimm/wearable_robot_ws/install/wearable_robot_data_processing' for CMake module files
[15.036s] DEBUG:colcon.colcon_core.event_handler.log_command:Invoked command in '/home/kimm/wearable_robot_ws/build/wearable_robot_data_processing' returned '0': CMAKE_PREFIX_PATH=/home/kimm/wearable_robot_ws/install/wearable_robot_interfaces:/home/kimm/wearable_robot_ws/install/wearable_robot_hw:/home/kimm/wearable_robot_ws/install/wearable_robot_data_processing:/home/kimm/wearable_robot_ws/install/wearable_robot_control:/home/kimm/wearable_robot_ws/install/wearable_robot_bringup:/home/kimm/install/can_data_extractor:/opt/ros/foxy /usr/bin/cmake --install /home/kimm/wearable_robot_ws/build/wearable_robot_data_processing
[15.038s] Level 1:colcon.colcon_core.environment:checking '/home/kimm/wearable_robot_ws/install/wearable_robot_data_processing' for CMake config files
[15.039s] Level 1:colcon.colcon_core.shell:create_environment_hook('wearable_robot_data_processing', 'cmake_prefix_path')
[15.040s] INFO:colcon.colcon_core.shell:Creating environment hook '/home/kimm/wearable_robot_ws/install/wearable_robot_data_processing/share/wearable_robot_data_processing/hook/cmake_prefix_path.ps1'
[15.042s] INFO:colcon.colcon_core.shell:Creating environment descriptor '/home/kimm/wearable_robot_ws/install/wearable_robot_data_processing/share/wearable_robot_data_processing/hook/cmake_prefix_path.dsv'
[15.043s] INFO:colcon.colcon_core.shell:Creating environment hook '/home/kimm/wearable_robot_ws/install/wearable_robot_data_processing/share/wearable_robot_data_processing/hook/cmake_prefix_path.sh'
[15.045s] Level 1:colcon.colcon_core.environment:checking '/home/kimm/wearable_robot_ws/install/wearable_robot_data_processing/lib'
[15.045s] Level 1:colcon.colcon_core.environment:checking '/home/kimm/wearable_robot_ws/install/wearable_robot_data_processing/bin'
[15.045s] Level 1:colcon.colcon_core.environment:checking '/home/kimm/wearable_robot_ws/install/wearable_robot_data_processing/lib/pkgconfig/wearable_robot_data_processing.pc'
[15.046s] Level 1:colcon.colcon_core.environment:checking '/home/kimm/wearable_robot_ws/install/wearable_robot_data_processing/lib/python3.8/site-packages'
[15.046s] Level 1:colcon.colcon_core.environment:checking '/home/kimm/wearable_robot_ws/install/wearable_robot_data_processing/bin'
[15.047s] INFO:colcon.colcon_core.shell:Creating package script '/home/kimm/wearable_robot_ws/install/wearable_robot_data_processing/share/wearable_robot_data_processing/package.ps1'
[15.049s] INFO:colcon.colcon_core.shell:Creating package descriptor '/home/kimm/wearable_robot_ws/install/wearable_robot_data_processing/share/wearable_robot_data_processing/package.dsv'
[15.050s] INFO:colcon.colcon_core.shell:Creating package script '/home/kimm/wearable_robot_ws/install/wearable_robot_data_processing/share/wearable_robot_data_processing/package.sh'
[15.050s] INFO:colcon.colcon_core.shell:Creating package script '/home/kimm/wearable_robot_ws/install/wearable_robot_data_processing/share/wearable_robot_data_processing/package.bash'
[15.051s] INFO:colcon.colcon_core.shell:Creating package script '/home/kimm/wearable_robot_ws/install/wearable_robot_data_processing/share/wearable_robot_data_processing/package.zsh'
[15.052s] Level 1:colcon.colcon_core.environment:create_file_with_runtime_dependencies(/home/kimm/wearable_robot_ws/install/wearable_robot_data_processing/share/colcon-core/packages/wearable_robot_data_processing)
[15.054s] Level 1:colcon.colcon_core.environment:create_environment_scripts_only(wearable_robot_data_processing)
[15.054s] Level 1:colcon.colcon_core.environment:checking '/home/kimm/wearable_robot_ws/install/wearable_robot_data_processing' for CMake module files
[15.055s] Level 1:colcon.colcon_core.environment:checking '/home/kimm/wearable_robot_ws/install/wearable_robot_data_processing' for CMake config files
[15.056s] Level 1:colcon.colcon_core.shell:create_environment_hook('wearable_robot_data_processing', 'cmake_prefix_path')
[15.057s] INFO:colcon.colcon_core.shell:Creating environment hook '/home/kimm/wearable_robot_ws/install/wearable_robot_data_processing/share/wearable_robot_data_processing/hook/cmake_prefix_path.ps1'
[15.059s] INFO:colcon.colcon_core.shell:Creating environment descriptor '/home/kimm/wearable_robot_ws/install/wearable_robot_data_processing/share/wearable_robot_data_processing/hook/cmake_prefix_path.dsv'
[15.059s] INFO:colcon.colcon_core.shell:Creating environment hook '/home/kimm/wearable_robot_ws/install/wearable_robot_data_processing/share/wearable_robot_data_processing/hook/cmake_prefix_path.sh'
[15.061s] Level 1:colcon.colcon_core.environment:checking '/home/kimm/wearable_robot_ws/install/wearable_robot_data_processing/lib'
[15.061s] Level 1:colcon.colcon_core.environment:checking '/home/kimm/wearable_robot_ws/install/wearable_robot_data_processing/bin'
[15.061s] Level 1:colcon.colcon_core.environment:checking '/home/kimm/wearable_robot_ws/install/wearable_robot_data_processing/lib/pkgconfig/wearable_robot_data_processing.pc'
[15.061s] Level 1:colcon.colcon_core.environment:checking '/home/kimm/wearable_robot_ws/install/wearable_robot_data_processing/lib/python3.8/site-packages'
[15.062s] Level 1:colcon.colcon_core.environment:checking '/home/kimm/wearable_robot_ws/install/wearable_robot_data_processing/bin'
[15.062s] INFO:colcon.colcon_core.shell:Creating package script '/home/kimm/wearable_robot_ws/install/wearable_robot_data_processing/share/wearable_robot_data_processing/package.ps1'
[15.064s] INFO:colcon.colcon_core.shell:Creating package descriptor '/home/kimm/wearable_robot_ws/install/wearable_robot_data_processing/share/wearable_robot_data_processing/package.dsv'
[15.064s] INFO:colcon.colcon_core.shell:Creating package script '/home/kimm/wearable_robot_ws/install/wearable_robot_data_processing/share/wearable_robot_data_processing/package.sh'
[15.065s] INFO:colcon.colcon_core.shell:Creating package script '/home/kimm/wearable_robot_ws/install/wearable_robot_data_processing/share/wearable_robot_data_processing/package.bash'
[15.066s] INFO:colcon.colcon_core.shell:Creating package script '/home/kimm/wearable_robot_ws/install/wearable_robot_data_processing/share/wearable_robot_data_processing/package.zsh'
[15.067s] Level 1:colcon.colcon_core.environment:create_file_with_runtime_dependencies(/home/kimm/wearable_robot_ws/install/wearable_robot_data_processing/share/colcon-core/packages/wearable_robot_data_processing)
[17.078s] DEBUG:colcon.colcon_core.event_handler.log_command:Invoked command in '/home/kimm/wearable_robot_ws/build/wearable_robot_hw' returned '0': CMAKE_PREFIX_PATH=/home/kimm/wearable_robot_ws/install/wearable_robot_interfaces:/home/kimm/wearable_robot_ws/install/wearable_robot_hw:/home/kimm/wearable_robot_ws/install/wearable_robot_data_processing:/home/kimm/wearable_robot_ws/install/wearable_robot_control:/home/kimm/wearable_robot_ws/install/wearable_robot_bringup:/home/kimm/install/can_data_extractor:/opt/ros/foxy /usr/bin/cmake --build /home/kimm/wearable_robot_ws/build/wearable_robot_hw -- -j8 -l8
[17.088s] DEBUG:colcon.colcon_core.event_handler.log_command:Invoking command in '/home/kimm/wearable_robot_ws/build/wearable_robot_hw': CMAKE_PREFIX_PATH=/home/kimm/wearable_robot_ws/install/wearable_robot_interfaces:/home/kimm/wearable_robot_ws/install/wearable_robot_hw:/home/kimm/wearable_robot_ws/install/wearable_robot_data_processing:/home/kimm/wearable_robot_ws/install/wearable_robot_control:/home/kimm/wearable_robot_ws/install/wearable_robot_bringup:/home/kimm/install/can_data_extractor:/opt/ros/foxy /usr/bin/cmake --install /home/kimm/wearable_robot_ws/build/wearable_robot_hw
[17.137s] Level 1:colcon.colcon_core.environment:create_environment_scripts_only(wearable_robot_hw)
[17.139s] Level 1:colcon.colcon_core.environment:checking '/home/kimm/wearable_robot_ws/install/wearable_robot_hw' for CMake module files
[17.141s] DEBUG:colcon.colcon_core.event_handler.log_command:Invoked command in '/home/kimm/wearable_robot_ws/build/wearable_robot_hw' returned '0': CMAKE_PREFIX_PATH=/home/kimm/wearable_robot_ws/install/wearable_robot_interfaces:/home/kimm/wearable_robot_ws/install/wearable_robot_hw:/home/kimm/wearable_robot_ws/install/wearable_robot_data_processing:/home/kimm/wearable_robot_ws/install/wearable_robot_control:/home/kimm/wearable_robot_ws/install/wearable_robot_bringup:/home/kimm/install/can_data_extractor:/opt/ros/foxy /usr/bin/cmake --install /home/kimm/wearable_robot_ws/build/wearable_robot_hw
[17.142s] Level 1:colcon.colcon_core.environment:checking '/home/kimm/wearable_robot_ws/install/wearable_robot_hw' for CMake config files
[17.143s] Level 1:colcon.colcon_core.shell:create_environment_hook('wearable_robot_hw', 'cmake_prefix_path')
[17.144s] INFO:colcon.colcon_core.shell:Creating environment hook '/home/kimm/wearable_robot_ws/install/wearable_robot_hw/share/wearable_robot_hw/hook/cmake_prefix_path.ps1'
[17.146s] INFO:colcon.colcon_core.shell:Creating environment descriptor '/home/kimm/wearable_robot_ws/install/wearable_robot_hw/share/wearable_robot_hw/hook/cmake_prefix_path.dsv'
[17.148s] INFO:colcon.colcon_core.shell:Creating environment hook '/home/kimm/wearable_robot_ws/install/wearable_robot_hw/share/wearable_robot_hw/hook/cmake_prefix_path.sh'
[17.150s] Level 1:colcon.colcon_core.environment:checking '/home/kimm/wearable_robot_ws/install/wearable_robot_hw/lib'
[17.150s] Level 1:colcon.colcon_core.environment:checking '/home/kimm/wearable_robot_ws/install/wearable_robot_hw/bin'
[17.150s] Level 1:colcon.colcon_core.environment:checking '/home/kimm/wearable_robot_ws/install/wearable_robot_hw/lib/pkgconfig/wearable_robot_hw.pc'
[17.151s] Level 1:colcon.colcon_core.environment:checking '/home/kimm/wearable_robot_ws/install/wearable_robot_hw/lib/python3.8/site-packages'
[17.152s] Level 1:colcon.colcon_core.environment:checking '/home/kimm/wearable_robot_ws/install/wearable_robot_hw/bin'
[17.153s] INFO:colcon.colcon_core.shell:Creating package script '/home/kimm/wearable_robot_ws/install/wearable_robot_hw/share/wearable_robot_hw/package.ps1'
[17.155s] INFO:colcon.colcon_core.shell:Creating package descriptor '/home/kimm/wearable_robot_ws/install/wearable_robot_hw/share/wearable_robot_hw/package.dsv'
[17.156s] INFO:colcon.colcon_core.shell:Creating package script '/home/kimm/wearable_robot_ws/install/wearable_robot_hw/share/wearable_robot_hw/package.sh'
[17.158s] INFO:colcon.colcon_core.shell:Creating package script '/home/kimm/wearable_robot_ws/install/wearable_robot_hw/share/wearable_robot_hw/package.bash'
[17.159s] INFO:colcon.colcon_core.shell:Creating package script '/home/kimm/wearable_robot_ws/install/wearable_robot_hw/share/wearable_robot_hw/package.zsh'
[17.160s] Level 1:colcon.colcon_core.environment:create_file_with_runtime_dependencies(/home/kimm/wearable_robot_ws/install/wearable_robot_hw/share/colcon-core/packages/wearable_robot_hw)
[17.163s] Level 1:colcon.colcon_core.environment:create_environment_scripts_only(wearable_robot_hw)
[17.163s] Level 1:colcon.colcon_core.environment:checking '/home/kimm/wearable_robot_ws/install/wearable_robot_hw' for CMake module files
[17.165s] Level 1:colcon.colcon_core.environment:checking '/home/kimm/wearable_robot_ws/install/wearable_robot_hw' for CMake config files
[17.166s] Level 1:colcon.colcon_core.shell:create_environment_hook('wearable_robot_hw', 'cmake_prefix_path')
[17.167s] INFO:colcon.colcon_core.shell:Creating environment hook '/home/kimm/wearable_robot_ws/install/wearable_robot_hw/share/wearable_robot_hw/hook/cmake_prefix_path.ps1'
[17.168s] INFO:colcon.colcon_core.shell:Creating environment descriptor '/home/kimm/wearable_robot_ws/install/wearable_robot_hw/share/wearable_robot_hw/hook/cmake_prefix_path.dsv'
[17.169s] INFO:colcon.colcon_core.shell:Creating environment hook '/home/kimm/wearable_robot_ws/install/wearable_robot_hw/share/wearable_robot_hw/hook/cmake_prefix_path.sh'
[17.171s] Level 1:colcon.colcon_core.environment:checking '/home/kimm/wearable_robot_ws/install/wearable_robot_hw/lib'
[17.171s] Level 1:colcon.colcon_core.environment:checking '/home/kimm/wearable_robot_ws/install/wearable_robot_hw/bin'
[17.171s] Level 1:colcon.colcon_core.environment:checking '/home/kimm/wearable_robot_ws/install/wearable_robot_hw/lib/pkgconfig/wearable_robot_hw.pc'
[17.172s] Level 1:colcon.colcon_core.environment:checking '/home/kimm/wearable_robot_ws/install/wearable_robot_hw/lib/python3.8/site-packages'
[17.172s] Level 1:colcon.colcon_core.environment:checking '/home/kimm/wearable_robot_ws/install/wearable_robot_hw/bin'
[17.173s] INFO:colcon.colcon_core.shell:Creating package script '/home/kimm/wearable_robot_ws/install/wearable_robot_hw/share/wearable_robot_hw/package.ps1'
[17.175s] INFO:colcon.colcon_core.shell:Creating package descriptor '/home/kimm/wearable_robot_ws/install/wearable_robot_hw/share/wearable_robot_hw/package.dsv'
[17.176s] INFO:colcon.colcon_core.shell:Creating package script '/home/kimm/wearable_robot_ws/install/wearable_robot_hw/share/wearable_robot_hw/package.sh'
[17.177s] INFO:colcon.colcon_core.shell:Creating package script '/home/kimm/wearable_robot_ws/install/wearable_robot_hw/share/wearable_robot_hw/package.bash'
[17.178s] INFO:colcon.colcon_core.shell:Creating package script '/home/kimm/wearable_robot_ws/install/wearable_robot_hw/share/wearable_robot_hw/package.zsh'
[17.179s] Level 1:colcon.colcon_core.environment:create_file_with_runtime_dependencies(/home/kimm/wearable_robot_ws/install/wearable_robot_hw/share/colcon-core/packages/wearable_robot_hw)
[17.180s] DEBUG:colcon.colcon_parallel_executor.executor.parallel:closing loop
[17.180s] DEBUG:colcon.colcon_parallel_executor.executor.parallel:loop closed
[17.180s] DEBUG:colcon.colcon_parallel_executor.executor.parallel:run_until_complete finished with '0'
[17.181s] DEBUG:colcon.colcon_core.event_reactor:joining thread
[17.199s] INFO:colcon.colcon_core.plugin_system:Skipping extension 'colcon_notification.desktop_notification.terminal_notifier': Not used on non-Darwin systems
[17.200s] INFO:colcon.colcon_core.plugin_system:Skipping extension 'colcon_notification.desktop_notification.win32': Not used on non-Windows systems
[17.200s] INFO:colcon.colcon_notification.desktop_notification:Sending desktop notification using 'notify2'
[17.242s] DEBUG:colcon.colcon_core.event_reactor:joined thread
[17.243s] INFO:colcon.colcon_core.shell:Creating prefix script '/home/kimm/wearable_robot_ws/install/local_setup.ps1'
[17.246s] INFO:colcon.colcon_core.shell:Creating prefix util module '/home/kimm/wearable_robot_ws/install/_local_setup_util_ps1.py'
[17.248s] INFO:colcon.colcon_core.shell:Creating prefix chain script '/home/kimm/wearable_robot_ws/install/setup.ps1'
[17.252s] INFO:colcon.colcon_core.shell:Creating prefix script '/home/kimm/wearable_robot_ws/install/local_setup.sh'
[17.253s] INFO:colcon.colcon_core.shell:Creating prefix util module '/home/kimm/wearable_robot_ws/install/_local_setup_util_sh.py'
[17.254s] INFO:colcon.colcon_core.shell:Creating prefix chain script '/home/kimm/wearable_robot_ws/install/setup.sh'
[17.257s] INFO:colcon.colcon_core.shell:Creating prefix script '/home/kimm/wearable_robot_ws/install/local_setup.bash'
[17.258s] INFO:colcon.colcon_core.shell:Creating prefix chain script '/home/kimm/wearable_robot_ws/install/setup.bash'
[17.261s] INFO:colcon.colcon_core.shell:Creating prefix script '/home/kimm/wearable_robot_ws/install/local_setup.zsh'
[17.262s] INFO:colcon.colcon_core.shell:Creating prefix chain script '/home/kimm/wearable_robot_ws/install/setup.zsh'
