[0.058s] Invoking command in '/home/kimm/wearable_robot_ws/build/wearable_robot_bringup': CMAKE_PREFIX_PATH=${CMAKE_PREFIX_PATH}:/opt/ros/foxy /usr/bin/cmake /home/kimm/wearable_robot_ws/src/wearable_robot_bringup -DAMENT_CMAKE_SYMLINK_INSTALL=1 -DCMAKE_INSTALL_PREFIX=/home/kimm/wearable_robot_ws/install/wearable_robot_bringup
[0.188s] -- The C compiler identification is GNU 9.4.0
[0.299s] -- The CXX compiler identification is GNU 9.4.0
[0.311s] -- Check for working C compiler: /usr/bin/cc
[0.450s] -- Check for working C compiler: /usr/bin/cc -- works
[0.451s] -- Detecting C compiler ABI info
[0.603s] -- Detecting C compiler ABI info - done
[0.618s] -- Detecting C compile features
[0.620s] -- Detecting C compile features - done
[0.627s] -- Check for working CXX compiler: /usr/bin/c++
[0.809s] -- Check for working CXX compiler: /usr/bin/c++ -- works
[0.809s] -- Detecting CXX compiler ABI info
[0.967s] -- Detecting CXX compiler ABI info - done
[0.990s] -- Detecting CXX compile features
[0.991s] -- Detecting CXX compile features - done
[0.996s] -- Found ament_cmake: 0.9.12 (/opt/ros/foxy/share/ament_cmake/cmake)
[1.050s] -- Found PythonInterp: /usr/bin/python3 (found suitable version "3.8.10", minimum required is "3") 
[1.051s] -- Using PYTHON_EXECUTABLE: /usr/bin/python3
[1.453s] -- Override CMake install command with custom implementation using symlinks instead of copying resources
[1.499s] -- Found ament_lint_auto: 0.9.8 (/opt/ros/foxy/share/ament_lint_auto/cmake)
[1.668s] -- Added test 'copyright' to check source files copyright and LICENSE
[1.673s] -- Added test 'flake8' to check Python code syntax and style conventions
[1.674s] -- Added test 'lint_cmake' to check CMake code style
[1.675s] -- Added test 'pep257' to check Python code against some of the style conventions in PEP 257
[1.678s] -- Added test 'xmllint' to check XML markup files
[1.684s] -- Configuring done
[1.689s] -- Generating done
[1.693s] -- Build files have been written to: /home/kimm/wearable_robot_ws/build/wearable_robot_bringup
[1.709s] Invoked command in '/home/kimm/wearable_robot_ws/build/wearable_robot_bringup' returned '0': CMAKE_PREFIX_PATH=${CMAKE_PREFIX_PATH}:/opt/ros/foxy /usr/bin/cmake /home/kimm/wearable_robot_ws/src/wearable_robot_bringup -DAMENT_CMAKE_SYMLINK_INSTALL=1 -DCMAKE_INSTALL_PREFIX=/home/kimm/wearable_robot_ws/install/wearable_robot_bringup
[1.711s] Invoking command in '/home/kimm/wearable_robot_ws/build/wearable_robot_bringup': CMAKE_PREFIX_PATH=${CMAKE_PREFIX_PATH}:/opt/ros/foxy /usr/bin/cmake --build /home/kimm/wearable_robot_ws/build/wearable_robot_bringup -- -j8 -l8
[1.803s] Invoked command in '/home/kimm/wearable_robot_ws/build/wearable_robot_bringup' returned '0': CMAKE_PREFIX_PATH=${CMAKE_PREFIX_PATH}:/opt/ros/foxy /usr/bin/cmake --build /home/kimm/wearable_robot_ws/build/wearable_robot_bringup -- -j8 -l8
[1.842s] Invoking command in '/home/kimm/wearable_robot_ws/build/wearable_robot_bringup': CMAKE_PREFIX_PATH=${CMAKE_PREFIX_PATH}:/opt/ros/foxy /usr/bin/cmake --install /home/kimm/wearable_robot_ws/build/wearable_robot_bringup
[1.858s] -- Install configuration: ""
[1.859s] -- Execute custom install script
[1.861s] -- Symlinking: /home/kimm/wearable_robot_ws/install/wearable_robot_bringup/share/wearable_robot_bringup/launch/bringup_all.launch.py
[1.884s] -- Symlinking: /home/kimm/wearable_robot_ws/install/wearable_robot_bringup/share/wearable_robot_bringup/launch/data_processing.launch.py
[1.899s] -- Symlinking: /home/kimm/wearable_robot_ws/install/wearable_robot_bringup/share/wearable_robot_bringup/launch/system.launch.py
[1.928s] -- Symlinking: /home/kimm/wearable_robot_ws/install/wearable_robot_bringup/share/wearable_robot_bringup/config/calibration_params.yaml
[1.950s] -- Symlinking: /home/kimm/wearable_robot_ws/install/wearable_robot_bringup/share/wearable_robot_bringup/config/serial_params.yaml
[1.970s] -- Up-to-date symlink: /home/kimm/wearable_robot_ws/install/wearable_robot_bringup/share/wearable_robot_bringup/launch/bringup_all.launch.py
[1.971s] -- Up-to-date symlink: /home/kimm/wearable_robot_ws/install/wearable_robot_bringup/share/wearable_robot_bringup/launch/data_processing.launch.py
[1.971s] -- Up-to-date symlink: /home/kimm/wearable_robot_ws/install/wearable_robot_bringup/share/wearable_robot_bringup/launch/system.launch.py
[1.971s] -- Up-to-date symlink: /home/kimm/wearable_robot_ws/install/wearable_robot_bringup/share/wearable_robot_bringup/config/calibration_params.yaml
[1.971s] -- Up-to-date symlink: /home/kimm/wearable_robot_ws/install/wearable_robot_bringup/share/wearable_robot_bringup/config/serial_params.yaml
[1.973s] -- Symlinking: /home/kimm/wearable_robot_ws/install/wearable_robot_bringup/share/ament_index/resource_index/package_run_dependencies/wearable_robot_bringup
[1.993s] -- Symlinking: /home/kimm/wearable_robot_ws/install/wearable_robot_bringup/share/ament_index/resource_index/parent_prefix_path/wearable_robot_bringup
[2.017s] -- Symlinking: /home/kimm/wearable_robot_ws/install/wearable_robot_bringup/share/wearable_robot_bringup/environment/ament_prefix_path.sh
[2.039s] -- Symlinking: /home/kimm/wearable_robot_ws/install/wearable_robot_bringup/share/wearable_robot_bringup/environment/ament_prefix_path.dsv
[2.059s] -- Symlinking: /home/kimm/wearable_robot_ws/install/wearable_robot_bringup/share/wearable_robot_bringup/environment/path.sh
[2.077s] -- Symlinking: /home/kimm/wearable_robot_ws/install/wearable_robot_bringup/share/wearable_robot_bringup/environment/path.dsv
[2.098s] -- Symlinking: /home/kimm/wearable_robot_ws/install/wearable_robot_bringup/share/wearable_robot_bringup/local_setup.bash
[2.117s] -- Symlinking: /home/kimm/wearable_robot_ws/install/wearable_robot_bringup/share/wearable_robot_bringup/local_setup.sh
[2.136s] -- Symlinking: /home/kimm/wearable_robot_ws/install/wearable_robot_bringup/share/wearable_robot_bringup/local_setup.zsh
[2.155s] -- Symlinking: /home/kimm/wearable_robot_ws/install/wearable_robot_bringup/share/wearable_robot_bringup/local_setup.dsv
[2.175s] -- Symlinking: /home/kimm/wearable_robot_ws/install/wearable_robot_bringup/share/wearable_robot_bringup/package.dsv
[2.198s] -- Symlinking: /home/kimm/wearable_robot_ws/install/wearable_robot_bringup/share/ament_index/resource_index/packages/wearable_robot_bringup
[2.218s] -- Symlinking: /home/kimm/wearable_robot_ws/install/wearable_robot_bringup/share/wearable_robot_bringup/cmake/wearable_robot_bringupConfig.cmake
[2.239s] -- Symlinking: /home/kimm/wearable_robot_ws/install/wearable_robot_bringup/share/wearable_robot_bringup/cmake/wearable_robot_bringupConfig-version.cmake
[2.258s] -- Symlinking: /home/kimm/wearable_robot_ws/install/wearable_robot_bringup/share/wearable_robot_bringup/package.xml
[2.285s] Invoked command in '/home/kimm/wearable_robot_ws/build/wearable_robot_bringup' returned '0': CMAKE_PREFIX_PATH=${CMAKE_PREFIX_PATH}:/opt/ros/foxy /usr/bin/cmake --install /home/kimm/wearable_robot_ws/build/wearable_robot_bringup
