[0.087s] Invoking command in '/home/kimm/wearable_robot_ws/build/ros2_socketcan_msgs': CMAKE_PREFIX_PATH=${CMAKE_PREFIX_PATH}:/opt/ros/foxy /usr/bin/cmake /home/kimm/wearable_robot_ws/src/ros2_socketcan/ros2_socketcan_msgs -DAMENT_CMAKE_SYMLINK_INSTALL=1 -DCMAKE_INSTALL_PREFIX=/home/kimm/wearable_robot_ws/install/ros2_socketcan_msgs
[0.523s] -- The C compiler identification is GNU 9.4.0
[1.287s] -- The CXX compiler identification is GNU 9.4.0
[1.340s] -- Check for working C compiler: /usr/bin/cc
[1.540s] -- Check for working C compiler: /usr/bin/cc -- works
[1.555s] -- Detecting C compiler ABI info
[1.739s] -- Detecting C compiler ABI info - done
[1.762s] -- Detecting C compile features
[1.774s] -- Detecting C compile features - done
[1.794s] -- Check for working CXX compiler: /usr/bin/c++
[1.992s] -- Check for working CXX compiler: /usr/bin/c++ -- works
[1.995s] -- Detecting CXX compiler ABI info
[2.223s] -- Detecting CXX compiler ABI info - done
[2.250s] -- Detecting CXX compile features
[2.251s] -- Detecting CXX compile features - done
[2.259s] -- Found ament_cmake_auto: 0.9.12 (/opt/ros/foxy/share/ament_cmake_auto/cmake)
[2.330s] -- Found PythonInterp: /usr/bin/python3 (found suitable version "3.8.10", minimum required is "3") 
[2.331s] -- Using PYTHON_EXECUTABLE: /usr/bin/python3
[2.757s] -- Override CMake install command with custom implementation using symlinks instead of copying resources
[2.957s] -- Using all available rosidl_typesupport_c: rosidl_typesupport_fastrtps_c;rosidl_typesupport_introspection_c
[2.974s] -- Found rosidl_adapter: 1.3.1 (/opt/ros/foxy/share/rosidl_adapter/cmake)
[3.253s] -- Found OpenSSL: /usr/lib/aarch64-linux-gnu/libcrypto.so (found version "1.1.1f")  
[3.318s] -- Found FastRTPS: /opt/ros/foxy/include  
[3.512s] -- Using all available rosidl_typesupport_cpp: rosidl_typesupport_fastrtps_cpp;rosidl_typesupport_introspection_cpp
[3.691s] -- Found PythonInterp: /usr/bin/python3 (found version "3.8.10") 
[3.917s] -- Found ament_cmake_cppcheck: 0.9.8 (/opt/ros/foxy/share/ament_cmake_cppcheck/cmake)
[3.922s] -- Found ament_cmake_cpplint: 0.9.8 (/opt/ros/foxy/share/ament_cmake_cpplint/cmake)
[3.928s] -- Found ament_cmake_uncrustify: 0.9.8 (/opt/ros/foxy/share/ament_cmake_uncrustify/cmake)
[3.935s] -- Found ament_cmake_ros: 0.9.2 (/opt/ros/foxy/share/ament_cmake_ros/cmake)
[4.319s] -- Using all available rosidl_typesupport_c: rosidl_typesupport_fastrtps_c;rosidl_typesupport_introspection_c
[4.450s] -- Using all available rosidl_typesupport_cpp: rosidl_typesupport_fastrtps_cpp;rosidl_typesupport_introspection_cpp
[4.510s] -- Found PythonInterp: /usr/bin/python3 (found suitable version "3.8.10", minimum required is "3.5") 
[4.514s] -- Found python_cmake_module: 0.8.1 (/opt/ros/foxy/share/python_cmake_module/cmake)
[4.586s] -- Found PythonLibs: /usr/lib/aarch64-linux-gnu/libpython3.8.so (found suitable version "3.8.10", minimum required is "3.5") 
[4.586s] -- Using PYTHON_EXECUTABLE: /usr/bin/python3
[4.586s] -- Using PYTHON_INCLUDE_DIRS: /usr/include/python3.8
[4.586s] -- Using PYTHON_LIBRARIES: /usr/lib/aarch64-linux-gnu/libpython3.8.so
[4.639s] -- Found PythonExtra: .so  
[4.822s] -- Found ament_cmake_flake8: 0.9.8 (/opt/ros/foxy/share/ament_cmake_flake8/cmake)
[4.828s] -- Found ament_cmake_pep257: 0.9.8 (/opt/ros/foxy/share/ament_cmake_pep257/cmake)
[4.836s] -- Found ament_lint_auto: 0.9.8 (/opt/ros/foxy/share/ament_lint_auto/cmake)
[4.883s] -- Added test 'copyright' to check source files copyright and LICENSE
[4.884s] -- Added test 'lint_cmake' to check CMake code style
[4.885s] -- Added test 'xmllint' to check XML markup files
[4.903s] -- Configuring done
[5.031s] -- Generating done
[5.061s] -- Build files have been written to: /home/kimm/wearable_robot_ws/build/ros2_socketcan_msgs
[5.099s] Invoked command in '/home/kimm/wearable_robot_ws/build/ros2_socketcan_msgs' returned '0': CMAKE_PREFIX_PATH=${CMAKE_PREFIX_PATH}:/opt/ros/foxy /usr/bin/cmake /home/kimm/wearable_robot_ws/src/ros2_socketcan/ros2_socketcan_msgs -DAMENT_CMAKE_SYMLINK_INSTALL=1 -DCMAKE_INSTALL_PREFIX=/home/kimm/wearable_robot_ws/install/ros2_socketcan_msgs
[5.103s] Invoking command in '/home/kimm/wearable_robot_ws/build/ros2_socketcan_msgs': CMAKE_PREFIX_PATH=${CMAKE_PREFIX_PATH}:/opt/ros/foxy /usr/bin/cmake --build /home/kimm/wearable_robot_ws/build/ros2_socketcan_msgs -- -j8 -l8
[5.191s] [  3%] [34m[1mGenerating C code for ROS interfaces[0m
[5.191s] [35m[1mScanning dependencies of target ros2_socketcan_msgs__cpp[0m
[5.217s] [  6%] [34m[1mGenerating C++ code for ROS interfaces[0m
[5.727s] [35m[1mScanning dependencies of target ros2_socketcan_msgs__rosidl_generator_c[0m
[5.762s] [  9%] [32mBuilding C object CMakeFiles/ros2_socketcan_msgs__rosidl_generator_c.dir/rosidl_generator_c/ros2_socketcan_msgs/msg/detail/fd_frame__functions.c.o[0m
[5.783s] [  9%] Built target ros2_socketcan_msgs__cpp
[5.807s] [ 16%] [34m[1mGenerating C++ type support dispatch for ROS interfaces[0m
[5.807s] [ 19%] [34m[1mGenerating C++ type support for eProsima Fast-RTPS[0m
[5.807s] [ 19%] [34m[1mGenerating C++ introspection for ROS interfaces[0m
[5.907s] [ 22%] [32m[1mLinking C shared library libros2_socketcan_msgs__rosidl_generator_c.so[0m
[6.078s] [ 22%] Built target ros2_socketcan_msgs__rosidl_generator_c
[6.107s] [ 25%] [34m[1mGenerating C introspection for ROS interfaces[0m
[6.107s] [ 29%] [34m[1mGenerating C type support dispatch for ROS interfaces[0m
[6.355s] [35m[1mScanning dependencies of target ros2_socketcan_msgs__rosidl_typesupport_cpp[0m
[6.389s] [ 32%] [32mBuilding CXX object CMakeFiles/ros2_socketcan_msgs__rosidl_typesupport_cpp.dir/rosidl_typesupport_cpp/ros2_socketcan_msgs/msg/fd_frame__type_support.cpp.o[0m
[6.416s] [35m[1mScanning dependencies of target ros2_socketcan_msgs__rosidl_typesupport_introspection_cpp[0m
[6.422s] [35m[1mScanning dependencies of target ros2_socketcan_msgs__rosidl_typesupport_fastrtps_cpp[0m
[6.454s] [ 35%] [32mBuilding CXX object CMakeFiles/ros2_socketcan_msgs__rosidl_typesupport_introspection_cpp.dir/rosidl_typesupport_introspection_cpp/ros2_socketcan_msgs/msg/detail/fd_frame__type_support.cpp.o[0m
[6.459s] [ 38%] [32mBuilding CXX object CMakeFiles/ros2_socketcan_msgs__rosidl_typesupport_fastrtps_cpp.dir/rosidl_typesupport_fastrtps_cpp/ros2_socketcan_msgs/msg/detail/dds_fastrtps/fd_frame__type_support.cpp.o[0m
[6.565s] [35m[1mScanning dependencies of target ros2_socketcan_msgs__rosidl_typesupport_c[0m
[6.604s] [ 41%] [32mBuilding CXX object CMakeFiles/ros2_socketcan_msgs__rosidl_typesupport_c.dir/rosidl_typesupport_c/ros2_socketcan_msgs/msg/fd_frame__type_support.cpp.o[0m
[6.701s] [35m[1mScanning dependencies of target ros2_socketcan_msgs__rosidl_typesupport_introspection_c[0m
[6.724s] [ 45%] [32m[1mLinking CXX shared library libros2_socketcan_msgs__rosidl_typesupport_c.so[0m
[6.737s] [ 48%] [32mBuilding C object CMakeFiles/ros2_socketcan_msgs__rosidl_typesupport_introspection_c.dir/rosidl_typesupport_introspection_c/ros2_socketcan_msgs/msg/detail/fd_frame__type_support.c.o[0m
[6.829s] [ 51%] [32m[1mLinking C shared library libros2_socketcan_msgs__rosidl_typesupport_introspection_c.so[0m
[6.892s] [ 51%] Built target ros2_socketcan_msgs__rosidl_typesupport_c
[6.959s] [ 51%] Built target ros2_socketcan_msgs__rosidl_typesupport_introspection_c
[7.104s] [ 54%] [32m[1mLinking CXX shared library libros2_socketcan_msgs__rosidl_typesupport_cpp.so[0m
[7.194s] [ 54%] Built target ros2_socketcan_msgs__rosidl_typesupport_cpp
[7.376s] [ 58%] [32m[1mLinking CXX shared library libros2_socketcan_msgs__rosidl_typesupport_introspection_cpp.so[0m
[7.550s] [ 58%] Built target ros2_socketcan_msgs__rosidl_typesupport_introspection_cpp
[7.648s] [ 61%] [32m[1mLinking CXX shared library libros2_socketcan_msgs__rosidl_typesupport_fastrtps_cpp.so[0m
[7.849s] [ 61%] Built target ros2_socketcan_msgs__rosidl_typesupport_fastrtps_cpp
[7.869s] [ 64%] [34m[1mGenerating C type support for eProsima Fast-RTPS[0m
[8.353s] [35m[1mScanning dependencies of target ros2_socketcan_msgs__rosidl_typesupport_fastrtps_c[0m
[8.388s] [ 67%] [32mBuilding CXX object CMakeFiles/ros2_socketcan_msgs__rosidl_typesupport_fastrtps_c.dir/rosidl_typesupport_fastrtps_c/ros2_socketcan_msgs/msg/detail/fd_frame__type_support_c.cpp.o[0m
[9.242s] [ 70%] [32m[1mLinking CXX shared library libros2_socketcan_msgs__rosidl_typesupport_fastrtps_c.so[0m
[9.466s] [ 70%] Built target ros2_socketcan_msgs__rosidl_typesupport_fastrtps_c
[9.491s] [35m[1mScanning dependencies of target ros2_socketcan_msgs[0m
[9.517s] [ 70%] Built target ros2_socketcan_msgs
[9.540s] [35m[1mScanning dependencies of target ros2_socketcan_msgs__py[0m
[9.566s] [ 74%] [34m[1mGenerating Python code for ROS interfaces[0m
[11.242s] [ 74%] Built target ros2_socketcan_msgs__py
[11.265s] [35m[1mScanning dependencies of target ros2_socketcan_msgs__python[0m
[11.355s] [ 77%] [32mBuilding C object CMakeFiles/ros2_socketcan_msgs__python.dir/rosidl_generator_py/ros2_socketcan_msgs/msg/_fd_frame_s.c.o[0m
[11.590s] [ 80%] [32m[1mLinking C shared library rosidl_generator_py/ros2_socketcan_msgs/libros2_socketcan_msgs__python.so[0m
[11.682s] [ 80%] Built target ros2_socketcan_msgs__python
[11.706s] [35m[1mScanning dependencies of target ros2_socketcan_msgs__rosidl_typesupport_c__pyext[0m
[11.707s] [35m[1mScanning dependencies of target ros2_socketcan_msgs__rosidl_typesupport_introspection_c__pyext[0m
[11.712s] [35m[1mScanning dependencies of target ros2_socketcan_msgs__rosidl_typesupport_fastrtps_c__pyext[0m
[11.753s] [ 83%] [32mBuilding C object CMakeFiles/ros2_socketcan_msgs__rosidl_typesupport_c__pyext.dir/rosidl_generator_py/ros2_socketcan_msgs/_ros2_socketcan_msgs_s.ep.rosidl_typesupport_c.c.o[0m
[11.759s] [ 87%] [32mBuilding C object CMakeFiles/ros2_socketcan_msgs__rosidl_typesupport_introspection_c__pyext.dir/rosidl_generator_py/ros2_socketcan_msgs/_ros2_socketcan_msgs_s.ep.rosidl_typesupport_introspection_c.c.o[0m
[11.764s] [ 90%] [32mBuilding C object CMakeFiles/ros2_socketcan_msgs__rosidl_typesupport_fastrtps_c__pyext.dir/rosidl_generator_py/ros2_socketcan_msgs/_ros2_socketcan_msgs_s.ep.rosidl_typesupport_fastrtps_c.c.o[0m
[11.925s] [ 93%] [32m[1mLinking C shared library rosidl_generator_py/ros2_socketcan_msgs/ros2_socketcan_msgs_s__rosidl_typesupport_c.cpython-38-aarch64-linux-gnu.so[0m
[11.939s] [ 96%] [32m[1mLinking C shared library rosidl_generator_py/ros2_socketcan_msgs/ros2_socketcan_msgs_s__rosidl_typesupport_introspection_c.cpython-38-aarch64-linux-gnu.so[0m
[11.948s] [100%] [32m[1mLinking CXX shared library rosidl_generator_py/ros2_socketcan_msgs/ros2_socketcan_msgs_s__rosidl_typesupport_fastrtps_c.cpython-38-aarch64-linux-gnu.so[0m
[12.014s] [100%] Built target ros2_socketcan_msgs__rosidl_typesupport_c__pyext
[12.022s] [100%] Built target ros2_socketcan_msgs__rosidl_typesupport_introspection_c__pyext
[12.090s] [100%] Built target ros2_socketcan_msgs__rosidl_typesupport_fastrtps_c__pyext
[12.118s] Invoked command in '/home/kimm/wearable_robot_ws/build/ros2_socketcan_msgs' returned '0': CMAKE_PREFIX_PATH=${CMAKE_PREFIX_PATH}:/opt/ros/foxy /usr/bin/cmake --build /home/kimm/wearable_robot_ws/build/ros2_socketcan_msgs -- -j8 -l8
[12.124s] Invoking command in '/home/kimm/wearable_robot_ws/build/ros2_socketcan_msgs': CMAKE_PREFIX_PATH=${CMAKE_PREFIX_PATH}:/opt/ros/foxy /usr/bin/cmake --install /home/kimm/wearable_robot_ws/build/ros2_socketcan_msgs
[12.147s] -- Install configuration: ""
[12.148s] -- Execute custom install script
[12.149s] -- Symlinking: /home/kimm/wearable_robot_ws/install/ros2_socketcan_msgs/share/ament_index/resource_index/rosidl_interfaces/ros2_socketcan_msgs
[12.174s] -- Symlinking: /home/kimm/wearable_robot_ws/install/ros2_socketcan_msgs/include/ros2_socketcan_msgs/msg/detail/fd_frame__functions.h
[12.198s] -- Symlinking: /home/kimm/wearable_robot_ws/install/ros2_socketcan_msgs/include/ros2_socketcan_msgs/msg/detail/fd_frame__struct.h
[12.218s] -- Symlinking: /home/kimm/wearable_robot_ws/install/ros2_socketcan_msgs/include/ros2_socketcan_msgs/msg/detail/fd_frame__type_support.h
[12.241s] -- Symlinking: /home/kimm/wearable_robot_ws/install/ros2_socketcan_msgs/include/ros2_socketcan_msgs/msg/fd_frame.h
[12.263s] -- Symlinking: /home/kimm/wearable_robot_ws/install/ros2_socketcan_msgs/include/ros2_socketcan_msgs/msg/rosidl_generator_c__visibility_control.h
[12.282s] -- Symlinking: /home/kimm/wearable_robot_ws/install/ros2_socketcan_msgs/share/ros2_socketcan_msgs/environment/library_path.sh
[12.302s] -- Symlinking: /home/kimm/wearable_robot_ws/install/ros2_socketcan_msgs/share/ros2_socketcan_msgs/environment/library_path.dsv
[12.323s] -- Symlinking: /home/kimm/wearable_robot_ws/install/ros2_socketcan_msgs/include/ros2_socketcan_msgs/msg/detail/fd_frame__rosidl_typesupport_fastrtps_c.h
[12.345s] -- Symlinking: /home/kimm/wearable_robot_ws/install/ros2_socketcan_msgs/include/ros2_socketcan_msgs/msg/rosidl_typesupport_fastrtps_c__visibility_control.h
[12.367s] -- Symlinking: /home/kimm/wearable_robot_ws/install/ros2_socketcan_msgs/lib/libros2_socketcan_msgs__rosidl_typesupport_fastrtps_c.so
[12.396s] -- Symlinking: /home/kimm/wearable_robot_ws/install/ros2_socketcan_msgs/include/ros2_socketcan_msgs/msg/detail/fd_frame__rosidl_typesupport_fastrtps_cpp.hpp
[12.420s] -- Symlinking: /home/kimm/wearable_robot_ws/install/ros2_socketcan_msgs/include/ros2_socketcan_msgs/msg/rosidl_typesupport_fastrtps_cpp__visibility_control.h
[12.442s] -- Symlinking: /home/kimm/wearable_robot_ws/install/ros2_socketcan_msgs/lib/libros2_socketcan_msgs__rosidl_typesupport_fastrtps_cpp.so
[12.467s] -- Symlinking: /home/kimm/wearable_robot_ws/install/ros2_socketcan_msgs/include/ros2_socketcan_msgs/msg/detail/fd_frame__rosidl_typesupport_introspection_c.h
[12.487s] -- Symlinking: /home/kimm/wearable_robot_ws/install/ros2_socketcan_msgs/include/ros2_socketcan_msgs/msg/rosidl_typesupport_introspection_c__visibility_control.h
[12.512s] -- Symlinking: /home/kimm/wearable_robot_ws/install/ros2_socketcan_msgs/include/ros2_socketcan_msgs/msg/detail/fd_frame__builder.hpp
[12.532s] -- Symlinking: /home/kimm/wearable_robot_ws/install/ros2_socketcan_msgs/include/ros2_socketcan_msgs/msg/detail/fd_frame__struct.hpp
[12.553s] -- Symlinking: /home/kimm/wearable_robot_ws/install/ros2_socketcan_msgs/include/ros2_socketcan_msgs/msg/detail/fd_frame__traits.hpp
[12.575s] -- Symlinking: /home/kimm/wearable_robot_ws/install/ros2_socketcan_msgs/include/ros2_socketcan_msgs/msg/detail/fd_frame__type_support.hpp
[12.596s] -- Symlinking: /home/kimm/wearable_robot_ws/install/ros2_socketcan_msgs/include/ros2_socketcan_msgs/msg/fd_frame.hpp
[12.617s] -- Symlinking: /home/kimm/wearable_robot_ws/install/ros2_socketcan_msgs/include/ros2_socketcan_msgs/msg/rosidl_generator_cpp__visibility_control.hpp
[12.638s] -- Symlinking: /home/kimm/wearable_robot_ws/install/ros2_socketcan_msgs/include/ros2_socketcan_msgs/msg/detail/fd_frame__rosidl_typesupport_introspection_cpp.hpp
[12.660s] -- Symlinking: /home/kimm/wearable_robot_ws/install/ros2_socketcan_msgs/share/ros2_socketcan_msgs/environment/pythonpath.sh
[12.682s] -- Symlinking: /home/kimm/wearable_robot_ws/install/ros2_socketcan_msgs/share/ros2_socketcan_msgs/environment/pythonpath.dsv
[12.709s] -- Symlinking: /home/kimm/wearable_robot_ws/install/ros2_socketcan_msgs/lib/python3.8/site-packages/ros2_socketcan_msgs/__init__.py
[12.735s] -- Symlinking: /home/kimm/wearable_robot_ws/install/ros2_socketcan_msgs/lib/python3.8/site-packages/ros2_socketcan_msgs/msg/__init__.py
[12.756s] -- Symlinking: /home/kimm/wearable_robot_ws/install/ros2_socketcan_msgs/lib/python3.8/site-packages/ros2_socketcan_msgs/msg/_fd_frame.py
[12.777s] -- Symlinking: /home/kimm/wearable_robot_ws/install/ros2_socketcan_msgs/lib/python3.8/site-packages/ros2_socketcan_msgs/ros2_socketcan_msgs_s__rosidl_typesupport_fastrtps_c.cpython-38-aarch64-linux-gnu.so
[12.798s] -- Symlinking: /home/kimm/wearable_robot_ws/install/ros2_socketcan_msgs/lib/python3.8/site-packages/ros2_socketcan_msgs/ros2_socketcan_msgs_s__rosidl_typesupport_introspection_c.cpython-38-aarch64-linux-gnu.so
[12.825s] -- Symlinking: /home/kimm/wearable_robot_ws/install/ros2_socketcan_msgs/lib/python3.8/site-packages/ros2_socketcan_msgs/ros2_socketcan_msgs_s__rosidl_typesupport_c.cpython-38-aarch64-linux-gnu.so
[12.849s] -- Symlinking: /home/kimm/wearable_robot_ws/install/ros2_socketcan_msgs/lib/libros2_socketcan_msgs__python.so
[12.872s] -- Symlinking: /home/kimm/wearable_robot_ws/install/ros2_socketcan_msgs/share/ros2_socketcan_msgs/msg/FdFrame.idl
[12.895s] -- Symlinking: /home/kimm/wearable_robot_ws/install/ros2_socketcan_msgs/share/ros2_socketcan_msgs/msg/FdFrame.msg
[12.917s] -- Symlinking: /home/kimm/wearable_robot_ws/install/ros2_socketcan_msgs/share/ament_index/resource_index/package_run_dependencies/ros2_socketcan_msgs
[12.939s] -- Symlinking: /home/kimm/wearable_robot_ws/install/ros2_socketcan_msgs/share/ament_index/resource_index/parent_prefix_path/ros2_socketcan_msgs
[12.961s] -- Symlinking: /home/kimm/wearable_robot_ws/install/ros2_socketcan_msgs/share/ros2_socketcan_msgs/environment/ament_prefix_path.sh
[12.982s] -- Symlinking: /home/kimm/wearable_robot_ws/install/ros2_socketcan_msgs/share/ros2_socketcan_msgs/environment/ament_prefix_path.dsv
[13.004s] -- Symlinking: /home/kimm/wearable_robot_ws/install/ros2_socketcan_msgs/share/ros2_socketcan_msgs/environment/path.sh
[13.031s] -- Symlinking: /home/kimm/wearable_robot_ws/install/ros2_socketcan_msgs/share/ros2_socketcan_msgs/environment/path.dsv
[13.054s] -- Symlinking: /home/kimm/wearable_robot_ws/install/ros2_socketcan_msgs/share/ros2_socketcan_msgs/local_setup.bash
[13.074s] -- Symlinking: /home/kimm/wearable_robot_ws/install/ros2_socketcan_msgs/share/ros2_socketcan_msgs/local_setup.sh
[13.094s] -- Symlinking: /home/kimm/wearable_robot_ws/install/ros2_socketcan_msgs/share/ros2_socketcan_msgs/local_setup.zsh
[13.117s] -- Symlinking: /home/kimm/wearable_robot_ws/install/ros2_socketcan_msgs/share/ros2_socketcan_msgs/local_setup.dsv
[13.137s] -- Symlinking: /home/kimm/wearable_robot_ws/install/ros2_socketcan_msgs/share/ros2_socketcan_msgs/package.dsv
[13.157s] -- Symlinking: /home/kimm/wearable_robot_ws/install/ros2_socketcan_msgs/share/ament_index/resource_index/packages/ros2_socketcan_msgs
[13.178s] -- Symlinking: /home/kimm/wearable_robot_ws/install/ros2_socketcan_msgs/share/ros2_socketcan_msgs/cmake/rosidl_cmake-extras.cmake
[13.204s] -- Symlinking: /home/kimm/wearable_robot_ws/install/ros2_socketcan_msgs/share/ros2_socketcan_msgs/cmake/ament_cmake_export_dependencies-extras.cmake
[13.234s] -- Symlinking: /home/kimm/wearable_robot_ws/install/ros2_socketcan_msgs/share/ros2_socketcan_msgs/cmake/ament_cmake_export_libraries-extras.cmake
[13.256s] -- Symlinking: /home/kimm/wearable_robot_ws/install/ros2_socketcan_msgs/share/ros2_socketcan_msgs/cmake/ament_cmake_export_targets-extras.cmake
[13.282s] -- Symlinking: /home/kimm/wearable_robot_ws/install/ros2_socketcan_msgs/share/ros2_socketcan_msgs/cmake/ament_cmake_export_include_directories-extras.cmake
[13.302s] -- Symlinking: /home/kimm/wearable_robot_ws/install/ros2_socketcan_msgs/share/ros2_socketcan_msgs/cmake/rosidl_cmake_export_typesupport_libraries-extras.cmake
[13.323s] -- Symlinking: /home/kimm/wearable_robot_ws/install/ros2_socketcan_msgs/share/ros2_socketcan_msgs/cmake/rosidl_cmake_export_typesupport_targets-extras.cmake
[13.343s] -- Symlinking: /home/kimm/wearable_robot_ws/install/ros2_socketcan_msgs/share/ros2_socketcan_msgs/cmake/ros2_socketcan_msgsConfig.cmake
[13.364s] -- Symlinking: /home/kimm/wearable_robot_ws/install/ros2_socketcan_msgs/share/ros2_socketcan_msgs/cmake/ros2_socketcan_msgsConfig-version.cmake
[13.386s] -- Symlinking: /home/kimm/wearable_robot_ws/install/ros2_socketcan_msgs/share/ros2_socketcan_msgs/package.xml
[13.407s] -- Installing: /home/kimm/wearable_robot_ws/install/ros2_socketcan_msgs/lib/libros2_socketcan_msgs__rosidl_generator_c.so
[13.407s] -- Set runtime path of "/home/kimm/wearable_robot_ws/install/ros2_socketcan_msgs/lib/libros2_socketcan_msgs__rosidl_generator_c.so" to ""
[13.408s] -- Installing: /home/kimm/wearable_robot_ws/install/ros2_socketcan_msgs/lib/libros2_socketcan_msgs__rosidl_typesupport_introspection_c.so
[13.408s] -- Set runtime path of "/home/kimm/wearable_robot_ws/install/ros2_socketcan_msgs/lib/libros2_socketcan_msgs__rosidl_typesupport_introspection_c.so" to ""
[13.408s] -- Installing: /home/kimm/wearable_robot_ws/install/ros2_socketcan_msgs/lib/libros2_socketcan_msgs__rosidl_typesupport_c.so
[13.409s] -- Set runtime path of "/home/kimm/wearable_robot_ws/install/ros2_socketcan_msgs/lib/libros2_socketcan_msgs__rosidl_typesupport_c.so" to ""
[13.410s] -- Installing: /home/kimm/wearable_robot_ws/install/ros2_socketcan_msgs/lib/libros2_socketcan_msgs__rosidl_typesupport_introspection_cpp.so
[13.410s] -- Set runtime path of "/home/kimm/wearable_robot_ws/install/ros2_socketcan_msgs/lib/libros2_socketcan_msgs__rosidl_typesupport_introspection_cpp.so" to ""
[13.411s] -- Installing: /home/kimm/wearable_robot_ws/install/ros2_socketcan_msgs/lib/libros2_socketcan_msgs__rosidl_typesupport_cpp.so
[13.411s] -- Set runtime path of "/home/kimm/wearable_robot_ws/install/ros2_socketcan_msgs/lib/libros2_socketcan_msgs__rosidl_typesupport_cpp.so" to ""
[13.478s] Compiling '/home/kimm/wearable_robot_ws/install/ros2_socketcan_msgs/lib/python3.8/site-packages/ros2_socketcan_msgs/__init__.py'...
[13.496s] -- Installing: /home/kimm/wearable_robot_ws/install/ros2_socketcan_msgs/share/ros2_socketcan_msgs/cmake/ros2_socketcan_msgs__rosidl_generator_cExport.cmake
[13.497s] -- Installing: /home/kimm/wearable_robot_ws/install/ros2_socketcan_msgs/share/ros2_socketcan_msgs/cmake/ros2_socketcan_msgs__rosidl_generator_cExport-noconfig.cmake
[13.497s] -- Installing: /home/kimm/wearable_robot_ws/install/ros2_socketcan_msgs/share/ros2_socketcan_msgs/cmake/ros2_socketcan_msgs__rosidl_typesupport_introspection_cExport.cmake
[13.497s] -- Installing: /home/kimm/wearable_robot_ws/install/ros2_socketcan_msgs/share/ros2_socketcan_msgs/cmake/ros2_socketcan_msgs__rosidl_typesupport_introspection_cExport-noconfig.cmake
[13.497s] -- Installing: /home/kimm/wearable_robot_ws/install/ros2_socketcan_msgs/share/ros2_socketcan_msgs/cmake/ros2_socketcan_msgs__rosidl_typesupport_cExport.cmake
[13.498s] -- Installing: /home/kimm/wearable_robot_ws/install/ros2_socketcan_msgs/share/ros2_socketcan_msgs/cmake/ros2_socketcan_msgs__rosidl_typesupport_cExport-noconfig.cmake
[13.498s] -- Installing: /home/kimm/wearable_robot_ws/install/ros2_socketcan_msgs/share/ros2_socketcan_msgs/cmake/ros2_socketcan_msgs__rosidl_generator_cppExport.cmake
[13.498s] -- Installing: /home/kimm/wearable_robot_ws/install/ros2_socketcan_msgs/share/ros2_socketcan_msgs/cmake/ros2_socketcan_msgs__rosidl_typesupport_introspection_cppExport.cmake
[13.506s] -- Installing: /home/kimm/wearable_robot_ws/install/ros2_socketcan_msgs/share/ros2_socketcan_msgs/cmake/ros2_socketcan_msgs__rosidl_typesupport_introspection_cppExport-noconfig.cmake
[13.506s] -- Installing: /home/kimm/wearable_robot_ws/install/ros2_socketcan_msgs/share/ros2_socketcan_msgs/cmake/ros2_socketcan_msgs__rosidl_typesupport_cppExport.cmake
[13.507s] -- Installing: /home/kimm/wearable_robot_ws/install/ros2_socketcan_msgs/share/ros2_socketcan_msgs/cmake/ros2_socketcan_msgs__rosidl_typesupport_cppExport-noconfig.cmake
[13.518s] Invoked command in '/home/kimm/wearable_robot_ws/build/ros2_socketcan_msgs' returned '0': CMAKE_PREFIX_PATH=${CMAKE_PREFIX_PATH}:/opt/ros/foxy /usr/bin/cmake --install /home/kimm/wearable_robot_ws/build/ros2_socketcan_msgs
