[0.402s] DEBUG:colcon:Command line arguments: ['/usr/bin/colcon', 'build', '--packages-select', 'wearable_robot_data_interface']
[0.403s] DEBUG:colcon:Parsed command line arguments: Namespace(allow_overriding=[], ament_cmake_args=None, base_paths=['.'], build_base='build', catkin_cmake_args=None, catkin_skip_building_tests=False, cmake_args=None, cmake_clean_cache=False, cmake_clean_first=False, cmake_force_configure=False, cmake_target=None, cmake_target_skip_unavailable=False, continue_on_error=False, event_handlers=None, executor='parallel', ignore_user_meta=False, install_base='install', log_base=None, log_level=None, main=<bound method BuildVerb.main of <colcon_core.verb.build.BuildVerb object at 0xffffa2842cd0>>, merge_install=False, metas=['./colcon.meta'], packages_above=None, packages_above_and_dependencies=None, packages_above_depth=None, packages_end=None, packages_ignore=None, packages_ignore_regex=None, packages_select=['wearable_robot_data_interface'], packages_select_build_failed=False, packages_select_by_dep=None, packages_select_regex=None, packages_select_test_failures=False, packages_skip=None, packages_skip_build_finished=False, packages_skip_by_dep=None, packages_skip_regex=None, packages_skip_test_passed=False, packages_skip_up_to=None, packages_start=None, packages_up_to=None, packages_up_to_regex=None, parallel_workers=8, paths=None, symlink_install=False, test_result_base=None, verb_extension=<colcon_core.verb.build.BuildVerb object at 0xffffa2842cd0>, verb_name='build', verb_parser=<colcon_defaults.argument_parser.defaults.DefaultArgumentsDecorator object at 0xffffa27e4ee0>)
[0.705s] Level 1:colcon.colcon_core.package_discovery:discover_packages(colcon_meta) check parameters
[0.706s] Level 1:colcon.colcon_core.package_discovery:discover_packages(recursive) check parameters
[0.706s] Level 1:colcon.colcon_core.package_discovery:discover_packages(ignore) check parameters
[0.706s] Level 1:colcon.colcon_core.package_discovery:discover_packages(path) check parameters
[0.706s] Level 1:colcon.colcon_core.package_discovery:discover_packages(colcon_meta) discover
[0.706s] Level 1:colcon.colcon_core.package_discovery:discover_packages(recursive) discover
[0.706s] INFO:colcon.colcon_core.package_discovery:Crawling recursively for packages in '/home/kimm/wearable_robot_ws'
[0.707s] Level 1:colcon.colcon_core.package_identification:_identify(.) by extensions ['ignore', 'ignore_ament_install']
[0.707s] Level 1:colcon.colcon_core.package_identification:_identify(.) by extension 'ignore'
[0.707s] Level 1:colcon.colcon_core.package_identification:_identify(.) by extension 'ignore_ament_install'
[0.707s] Level 1:colcon.colcon_core.package_identification:_identify(.) by extensions ['colcon_pkg']
[0.707s] Level 1:colcon.colcon_core.package_identification:_identify(.) by extension 'colcon_pkg'
[0.707s] Level 1:colcon.colcon_core.package_identification:_identify(.) by extensions ['colcon_meta']
[0.707s] Level 1:colcon.colcon_core.package_identification:_identify(.) by extension 'colcon_meta'
[0.707s] Level 1:colcon.colcon_core.package_identification:_identify(.) by extensions ['ros']
[0.708s] Level 1:colcon.colcon_core.package_identification:_identify(.) by extension 'ros'
[0.730s] Level 1:colcon.colcon_core.package_identification:_identify(.) by extensions ['cmake', 'python']
[0.730s] Level 1:colcon.colcon_core.package_identification:_identify(.) by extension 'cmake'
[0.730s] Level 1:colcon.colcon_core.package_identification:_identify(.) by extension 'python'
[0.730s] Level 1:colcon.colcon_core.package_identification:_identify(.) by extensions ['python_setup_py']
[0.730s] Level 1:colcon.colcon_core.package_identification:_identify(.) by extension 'python_setup_py'
[0.730s] Level 1:colcon.colcon_core.package_identification:_identify(build) by extensions ['ignore', 'ignore_ament_install']
[0.731s] Level 1:colcon.colcon_core.package_identification:_identify(build) by extension 'ignore'
[0.731s] Level 1:colcon.colcon_core.package_identification:_identify(build) ignored
[0.731s] Level 1:colcon.colcon_core.package_identification:_identify(install) by extensions ['ignore', 'ignore_ament_install']
[0.731s] Level 1:colcon.colcon_core.package_identification:_identify(install) by extension 'ignore'
[0.732s] Level 1:colcon.colcon_core.package_identification:_identify(install) ignored
[0.732s] Level 1:colcon.colcon_core.package_identification:_identify(log) by extensions ['ignore', 'ignore_ament_install']
[0.732s] Level 1:colcon.colcon_core.package_identification:_identify(log) by extension 'ignore'
[0.732s] Level 1:colcon.colcon_core.package_identification:_identify(log) ignored
[0.732s] Level 1:colcon.colcon_core.package_identification:_identify(src) by extensions ['ignore', 'ignore_ament_install']
[0.733s] Level 1:colcon.colcon_core.package_identification:_identify(src) by extension 'ignore'
[0.733s] Level 1:colcon.colcon_core.package_identification:_identify(src) by extension 'ignore_ament_install'
[0.733s] Level 1:colcon.colcon_core.package_identification:_identify(src) by extensions ['colcon_pkg']
[0.733s] Level 1:colcon.colcon_core.package_identification:_identify(src) by extension 'colcon_pkg'
[0.733s] Level 1:colcon.colcon_core.package_identification:_identify(src) by extensions ['colcon_meta']
[0.733s] Level 1:colcon.colcon_core.package_identification:_identify(src) by extension 'colcon_meta'
[0.733s] Level 1:colcon.colcon_core.package_identification:_identify(src) by extensions ['ros']
[0.733s] Level 1:colcon.colcon_core.package_identification:_identify(src) by extension 'ros'
[0.733s] Level 1:colcon.colcon_core.package_identification:_identify(src) by extensions ['cmake', 'python']
[0.734s] Level 1:colcon.colcon_core.package_identification:_identify(src) by extension 'cmake'
[0.734s] Level 1:colcon.colcon_core.package_identification:_identify(src) by extension 'python'
[0.734s] Level 1:colcon.colcon_core.package_identification:_identify(src) by extensions ['python_setup_py']
[0.734s] Level 1:colcon.colcon_core.package_identification:_identify(src) by extension 'python_setup_py'
[0.734s] Level 1:colcon.colcon_core.package_identification:_identify(src/build) by extensions ['ignore', 'ignore_ament_install']
[0.734s] Level 1:colcon.colcon_core.package_identification:_identify(src/build) by extension 'ignore'
[0.734s] Level 1:colcon.colcon_core.package_identification:_identify(src/build) ignored
[0.735s] Level 1:colcon.colcon_core.package_identification:_identify(src/install) by extensions ['ignore', 'ignore_ament_install']
[0.735s] Level 1:colcon.colcon_core.package_identification:_identify(src/install) by extension 'ignore'
[0.735s] Level 1:colcon.colcon_core.package_identification:_identify(src/install) ignored
[0.735s] Level 1:colcon.colcon_core.package_identification:_identify(src/log) by extensions ['ignore', 'ignore_ament_install']
[0.735s] Level 1:colcon.colcon_core.package_identification:_identify(src/log) by extension 'ignore'
[0.735s] Level 1:colcon.colcon_core.package_identification:_identify(src/log) ignored
[0.736s] Level 1:colcon.colcon_core.package_identification:_identify(src/ros2_socketcan) by extensions ['ignore', 'ignore_ament_install']
[0.736s] Level 1:colcon.colcon_core.package_identification:_identify(src/ros2_socketcan) by extension 'ignore'
[0.736s] Level 1:colcon.colcon_core.package_identification:_identify(src/ros2_socketcan) by extension 'ignore_ament_install'
[0.736s] Level 1:colcon.colcon_core.package_identification:_identify(src/ros2_socketcan) by extensions ['colcon_pkg']
[0.736s] Level 1:colcon.colcon_core.package_identification:_identify(src/ros2_socketcan) by extension 'colcon_pkg'
[0.736s] Level 1:colcon.colcon_core.package_identification:_identify(src/ros2_socketcan) by extensions ['colcon_meta']
[0.736s] Level 1:colcon.colcon_core.package_identification:_identify(src/ros2_socketcan) by extension 'colcon_meta'
[0.736s] Level 1:colcon.colcon_core.package_identification:_identify(src/ros2_socketcan) by extensions ['ros']
[0.736s] Level 1:colcon.colcon_core.package_identification:_identify(src/ros2_socketcan) by extension 'ros'
[0.737s] Level 1:colcon.colcon_core.package_identification:_identify(src/ros2_socketcan) by extensions ['cmake', 'python']
[0.737s] Level 1:colcon.colcon_core.package_identification:_identify(src/ros2_socketcan) by extension 'cmake'
[0.737s] Level 1:colcon.colcon_core.package_identification:_identify(src/ros2_socketcan) by extension 'python'
[0.737s] Level 1:colcon.colcon_core.package_identification:_identify(src/ros2_socketcan) by extensions ['python_setup_py']
[0.737s] Level 1:colcon.colcon_core.package_identification:_identify(src/ros2_socketcan) by extension 'python_setup_py'
[0.737s] Level 1:colcon.colcon_core.package_identification:_identify(src/ros2_socketcan/ros2_socketcan) by extensions ['ignore', 'ignore_ament_install']
[0.737s] Level 1:colcon.colcon_core.package_identification:_identify(src/ros2_socketcan/ros2_socketcan) by extension 'ignore'
[0.737s] Level 1:colcon.colcon_core.package_identification:_identify(src/ros2_socketcan/ros2_socketcan) by extension 'ignore_ament_install'
[0.738s] Level 1:colcon.colcon_core.package_identification:_identify(src/ros2_socketcan/ros2_socketcan) by extensions ['colcon_pkg']
[0.738s] Level 1:colcon.colcon_core.package_identification:_identify(src/ros2_socketcan/ros2_socketcan) by extension 'colcon_pkg'
[0.738s] Level 1:colcon.colcon_core.package_identification:_identify(src/ros2_socketcan/ros2_socketcan) by extensions ['colcon_meta']
[0.738s] Level 1:colcon.colcon_core.package_identification:_identify(src/ros2_socketcan/ros2_socketcan) by extension 'colcon_meta'
[0.738s] Level 1:colcon.colcon_core.package_identification:_identify(src/ros2_socketcan/ros2_socketcan) by extensions ['ros']
[0.738s] Level 1:colcon.colcon_core.package_identification:_identify(src/ros2_socketcan/ros2_socketcan) by extension 'ros'
[0.744s] DEBUG:colcon.colcon_core.package_identification:Package 'src/ros2_socketcan/ros2_socketcan' with type 'ros.ament_cmake' and name 'ros2_socketcan'
[0.744s] Level 1:colcon.colcon_core.package_identification:_identify(src/ros2_socketcan/ros2_socketcan_msgs) by extensions ['ignore', 'ignore_ament_install']
[0.745s] Level 1:colcon.colcon_core.package_identification:_identify(src/ros2_socketcan/ros2_socketcan_msgs) by extension 'ignore'
[0.745s] Level 1:colcon.colcon_core.package_identification:_identify(src/ros2_socketcan/ros2_socketcan_msgs) by extension 'ignore_ament_install'
[0.745s] Level 1:colcon.colcon_core.package_identification:_identify(src/ros2_socketcan/ros2_socketcan_msgs) by extensions ['colcon_pkg']
[0.745s] Level 1:colcon.colcon_core.package_identification:_identify(src/ros2_socketcan/ros2_socketcan_msgs) by extension 'colcon_pkg'
[0.745s] Level 1:colcon.colcon_core.package_identification:_identify(src/ros2_socketcan/ros2_socketcan_msgs) by extensions ['colcon_meta']
[0.745s] Level 1:colcon.colcon_core.package_identification:_identify(src/ros2_socketcan/ros2_socketcan_msgs) by extension 'colcon_meta'
[0.745s] Level 1:colcon.colcon_core.package_identification:_identify(src/ros2_socketcan/ros2_socketcan_msgs) by extensions ['ros']
[0.745s] Level 1:colcon.colcon_core.package_identification:_identify(src/ros2_socketcan/ros2_socketcan_msgs) by extension 'ros'
[0.747s] DEBUG:colcon.colcon_core.package_identification:Package 'src/ros2_socketcan/ros2_socketcan_msgs' with type 'ros.ament_cmake' and name 'ros2_socketcan_msgs'
[0.747s] Level 1:colcon.colcon_core.package_identification:_identify(src/wearable_robot_bringup) by extensions ['ignore', 'ignore_ament_install']
[0.747s] Level 1:colcon.colcon_core.package_identification:_identify(src/wearable_robot_bringup) by extension 'ignore'
[0.747s] Level 1:colcon.colcon_core.package_identification:_identify(src/wearable_robot_bringup) by extension 'ignore_ament_install'
[0.747s] Level 1:colcon.colcon_core.package_identification:_identify(src/wearable_robot_bringup) by extensions ['colcon_pkg']
[0.748s] Level 1:colcon.colcon_core.package_identification:_identify(src/wearable_robot_bringup) by extension 'colcon_pkg'
[0.748s] Level 1:colcon.colcon_core.package_identification:_identify(src/wearable_robot_bringup) by extensions ['colcon_meta']
[0.748s] Level 1:colcon.colcon_core.package_identification:_identify(src/wearable_robot_bringup) by extension 'colcon_meta'
[0.748s] Level 1:colcon.colcon_core.package_identification:_identify(src/wearable_robot_bringup) by extensions ['ros']
[0.748s] Level 1:colcon.colcon_core.package_identification:_identify(src/wearable_robot_bringup) by extension 'ros'
[0.749s] DEBUG:colcon.colcon_core.package_identification:Package 'src/wearable_robot_bringup' with type 'ros.ament_cmake' and name 'wearable_robot_bringup'
[0.749s] Level 1:colcon.colcon_core.package_identification:_identify(src/wearable_robot_control) by extensions ['ignore', 'ignore_ament_install']
[0.749s] Level 1:colcon.colcon_core.package_identification:_identify(src/wearable_robot_control) by extension 'ignore'
[0.749s] Level 1:colcon.colcon_core.package_identification:_identify(src/wearable_robot_control) by extension 'ignore_ament_install'
[0.750s] Level 1:colcon.colcon_core.package_identification:_identify(src/wearable_robot_control) by extensions ['colcon_pkg']
[0.750s] Level 1:colcon.colcon_core.package_identification:_identify(src/wearable_robot_control) by extension 'colcon_pkg'
[0.750s] Level 1:colcon.colcon_core.package_identification:_identify(src/wearable_robot_control) by extensions ['colcon_meta']
[0.750s] Level 1:colcon.colcon_core.package_identification:_identify(src/wearable_robot_control) by extension 'colcon_meta'
[0.750s] Level 1:colcon.colcon_core.package_identification:_identify(src/wearable_robot_control) by extensions ['ros']
[0.750s] Level 1:colcon.colcon_core.package_identification:_identify(src/wearable_robot_control) by extension 'ros'
[0.751s] DEBUG:colcon.colcon_core.package_identification:Package 'src/wearable_robot_control' with type 'ros.ament_cmake' and name 'wearable_robot_control'
[0.751s] Level 1:colcon.colcon_core.package_identification:_identify(src/wearable_robot_data_processing) by extensions ['ignore', 'ignore_ament_install']
[0.751s] Level 1:colcon.colcon_core.package_identification:_identify(src/wearable_robot_data_processing) by extension 'ignore'
[0.752s] Level 1:colcon.colcon_core.package_identification:_identify(src/wearable_robot_data_processing) by extension 'ignore_ament_install'
[0.752s] Level 1:colcon.colcon_core.package_identification:_identify(src/wearable_robot_data_processing) by extensions ['colcon_pkg']
[0.752s] Level 1:colcon.colcon_core.package_identification:_identify(src/wearable_robot_data_processing) by extension 'colcon_pkg'
[0.752s] Level 1:colcon.colcon_core.package_identification:_identify(src/wearable_robot_data_processing) by extensions ['colcon_meta']
[0.752s] Level 1:colcon.colcon_core.package_identification:_identify(src/wearable_robot_data_processing) by extension 'colcon_meta'
[0.752s] Level 1:colcon.colcon_core.package_identification:_identify(src/wearable_robot_data_processing) by extensions ['ros']
[0.752s] Level 1:colcon.colcon_core.package_identification:_identify(src/wearable_robot_data_processing) by extension 'ros'
[0.754s] DEBUG:colcon.colcon_core.package_identification:Package 'src/wearable_robot_data_processing' with type 'ros.ament_cmake' and name 'wearable_robot_data_processing'
[0.754s] Level 1:colcon.colcon_core.package_identification:_identify(src/wearable_robot_hw) by extensions ['ignore', 'ignore_ament_install']
[0.755s] Level 1:colcon.colcon_core.package_identification:_identify(src/wearable_robot_hw) by extension 'ignore'
[0.755s] Level 1:colcon.colcon_core.package_identification:_identify(src/wearable_robot_hw) by extension 'ignore_ament_install'
[0.755s] Level 1:colcon.colcon_core.package_identification:_identify(src/wearable_robot_hw) by extensions ['colcon_pkg']
[0.755s] Level 1:colcon.colcon_core.package_identification:_identify(src/wearable_robot_hw) by extension 'colcon_pkg'
[0.755s] Level 1:colcon.colcon_core.package_identification:_identify(src/wearable_robot_hw) by extensions ['colcon_meta']
[0.755s] Level 1:colcon.colcon_core.package_identification:_identify(src/wearable_robot_hw) by extension 'colcon_meta'
[0.755s] Level 1:colcon.colcon_core.package_identification:_identify(src/wearable_robot_hw) by extensions ['ros']
[0.755s] Level 1:colcon.colcon_core.package_identification:_identify(src/wearable_robot_hw) by extension 'ros'
[0.757s] DEBUG:colcon.colcon_core.package_identification:Package 'src/wearable_robot_hw' with type 'ros.ament_cmake' and name 'wearable_robot_hw'
[0.757s] Level 1:colcon.colcon_core.package_identification:_identify(src/wearable_robot_interfaces) by extensions ['ignore', 'ignore_ament_install']
[0.757s] Level 1:colcon.colcon_core.package_identification:_identify(src/wearable_robot_interfaces) by extension 'ignore'
[0.757s] Level 1:colcon.colcon_core.package_identification:_identify(src/wearable_robot_interfaces) by extension 'ignore_ament_install'
[0.757s] Level 1:colcon.colcon_core.package_identification:_identify(src/wearable_robot_interfaces) by extensions ['colcon_pkg']
[0.757s] Level 1:colcon.colcon_core.package_identification:_identify(src/wearable_robot_interfaces) by extension 'colcon_pkg'
[0.758s] Level 1:colcon.colcon_core.package_identification:_identify(src/wearable_robot_interfaces) by extensions ['colcon_meta']
[0.758s] Level 1:colcon.colcon_core.package_identification:_identify(src/wearable_robot_interfaces) by extension 'colcon_meta'
[0.758s] Level 1:colcon.colcon_core.package_identification:_identify(src/wearable_robot_interfaces) by extensions ['ros']
[0.758s] Level 1:colcon.colcon_core.package_identification:_identify(src/wearable_robot_interfaces) by extension 'ros'
[0.759s] DEBUG:colcon.colcon_core.package_identification:Package 'src/wearable_robot_interfaces' with type 'ros.ament_cmake' and name 'wearable_robot_interfaces'
[0.759s] Level 1:colcon.colcon_core.package_discovery:discover_packages(recursive) using defaults
[0.759s] Level 1:colcon.colcon_core.package_discovery:discover_packages(ignore) discover
[0.759s] Level 1:colcon.colcon_core.package_discovery:discover_packages(ignore) using defaults
[0.759s] Level 1:colcon.colcon_core.package_discovery:discover_packages(path) discover
[0.759s] Level 1:colcon.colcon_core.package_discovery:discover_packages(path) using defaults
[0.760s] WARNING:colcon.colcon_core.package_selection:ignoring unknown package 'wearable_robot_data_interface' in --packages-select
[0.797s] INFO:colcon.colcon_core.package_selection:Skipping not selected package 'ros2_socketcan_msgs' in 'src/ros2_socketcan/ros2_socketcan_msgs'
[0.798s] INFO:colcon.colcon_core.package_selection:Skipping not selected package 'wearable_robot_bringup' in 'src/wearable_robot_bringup'
[0.798s] INFO:colcon.colcon_core.package_selection:Skipping not selected package 'wearable_robot_control' in 'src/wearable_robot_control'
[0.798s] INFO:colcon.colcon_core.package_selection:Skipping not selected package 'wearable_robot_interfaces' in 'src/wearable_robot_interfaces'
[0.798s] INFO:colcon.colcon_core.package_selection:Skipping not selected package 'ros2_socketcan' in 'src/ros2_socketcan/ros2_socketcan'
[0.798s] INFO:colcon.colcon_core.package_selection:Skipping not selected package 'wearable_robot_hw' in 'src/wearable_robot_hw'
[0.798s] INFO:colcon.colcon_core.package_selection:Skipping not selected package 'wearable_robot_data_processing' in 'src/wearable_robot_data_processing'
[0.799s] Level 1:colcon.colcon_core.package_discovery:discover_packages(prefix_path) check parameters
[0.799s] Level 1:colcon.colcon_core.package_discovery:discover_packages(prefix_path) discover
[0.806s] DEBUG:colcon.colcon_installed_package_information.package_discovery:Found 9 installed packages in /home/kimm/wearable_robot_ws/install
[0.807s] DEBUG:colcon.colcon_installed_package_information.package_discovery:Found 1 installed packages in /home/kimm/install
[0.809s] DEBUG:colcon.colcon_installed_package_information.package_discovery:Found 262 installed packages in /opt/ros/foxy
[0.813s] Level 1:colcon.colcon_core.package_discovery:discover_packages(prefix_path) using defaults
[0.968s] INFO:colcon.colcon_core.executor:Executing jobs using 'parallel' executor
[0.971s] DEBUG:colcon.colcon_parallel_executor.executor.parallel:run_until_complete
[0.971s] DEBUG:colcon.colcon_parallel_executor.executor.parallel:closing loop
[0.972s] DEBUG:colcon.colcon_parallel_executor.executor.parallel:loop closed
[0.972s] DEBUG:colcon.colcon_parallel_executor.executor.parallel:run_until_complete finished with '0'
[0.972s] DEBUG:colcon.colcon_core.event_reactor:joining thread
[0.982s] INFO:colcon.colcon_core.plugin_system:Skipping extension 'colcon_notification.desktop_notification.terminal_notifier': Not used on non-Darwin systems
[0.983s] INFO:colcon.colcon_core.plugin_system:Skipping extension 'colcon_notification.desktop_notification.win32': Not used on non-Windows systems
[0.983s] INFO:colcon.colcon_notification.desktop_notification:Sending desktop notification using 'notify2'
[1.027s] DEBUG:colcon.colcon_core.event_reactor:joined thread
[1.032s] INFO:colcon.colcon_core.plugin_system:Skipping extension 'colcon_core.shell.bat': Not used on non-Windows systems
[1.033s] INFO:colcon.colcon_core.shell:Creating prefix script '/home/kimm/wearable_robot_ws/install/local_setup.ps1'
[1.035s] INFO:colcon.colcon_core.shell:Creating prefix util module '/home/kimm/wearable_robot_ws/install/_local_setup_util_ps1.py'
[1.038s] INFO:colcon.colcon_core.shell:Creating prefix chain script '/home/kimm/wearable_robot_ws/install/setup.ps1'
[1.041s] INFO:colcon.colcon_core.shell:Creating prefix script '/home/kimm/wearable_robot_ws/install/local_setup.sh'
[1.042s] INFO:colcon.colcon_core.shell:Creating prefix util module '/home/kimm/wearable_robot_ws/install/_local_setup_util_sh.py'
[1.043s] INFO:colcon.colcon_core.shell:Creating prefix chain script '/home/kimm/wearable_robot_ws/install/setup.sh'
[1.046s] INFO:colcon.colcon_core.shell:Creating prefix script '/home/kimm/wearable_robot_ws/install/local_setup.bash'
[1.047s] INFO:colcon.colcon_core.shell:Creating prefix chain script '/home/kimm/wearable_robot_ws/install/setup.bash'
[1.049s] INFO:colcon.colcon_core.shell:Creating prefix script '/home/kimm/wearable_robot_ws/install/local_setup.zsh'
[1.050s] INFO:colcon.colcon_core.shell:Creating prefix chain script '/home/kimm/wearable_robot_ws/install/setup.zsh'
