[0.030s] Invoking command in '/home/kimm/wearable_robot_ws/build/wearable_robot_interfaces': CMAKE_PREFIX_PATH=${CMAKE_PREFIX_PATH}:/opt/ros/foxy /usr/bin/cmake --build /home/kimm/wearable_robot_ws/build/wearable_robot_interfaces -- -j8 -l8
[0.099s] -- Found ament_cmake: 0.9.12 (/opt/ros/foxy/share/ament_cmake/cmake)
[0.148s] -- Using PYTHON_EXECUTABLE: /usr/bin/python3
[0.544s] -- Override CMake install command with custom implementation using symlinks instead of copying resources
[0.558s] -- Found rosidl_default_generators: 1.0.1 (/opt/ros/foxy/share/rosidl_default_generators/cmake)
[0.564s] -- Using all available rosidl_typesupport_c: rosidl_typesupport_fastrtps_c;rosidl_typesupport_introspection_c
[0.570s] -- Found rosidl_adapter: 1.3.1 (/opt/ros/foxy/share/rosidl_adapter/cmake)
[0.850s] -- Using all available rosidl_typesupport_cpp: rosidl_typesupport_fastrtps_cpp;rosidl_typesupport_introspection_cpp
[0.892s] -- Found std_msgs: 2.0.5 (/opt/ros/foxy/share/std_msgs/cmake)
[0.997s] -- Found PythonInterp: /usr/bin/python3 (found version "3.8.10") 
[1.390s] -- Found ament_cmake_ros: 0.9.2 (/opt/ros/foxy/share/ament_cmake_ros/cmake)
[1.749s] -- Using all available rosidl_typesupport_c: rosidl_typesupport_fastrtps_c;rosidl_typesupport_introspection_c
[1.872s] -- Using all available rosidl_typesupport_cpp: rosidl_typesupport_fastrtps_cpp;rosidl_typesupport_introspection_cpp
[1.927s] -- Found PythonInterp: /usr/bin/python3 (found suitable version "3.8.10", minimum required is "3.5") 
[1.927s] -- Found python_cmake_module: 0.8.1 (/opt/ros/foxy/share/python_cmake_module/cmake)
[1.977s] -- Using PYTHON_EXECUTABLE: /usr/bin/python3
[1.977s] -- Using PYTHON_INCLUDE_DIRS: /usr/include/python3.8
[1.978s] -- Using PYTHON_LIBRARIES: /usr/lib/aarch64-linux-gnu/libpython3.8.so
[2.070s] -- Found ament_lint_auto: 0.9.8 (/opt/ros/foxy/share/ament_lint_auto/cmake)
[2.094s] -- Added test 'copyright' to check source files copyright and LICENSE
[2.098s] -- Added test 'lint_cmake' to check CMake code style
[2.100s] -- Added test 'xmllint' to check XML markup files
[2.112s] -- Configuring done
[2.257s] -- Generating done
[2.292s] -- Build files have been written to: /home/kimm/wearable_robot_ws/build/wearable_robot_interfaces
[2.358s] [  1%] [34m[1mGenerating C code for ROS interfaces[0m
[2.359s] [35m[1mScanning dependencies of target wearable_robot_interfaces__cpp[0m
[2.383s] [  2%] [34m[1mGenerating C++ code for ROS interfaces[0m
[3.862s] [  2%] Built target wearable_robot_interfaces__cpp
[3.888s] [  3%] [34m[1mGenerating C++ type support dispatch for ROS interfaces[0m
[3.895s] [  4%] [34m[1mGenerating C++ type support for eProsima Fast-RTPS[0m
[3.904s] [  5%] [34m[1mGenerating C++ introspection for ROS interfaces[0m
[3.935s] [35m[1mScanning dependencies of target wearable_robot_interfaces__rosidl_generator_c[0m
[3.984s] [  7%] [32mBuilding C object CMakeFiles/wearable_robot_interfaces__rosidl_generator_c.dir/rosidl_generator_c/wearable_robot_interfaces/msg/detail/displacement_data__functions.c.o[0m
[3.988s] [  7%] [32mBuilding C object CMakeFiles/wearable_robot_interfaces__rosidl_generator_c.dir/rosidl_generator_c/wearable_robot_interfaces/msg/detail/imu_type__functions.c.o[0m
[3.998s] [  8%] [32mBuilding C object CMakeFiles/wearable_robot_interfaces__rosidl_generator_c.dir/rosidl_generator_c/wearable_robot_interfaces/msg/detail/imu_data__functions.c.o[0m
[4.013s] [  9%] [32mBuilding C object CMakeFiles/wearable_robot_interfaces__rosidl_generator_c.dir/rosidl_generator_c/wearable_robot_interfaces/msg/detail/temperature_data__functions.c.o[0m
[4.013s] [ 10%] [32mBuilding C object CMakeFiles/wearable_robot_interfaces__rosidl_generator_c.dir/rosidl_generator_c/wearable_robot_interfaces/msg/detail/displacement_raw_data__functions.c.o[0m
[4.132s] [ 11%] [32mBuilding C object CMakeFiles/wearable_robot_interfaces__rosidl_generator_c.dir/rosidl_generator_c/wearable_robot_interfaces/msg/detail/actuator_command__functions.c.o[0m
[4.163s] [ 12%] [32mBuilding C object CMakeFiles/wearable_robot_interfaces__rosidl_generator_c.dir/rosidl_generator_c/wearable_robot_interfaces/msg/detail/fan_command__functions.c.o[0m
[4.194s] [ 13%] [32mBuilding C object CMakeFiles/wearable_robot_interfaces__rosidl_generator_c.dir/rosidl_generator_c/wearable_robot_interfaces/msg/detail/can_data_frame__functions.c.o[0m
[4.196s] [ 14%] [32mBuilding C object CMakeFiles/wearable_robot_interfaces__rosidl_generator_c.dir/rosidl_generator_c/wearable_robot_interfaces/msg/detail/joint_state__functions.c.o[0m
[4.331s] [ 15%] [32m[1mLinking C shared library libwearable_robot_interfaces__rosidl_generator_c.so[0m
[4.414s] [ 15%] Built target wearable_robot_interfaces__rosidl_generator_c
[4.441s] [ 17%] [34m[1mGenerating C type support dispatch for ROS interfaces[0m
[4.441s] [ 17%] [34m[1mGenerating C introspection for ROS interfaces[0m
[4.968s] [35m[1mScanning dependencies of target wearable_robot_interfaces__rosidl_typesupport_cpp[0m
[5.019s] [ 18%] [32mBuilding CXX object CMakeFiles/wearable_robot_interfaces__rosidl_typesupport_cpp.dir/rosidl_typesupport_cpp/wearable_robot_interfaces/msg/displacement_data__type_support.cpp.o[0m
[5.040s] [ 20%] [32mBuilding CXX object CMakeFiles/wearable_robot_interfaces__rosidl_typesupport_cpp.dir/rosidl_typesupport_cpp/wearable_robot_interfaces/msg/imu_data__type_support.cpp.o[0m
[5.045s] [ 21%] [32mBuilding CXX object CMakeFiles/wearable_robot_interfaces__rosidl_typesupport_cpp.dir/rosidl_typesupport_cpp/wearable_robot_interfaces/msg/displacement_raw_data__type_support.cpp.o[0m
[5.063s] [ 22%] [32mBuilding CXX object CMakeFiles/wearable_robot_interfaces__rosidl_typesupport_cpp.dir/rosidl_typesupport_cpp/wearable_robot_interfaces/msg/imu_type__type_support.cpp.o[0m
[5.762s] [35m[1mScanning dependencies of target wearable_robot_interfaces__rosidl_typesupport_introspection_cpp[0m
[5.840s] [ 23%] [32mBuilding CXX object CMakeFiles/wearable_robot_interfaces__rosidl_typesupport_introspection_cpp.dir/rosidl_typesupport_introspection_cpp/wearable_robot_interfaces/msg/detail/displacement_raw_data__type_support.cpp.o[0m
[5.885s] [35m[1mScanning dependencies of target wearable_robot_interfaces__rosidl_typesupport_c[0m
[5.911s] [ 24%] [32mBuilding CXX object CMakeFiles/wearable_robot_interfaces__rosidl_typesupport_cpp.dir/rosidl_typesupport_cpp/wearable_robot_interfaces/msg/temperature_data__type_support.cpp.o[0m
[5.926s] [ 25%] [32mBuilding CXX object CMakeFiles/wearable_robot_interfaces__rosidl_typesupport_cpp.dir/rosidl_typesupport_cpp/wearable_robot_interfaces/msg/actuator_command__type_support.cpp.o[0m
[5.946s] [35m[1mScanning dependencies of target wearable_robot_interfaces__rosidl_typesupport_fastrtps_cpp[0m
[5.952s] [ 26%] [32mBuilding CXX object CMakeFiles/wearable_robot_interfaces__rosidl_typesupport_c.dir/rosidl_typesupport_c/wearable_robot_interfaces/msg/displacement_raw_data__type_support.cpp.o[0m
[5.956s] [ 27%] [32mBuilding CXX object CMakeFiles/wearable_robot_interfaces__rosidl_typesupport_cpp.dir/rosidl_typesupport_cpp/wearable_robot_interfaces/msg/fan_command__type_support.cpp.o[0m
[5.993s] [ 28%] [32mBuilding CXX object CMakeFiles/wearable_robot_interfaces__rosidl_typesupport_fastrtps_cpp.dir/rosidl_typesupport_fastrtps_cpp/wearable_robot_interfaces/msg/detail/dds_fastrtps/displacement_raw_data__type_support.cpp.o[0m
[6.086s] [ 29%] [32mBuilding CXX object CMakeFiles/wearable_robot_interfaces__rosidl_typesupport_c.dir/rosidl_typesupport_c/wearable_robot_interfaces/msg/displacement_data__type_support.cpp.o[0m
[6.124s] [ 30%] [32mBuilding CXX object CMakeFiles/wearable_robot_interfaces__rosidl_typesupport_fastrtps_cpp.dir/rosidl_typesupport_fastrtps_cpp/wearable_robot_interfaces/msg/detail/dds_fastrtps/displacement_data__type_support.cpp.o[0m
[6.265s] [ 31%] [32mBuilding CXX object CMakeFiles/wearable_robot_interfaces__rosidl_typesupport_c.dir/rosidl_typesupport_c/wearable_robot_interfaces/msg/imu_data__type_support.cpp.o[0m
[6.367s] [35m[1mScanning dependencies of target wearable_robot_interfaces__rosidl_typesupport_introspection_c[0m
[6.415s] [ 32%] [32mBuilding CXX object CMakeFiles/wearable_robot_interfaces__rosidl_typesupport_c.dir/rosidl_typesupport_c/wearable_robot_interfaces/msg/imu_type__type_support.cpp.o[0m
[6.510s] [ 33%] [32mBuilding C object CMakeFiles/wearable_robot_interfaces__rosidl_typesupport_introspection_c.dir/rosidl_typesupport_introspection_c/wearable_robot_interfaces/msg/detail/displacement_raw_data__type_support.c.o[0m
[6.545s] [ 34%] [32mBuilding CXX object CMakeFiles/wearable_robot_interfaces__rosidl_typesupport_c.dir/rosidl_typesupport_c/wearable_robot_interfaces/msg/temperature_data__type_support.cpp.o[0m
[6.655s] [ 35%] [32mBuilding C object CMakeFiles/wearable_robot_interfaces__rosidl_typesupport_introspection_c.dir/rosidl_typesupport_introspection_c/wearable_robot_interfaces/msg/detail/displacement_data__type_support.c.o[0m
[6.666s] [ 36%] [32mBuilding CXX object CMakeFiles/wearable_robot_interfaces__rosidl_typesupport_c.dir/rosidl_typesupport_c/wearable_robot_interfaces/msg/actuator_command__type_support.cpp.o[0m
[6.675s] [ 37%] [32mBuilding CXX object CMakeFiles/wearable_robot_interfaces__rosidl_typesupport_cpp.dir/rosidl_typesupport_cpp/wearable_robot_interfaces/msg/can_data_frame__type_support.cpp.o[0m
[6.688s] [ 38%] [32mBuilding CXX object CMakeFiles/wearable_robot_interfaces__rosidl_typesupport_cpp.dir/rosidl_typesupport_cpp/wearable_robot_interfaces/msg/joint_state__type_support.cpp.o[0m
[6.740s] [ 40%] [32mBuilding CXX object CMakeFiles/wearable_robot_interfaces__rosidl_typesupport_introspection_cpp.dir/rosidl_typesupport_introspection_cpp/wearable_robot_interfaces/msg/detail/displacement_data__type_support.cpp.o[0m
[6.741s] [ 41%] [32mBuilding CXX object CMakeFiles/wearable_robot_interfaces__rosidl_typesupport_c.dir/rosidl_typesupport_c/wearable_robot_interfaces/msg/fan_command__type_support.cpp.o[0m
[6.763s] [ 42%] [32mBuilding C object CMakeFiles/wearable_robot_interfaces__rosidl_typesupport_introspection_c.dir/rosidl_typesupport_introspection_c/wearable_robot_interfaces/msg/detail/imu_data__type_support.c.o[0m
[6.813s] [ 43%] [32mBuilding CXX object CMakeFiles/wearable_robot_interfaces__rosidl_typesupport_introspection_cpp.dir/rosidl_typesupport_introspection_cpp/wearable_robot_interfaces/msg/detail/imu_data__type_support.cpp.o[0m
[6.823s] [ 44%] [32mBuilding CXX object CMakeFiles/wearable_robot_interfaces__rosidl_typesupport_c.dir/rosidl_typesupport_c/wearable_robot_interfaces/msg/can_data_frame__type_support.cpp.o[0m
[6.907s] [ 45%] [32mBuilding C object CMakeFiles/wearable_robot_interfaces__rosidl_typesupport_introspection_c.dir/rosidl_typesupport_introspection_c/wearable_robot_interfaces/msg/detail/imu_type__type_support.c.o[0m
[6.952s] [ 46%] [32mBuilding CXX object CMakeFiles/wearable_robot_interfaces__rosidl_typesupport_c.dir/rosidl_typesupport_c/wearable_robot_interfaces/msg/joint_state__type_support.cpp.o[0m
[6.987s] [ 47%] [32mBuilding C object CMakeFiles/wearable_robot_interfaces__rosidl_typesupport_introspection_c.dir/rosidl_typesupport_introspection_c/wearable_robot_interfaces/msg/detail/temperature_data__type_support.c.o[0m
[7.093s] [ 48%] [32mBuilding C object CMakeFiles/wearable_robot_interfaces__rosidl_typesupport_introspection_c.dir/rosidl_typesupport_introspection_c/wearable_robot_interfaces/msg/detail/actuator_command__type_support.c.o[0m
[7.133s] [ 49%] [32m[1mLinking CXX shared library libwearable_robot_interfaces__rosidl_typesupport_c.so[0m
[7.201s] [ 50%] [32mBuilding C object CMakeFiles/wearable_robot_interfaces__rosidl_typesupport_introspection_c.dir/rosidl_typesupport_introspection_c/wearable_robot_interfaces/msg/detail/fan_command__type_support.c.o[0m
[7.280s] [ 51%] [32mBuilding C object CMakeFiles/wearable_robot_interfaces__rosidl_typesupport_introspection_c.dir/rosidl_typesupport_introspection_c/wearable_robot_interfaces/msg/detail/can_data_frame__type_support.c.o[0m
[7.350s] [ 51%] Built target wearable_robot_interfaces__rosidl_typesupport_c
[7.379s] [ 52%] [32mBuilding C object CMakeFiles/wearable_robot_interfaces__rosidl_typesupport_introspection_c.dir/rosidl_typesupport_introspection_c/wearable_robot_interfaces/msg/detail/joint_state__type_support.c.o[0m
[7.401s] [ 53%] [32mBuilding CXX object CMakeFiles/wearable_robot_interfaces__rosidl_typesupport_fastrtps_cpp.dir/rosidl_typesupport_fastrtps_cpp/wearable_robot_interfaces/msg/detail/dds_fastrtps/imu_data__type_support.cpp.o[0m
[7.404s] [ 54%] [32mBuilding CXX object CMakeFiles/wearable_robot_interfaces__rosidl_typesupport_fastrtps_cpp.dir/rosidl_typesupport_fastrtps_cpp/wearable_robot_interfaces/msg/detail/dds_fastrtps/imu_type__type_support.cpp.o[0m
[7.450s] [ 55%] [32mBuilding CXX object CMakeFiles/wearable_robot_interfaces__rosidl_typesupport_fastrtps_cpp.dir/rosidl_typesupport_fastrtps_cpp/wearable_robot_interfaces/msg/detail/dds_fastrtps/actuator_command__type_support.cpp.o[0m
[7.474s] [ 56%] [32mBuilding CXX object CMakeFiles/wearable_robot_interfaces__rosidl_typesupport_fastrtps_cpp.dir/rosidl_typesupport_fastrtps_cpp/wearable_robot_interfaces/msg/detail/dds_fastrtps/temperature_data__type_support.cpp.o[0m
[7.534s] [ 57%] [32m[1mLinking C shared library libwearable_robot_interfaces__rosidl_typesupport_introspection_c.so[0m
[7.647s] [ 58%] [32m[1mLinking CXX shared library libwearable_robot_interfaces__rosidl_typesupport_cpp.so[0m
[7.702s] [ 58%] Built target wearable_robot_interfaces__rosidl_typesupport_introspection_c
[7.758s] [ 60%] [32mBuilding CXX object CMakeFiles/wearable_robot_interfaces__rosidl_typesupport_introspection_cpp.dir/rosidl_typesupport_introspection_cpp/wearable_robot_interfaces/msg/detail/imu_type__type_support.cpp.o[0m
[7.791s] [ 61%] [32mBuilding CXX object CMakeFiles/wearable_robot_interfaces__rosidl_typesupport_introspection_cpp.dir/rosidl_typesupport_introspection_cpp/wearable_robot_interfaces/msg/detail/temperature_data__type_support.cpp.o[0m
[7.813s] [ 61%] Built target wearable_robot_interfaces__rosidl_typesupport_cpp
[7.818s] [ 62%] [32mBuilding CXX object CMakeFiles/wearable_robot_interfaces__rosidl_typesupport_introspection_cpp.dir/rosidl_typesupport_introspection_cpp/wearable_robot_interfaces/msg/detail/actuator_command__type_support.cpp.o[0m
[7.888s] [ 63%] [32mBuilding CXX object CMakeFiles/wearable_robot_interfaces__rosidl_typesupport_introspection_cpp.dir/rosidl_typesupport_introspection_cpp/wearable_robot_interfaces/msg/detail/fan_command__type_support.cpp.o[0m
[8.620s] [ 64%] [32mBuilding CXX object CMakeFiles/wearable_robot_interfaces__rosidl_typesupport_introspection_cpp.dir/rosidl_typesupport_introspection_cpp/wearable_robot_interfaces/msg/detail/can_data_frame__type_support.cpp.o[0m
[8.648s] [ 65%] [32mBuilding CXX object CMakeFiles/wearable_robot_interfaces__rosidl_typesupport_fastrtps_cpp.dir/rosidl_typesupport_fastrtps_cpp/wearable_robot_interfaces/msg/detail/dds_fastrtps/fan_command__type_support.cpp.o[0m
[8.726s] [ 66%] [32mBuilding CXX object CMakeFiles/wearable_robot_interfaces__rosidl_typesupport_fastrtps_cpp.dir/rosidl_typesupport_fastrtps_cpp/wearable_robot_interfaces/msg/detail/dds_fastrtps/can_data_frame__type_support.cpp.o[0m
[8.836s] [ 67%] [32mBuilding CXX object CMakeFiles/wearable_robot_interfaces__rosidl_typesupport_introspection_cpp.dir/rosidl_typesupport_introspection_cpp/wearable_robot_interfaces/msg/detail/joint_state__type_support.cpp.o[0m
[8.844s] [ 68%] [32mBuilding CXX object CMakeFiles/wearable_robot_interfaces__rosidl_typesupport_fastrtps_cpp.dir/rosidl_typesupport_fastrtps_cpp/wearable_robot_interfaces/msg/detail/dds_fastrtps/joint_state__type_support.cpp.o[0m
[9.557s] [ 69%] [32m[1mLinking CXX shared library libwearable_robot_interfaces__rosidl_typesupport_introspection_cpp.so[0m
[9.753s] [ 69%] Built target wearable_robot_interfaces__rosidl_typesupport_introspection_cpp
[9.851s] [ 70%] [32m[1mLinking CXX shared library libwearable_robot_interfaces__rosidl_typesupport_fastrtps_cpp.so[0m
[10.042s] [ 70%] Built target wearable_robot_interfaces__rosidl_typesupport_fastrtps_cpp
[10.067s] [ 71%] [34m[1mGenerating C type support for eProsima Fast-RTPS[0m
[11.174s] [35m[1mScanning dependencies of target wearable_robot_interfaces__rosidl_typesupport_fastrtps_c[0m
[11.222s] [ 73%] [32mBuilding CXX object CMakeFiles/wearable_robot_interfaces__rosidl_typesupport_fastrtps_c.dir/rosidl_typesupport_fastrtps_c/wearable_robot_interfaces/msg/detail/temperature_data__type_support_c.cpp.o[0m
[11.223s] [ 73%] [32mBuilding CXX object CMakeFiles/wearable_robot_interfaces__rosidl_typesupport_fastrtps_c.dir/rosidl_typesupport_fastrtps_c/wearable_robot_interfaces/msg/detail/imu_data__type_support_c.cpp.o[0m
[11.223s] [ 74%] [32mBuilding CXX object CMakeFiles/wearable_robot_interfaces__rosidl_typesupport_fastrtps_c.dir/rosidl_typesupport_fastrtps_c/wearable_robot_interfaces/msg/detail/imu_type__type_support_c.cpp.o[0m
[11.227s] [ 75%] [32mBuilding CXX object CMakeFiles/wearable_robot_interfaces__rosidl_typesupport_fastrtps_c.dir/rosidl_typesupport_fastrtps_c/wearable_robot_interfaces/msg/detail/displacement_raw_data__type_support_c.cpp.o[0m
[11.232s] [ 77%] [32mBuilding CXX object CMakeFiles/wearable_robot_interfaces__rosidl_typesupport_fastrtps_c.dir/rosidl_typesupport_fastrtps_c/wearable_robot_interfaces/msg/detail/displacement_data__type_support_c.cpp.o[0m
[11.233s] [ 77%] [32mBuilding CXX object CMakeFiles/wearable_robot_interfaces__rosidl_typesupport_fastrtps_c.dir/rosidl_typesupport_fastrtps_c/wearable_robot_interfaces/msg/detail/actuator_command__type_support_c.cpp.o[0m
[11.243s] [ 78%] [32mBuilding CXX object CMakeFiles/wearable_robot_interfaces__rosidl_typesupport_fastrtps_c.dir/rosidl_typesupport_fastrtps_c/wearable_robot_interfaces/msg/detail/fan_command__type_support_c.cpp.o[0m
[11.251s] [ 80%] [32mBuilding CXX object CMakeFiles/wearable_robot_interfaces__rosidl_typesupport_fastrtps_c.dir/rosidl_typesupport_fastrtps_c/wearable_robot_interfaces/msg/detail/can_data_frame__type_support_c.cpp.o[0m
[12.275s] [ 81%] [32mBuilding CXX object CMakeFiles/wearable_robot_interfaces__rosidl_typesupport_fastrtps_c.dir/rosidl_typesupport_fastrtps_c/wearable_robot_interfaces/msg/detail/joint_state__type_support_c.cpp.o[0m
[13.113s] [ 82%] [32m[1mLinking CXX shared library libwearable_robot_interfaces__rosidl_typesupport_fastrtps_c.so[0m
[13.289s] [ 82%] Built target wearable_robot_interfaces__rosidl_typesupport_fastrtps_c
[13.338s] [ 82%] Built target wearable_robot_interfaces
[13.360s] [35m[1mScanning dependencies of target wearable_robot_interfaces__py[0m
[13.385s] [ 83%] [34m[1mGenerating Python code for ROS interfaces[0m
[15.688s] [ 83%] Built target wearable_robot_interfaces__py
[15.720s] [35m[1mScanning dependencies of target wearable_robot_interfaces__python[0m
[15.783s] [ 85%] [32mBuilding C object CMakeFiles/wearable_robot_interfaces__python.dir/rosidl_generator_py/wearable_robot_interfaces/msg/_displacement_raw_data_s.c.o[0m
[15.784s] [ 85%] [32mBuilding C object CMakeFiles/wearable_robot_interfaces__python.dir/rosidl_generator_py/wearable_robot_interfaces/msg/_displacement_data_s.c.o[0m
[15.784s] [ 86%] [32mBuilding C object CMakeFiles/wearable_robot_interfaces__python.dir/rosidl_generator_py/wearable_robot_interfaces/msg/_imu_data_s.c.o[0m
[15.786s] [ 87%] [32mBuilding C object CMakeFiles/wearable_robot_interfaces__python.dir/rosidl_generator_py/wearable_robot_interfaces/msg/_actuator_command_s.c.o[0m
[15.788s] [ 88%] [32mBuilding C object CMakeFiles/wearable_robot_interfaces__python.dir/rosidl_generator_py/wearable_robot_interfaces/msg/_temperature_data_s.c.o[0m
[15.789s] [ 89%] [32mBuilding C object CMakeFiles/wearable_robot_interfaces__python.dir/rosidl_generator_py/wearable_robot_interfaces/msg/_imu_type_s.c.o[0m
[15.801s] [ 90%] [32mBuilding C object CMakeFiles/wearable_robot_interfaces__python.dir/rosidl_generator_py/wearable_robot_interfaces/msg/_fan_command_s.c.o[0m
[15.806s] [ 91%] [32mBuilding C object CMakeFiles/wearable_robot_interfaces__python.dir/rosidl_generator_py/wearable_robot_interfaces/msg/_can_data_frame_s.c.o[0m
[16.032s] [ 92%] [32mBuilding C object CMakeFiles/wearable_robot_interfaces__python.dir/rosidl_generator_py/wearable_robot_interfaces/msg/_joint_state_s.c.o[0m
[16.248s] [ 93%] [32m[1mLinking C shared library rosidl_generator_py/wearable_robot_interfaces/libwearable_robot_interfaces__python.so[0m
[16.336s] [ 93%] Built target wearable_robot_interfaces__python
[16.360s] [35m[1mScanning dependencies of target wearable_robot_interfaces__rosidl_typesupport_fastrtps_c__pyext[0m
[16.360s] [35m[1mScanning dependencies of target wearable_robot_interfaces__rosidl_typesupport_introspection_c__pyext[0m
[16.360s] [35m[1mScanning dependencies of target wearable_robot_interfaces__rosidl_typesupport_c__pyext[0m
[16.398s] [ 96%] [32mBuilding C object CMakeFiles/wearable_robot_interfaces__rosidl_typesupport_introspection_c__pyext.dir/rosidl_generator_py/wearable_robot_interfaces/_wearable_robot_interfaces_s.ep.rosidl_typesupport_introspection_c.c.o[0m
[16.398s] [ 96%] [32mBuilding C object CMakeFiles/wearable_robot_interfaces__rosidl_typesupport_fastrtps_c__pyext.dir/rosidl_generator_py/wearable_robot_interfaces/_wearable_robot_interfaces_s.ep.rosidl_typesupport_fastrtps_c.c.o[0m
[16.398s] [ 96%] [32mBuilding C object CMakeFiles/wearable_robot_interfaces__rosidl_typesupport_c__pyext.dir/rosidl_generator_py/wearable_robot_interfaces/_wearable_robot_interfaces_s.ep.rosidl_typesupport_c.c.o[0m
[16.629s] [ 97%] [32m[1mLinking C shared library rosidl_generator_py/wearable_robot_interfaces/wearable_robot_interfaces_s__rosidl_typesupport_c.cpython-38-aarch64-linux-gnu.so[0m
[16.629s] [ 98%] [32m[1mLinking C shared library rosidl_generator_py/wearable_robot_interfaces/wearable_robot_interfaces_s__rosidl_typesupport_introspection_c.cpython-38-aarch64-linux-gnu.so[0m
[16.642s] [100%] [32m[1mLinking CXX shared library rosidl_generator_py/wearable_robot_interfaces/wearable_robot_interfaces_s__rosidl_typesupport_fastrtps_c.cpython-38-aarch64-linux-gnu.so[0m
[16.710s] [100%] Built target wearable_robot_interfaces__rosidl_typesupport_introspection_c__pyext
[16.711s] [100%] Built target wearable_robot_interfaces__rosidl_typesupport_c__pyext
[16.785s] [100%] Built target wearable_robot_interfaces__rosidl_typesupport_fastrtps_c__pyext
[16.815s] Invoked command in '/home/kimm/wearable_robot_ws/build/wearable_robot_interfaces' returned '0': CMAKE_PREFIX_PATH=${CMAKE_PREFIX_PATH}:/opt/ros/foxy /usr/bin/cmake --build /home/kimm/wearable_robot_ws/build/wearable_robot_interfaces -- -j8 -l8
[16.848s] Invoking command in '/home/kimm/wearable_robot_ws/build/wearable_robot_interfaces': CMAKE_PREFIX_PATH=${CMAKE_PREFIX_PATH}:/opt/ros/foxy /usr/bin/cmake --install /home/kimm/wearable_robot_ws/build/wearable_robot_interfaces
[16.866s] -- Install configuration: ""
[16.867s] -- Execute custom install script
[16.868s] -- Up-to-date symlink: /home/kimm/wearable_robot_ws/install/wearable_robot_interfaces/share/ament_index/resource_index/rosidl_interfaces/wearable_robot_interfaces
[16.870s] -- Up-to-date symlink: /home/kimm/wearable_robot_ws/install/wearable_robot_interfaces/include/wearable_robot_interfaces/msg/actuator_command.h
[16.870s] -- Up-to-date symlink: /home/kimm/wearable_robot_ws/install/wearable_robot_interfaces/include/wearable_robot_interfaces/msg/can_data.h
[16.870s] -- Up-to-date symlink: /home/kimm/wearable_robot_ws/install/wearable_robot_interfaces/include/wearable_robot_interfaces/msg/can_data_frame.h
[16.871s] -- Up-to-date symlink: /home/kimm/wearable_robot_ws/install/wearable_robot_interfaces/include/wearable_robot_interfaces/msg/detail/actuator_command__functions.h
[16.871s] -- Up-to-date symlink: /home/kimm/wearable_robot_ws/install/wearable_robot_interfaces/include/wearable_robot_interfaces/msg/detail/actuator_command__struct.h
[16.871s] -- Up-to-date symlink: /home/kimm/wearable_robot_ws/install/wearable_robot_interfaces/include/wearable_robot_interfaces/msg/detail/actuator_command__type_support.h
[16.872s] -- Up-to-date symlink: /home/kimm/wearable_robot_ws/install/wearable_robot_interfaces/include/wearable_robot_interfaces/msg/detail/can_data__functions.h
[16.872s] -- Up-to-date symlink: /home/kimm/wearable_robot_ws/install/wearable_robot_interfaces/include/wearable_robot_interfaces/msg/detail/can_data__struct.h
[16.872s] -- Up-to-date symlink: /home/kimm/wearable_robot_ws/install/wearable_robot_interfaces/include/wearable_robot_interfaces/msg/detail/can_data__type_support.h
[16.873s] -- Up-to-date symlink: /home/kimm/wearable_robot_ws/install/wearable_robot_interfaces/include/wearable_robot_interfaces/msg/detail/can_data_frame__functions.h
[16.873s] -- Up-to-date symlink: /home/kimm/wearable_robot_ws/install/wearable_robot_interfaces/include/wearable_robot_interfaces/msg/detail/can_data_frame__struct.h
[16.873s] -- Up-to-date symlink: /home/kimm/wearable_robot_ws/install/wearable_robot_interfaces/include/wearable_robot_interfaces/msg/detail/can_data_frame__type_support.h
[16.874s] -- Up-to-date symlink: /home/kimm/wearable_robot_ws/install/wearable_robot_interfaces/include/wearable_robot_interfaces/msg/detail/displacement_data__functions.h
[16.874s] -- Up-to-date symlink: /home/kimm/wearable_robot_ws/install/wearable_robot_interfaces/include/wearable_robot_interfaces/msg/detail/displacement_data__struct.h
[16.874s] -- Up-to-date symlink: /home/kimm/wearable_robot_ws/install/wearable_robot_interfaces/include/wearable_robot_interfaces/msg/detail/displacement_data__type_support.h
[16.875s] -- Up-to-date symlink: /home/kimm/wearable_robot_ws/install/wearable_robot_interfaces/include/wearable_robot_interfaces/msg/detail/displacement_raw_data__functions.h
[16.875s] -- Up-to-date symlink: /home/kimm/wearable_robot_ws/install/wearable_robot_interfaces/include/wearable_robot_interfaces/msg/detail/displacement_raw_data__struct.h
[16.875s] -- Up-to-date symlink: /home/kimm/wearable_robot_ws/install/wearable_robot_interfaces/include/wearable_robot_interfaces/msg/detail/displacement_raw_data__type_support.h
[16.876s] -- Up-to-date symlink: /home/kimm/wearable_robot_ws/install/wearable_robot_interfaces/include/wearable_robot_interfaces/msg/detail/fan_command__functions.h
[16.876s] -- Up-to-date symlink: /home/kimm/wearable_robot_ws/install/wearable_robot_interfaces/include/wearable_robot_interfaces/msg/detail/fan_command__struct.h
[16.876s] -- Up-to-date symlink: /home/kimm/wearable_robot_ws/install/wearable_robot_interfaces/include/wearable_robot_interfaces/msg/detail/fan_command__type_support.h
[16.877s] -- Up-to-date symlink: /home/kimm/wearable_robot_ws/install/wearable_robot_interfaces/include/wearable_robot_interfaces/msg/detail/imu_data__functions.h
[16.877s] -- Up-to-date symlink: /home/kimm/wearable_robot_ws/install/wearable_robot_interfaces/include/wearable_robot_interfaces/msg/detail/imu_data__struct.h
[16.877s] -- Up-to-date symlink: /home/kimm/wearable_robot_ws/install/wearable_robot_interfaces/include/wearable_robot_interfaces/msg/detail/imu_data__type_support.h
[16.878s] -- Up-to-date symlink: /home/kimm/wearable_robot_ws/install/wearable_robot_interfaces/include/wearable_robot_interfaces/msg/detail/imu_raw_data__functions.h
[16.878s] -- Up-to-date symlink: /home/kimm/wearable_robot_ws/install/wearable_robot_interfaces/include/wearable_robot_interfaces/msg/detail/imu_raw_data__struct.h
[16.878s] -- Up-to-date symlink: /home/kimm/wearable_robot_ws/install/wearable_robot_interfaces/include/wearable_robot_interfaces/msg/detail/imu_raw_data__type_support.h
[16.879s] -- Up-to-date symlink: /home/kimm/wearable_robot_ws/install/wearable_robot_interfaces/include/wearable_robot_interfaces/msg/detail/imu_type__functions.h
[16.879s] -- Up-to-date symlink: /home/kimm/wearable_robot_ws/install/wearable_robot_interfaces/include/wearable_robot_interfaces/msg/detail/imu_type__struct.h
[16.879s] -- Up-to-date symlink: /home/kimm/wearable_robot_ws/install/wearable_robot_interfaces/include/wearable_robot_interfaces/msg/detail/imu_type__type_support.h
[16.880s] -- Up-to-date symlink: /home/kimm/wearable_robot_ws/install/wearable_robot_interfaces/include/wearable_robot_interfaces/msg/detail/joint_state__functions.h
[16.880s] -- Up-to-date symlink: /home/kimm/wearable_robot_ws/install/wearable_robot_interfaces/include/wearable_robot_interfaces/msg/detail/joint_state__struct.h
[16.880s] -- Up-to-date symlink: /home/kimm/wearable_robot_ws/install/wearable_robot_interfaces/include/wearable_robot_interfaces/msg/detail/joint_state__type_support.h
[16.881s] -- Up-to-date symlink: /home/kimm/wearable_robot_ws/install/wearable_robot_interfaces/include/wearable_robot_interfaces/msg/detail/temperature_data__functions.h
[16.881s] -- Up-to-date symlink: /home/kimm/wearable_robot_ws/install/wearable_robot_interfaces/include/wearable_robot_interfaces/msg/detail/temperature_data__struct.h
[16.881s] -- Up-to-date symlink: /home/kimm/wearable_robot_ws/install/wearable_robot_interfaces/include/wearable_robot_interfaces/msg/detail/temperature_data__type_support.h
[16.882s] -- Up-to-date symlink: /home/kimm/wearable_robot_ws/install/wearable_robot_interfaces/include/wearable_robot_interfaces/msg/displacement_data.h
[16.882s] -- Up-to-date symlink: /home/kimm/wearable_robot_ws/install/wearable_robot_interfaces/include/wearable_robot_interfaces/msg/displacement_raw_data.h
[16.882s] -- Up-to-date symlink: /home/kimm/wearable_robot_ws/install/wearable_robot_interfaces/include/wearable_robot_interfaces/msg/fan_command.h
[16.883s] -- Up-to-date symlink: /home/kimm/wearable_robot_ws/install/wearable_robot_interfaces/include/wearable_robot_interfaces/msg/imu_data.h
[16.883s] -- Up-to-date symlink: /home/kimm/wearable_robot_ws/install/wearable_robot_interfaces/include/wearable_robot_interfaces/msg/imu_raw_data.h
[16.883s] -- Up-to-date symlink: /home/kimm/wearable_robot_ws/install/wearable_robot_interfaces/include/wearable_robot_interfaces/msg/imu_type.h
[16.883s] -- Up-to-date symlink: /home/kimm/wearable_robot_ws/install/wearable_robot_interfaces/include/wearable_robot_interfaces/msg/joint_state.h
[16.884s] -- Up-to-date symlink: /home/kimm/wearable_robot_ws/install/wearable_robot_interfaces/include/wearable_robot_interfaces/msg/rosidl_generator_c__visibility_control.h
[16.884s] -- Up-to-date symlink: /home/kimm/wearable_robot_ws/install/wearable_robot_interfaces/include/wearable_robot_interfaces/msg/temperature_data.h
[16.885s] -- Up-to-date symlink: /home/kimm/wearable_robot_ws/install/wearable_robot_interfaces/share/wearable_robot_interfaces/environment/library_path.sh
[16.885s] -- Up-to-date symlink: /home/kimm/wearable_robot_ws/install/wearable_robot_interfaces/share/wearable_robot_interfaces/environment/library_path.dsv
[16.887s] -- Up-to-date symlink: /home/kimm/wearable_robot_ws/install/wearable_robot_interfaces/include/wearable_robot_interfaces/msg/detail/actuator_command__rosidl_typesupport_fastrtps_c.h
[16.887s] -- Up-to-date symlink: /home/kimm/wearable_robot_ws/install/wearable_robot_interfaces/include/wearable_robot_interfaces/msg/detail/can_data__rosidl_typesupport_fastrtps_c.h
[16.888s] -- Up-to-date symlink: /home/kimm/wearable_robot_ws/install/wearable_robot_interfaces/include/wearable_robot_interfaces/msg/detail/can_data_frame__rosidl_typesupport_fastrtps_c.h
[16.888s] -- Up-to-date symlink: /home/kimm/wearable_robot_ws/install/wearable_robot_interfaces/include/wearable_robot_interfaces/msg/detail/displacement_data__rosidl_typesupport_fastrtps_c.h
[16.888s] -- Up-to-date symlink: /home/kimm/wearable_robot_ws/install/wearable_robot_interfaces/include/wearable_robot_interfaces/msg/detail/displacement_raw_data__rosidl_typesupport_fastrtps_c.h
[16.889s] -- Up-to-date symlink: /home/kimm/wearable_robot_ws/install/wearable_robot_interfaces/include/wearable_robot_interfaces/msg/detail/fan_command__rosidl_typesupport_fastrtps_c.h
[16.889s] -- Up-to-date symlink: /home/kimm/wearable_robot_ws/install/wearable_robot_interfaces/include/wearable_robot_interfaces/msg/detail/imu_data__rosidl_typesupport_fastrtps_c.h
[16.889s] -- Up-to-date symlink: /home/kimm/wearable_robot_ws/install/wearable_robot_interfaces/include/wearable_robot_interfaces/msg/detail/imu_raw_data__rosidl_typesupport_fastrtps_c.h
[16.890s] -- Up-to-date symlink: /home/kimm/wearable_robot_ws/install/wearable_robot_interfaces/include/wearable_robot_interfaces/msg/detail/imu_type__rosidl_typesupport_fastrtps_c.h
[16.890s] -- Up-to-date symlink: /home/kimm/wearable_robot_ws/install/wearable_robot_interfaces/include/wearable_robot_interfaces/msg/detail/joint_state__rosidl_typesupport_fastrtps_c.h
[16.890s] -- Up-to-date symlink: /home/kimm/wearable_robot_ws/install/wearable_robot_interfaces/include/wearable_robot_interfaces/msg/detail/temperature_data__rosidl_typesupport_fastrtps_c.h
[16.891s] -- Up-to-date symlink: /home/kimm/wearable_robot_ws/install/wearable_robot_interfaces/include/wearable_robot_interfaces/msg/rosidl_typesupport_fastrtps_c__visibility_control.h
[16.892s] -- Up-to-date symlink: /home/kimm/wearable_robot_ws/install/wearable_robot_interfaces/lib/libwearable_robot_interfaces__rosidl_typesupport_fastrtps_c.so
[16.894s] -- Up-to-date symlink: /home/kimm/wearable_robot_ws/install/wearable_robot_interfaces/include/wearable_robot_interfaces/msg/detail/actuator_command__rosidl_typesupport_fastrtps_cpp.hpp
[16.894s] -- Up-to-date symlink: /home/kimm/wearable_robot_ws/install/wearable_robot_interfaces/include/wearable_robot_interfaces/msg/detail/can_data__rosidl_typesupport_fastrtps_cpp.hpp
[16.894s] -- Up-to-date symlink: /home/kimm/wearable_robot_ws/install/wearable_robot_interfaces/include/wearable_robot_interfaces/msg/detail/can_data_frame__rosidl_typesupport_fastrtps_cpp.hpp
[16.894s] -- Up-to-date symlink: /home/kimm/wearable_robot_ws/install/wearable_robot_interfaces/include/wearable_robot_interfaces/msg/detail/displacement_data__rosidl_typesupport_fastrtps_cpp.hpp
[16.895s] -- Up-to-date symlink: /home/kimm/wearable_robot_ws/install/wearable_robot_interfaces/include/wearable_robot_interfaces/msg/detail/displacement_raw_data__rosidl_typesupport_fastrtps_cpp.hpp
[16.895s] -- Up-to-date symlink: /home/kimm/wearable_robot_ws/install/wearable_robot_interfaces/include/wearable_robot_interfaces/msg/detail/fan_command__rosidl_typesupport_fastrtps_cpp.hpp
[16.895s] -- Up-to-date symlink: /home/kimm/wearable_robot_ws/install/wearable_robot_interfaces/include/wearable_robot_interfaces/msg/detail/imu_data__rosidl_typesupport_fastrtps_cpp.hpp
[16.896s] -- Up-to-date symlink: /home/kimm/wearable_robot_ws/install/wearable_robot_interfaces/include/wearable_robot_interfaces/msg/detail/imu_raw_data__rosidl_typesupport_fastrtps_cpp.hpp
[16.896s] -- Up-to-date symlink: /home/kimm/wearable_robot_ws/install/wearable_robot_interfaces/include/wearable_robot_interfaces/msg/detail/imu_type__rosidl_typesupport_fastrtps_cpp.hpp
[16.896s] -- Up-to-date symlink: /home/kimm/wearable_robot_ws/install/wearable_robot_interfaces/include/wearable_robot_interfaces/msg/detail/joint_state__rosidl_typesupport_fastrtps_cpp.hpp
[16.897s] -- Up-to-date symlink: /home/kimm/wearable_robot_ws/install/wearable_robot_interfaces/include/wearable_robot_interfaces/msg/detail/temperature_data__rosidl_typesupport_fastrtps_cpp.hpp
[16.897s] -- Up-to-date symlink: /home/kimm/wearable_robot_ws/install/wearable_robot_interfaces/include/wearable_robot_interfaces/msg/rosidl_typesupport_fastrtps_cpp__visibility_control.h
[16.898s] -- Up-to-date symlink: /home/kimm/wearable_robot_ws/install/wearable_robot_interfaces/lib/libwearable_robot_interfaces__rosidl_typesupport_fastrtps_cpp.so
[16.899s] -- Up-to-date symlink: /home/kimm/wearable_robot_ws/install/wearable_robot_interfaces/include/wearable_robot_interfaces/msg/detail/actuator_command__rosidl_typesupport_introspection_c.h
[16.899s] -- Up-to-date symlink: /home/kimm/wearable_robot_ws/install/wearable_robot_interfaces/include/wearable_robot_interfaces/msg/detail/can_data__rosidl_typesupport_introspection_c.h
[16.900s] -- Up-to-date symlink: /home/kimm/wearable_robot_ws/install/wearable_robot_interfaces/include/wearable_robot_interfaces/msg/detail/can_data_frame__rosidl_typesupport_introspection_c.h
[16.900s] -- Up-to-date symlink: /home/kimm/wearable_robot_ws/install/wearable_robot_interfaces/include/wearable_robot_interfaces/msg/detail/displacement_data__rosidl_typesupport_introspection_c.h
[16.900s] -- Up-to-date symlink: /home/kimm/wearable_robot_ws/install/wearable_robot_interfaces/include/wearable_robot_interfaces/msg/detail/displacement_raw_data__rosidl_typesupport_introspection_c.h
[16.901s] -- Up-to-date symlink: /home/kimm/wearable_robot_ws/install/wearable_robot_interfaces/include/wearable_robot_interfaces/msg/detail/fan_command__rosidl_typesupport_introspection_c.h
[16.901s] -- Up-to-date symlink: /home/kimm/wearable_robot_ws/install/wearable_robot_interfaces/include/wearable_robot_interfaces/msg/detail/imu_data__rosidl_typesupport_introspection_c.h
[16.901s] -- Up-to-date symlink: /home/kimm/wearable_robot_ws/install/wearable_robot_interfaces/include/wearable_robot_interfaces/msg/detail/imu_raw_data__rosidl_typesupport_introspection_c.h
[16.902s] -- Up-to-date symlink: /home/kimm/wearable_robot_ws/install/wearable_robot_interfaces/include/wearable_robot_interfaces/msg/detail/imu_type__rosidl_typesupport_introspection_c.h
[16.902s] -- Up-to-date symlink: /home/kimm/wearable_robot_ws/install/wearable_robot_interfaces/include/wearable_robot_interfaces/msg/detail/joint_state__rosidl_typesupport_introspection_c.h
[16.902s] -- Up-to-date symlink: /home/kimm/wearable_robot_ws/install/wearable_robot_interfaces/include/wearable_robot_interfaces/msg/detail/temperature_data__rosidl_typesupport_introspection_c.h
[16.903s] -- Up-to-date symlink: /home/kimm/wearable_robot_ws/install/wearable_robot_interfaces/include/wearable_robot_interfaces/msg/rosidl_typesupport_introspection_c__visibility_control.h
[16.905s] -- Up-to-date symlink: /home/kimm/wearable_robot_ws/install/wearable_robot_interfaces/include/wearable_robot_interfaces/msg/actuator_command.hpp
[16.905s] -- Up-to-date symlink: /home/kimm/wearable_robot_ws/install/wearable_robot_interfaces/include/wearable_robot_interfaces/msg/can_data.hpp
[16.905s] -- Up-to-date symlink: /home/kimm/wearable_robot_ws/install/wearable_robot_interfaces/include/wearable_robot_interfaces/msg/can_data_frame.hpp
[16.906s] -- Up-to-date symlink: /home/kimm/wearable_robot_ws/install/wearable_robot_interfaces/include/wearable_robot_interfaces/msg/detail/actuator_command__builder.hpp
[16.906s] -- Up-to-date symlink: /home/kimm/wearable_robot_ws/install/wearable_robot_interfaces/include/wearable_robot_interfaces/msg/detail/actuator_command__struct.hpp
[16.906s] -- Up-to-date symlink: /home/kimm/wearable_robot_ws/install/wearable_robot_interfaces/include/wearable_robot_interfaces/msg/detail/actuator_command__traits.hpp
[16.907s] -- Up-to-date symlink: /home/kimm/wearable_robot_ws/install/wearable_robot_interfaces/include/wearable_robot_interfaces/msg/detail/actuator_command__type_support.hpp
[16.907s] -- Up-to-date symlink: /home/kimm/wearable_robot_ws/install/wearable_robot_interfaces/include/wearable_robot_interfaces/msg/detail/can_data__builder.hpp
[16.908s] -- Up-to-date symlink: /home/kimm/wearable_robot_ws/install/wearable_robot_interfaces/include/wearable_robot_interfaces/msg/detail/can_data__struct.hpp
[16.908s] -- Up-to-date symlink: /home/kimm/wearable_robot_ws/install/wearable_robot_interfaces/include/wearable_robot_interfaces/msg/detail/can_data__traits.hpp
[16.910s] -- Up-to-date symlink: /home/kimm/wearable_robot_ws/install/wearable_robot_interfaces/include/wearable_robot_interfaces/msg/detail/can_data__type_support.hpp
[16.910s] -- Up-to-date symlink: /home/kimm/wearable_robot_ws/install/wearable_robot_interfaces/include/wearable_robot_interfaces/msg/detail/can_data_frame__builder.hpp
[16.910s] -- Up-to-date symlink: /home/kimm/wearable_robot_ws/install/wearable_robot_interfaces/include/wearable_robot_interfaces/msg/detail/can_data_frame__struct.hpp
[16.910s] -- Up-to-date symlink: /home/kimm/wearable_robot_ws/install/wearable_robot_interfaces/include/wearable_robot_interfaces/msg/detail/can_data_frame__traits.hpp
[16.911s] -- Up-to-date symlink: /home/kimm/wearable_robot_ws/install/wearable_robot_interfaces/include/wearable_robot_interfaces/msg/detail/can_data_frame__type_support.hpp
[16.911s] -- Up-to-date symlink: /home/kimm/wearable_robot_ws/install/wearable_robot_interfaces/include/wearable_robot_interfaces/msg/detail/displacement_data__builder.hpp
[16.911s] -- Up-to-date symlink: /home/kimm/wearable_robot_ws/install/wearable_robot_interfaces/include/wearable_robot_interfaces/msg/detail/displacement_data__struct.hpp
[16.911s] -- Up-to-date symlink: /home/kimm/wearable_robot_ws/install/wearable_robot_interfaces/include/wearable_robot_interfaces/msg/detail/displacement_data__traits.hpp
[16.911s] -- Up-to-date symlink: /home/kimm/wearable_robot_ws/install/wearable_robot_interfaces/include/wearable_robot_interfaces/msg/detail/displacement_data__type_support.hpp
[16.912s] -- Up-to-date symlink: /home/kimm/wearable_robot_ws/install/wearable_robot_interfaces/include/wearable_robot_interfaces/msg/detail/displacement_raw_data__builder.hpp
[16.912s] -- Up-to-date symlink: /home/kimm/wearable_robot_ws/install/wearable_robot_interfaces/include/wearable_robot_interfaces/msg/detail/displacement_raw_data__struct.hpp
[16.912s] -- Up-to-date symlink: /home/kimm/wearable_robot_ws/install/wearable_robot_interfaces/include/wearable_robot_interfaces/msg/detail/displacement_raw_data__traits.hpp
[16.912s] -- Up-to-date symlink: /home/kimm/wearable_robot_ws/install/wearable_robot_interfaces/include/wearable_robot_interfaces/msg/detail/displacement_raw_data__type_support.hpp
[16.912s] -- Up-to-date symlink: /home/kimm/wearable_robot_ws/install/wearable_robot_interfaces/include/wearable_robot_interfaces/msg/detail/fan_command__builder.hpp
[16.912s] -- Up-to-date symlink: /home/kimm/wearable_robot_ws/install/wearable_robot_interfaces/include/wearable_robot_interfaces/msg/detail/fan_command__struct.hpp
[16.913s] -- Up-to-date symlink: /home/kimm/wearable_robot_ws/install/wearable_robot_interfaces/include/wearable_robot_interfaces/msg/detail/fan_command__traits.hpp
[16.913s] -- Up-to-date symlink: /home/kimm/wearable_robot_ws/install/wearable_robot_interfaces/include/wearable_robot_interfaces/msg/detail/fan_command__type_support.hpp
[16.913s] -- Up-to-date symlink: /home/kimm/wearable_robot_ws/install/wearable_robot_interfaces/include/wearable_robot_interfaces/msg/detail/imu_data__builder.hpp
[16.914s] -- Up-to-date symlink: /home/kimm/wearable_robot_ws/install/wearable_robot_interfaces/include/wearable_robot_interfaces/msg/detail/imu_data__struct.hpp
[16.914s] -- Up-to-date symlink: /home/kimm/wearable_robot_ws/install/wearable_robot_interfaces/include/wearable_robot_interfaces/msg/detail/imu_data__traits.hpp
[16.914s] -- Up-to-date symlink: /home/kimm/wearable_robot_ws/install/wearable_robot_interfaces/include/wearable_robot_interfaces/msg/detail/imu_data__type_support.hpp
[16.915s] -- Up-to-date symlink: /home/kimm/wearable_robot_ws/install/wearable_robot_interfaces/include/wearable_robot_interfaces/msg/detail/imu_raw_data__builder.hpp
[16.915s] -- Up-to-date symlink: /home/kimm/wearable_robot_ws/install/wearable_robot_interfaces/include/wearable_robot_interfaces/msg/detail/imu_raw_data__struct.hpp
[16.915s] -- Up-to-date symlink: /home/kimm/wearable_robot_ws/install/wearable_robot_interfaces/include/wearable_robot_interfaces/msg/detail/imu_raw_data__traits.hpp
[16.916s] -- Up-to-date symlink: /home/kimm/wearable_robot_ws/install/wearable_robot_interfaces/include/wearable_robot_interfaces/msg/detail/imu_raw_data__type_support.hpp
[16.916s] -- Up-to-date symlink: /home/kimm/wearable_robot_ws/install/wearable_robot_interfaces/include/wearable_robot_interfaces/msg/detail/imu_type__builder.hpp
[16.917s] -- Up-to-date symlink: /home/kimm/wearable_robot_ws/install/wearable_robot_interfaces/include/wearable_robot_interfaces/msg/detail/imu_type__struct.hpp
[16.918s] -- Up-to-date symlink: /home/kimm/wearable_robot_ws/install/wearable_robot_interfaces/include/wearable_robot_interfaces/msg/detail/imu_type__traits.hpp
[16.918s] -- Up-to-date symlink: /home/kimm/wearable_robot_ws/install/wearable_robot_interfaces/include/wearable_robot_interfaces/msg/detail/imu_type__type_support.hpp
[16.919s] -- Up-to-date symlink: /home/kimm/wearable_robot_ws/install/wearable_robot_interfaces/include/wearable_robot_interfaces/msg/detail/joint_state__builder.hpp
[16.919s] -- Up-to-date symlink: /home/kimm/wearable_robot_ws/install/wearable_robot_interfaces/include/wearable_robot_interfaces/msg/detail/joint_state__struct.hpp
[16.919s] -- Up-to-date symlink: /home/kimm/wearable_robot_ws/install/wearable_robot_interfaces/include/wearable_robot_interfaces/msg/detail/joint_state__traits.hpp
[16.919s] -- Up-to-date symlink: /home/kimm/wearable_robot_ws/install/wearable_robot_interfaces/include/wearable_robot_interfaces/msg/detail/joint_state__type_support.hpp
[16.919s] -- Up-to-date symlink: /home/kimm/wearable_robot_ws/install/wearable_robot_interfaces/include/wearable_robot_interfaces/msg/detail/temperature_data__builder.hpp
[16.920s] -- Up-to-date symlink: /home/kimm/wearable_robot_ws/install/wearable_robot_interfaces/include/wearable_robot_interfaces/msg/detail/temperature_data__struct.hpp
[16.921s] -- Up-to-date symlink: /home/kimm/wearable_robot_ws/install/wearable_robot_interfaces/include/wearable_robot_interfaces/msg/detail/temperature_data__traits.hpp
[16.921s] -- Up-to-date symlink: /home/kimm/wearable_robot_ws/install/wearable_robot_interfaces/include/wearable_robot_interfaces/msg/detail/temperature_data__type_support.hpp
[16.921s] -- Up-to-date symlink: /home/kimm/wearable_robot_ws/install/wearable_robot_interfaces/include/wearable_robot_interfaces/msg/displacement_data.hpp
[16.922s] -- Up-to-date symlink: /home/kimm/wearable_robot_ws/install/wearable_robot_interfaces/include/wearable_robot_interfaces/msg/displacement_raw_data.hpp
[16.922s] -- Up-to-date symlink: /home/kimm/wearable_robot_ws/install/wearable_robot_interfaces/include/wearable_robot_interfaces/msg/fan_command.hpp
[16.922s] -- Up-to-date symlink: /home/kimm/wearable_robot_ws/install/wearable_robot_interfaces/include/wearable_robot_interfaces/msg/imu_data.hpp
[16.922s] -- Up-to-date symlink: /home/kimm/wearable_robot_ws/install/wearable_robot_interfaces/include/wearable_robot_interfaces/msg/imu_raw_data.hpp
[16.923s] -- Up-to-date symlink: /home/kimm/wearable_robot_ws/install/wearable_robot_interfaces/include/wearable_robot_interfaces/msg/imu_type.hpp
[16.923s] -- Up-to-date symlink: /home/kimm/wearable_robot_ws/install/wearable_robot_interfaces/include/wearable_robot_interfaces/msg/joint_state.hpp
[16.923s] -- Up-to-date symlink: /home/kimm/wearable_robot_ws/install/wearable_robot_interfaces/include/wearable_robot_interfaces/msg/rosidl_generator_cpp__visibility_control.hpp
[16.923s] -- Up-to-date symlink: /home/kimm/wearable_robot_ws/install/wearable_robot_interfaces/include/wearable_robot_interfaces/msg/temperature_data.hpp
[16.924s] -- Up-to-date symlink: /home/kimm/wearable_robot_ws/install/wearable_robot_interfaces/include/wearable_robot_interfaces/msg/detail/actuator_command__rosidl_typesupport_introspection_cpp.hpp
[16.926s] -- Up-to-date symlink: /home/kimm/wearable_robot_ws/install/wearable_robot_interfaces/include/wearable_robot_interfaces/msg/detail/can_data__rosidl_typesupport_introspection_cpp.hpp
[16.926s] -- Up-to-date symlink: /home/kimm/wearable_robot_ws/install/wearable_robot_interfaces/include/wearable_robot_interfaces/msg/detail/can_data_frame__rosidl_typesupport_introspection_cpp.hpp
[16.926s] -- Up-to-date symlink: /home/kimm/wearable_robot_ws/install/wearable_robot_interfaces/include/wearable_robot_interfaces/msg/detail/displacement_data__rosidl_typesupport_introspection_cpp.hpp
[16.926s] -- Up-to-date symlink: /home/kimm/wearable_robot_ws/install/wearable_robot_interfaces/include/wearable_robot_interfaces/msg/detail/displacement_raw_data__rosidl_typesupport_introspection_cpp.hpp
[16.926s] -- Up-to-date symlink: /home/kimm/wearable_robot_ws/install/wearable_robot_interfaces/include/wearable_robot_interfaces/msg/detail/fan_command__rosidl_typesupport_introspection_cpp.hpp
[16.927s] -- Up-to-date symlink: /home/kimm/wearable_robot_ws/install/wearable_robot_interfaces/include/wearable_robot_interfaces/msg/detail/imu_data__rosidl_typesupport_introspection_cpp.hpp
[16.927s] -- Up-to-date symlink: /home/kimm/wearable_robot_ws/install/wearable_robot_interfaces/include/wearable_robot_interfaces/msg/detail/imu_raw_data__rosidl_typesupport_introspection_cpp.hpp
[16.927s] -- Up-to-date symlink: /home/kimm/wearable_robot_ws/install/wearable_robot_interfaces/include/wearable_robot_interfaces/msg/detail/imu_type__rosidl_typesupport_introspection_cpp.hpp
[16.927s] -- Up-to-date symlink: /home/kimm/wearable_robot_ws/install/wearable_robot_interfaces/include/wearable_robot_interfaces/msg/detail/joint_state__rosidl_typesupport_introspection_cpp.hpp
[16.928s] -- Up-to-date symlink: /home/kimm/wearable_robot_ws/install/wearable_robot_interfaces/include/wearable_robot_interfaces/msg/detail/temperature_data__rosidl_typesupport_introspection_cpp.hpp
[16.928s] -- Up-to-date symlink: /home/kimm/wearable_robot_ws/install/wearable_robot_interfaces/share/wearable_robot_interfaces/environment/pythonpath.sh
[16.929s] -- Up-to-date symlink: /home/kimm/wearable_robot_ws/install/wearable_robot_interfaces/share/wearable_robot_interfaces/environment/pythonpath.dsv
[16.929s] -- Up-to-date symlink: /home/kimm/wearable_robot_ws/install/wearable_robot_interfaces/lib/python3.8/site-packages/wearable_robot_interfaces/__init__.py
[16.931s] -- Up-to-date symlink: /home/kimm/wearable_robot_ws/install/wearable_robot_interfaces/lib/python3.8/site-packages/wearable_robot_interfaces/msg/__init__.py
[16.931s] -- Up-to-date symlink: /home/kimm/wearable_robot_ws/install/wearable_robot_interfaces/lib/python3.8/site-packages/wearable_robot_interfaces/msg/_actuator_command.py
[16.931s] -- Up-to-date symlink: /home/kimm/wearable_robot_ws/install/wearable_robot_interfaces/lib/python3.8/site-packages/wearable_robot_interfaces/msg/_can_data.py
[16.931s] -- Up-to-date symlink: /home/kimm/wearable_robot_ws/install/wearable_robot_interfaces/lib/python3.8/site-packages/wearable_robot_interfaces/msg/_can_data_frame.py
[16.932s] -- Up-to-date symlink: /home/kimm/wearable_robot_ws/install/wearable_robot_interfaces/lib/python3.8/site-packages/wearable_robot_interfaces/msg/_displacement_data.py
[16.932s] -- Up-to-date symlink: /home/kimm/wearable_robot_ws/install/wearable_robot_interfaces/lib/python3.8/site-packages/wearable_robot_interfaces/msg/_displacement_raw_data.py
[16.932s] -- Up-to-date symlink: /home/kimm/wearable_robot_ws/install/wearable_robot_interfaces/lib/python3.8/site-packages/wearable_robot_interfaces/msg/_fan_command.py
[16.933s] -- Up-to-date symlink: /home/kimm/wearable_robot_ws/install/wearable_robot_interfaces/lib/python3.8/site-packages/wearable_robot_interfaces/msg/_imu_data.py
[16.933s] -- Up-to-date symlink: /home/kimm/wearable_robot_ws/install/wearable_robot_interfaces/lib/python3.8/site-packages/wearable_robot_interfaces/msg/_imu_raw_data.py
[16.933s] -- Up-to-date symlink: /home/kimm/wearable_robot_ws/install/wearable_robot_interfaces/lib/python3.8/site-packages/wearable_robot_interfaces/msg/_imu_type.py
[16.933s] -- Up-to-date symlink: /home/kimm/wearable_robot_ws/install/wearable_robot_interfaces/lib/python3.8/site-packages/wearable_robot_interfaces/msg/_joint_state.py
[16.934s] -- Up-to-date symlink: /home/kimm/wearable_robot_ws/install/wearable_robot_interfaces/lib/python3.8/site-packages/wearable_robot_interfaces/msg/_temperature_data.py
[16.935s] -- Up-to-date symlink: /home/kimm/wearable_robot_ws/install/wearable_robot_interfaces/lib/python3.8/site-packages/wearable_robot_interfaces/wearable_robot_interfaces_s__rosidl_typesupport_fastrtps_c.cpython-38-aarch64-linux-gnu.so
[16.936s] -- Up-to-date symlink: /home/kimm/wearable_robot_ws/install/wearable_robot_interfaces/lib/python3.8/site-packages/wearable_robot_interfaces/wearable_robot_interfaces_s__rosidl_typesupport_introspection_c.cpython-38-aarch64-linux-gnu.so
[16.937s] -- Up-to-date symlink: /home/kimm/wearable_robot_ws/install/wearable_robot_interfaces/lib/python3.8/site-packages/wearable_robot_interfaces/wearable_robot_interfaces_s__rosidl_typesupport_c.cpython-38-aarch64-linux-gnu.so
[16.937s] -- Up-to-date symlink: /home/kimm/wearable_robot_ws/install/wearable_robot_interfaces/lib/libwearable_robot_interfaces__python.so
[16.938s] -- Up-to-date symlink: /home/kimm/wearable_robot_ws/install/wearable_robot_interfaces/share/wearable_robot_interfaces/msg/DisplacementRawData.idl
[16.938s] -- Up-to-date symlink: /home/kimm/wearable_robot_ws/install/wearable_robot_interfaces/share/wearable_robot_interfaces/msg/DisplacementData.idl
[16.939s] -- Up-to-date symlink: /home/kimm/wearable_robot_ws/install/wearable_robot_interfaces/share/wearable_robot_interfaces/msg/IMUData.idl
[16.939s] -- Up-to-date symlink: /home/kimm/wearable_robot_ws/install/wearable_robot_interfaces/share/wearable_robot_interfaces/msg/IMUType.idl
[16.940s] -- Up-to-date symlink: /home/kimm/wearable_robot_ws/install/wearable_robot_interfaces/share/wearable_robot_interfaces/msg/TemperatureData.idl
[16.940s] -- Up-to-date symlink: /home/kimm/wearable_robot_ws/install/wearable_robot_interfaces/share/wearable_robot_interfaces/msg/ActuatorCommand.idl
[16.941s] -- Up-to-date symlink: /home/kimm/wearable_robot_ws/install/wearable_robot_interfaces/share/wearable_robot_interfaces/msg/FanCommand.idl
[16.941s] -- Up-to-date symlink: /home/kimm/wearable_robot_ws/install/wearable_robot_interfaces/share/wearable_robot_interfaces/msg/CANDataFrame.idl
[16.941s] -- Up-to-date symlink: /home/kimm/wearable_robot_ws/install/wearable_robot_interfaces/share/wearable_robot_interfaces/msg/JointState.idl
[16.942s] -- Up-to-date symlink: /home/kimm/wearable_robot_ws/install/wearable_robot_interfaces/share/wearable_robot_interfaces/msg/DisplacementRawData.msg
[16.943s] -- Up-to-date symlink: /home/kimm/wearable_robot_ws/install/wearable_robot_interfaces/share/wearable_robot_interfaces/msg/DisplacementData.msg
[16.943s] -- Up-to-date symlink: /home/kimm/wearable_robot_ws/install/wearable_robot_interfaces/share/wearable_robot_interfaces/msg/IMUData.msg
[16.943s] -- Up-to-date symlink: /home/kimm/wearable_robot_ws/install/wearable_robot_interfaces/share/wearable_robot_interfaces/msg/IMUType.msg
[16.944s] -- Up-to-date symlink: /home/kimm/wearable_robot_ws/install/wearable_robot_interfaces/share/wearable_robot_interfaces/msg/TemperatureData.msg
[16.944s] -- Up-to-date symlink: /home/kimm/wearable_robot_ws/install/wearable_robot_interfaces/share/wearable_robot_interfaces/msg/ActuatorCommand.msg
[16.945s] -- Up-to-date symlink: /home/kimm/wearable_robot_ws/install/wearable_robot_interfaces/share/wearable_robot_interfaces/msg/FanCommand.msg
[16.945s] -- Up-to-date symlink: /home/kimm/wearable_robot_ws/install/wearable_robot_interfaces/share/wearable_robot_interfaces/msg/CANDataFrame.msg
[16.946s] -- Up-to-date symlink: /home/kimm/wearable_robot_ws/install/wearable_robot_interfaces/share/wearable_robot_interfaces/msg/JointState.msg
[16.948s] -- Up-to-date symlink: /home/kimm/wearable_robot_ws/install/wearable_robot_interfaces/share/ament_index/resource_index/package_run_dependencies/wearable_robot_interfaces
[16.949s] -- Up-to-date symlink: /home/kimm/wearable_robot_ws/install/wearable_robot_interfaces/share/ament_index/resource_index/parent_prefix_path/wearable_robot_interfaces
[16.949s] -- Up-to-date symlink: /home/kimm/wearable_robot_ws/install/wearable_robot_interfaces/share/wearable_robot_interfaces/environment/ament_prefix_path.sh
[16.949s] -- Up-to-date symlink: /home/kimm/wearable_robot_ws/install/wearable_robot_interfaces/share/wearable_robot_interfaces/environment/ament_prefix_path.dsv
[16.949s] -- Up-to-date symlink: /home/kimm/wearable_robot_ws/install/wearable_robot_interfaces/share/wearable_robot_interfaces/environment/path.sh
[16.949s] -- Up-to-date symlink: /home/kimm/wearable_robot_ws/install/wearable_robot_interfaces/share/wearable_robot_interfaces/environment/path.dsv
[16.949s] -- Up-to-date symlink: /home/kimm/wearable_robot_ws/install/wearable_robot_interfaces/share/wearable_robot_interfaces/local_setup.bash
[16.950s] -- Up-to-date symlink: /home/kimm/wearable_robot_ws/install/wearable_robot_interfaces/share/wearable_robot_interfaces/local_setup.sh
[16.950s] -- Up-to-date symlink: /home/kimm/wearable_robot_ws/install/wearable_robot_interfaces/share/wearable_robot_interfaces/local_setup.zsh
[16.951s] -- Up-to-date symlink: /home/kimm/wearable_robot_ws/install/wearable_robot_interfaces/share/wearable_robot_interfaces/local_setup.dsv
[16.951s] -- Symlinking: /home/kimm/wearable_robot_ws/install/wearable_robot_interfaces/share/wearable_robot_interfaces/package.dsv
[16.971s] -- Up-to-date symlink: /home/kimm/wearable_robot_ws/install/wearable_robot_interfaces/share/ament_index/resource_index/packages/wearable_robot_interfaces
[16.971s] -- Up-to-date symlink: /home/kimm/wearable_robot_ws/install/wearable_robot_interfaces/share/wearable_robot_interfaces/cmake/rosidl_cmake-extras.cmake
[16.972s] -- Up-to-date symlink: /home/kimm/wearable_robot_ws/install/wearable_robot_interfaces/share/wearable_robot_interfaces/cmake/ament_cmake_export_dependencies-extras.cmake
[16.972s] -- Up-to-date symlink: /home/kimm/wearable_robot_ws/install/wearable_robot_interfaces/share/wearable_robot_interfaces/cmake/ament_cmake_export_libraries-extras.cmake
[16.973s] -- Up-to-date symlink: /home/kimm/wearable_robot_ws/install/wearable_robot_interfaces/share/wearable_robot_interfaces/cmake/ament_cmake_export_targets-extras.cmake
[16.973s] -- Up-to-date symlink: /home/kimm/wearable_robot_ws/install/wearable_robot_interfaces/share/wearable_robot_interfaces/cmake/ament_cmake_export_include_directories-extras.cmake
[16.974s] -- Up-to-date symlink: /home/kimm/wearable_robot_ws/install/wearable_robot_interfaces/share/wearable_robot_interfaces/cmake/rosidl_cmake_export_typesupport_libraries-extras.cmake
[16.974s] -- Up-to-date symlink: /home/kimm/wearable_robot_ws/install/wearable_robot_interfaces/share/wearable_robot_interfaces/cmake/rosidl_cmake_export_typesupport_targets-extras.cmake
[16.975s] -- Up-to-date symlink: /home/kimm/wearable_robot_ws/install/wearable_robot_interfaces/share/wearable_robot_interfaces/cmake/wearable_robot_interfacesConfig.cmake
[16.975s] -- Up-to-date symlink: /home/kimm/wearable_robot_ws/install/wearable_robot_interfaces/share/wearable_robot_interfaces/cmake/wearable_robot_interfacesConfig-version.cmake
[16.976s] -- Up-to-date symlink: /home/kimm/wearable_robot_ws/install/wearable_robot_interfaces/share/wearable_robot_interfaces/package.xml
[16.976s] -- Installing: /home/kimm/wearable_robot_ws/install/wearable_robot_interfaces/lib/libwearable_robot_interfaces__rosidl_generator_c.so
[16.977s] -- Set runtime path of "/home/kimm/wearable_robot_ws/install/wearable_robot_interfaces/lib/libwearable_robot_interfaces__rosidl_generator_c.so" to ""
[16.978s] -- Installing: /home/kimm/wearable_robot_ws/install/wearable_robot_interfaces/lib/libwearable_robot_interfaces__rosidl_typesupport_introspection_c.so
[16.978s] -- Set runtime path of "/home/kimm/wearable_robot_ws/install/wearable_robot_interfaces/lib/libwearable_robot_interfaces__rosidl_typesupport_introspection_c.so" to ""
[16.979s] -- Installing: /home/kimm/wearable_robot_ws/install/wearable_robot_interfaces/lib/libwearable_robot_interfaces__rosidl_typesupport_c.so
[16.979s] -- Set runtime path of "/home/kimm/wearable_robot_ws/install/wearable_robot_interfaces/lib/libwearable_robot_interfaces__rosidl_typesupport_c.so" to ""
[16.980s] -- Installing: /home/kimm/wearable_robot_ws/install/wearable_robot_interfaces/lib/libwearable_robot_interfaces__rosidl_typesupport_introspection_cpp.so
[16.981s] -- Set runtime path of "/home/kimm/wearable_robot_ws/install/wearable_robot_interfaces/lib/libwearable_robot_interfaces__rosidl_typesupport_introspection_cpp.so" to ""
[16.981s] -- Installing: /home/kimm/wearable_robot_ws/install/wearable_robot_interfaces/lib/libwearable_robot_interfaces__rosidl_typesupport_cpp.so
[16.982s] -- Set runtime path of "/home/kimm/wearable_robot_ws/install/wearable_robot_interfaces/lib/libwearable_robot_interfaces__rosidl_typesupport_cpp.so" to ""
[17.050s] Compiling '/home/kimm/wearable_robot_ws/install/wearable_robot_interfaces/lib/python3.8/site-packages/wearable_robot_interfaces/__init__.py'...
[17.061s] -- Up-to-date: /home/kimm/wearable_robot_ws/install/wearable_robot_interfaces/share/wearable_robot_interfaces/cmake/wearable_robot_interfaces__rosidl_generator_cExport.cmake
[17.061s] -- Installing: /home/kimm/wearable_robot_ws/install/wearable_robot_interfaces/share/wearable_robot_interfaces/cmake/wearable_robot_interfaces__rosidl_generator_cExport-noconfig.cmake
[17.062s] -- Up-to-date: /home/kimm/wearable_robot_ws/install/wearable_robot_interfaces/share/wearable_robot_interfaces/cmake/wearable_robot_interfaces__rosidl_typesupport_introspection_cExport.cmake
[17.062s] -- Installing: /home/kimm/wearable_robot_ws/install/wearable_robot_interfaces/share/wearable_robot_interfaces/cmake/wearable_robot_interfaces__rosidl_typesupport_introspection_cExport-noconfig.cmake
[17.063s] -- Up-to-date: /home/kimm/wearable_robot_ws/install/wearable_robot_interfaces/share/wearable_robot_interfaces/cmake/wearable_robot_interfaces__rosidl_typesupport_cExport.cmake
[17.063s] -- Installing: /home/kimm/wearable_robot_ws/install/wearable_robot_interfaces/share/wearable_robot_interfaces/cmake/wearable_robot_interfaces__rosidl_typesupport_cExport-noconfig.cmake
[17.063s] -- Up-to-date: /home/kimm/wearable_robot_ws/install/wearable_robot_interfaces/share/wearable_robot_interfaces/cmake/wearable_robot_interfaces__rosidl_generator_cppExport.cmake
[17.064s] -- Up-to-date: /home/kimm/wearable_robot_ws/install/wearable_robot_interfaces/share/wearable_robot_interfaces/cmake/wearable_robot_interfaces__rosidl_typesupport_introspection_cppExport.cmake
[17.064s] -- Installing: /home/kimm/wearable_robot_ws/install/wearable_robot_interfaces/share/wearable_robot_interfaces/cmake/wearable_robot_interfaces__rosidl_typesupport_introspection_cppExport-noconfig.cmake
[17.064s] -- Up-to-date: /home/kimm/wearable_robot_ws/install/wearable_robot_interfaces/share/wearable_robot_interfaces/cmake/wearable_robot_interfaces__rosidl_typesupport_cppExport.cmake
[17.065s] -- Installing: /home/kimm/wearable_robot_ws/install/wearable_robot_interfaces/share/wearable_robot_interfaces/cmake/wearable_robot_interfaces__rosidl_typesupport_cppExport-noconfig.cmake
[17.071s] Invoked command in '/home/kimm/wearable_robot_ws/build/wearable_robot_interfaces' returned '0': CMAKE_PREFIX_PATH=${CMAKE_PREFIX_PATH}:/opt/ros/foxy /usr/bin/cmake --install /home/kimm/wearable_robot_ws/build/wearable_robot_interfaces
