-- Found ament_cmake: 0.9.12 (/opt/ros/foxy/share/ament_cmake/cmake)
-- Using PYTHON_EXECUTABLE: /usr/bin/python3
-- Override CMake install command with custom implementation using symlinks instead of copying resources
-- Found rclcpp: 2.4.3 (/opt/ros/foxy/share/rclcpp/cmake)
-- Using all available rosidl_typesupport_c: rosidl_typesupport_fastrtps_c;rosidl_typesupport_introspection_c
-- Found rosidl_adapter: 1.3.1 (/opt/ros/foxy/share/rosidl_adapter/cmake)
-- Using all available rosidl_typesupport_cpp: rosidl_typesupport_fastrtps_cpp;rosidl_typesupport_introspection_cpp
-- Found rmw_implementation_cmake: 1.0.4 (/opt/ros/foxy/share/rmw_implementation_cmake/cmake)
-- Using RMW implementation 'rmw_fastrtps_cpp' as default
-- Found wearable_robot_interfaces: 0.0.0 (/home/kimm/wearable_robot_ws/install/wearable_robot_interfaces/share/wearable_robot_interfaces/cmake)
-- Found rclcpp_lifecycle: 2.4.3 (/opt/ros/foxy/share/rclcpp_lifecycle/cmake)
-- Found ros2_socketcan_msgs: 1.3.0 (/home/kimm/wearable_robot_ws/install/ros2_socketcan_msgs/share/ros2_socketcan_msgs/cmake)
-- Found ros2_socketcan: 1.3.0 (/home/kimm/wearable_robot_ws/install/ros2_socketcan/share/ros2_socketcan/cmake)
-- Found ament_lint_auto: 0.9.8 (/opt/ros/foxy/share/ament_lint_auto/cmake)
-- Added test 'copyright' to check source files copyright and LICENSE
-- Added test 'cppcheck' to perform static code analysis on C / C++ code
-- Configured cppcheck include dirs: /home/kimm/wearable_robot_ws/src/wearable_robot_data_processing/include
-- Configured cppcheck exclude dirs and/or files: 
-- Added test 'cpplint' to check C / C++ code against the Google style
-- Configured cpplint exclude dirs and/or files: 
-- Added test 'lint_cmake' to check CMake code style
-- Added test 'uncrustify' to check C / C++ code style
-- Configured uncrustify additional arguments: 
-- Added test 'xmllint' to check XML markup files
-- Configuring done
-- Generating done
-- Build files have been written to: /home/kimm/wearable_robot_ws/build/wearable_robot_data_processing
[35m[1mScanning dependencies of target data_parser_node[0m
[35m[1mScanning dependencies of target displacement_data_logger[0m
[35m[1mScanning dependencies of target displacement_processing_node[0m
[35m[1mScanning dependencies of target IMU_processing_node[0m
[ 10%] [32mBuilding CXX object CMakeFiles/can_data_processor.dir/src/can_data_processor.cpp.o[0m
[ 20%] [32mBuilding CXX object CMakeFiles/displacement_data_logger.dir/src/displacement_data_logger_node.cpp.o[0m
[ 30%] [32mBuilding CXX object CMakeFiles/data_parser_node.dir/src/data_parser_node.cpp.o[0m
[ 40%] [32mBuilding CXX object CMakeFiles/displacement_processing_node.dir/src/displacement_processing_node.cpp.o[0m
[ 50%] [32mBuilding CXX object CMakeFiles/IMU_processing_node.dir/src/IMU_processing_node.cpp.o[0m
[01m[K/home/kimm/wearable_robot_ws/src/wearable_robot_data_processing/src/can_data_processor.cpp:74:53:[m[K [01;31m[Kerror: [m[K‘[01m[KCanDataFrame[m[K’ is not a member of ‘[01m[Kwearable_robot_interfaces::msg[m[K’; did you mean ‘[01m[KCANDataFrame[m[K’?
   74 | able_robot_interfaces::msg::[01;31m[KCanDataFrame[m[K>::SharedPtr pub_id_100_;
      |                             [01;31m[K^~~~~~~~~~~~[m[K
      |                             [32m[KCANDataFrame[m[K
[01m[K/home/kimm/wearable_robot_ws/src/wearable_robot_data_processing/src/can_data_processor.cpp:74:53:[m[K [01;31m[Kerror: [m[K‘[01m[KCanDataFrame[m[K’ is not a member of ‘[01m[Kwearable_robot_interfaces::msg[m[K’; did you mean ‘[01m[KCANDataFrame[m[K’?
   74 | able_robot_interfaces::msg::[01;31m[KCanDataFrame[m[K>::SharedPtr pub_id_100_;
      |                             [01;31m[K^~~~~~~~~~~~[m[K
      |                             [32m[KCANDataFrame[m[K
[01m[K/home/kimm/wearable_robot_ws/src/wearable_robot_data_processing/src/can_data_processor.cpp:74:65:[m[K [01;31m[Kerror: [m[Ktemplate argument 1 is invalid
   74 | nterfaces::msg::CanDataFrame[01;31m[K>[m[K::SharedPtr pub_id_100_;
      |                             [01;31m[K^[m[K

[01m[K/home/kimm/wearable_robot_ws/src/wearable_robot_data_processing/src/can_data_processor.cpp:74:68:[m[K [01;31m[Kerror: [m[Kexpected ‘[01m[K;[m[K’ at end of member declaration
   74 | rfaces::msg::CanDataFrame>::[01;31m[KSharedPtr[m[K pub_id_100_;
      |                             [01;31m[K^~~~~~~~~[m[K
      |                                      [32m[K;[m[K
[01m[K/home/kimm/wearable_robot_ws/src/wearable_robot_data_processing/src/can_data_processor.cpp:74:78:[m[K [01;31m[Kerror: [m[K‘[01m[Kpub_id_100_[m[K’ does not name a type
   74 | es::msg::CanDataFrame>::SharedPtr [01;31m[Kpub_id_100_[m[K;
      |                                   [01;31m[K^~~~~~~~~~~[m[K

[01m[K/home/kimm/wearable_robot_ws/src/wearable_robot_data_processing/src/can_data_processor.cpp:75:53:[m[K [01;31m[Kerror: [m[K‘[01m[KCanDataFrame[m[K’ is not a member of ‘[01m[Kwearable_robot_interfaces::msg[m[K’; did you mean ‘[01m[KCANDataFrame[m[K’?
   75 | able_robot_interfaces::msg::[01;31m[KCanDataFrame[m[K>::SharedPtr pub_id_401_;
      |                             [01;31m[K^~~~~~~~~~~~[m[K
      |                             [32m[KCANDataFrame[m[K
[01m[K/home/kimm/wearable_robot_ws/src/wearable_robot_data_processing/src/can_data_processor.cpp:75:53:[m[K [01;31m[Kerror: [m[K‘[01m[KCanDataFrame[m[K’ is not a member of ‘[01m[Kwearable_robot_interfaces::msg[m[K’; did you mean ‘[01m[KCANDataFrame[m[K’?
   75 | able_robot_interfaces::msg::[01;31m[KCanDataFrame[m[K>::SharedPtr pub_id_401_;
      |                             [01;31m[K^~~~~~~~~~~~[m[K
      |                             [32m[KCANDataFrame[m[K
[01m[K/home/kimm/wearable_robot_ws/src/wearable_robot_data_processing/src/can_data_processor.cpp:75:65:[m[K [01;31m[Kerror: [m[Ktemplate argument 1 is invalid
   75 | nterfaces::msg::CanDataFrame[01;31m[K>[m[K::SharedPtr pub_id_401_;
      |                             [01;31m[K^[m[K

[01m[K/home/kimm/wearable_robot_ws/src/wearable_robot_data_processing/src/can_data_processor.cpp:75:68:[m[K [01;31m[Kerror: [m[Kexpected ‘[01m[K;[m[K’ at end of member declaration
   75 | rfaces::msg::CanDataFrame>::[01;31m[KSharedPtr[m[K pub_id_401_;
      |                             [01;31m[K^~~~~~~~~[m[K
      |                                      [32m[K;[m[K
[01m[K/home/kimm/wearable_robot_ws/src/wearable_robot_data_processing/src/can_data_processor.cpp:75:68:[m[K [01;31m[Kerror: [m[Kredeclaration of ‘[01m[Kint CanDataProcessor::SharedPtr[m[K’
[01m[K/home/kimm/wearable_robot_ws/src/wearable_robot_data_processing/src/can_data_processor.cpp:74:68:[m[K [01;36m[Knote: [m[Kprevious declaration ‘[01m[Kint CanDataProcessor::SharedPtr[m[K’
   74 | rfaces::msg::CanDataFrame>::[01;36m[KSharedPtr[m[K pub_id_100_;
      |                             [01;36m[K^~~~~~~~~[m[K

[01m[K/home/kimm/wearable_robot_ws/src/wearable_robot_data_processing/src/can_data_processor.cpp:75:78:[m[K [01;31m[Kerror: [m[K‘[01m[Kpub_id_401_[m[K’ does not name a type
   75 | es::msg::CanDataFrame>::SharedPtr [01;31m[Kpub_id_401_[m[K;
      |                                   [01;31m[K^~~~~~~~~~~[m[K

[01m[K/home/kimm/wearable_robot_ws/src/wearable_robot_data_processing/src/can_data_processor.cpp:[m[K In constructor ‘[01m[KCanDataProcessor::CanDataProcessor()[m[K’:
[01m[K/home/kimm/wearable_robot_ws/src/wearable_robot_data_processing/src/can_data_processor.cpp:17:5:[m[K [01;31m[Kerror: [m[K‘[01m[Kpub_id_100_[m[K’ was not declared in this scope
   17 |     [01;31m[Kpub_id_100_[m[K = this->create_publisher<wearable_robot_interfaces::msg::CANDataFrame>(
      |     [01;31m[K^~~~~~~~~~~[m[K
[01m[K/home/kimm/wearable_robot_ws/src/wearable_robot_data_processing/src/can_data_processor.cpp:19:5:[m[K [01;31m[Kerror: [m[K‘[01m[Kpub_id_401_[m[K’ was not declared in this scope
   19 |     [01;31m[Kpub_id_401_[m[K = this->create_publisher<wearable_robot_interfaces::msg::CANDataFrame>(
      |     [01;31m[K^~~~~~~~~~~[m[K
[01m[K/home/kimm/wearable_robot_ws/src/wearable_robot_data_processing/src/can_data_processor.cpp:[m[K In member function ‘[01m[Kvoid CanDataProcessor::canFdCallback(ros2_socketcan_msgs::msg::FdFrame_<std::allocator<void> >::SharedPtr)[m[K’:
[01m[K/home/kimm/wearable_robot_ws/src/wearable_robot_data_processing/src/can_data_processor.cpp:46:9:[m[K [01;31m[Kerror: [m[K‘[01m[Kpub_id_100_[m[K’ was not declared in this scope
   46 |         [01;31m[Kpub_id_100_[m[K->publish(processed_data);
      |         [01;31m[K^~~~~~~~~~~[m[K
[01m[K/home/kimm/wearable_robot_ws/src/wearable_robot_data_processing/src/can_data_processor.cpp:62:9:[m[K [01;31m[Kerror: [m[K‘[01m[Kpub_id_401_[m[K’ was not declared in this scope
   62 |         [01;31m[Kpub_id_401_[m[K->publish(processed_data);
      |         [01;31m[K^~~~~~~~~~~[m[K
make[2]: *** [CMakeFiles/can_data_processor.dir/build.make:63: CMakeFiles/can_data_processor.dir/src/can_data_processor.cpp.o] Error 1
make[1]: *** [CMakeFiles/Makefile2:86: CMakeFiles/can_data_processor.dir/all] Error 2
make[1]: *** Waiting for unfinished jobs....
[ 60%] [32m[1mLinking CXX executable displacement_data_logger[0m
[ 60%] Built target displacement_data_logger
[ 70%] [32m[1mLinking CXX executable IMU_processing_node[0m
[ 70%] Built target IMU_processing_node
[ 80%] [32m[1mLinking CXX executable displacement_processing_node[0m
[ 80%] Built target displacement_processing_node
[ 90%] [32m[1mLinking CXX executable data_parser_node[0m
/usr/bin/ld: CMakeFiles/data_parser_node.dir/src/data_parser_node.cpp.o: in function `rclcpp::create_subscription_factory<wearable_robot_interfaces::msg::CANData_<std::allocator<void> >, std::_Bind<void (DataParserNode::*(DataParserNode*, std::_Placeholder<1>))(std::shared_ptr<wearable_robot_interfaces::msg::CANData_<std::allocator<void> > >)>, std::allocator<void>, wearable_robot_interfaces::msg::CANData_<std::allocator<void> >, rclcpp::Subscription<wearable_robot_interfaces::msg::CANData_<std::allocator<void> >, std::allocator<void>, rclcpp::message_memory_strategy::MessageMemoryStrategy<wearable_robot_interfaces::msg::CANData_<std::allocator<void> >, std::allocator<void> > >, rclcpp::message_memory_strategy::MessageMemoryStrategy<wearable_robot_interfaces::msg::CANData_<std::allocator<void> >, std::allocator<void> > >(std::_Bind<void (DataParserNode::*(DataParserNode*, std::_Placeholder<1>))(std::shared_ptr<wearable_robot_interfaces::msg::CANData_<std::allocator<void> > >)>&&, rclcpp::SubscriptionOptionsWithAllocator<std::allocator<void> > const&, rclcpp::message_memory_strategy::MessageMemoryStrategy<wearable_robot_interfaces::msg::CANData_<std::allocator<void> >, std::allocator<void> >::SharedPtr, std::shared_ptr<rclcpp::topic_statistics::SubscriptionTopicStatistics<wearable_robot_interfaces::msg::CANData_<std::allocator<void> > > >)::{lambda(rclcpp::node_interfaces::NodeBaseInterface*, std::__cxx11::basic_string<char, std::char_traits<char>, std::allocator<char> > const&, rclcpp::QoS const&)#1}::operator()(rclcpp::node_interfaces::NodeBaseInterface*, std::__cxx11::basic_string<char, std::char_traits<char>, std::allocator<char> > const&, rclcpp::QoS const&) const':
data_parser_node.cpp:(.text._ZZN6rclcpp27create_subscription_factoryIN25wearable_robot_interfaces3msg8CANData_ISaIvEEESt5_BindIFM14DataParserNodeFvSt10shared_ptrIS5_EEPS7_St12_PlaceholderILi1EEEES4_S5_NS_12SubscriptionIS5_S4_NS_23message_memory_strategy21MessageMemoryStrategyIS5_S4_EEEESK_EENS_19SubscriptionFactoryEOT0_RKNS_32SubscriptionOptionsWithAllocatorIT1_EENT4_9SharedPtrES8_INS_16topic_statistics27SubscriptionTopicStatisticsIT2_EEEENKUlPNS_15node_interfaces17NodeBaseInterfaceERKNSt7__cxx1112basic_stringIcSt11char_traitsIcESaIcEEERKNS_3QoSEE_clES13_S1B_S1E_[_ZZN6rclcpp27create_subscription_factoryIN25wearable_robot_interfaces3msg8CANData_ISaIvEEESt5_BindIFM14DataParserNodeFvSt10shared_ptrIS5_EEPS7_St12_PlaceholderILi1EEEES4_S5_NS_12SubscriptionIS5_S4_NS_23message_memory_strategy21MessageMemoryStrategyIS5_S4_EEEESK_EENS_19SubscriptionFactoryEOT0_RKNS_32SubscriptionOptionsWithAllocatorIT1_EENT4_9SharedPtrES8_INS_16topic_statistics27SubscriptionTopicStatisticsIT2_EEEENKUlPNS_15node_interfaces17NodeBaseInterfaceERKNSt7__cxx1112basic_stringIcSt11char_traitsIcESaIcEEERKNS_3QoSEE_clES13_S1B_S1E_]+0x34): undefined reference to `rosidl_message_type_support_t const* rosidl_typesupport_cpp::get_message_type_support_handle<wearable_robot_interfaces::msg::CANData_<std::allocator<void> > >()'
collect2: error: ld returned 1 exit status
make[2]: *** [CMakeFiles/data_parser_node.dir/build.make:136: data_parser_node] Error 1
make[1]: *** [CMakeFiles/Makefile2:167: CMakeFiles/data_parser_node.dir/all] Error 2
make: *** [Makefile:141: all] Error 2
