[0.055s] Invoking command in '/home/kimm/wearable_robot_ws/build/wearable_robot_data_processing': CMAKE_PREFIX_PATH=/home/kimm/wearable_robot_ws/install/ros2_socketcan:/home/kimm/wearable_robot_ws/install/wearable_robot_interfaces:/home/kimm/wearable_robot_ws/install/ros2_socketcan_msgs:/home/kimm/wearable_robot_ws/install/wearable_robot_hw:/home/kimm/wearable_robot_ws/install/wearable_robot_data_processing:/home/kimm/wearable_robot_ws/install/wearable_robot_control:/home/kimm/wearable_robot_ws/install/wearable_robot_bringup:/home/kimm/wearable_robot_ws/install/can_comm:/home/kimm/install/can_data_extractor:/opt/ros/foxy LD_LIBRARY_PATH=/home/kimm/wearable_robot_ws/install/ros2_socketcan/lib:/home/kimm/wearable_robot_ws/install/wearable_robot_interfaces/lib:/home/kimm/wearable_robot_ws/install/ros2_socketcan_msgs/lib:/opt/ros/foxy/opt/yaml_cpp_vendor/lib:/opt/ros/foxy/opt/rviz_ogre_vendor/lib:/opt/ros/foxy/lib/aarch64-linux-gnu:/opt/ros/foxy/lib /usr/bin/cmake --build /home/kimm/wearable_robot_ws/build/wearable_robot_data_processing -- -j8 -l8
[0.117s] -- Found ament_cmake: 0.9.12 (/opt/ros/foxy/share/ament_cmake/cmake)
[0.172s] -- Using PYTHON_EXECUTABLE: /usr/bin/python3
[0.593s] -- Override CMake install command with custom implementation using symlinks instead of copying resources
[0.607s] -- Found rclcpp: 2.4.3 (/opt/ros/foxy/share/rclcpp/cmake)
[0.676s] -- Using all available rosidl_typesupport_c: rosidl_typesupport_fastrtps_c;rosidl_typesupport_introspection_c
[0.682s] -- Found rosidl_adapter: 1.3.1 (/opt/ros/foxy/share/rosidl_adapter/cmake)
[0.946s] -- Using all available rosidl_typesupport_cpp: rosidl_typesupport_fastrtps_cpp;rosidl_typesupport_introspection_cpp
[1.043s] -- Found rmw_implementation_cmake: 1.0.4 (/opt/ros/foxy/share/rmw_implementation_cmake/cmake)
[1.046s] -- Using RMW implementation 'rmw_fastrtps_cpp' as default
[1.317s] -- Found wearable_robot_interfaces: 0.0.0 (/home/kimm/wearable_robot_ws/install/wearable_robot_interfaces/share/wearable_robot_interfaces/cmake)
[1.373s] -- Found rclcpp_lifecycle: 2.4.3 (/opt/ros/foxy/share/rclcpp_lifecycle/cmake)
[1.426s] -- Found ros2_socketcan_msgs: 1.3.0 (/home/kimm/wearable_robot_ws/install/ros2_socketcan_msgs/share/ros2_socketcan_msgs/cmake)
[1.492s] -- Found ros2_socketcan: 1.3.0 (/home/kimm/wearable_robot_ws/install/ros2_socketcan/share/ros2_socketcan/cmake)
[1.742s] -- Found ament_lint_auto: 0.9.8 (/opt/ros/foxy/share/ament_lint_auto/cmake)
[1.897s] -- Added test 'copyright' to check source files copyright and LICENSE
[1.899s] -- Added test 'cppcheck' to perform static code analysis on C / C++ code
[1.900s] -- Configured cppcheck include dirs: /home/kimm/wearable_robot_ws/src/wearable_robot_data_processing/include
[1.901s] -- Configured cppcheck exclude dirs and/or files: 
[1.902s] -- Added test 'cpplint' to check C / C++ code against the Google style
[1.902s] -- Configured cpplint exclude dirs and/or files: 
[1.903s] -- Added test 'lint_cmake' to check CMake code style
[1.906s] -- Added test 'uncrustify' to check C / C++ code style
[1.906s] -- Configured uncrustify additional arguments: 
[1.906s] -- Added test 'xmllint' to check XML markup files
[1.914s] -- Configuring done
[1.964s] -- Generating done
[1.987s] -- Build files have been written to: /home/kimm/wearable_robot_ws/build/wearable_robot_data_processing
[2.061s] [35m[1mScanning dependencies of target data_parser_node[0m
[2.063s] [35m[1mScanning dependencies of target displacement_data_logger[0m
[2.073s] [35m[1mScanning dependencies of target displacement_processing_node[0m
[2.082s] [35m[1mScanning dependencies of target IMU_processing_node[0m
[2.139s] [ 10%] [32mBuilding CXX object CMakeFiles/can_data_processor.dir/src/can_data_processor.cpp.o[0m
[2.171s] [ 20%] [32mBuilding CXX object CMakeFiles/displacement_data_logger.dir/src/displacement_data_logger_node.cpp.o[0m
[2.173s] [ 30%] [32mBuilding CXX object CMakeFiles/data_parser_node.dir/src/data_parser_node.cpp.o[0m
[2.197s] [ 40%] [32mBuilding CXX object CMakeFiles/displacement_processing_node.dir/src/displacement_processing_node.cpp.o[0m
[2.207s] [ 50%] [32mBuilding CXX object CMakeFiles/IMU_processing_node.dir/src/IMU_processing_node.cpp.o[0m
[6.246s] [01m[K/home/kimm/wearable_robot_ws/src/wearable_robot_data_processing/src/can_data_processor.cpp:74:53:[m[K [01;31m[Kerror: [m[K‘[01m[KCanDataFrame[m[K’ is not a member of ‘[01m[Kwearable_robot_interfaces::msg[m[K’; did you mean ‘[01m[KCANDataFrame[m[K’?
[6.248s]    74 | able_robot_interfaces::msg::[01;31m[KCanDataFrame[m[K>::SharedPtr pub_id_100_;
[6.249s]       |                             [01;31m[K^~~~~~~~~~~~[m[K
[6.250s]       |                             [32m[KCANDataFrame[m[K
[6.251s] [01m[K/home/kimm/wearable_robot_ws/src/wearable_robot_data_processing/src/can_data_processor.cpp:74:53:[m[K [01;31m[Kerror: [m[K‘[01m[KCanDataFrame[m[K’ is not a member of ‘[01m[Kwearable_robot_interfaces::msg[m[K’; did you mean ‘[01m[KCANDataFrame[m[K’?
[6.252s]    74 | able_robot_interfaces::msg::[01;31m[KCanDataFrame[m[K>::SharedPtr pub_id_100_;
[6.254s]       |                             [01;31m[K^~~~~~~~~~~~[m[K
[6.257s]       |                             [32m[KCANDataFrame[m[K
[6.259s] [01m[K/home/kimm/wearable_robot_ws/src/wearable_robot_data_processing/src/can_data_processor.cpp:74:65:[m[K [01;31m[Kerror: [m[Ktemplate argument 1 is invalid
[6.260s]    74 | nterfaces::msg::CanDataFrame[01;31m[K>[m[K::SharedPtr pub_id_100_;
[6.262s]       |                             [01;31m[K^[m[K
[6.262s] 
[6.264s] [01m[K/home/kimm/wearable_robot_ws/src/wearable_robot_data_processing/src/can_data_processor.cpp:74:68:[m[K [01;31m[Kerror: [m[Kexpected ‘[01m[K;[m[K’ at end of member declaration
[6.268s]    74 | rfaces::msg::CanDataFrame>::[01;31m[KSharedPtr[m[K pub_id_100_;
[6.271s]       |                             [01;31m[K^~~~~~~~~[m[K
[6.272s]       |                                      [32m[K;[m[K
[6.281s] [01m[K/home/kimm/wearable_robot_ws/src/wearable_robot_data_processing/src/can_data_processor.cpp:74:78:[m[K [01;31m[Kerror: [m[K‘[01m[Kpub_id_100_[m[K’ does not name a type
[6.282s]    74 | es::msg::CanDataFrame>::SharedPtr [01;31m[Kpub_id_100_[m[K;
[6.282s]       |                                   [01;31m[K^~~~~~~~~~~[m[K
[6.282s] 
[6.286s] [01m[K/home/kimm/wearable_robot_ws/src/wearable_robot_data_processing/src/can_data_processor.cpp:75:53:[m[K [01;31m[Kerror: [m[K‘[01m[KCanDataFrame[m[K’ is not a member of ‘[01m[Kwearable_robot_interfaces::msg[m[K’; did you mean ‘[01m[KCANDataFrame[m[K’?
[6.286s]    75 | able_robot_interfaces::msg::[01;31m[KCanDataFrame[m[K>::SharedPtr pub_id_401_;
[6.287s]       |                             [01;31m[K^~~~~~~~~~~~[m[K
[6.287s]       |                             [32m[KCANDataFrame[m[K
[6.287s] [01m[K/home/kimm/wearable_robot_ws/src/wearable_robot_data_processing/src/can_data_processor.cpp:75:53:[m[K [01;31m[Kerror: [m[K‘[01m[KCanDataFrame[m[K’ is not a member of ‘[01m[Kwearable_robot_interfaces::msg[m[K’; did you mean ‘[01m[KCANDataFrame[m[K’?
[6.287s]    75 | able_robot_interfaces::msg::[01;31m[KCanDataFrame[m[K>::SharedPtr pub_id_401_;
[6.288s]       |                             [01;31m[K^~~~~~~~~~~~[m[K
[6.288s]       |                             [32m[KCANDataFrame[m[K
[6.288s] [01m[K/home/kimm/wearable_robot_ws/src/wearable_robot_data_processing/src/can_data_processor.cpp:75:65:[m[K [01;31m[Kerror: [m[Ktemplate argument 1 is invalid
[6.288s]    75 | nterfaces::msg::CanDataFrame[01;31m[K>[m[K::SharedPtr pub_id_401_;
[6.288s]       |                             [01;31m[K^[m[K
[6.289s] 
[6.289s] [01m[K/home/kimm/wearable_robot_ws/src/wearable_robot_data_processing/src/can_data_processor.cpp:75:68:[m[K [01;31m[Kerror: [m[Kexpected ‘[01m[K;[m[K’ at end of member declaration
[6.289s]    75 | rfaces::msg::CanDataFrame>::[01;31m[KSharedPtr[m[K pub_id_401_;
[6.289s]       |                             [01;31m[K^~~~~~~~~[m[K
[6.289s]       |                                      [32m[K;[m[K
[6.289s] [01m[K/home/kimm/wearable_robot_ws/src/wearable_robot_data_processing/src/can_data_processor.cpp:75:68:[m[K [01;31m[Kerror: [m[Kredeclaration of ‘[01m[Kint CanDataProcessor::SharedPtr[m[K’
[6.289s] [01m[K/home/kimm/wearable_robot_ws/src/wearable_robot_data_processing/src/can_data_processor.cpp:74:68:[m[K [01;36m[Knote: [m[Kprevious declaration ‘[01m[Kint CanDataProcessor::SharedPtr[m[K’
[6.290s]    74 | rfaces::msg::CanDataFrame>::[01;36m[KSharedPtr[m[K pub_id_100_;
[6.290s]       |                             [01;36m[K^~~~~~~~~[m[K
[6.290s] 
[6.301s] [01m[K/home/kimm/wearable_robot_ws/src/wearable_robot_data_processing/src/can_data_processor.cpp:75:78:[m[K [01;31m[Kerror: [m[K‘[01m[Kpub_id_401_[m[K’ does not name a type
[6.301s]    75 | es::msg::CanDataFrame>::SharedPtr [01;31m[Kpub_id_401_[m[K;
[6.301s]       |                                   [01;31m[K^~~~~~~~~~~[m[K
[6.301s] 
[6.337s] [01m[K/home/kimm/wearable_robot_ws/src/wearable_robot_data_processing/src/can_data_processor.cpp:[m[K In constructor ‘[01m[KCanDataProcessor::CanDataProcessor()[m[K’:
[6.337s] [01m[K/home/kimm/wearable_robot_ws/src/wearable_robot_data_processing/src/can_data_processor.cpp:17:5:[m[K [01;31m[Kerror: [m[K‘[01m[Kpub_id_100_[m[K’ was not declared in this scope
[6.337s]    17 |     [01;31m[Kpub_id_100_[m[K = this->create_publisher<wearable_robot_interfaces::msg::CANDataFrame>(
[6.338s]       |     [01;31m[K^~~~~~~~~~~[m[K
[6.359s] [01m[K/home/kimm/wearable_robot_ws/src/wearable_robot_data_processing/src/can_data_processor.cpp:19:5:[m[K [01;31m[Kerror: [m[K‘[01m[Kpub_id_401_[m[K’ was not declared in this scope
[6.359s]    19 |     [01;31m[Kpub_id_401_[m[K = this->create_publisher<wearable_robot_interfaces::msg::CANDataFrame>(
[6.360s]       |     [01;31m[K^~~~~~~~~~~[m[K
[6.383s] [01m[K/home/kimm/wearable_robot_ws/src/wearable_robot_data_processing/src/can_data_processor.cpp:[m[K In member function ‘[01m[Kvoid CanDataProcessor::canFdCallback(ros2_socketcan_msgs::msg::FdFrame_<std::allocator<void> >::SharedPtr)[m[K’:
[6.384s] [01m[K/home/kimm/wearable_robot_ws/src/wearable_robot_data_processing/src/can_data_processor.cpp:46:9:[m[K [01;31m[Kerror: [m[K‘[01m[Kpub_id_100_[m[K’ was not declared in this scope
[6.384s]    46 |         [01;31m[Kpub_id_100_[m[K->publish(processed_data);
[6.384s]       |         [01;31m[K^~~~~~~~~~~[m[K
[6.401s] [01m[K/home/kimm/wearable_robot_ws/src/wearable_robot_data_processing/src/can_data_processor.cpp:62:9:[m[K [01;31m[Kerror: [m[K‘[01m[Kpub_id_401_[m[K’ was not declared in this scope
[6.401s]    62 |         [01;31m[Kpub_id_401_[m[K->publish(processed_data);
[6.401s]       |         [01;31m[K^~~~~~~~~~~[m[K
[11.129s] make[2]: *** [CMakeFiles/can_data_processor.dir/build.make:63: CMakeFiles/can_data_processor.dir/src/can_data_processor.cpp.o] Error 1
[11.130s] make[1]: *** [CMakeFiles/Makefile2:86: CMakeFiles/can_data_processor.dir/all] Error 2
[11.130s] make[1]: *** Waiting for unfinished jobs....
[15.986s] [ 60%] [32m[1mLinking CXX executable displacement_data_logger[0m
[16.632s] [ 60%] Built target displacement_data_logger
[18.525s] [ 70%] [32m[1mLinking CXX executable IMU_processing_node[0m
[19.160s] [ 70%] Built target IMU_processing_node
[19.846s] [ 80%] [32m[1mLinking CXX executable displacement_processing_node[0m
[20.510s] [ 80%] Built target displacement_processing_node
[21.412s] [ 90%] [32m[1mLinking CXX executable data_parser_node[0m
[22.103s] /usr/bin/ld: CMakeFiles/data_parser_node.dir/src/data_parser_node.cpp.o: in function `rclcpp::create_subscription_factory<wearable_robot_interfaces::msg::CANData_<std::allocator<void> >, std::_Bind<void (DataParserNode::*(DataParserNode*, std::_Placeholder<1>))(std::shared_ptr<wearable_robot_interfaces::msg::CANData_<std::allocator<void> > >)>, std::allocator<void>, wearable_robot_interfaces::msg::CANData_<std::allocator<void> >, rclcpp::Subscription<wearable_robot_interfaces::msg::CANData_<std::allocator<void> >, std::allocator<void>, rclcpp::message_memory_strategy::MessageMemoryStrategy<wearable_robot_interfaces::msg::CANData_<std::allocator<void> >, std::allocator<void> > >, rclcpp::message_memory_strategy::MessageMemoryStrategy<wearable_robot_interfaces::msg::CANData_<std::allocator<void> >, std::allocator<void> > >(std::_Bind<void (DataParserNode::*(DataParserNode*, std::_Placeholder<1>))(std::shared_ptr<wearable_robot_interfaces::msg::CANData_<std::allocator<void> > >)>&&, rclcpp::SubscriptionOptionsWithAllocator<std::allocator<void> > const&, rclcpp::message_memory_strategy::MessageMemoryStrategy<wearable_robot_interfaces::msg::CANData_<std::allocator<void> >, std::allocator<void> >::SharedPtr, std::shared_ptr<rclcpp::topic_statistics::SubscriptionTopicStatistics<wearable_robot_interfaces::msg::CANData_<std::allocator<void> > > >)::{lambda(rclcpp::node_interfaces::NodeBaseInterface*, std::__cxx11::basic_string<char, std::char_traits<char>, std::allocator<char> > const&, rclcpp::QoS const&)#1}::operator()(rclcpp::node_interfaces::NodeBaseInterface*, std::__cxx11::basic_string<char, std::char_traits<char>, std::allocator<char> > const&, rclcpp::QoS const&) const':
[22.104s] data_parser_node.cpp:(.text._ZZN6rclcpp27create_subscription_factoryIN25wearable_robot_interfaces3msg8CANData_ISaIvEEESt5_BindIFM14DataParserNodeFvSt10shared_ptrIS5_EEPS7_St12_PlaceholderILi1EEEES4_S5_NS_12SubscriptionIS5_S4_NS_23message_memory_strategy21MessageMemoryStrategyIS5_S4_EEEESK_EENS_19SubscriptionFactoryEOT0_RKNS_32SubscriptionOptionsWithAllocatorIT1_EENT4_9SharedPtrES8_INS_16topic_statistics27SubscriptionTopicStatisticsIT2_EEEENKUlPNS_15node_interfaces17NodeBaseInterfaceERKNSt7__cxx1112basic_stringIcSt11char_traitsIcESaIcEEERKNS_3QoSEE_clES13_S1B_S1E_[_ZZN6rclcpp27create_subscription_factoryIN25wearable_robot_interfaces3msg8CANData_ISaIvEEESt5_BindIFM14DataParserNodeFvSt10shared_ptrIS5_EEPS7_St12_PlaceholderILi1EEEES4_S5_NS_12SubscriptionIS5_S4_NS_23message_memory_strategy21MessageMemoryStrategyIS5_S4_EEEESK_EENS_19SubscriptionFactoryEOT0_RKNS_32SubscriptionOptionsWithAllocatorIT1_EENT4_9SharedPtrES8_INS_16topic_statistics27SubscriptionTopicStatisticsIT2_EEEENKUlPNS_15node_interfaces17NodeBaseInterfaceERKNSt7__cxx1112basic_stringIcSt11char_traitsIcESaIcEEERKNS_3QoSEE_clES13_S1B_S1E_]+0x34): undefined reference to `rosidl_message_type_support_t const* rosidl_typesupport_cpp::get_message_type_support_handle<wearable_robot_interfaces::msg::CANData_<std::allocator<void> > >()'
[22.105s] collect2: error: ld returned 1 exit status
[22.109s] make[2]: *** [CMakeFiles/data_parser_node.dir/build.make:136: data_parser_node] Error 1
[22.110s] make[1]: *** [CMakeFiles/Makefile2:167: CMakeFiles/data_parser_node.dir/all] Error 2
[22.110s] make: *** [Makefile:141: all] Error 2
[22.115s] Invoked command in '/home/kimm/wearable_robot_ws/build/wearable_robot_data_processing' returned '2': CMAKE_PREFIX_PATH=/home/kimm/wearable_robot_ws/install/ros2_socketcan:/home/kimm/wearable_robot_ws/install/wearable_robot_interfaces:/home/kimm/wearable_robot_ws/install/ros2_socketcan_msgs:/home/kimm/wearable_robot_ws/install/wearable_robot_hw:/home/kimm/wearable_robot_ws/install/wearable_robot_data_processing:/home/kimm/wearable_robot_ws/install/wearable_robot_control:/home/kimm/wearable_robot_ws/install/wearable_robot_bringup:/home/kimm/wearable_robot_ws/install/can_comm:/home/kimm/install/can_data_extractor:/opt/ros/foxy LD_LIBRARY_PATH=/home/kimm/wearable_robot_ws/install/ros2_socketcan/lib:/home/kimm/wearable_robot_ws/install/wearable_robot_interfaces/lib:/home/kimm/wearable_robot_ws/install/ros2_socketcan_msgs/lib:/opt/ros/foxy/opt/yaml_cpp_vendor/lib:/opt/ros/foxy/opt/rviz_ogre_vendor/lib:/opt/ros/foxy/lib/aarch64-linux-gnu:/opt/ros/foxy/lib /usr/bin/cmake --build /home/kimm/wearable_robot_ws/build/wearable_robot_data_processing -- -j8 -l8
