[0.031s] Invoking command in '/home/kimm/wearable_robot_ws/build/ros2_socketcan': CMAKE_PREFIX_PATH=/home/kimm/wearable_robot_ws/install/ros2_socketcan_msgs:/home/kimm/wearable_robot_ws/install/wearable_robot_data_processing:/home/kimm/wearable_robot_ws/install/wearable_robot_interfaces:/home/kimm/wearable_robot_ws/install/wearable_robot_control:/home/kimm/wearable_robot_ws/install/wearable_robot_bringup:/home/kimm/wearable_robot_ws/install/ros2_socketcan:/home/kimm/install/can_data_extractor:/opt/ros/foxy LD_LIBRARY_PATH=/home/kimm/wearable_robot_ws/install/ros2_socketcan_msgs/lib:/home/kimm/wearable_robot_ws/install/wearable_robot_interfaces/lib:/home/kimm/wearable_robot_ws/install/ros2_socketcan/lib:/opt/ros/foxy/opt/yaml_cpp_vendor/lib:/opt/ros/foxy/opt/rviz_ogre_vendor/lib:/opt/ros/foxy/lib/aarch64-linux-gnu:/opt/ros/foxy/lib PYTHONPATH=/home/kimm/wearable_robot_ws/install/ros2_socketcan_msgs/lib/python3.8/site-packages:/home/kimm/wearable_robot_ws/install/wearable_robot_interfaces/lib/python3.8/site-packages:/opt/ros/foxy/lib/python3.8/site-packages /usr/bin/cmake --build /home/kimm/wearable_robot_ws/build/ros2_socketcan -- -j8 -l8
[0.163s] [  9%] Built target gtest
[0.170s] [ 33%] Built target ros2_socketcan
[0.172s] [ 42%] Built target socket_can_receiver_node_exe
[0.180s] [ 52%] Built target gtest_main
[0.194s] [ 61%] Built target socket_can_sender_node_exe
[0.240s] [ 80%] Built target ros2_socketcan_test
[0.244s] [ 90%] Built target socket_can_receiver_node
[0.312s] [100%] Built target socket_can_sender_node
[0.339s] Invoked command in '/home/kimm/wearable_robot_ws/build/ros2_socketcan' returned '0': CMAKE_PREFIX_PATH=/home/kimm/wearable_robot_ws/install/ros2_socketcan_msgs:/home/kimm/wearable_robot_ws/install/wearable_robot_data_processing:/home/kimm/wearable_robot_ws/install/wearable_robot_interfaces:/home/kimm/wearable_robot_ws/install/wearable_robot_control:/home/kimm/wearable_robot_ws/install/wearable_robot_bringup:/home/kimm/wearable_robot_ws/install/ros2_socketcan:/home/kimm/install/can_data_extractor:/opt/ros/foxy LD_LIBRARY_PATH=/home/kimm/wearable_robot_ws/install/ros2_socketcan_msgs/lib:/home/kimm/wearable_robot_ws/install/wearable_robot_interfaces/lib:/home/kimm/wearable_robot_ws/install/ros2_socketcan/lib:/opt/ros/foxy/opt/yaml_cpp_vendor/lib:/opt/ros/foxy/opt/rviz_ogre_vendor/lib:/opt/ros/foxy/lib/aarch64-linux-gnu:/opt/ros/foxy/lib PYTHONPATH=/home/kimm/wearable_robot_ws/install/ros2_socketcan_msgs/lib/python3.8/site-packages:/home/kimm/wearable_robot_ws/install/wearable_robot_interfaces/lib/python3.8/site-packages:/opt/ros/foxy/lib/python3.8/site-packages /usr/bin/cmake --build /home/kimm/wearable_robot_ws/build/ros2_socketcan -- -j8 -l8
[0.348s] Invoking command in '/home/kimm/wearable_robot_ws/build/ros2_socketcan': CMAKE_PREFIX_PATH=/home/kimm/wearable_robot_ws/install/ros2_socketcan_msgs:/home/kimm/wearable_robot_ws/install/wearable_robot_data_processing:/home/kimm/wearable_robot_ws/install/wearable_robot_interfaces:/home/kimm/wearable_robot_ws/install/wearable_robot_control:/home/kimm/wearable_robot_ws/install/wearable_robot_bringup:/home/kimm/wearable_robot_ws/install/ros2_socketcan:/home/kimm/install/can_data_extractor:/opt/ros/foxy LD_LIBRARY_PATH=/home/kimm/wearable_robot_ws/install/ros2_socketcan_msgs/lib:/home/kimm/wearable_robot_ws/install/wearable_robot_interfaces/lib:/home/kimm/wearable_robot_ws/install/ros2_socketcan/lib:/opt/ros/foxy/opt/yaml_cpp_vendor/lib:/opt/ros/foxy/opt/rviz_ogre_vendor/lib:/opt/ros/foxy/lib/aarch64-linux-gnu:/opt/ros/foxy/lib PYTHONPATH=/home/kimm/wearable_robot_ws/install/ros2_socketcan_msgs/lib/python3.8/site-packages:/home/kimm/wearable_robot_ws/install/wearable_robot_interfaces/lib/python3.8/site-packages:/opt/ros/foxy/lib/python3.8/site-packages /usr/bin/cmake --install /home/kimm/wearable_robot_ws/build/ros2_socketcan
[0.371s] -- Install configuration: ""
[0.372s] -- Execute custom install script
[0.372s] -- Up-to-date symlink: /home/kimm/wearable_robot_ws/install/ros2_socketcan/lib/ros2_socketcan/socket_can_receiver_node_exe
[0.373s] -- Up-to-date symlink: /home/kimm/wearable_robot_ws/install/ros2_socketcan/lib/ros2_socketcan/socket_can_sender_node_exe
[0.374s] -- Up-to-date symlink: /home/kimm/wearable_robot_ws/install/ros2_socketcan/include/ros2_socketcan/socket_can_common.hpp
[0.375s] -- Up-to-date symlink: /home/kimm/wearable_robot_ws/install/ros2_socketcan/include/ros2_socketcan/socket_can_id.hpp
[0.375s] -- Up-to-date symlink: /home/kimm/wearable_robot_ws/install/ros2_socketcan/include/ros2_socketcan/socket_can_receiver.hpp
[0.375s] -- Up-to-date symlink: /home/kimm/wearable_robot_ws/install/ros2_socketcan/include/ros2_socketcan/socket_can_receiver_node.hpp
[0.376s] -- Up-to-date symlink: /home/kimm/wearable_robot_ws/install/ros2_socketcan/include/ros2_socketcan/socket_can_sender.hpp
[0.376s] -- Up-to-date symlink: /home/kimm/wearable_robot_ws/install/ros2_socketcan/include/ros2_socketcan/socket_can_sender_node.hpp
[0.376s] -- Up-to-date symlink: /home/kimm/wearable_robot_ws/install/ros2_socketcan/include/ros2_socketcan/visibility_control.hpp
[0.377s] -- Up-to-date symlink: /home/kimm/wearable_robot_ws/install/ros2_socketcan/share/ros2_socketcan/environment/library_path.sh
[0.377s] -- Up-to-date symlink: /home/kimm/wearable_robot_ws/install/ros2_socketcan/share/ros2_socketcan/environment/library_path.dsv
[0.378s] -- Up-to-date symlink: /home/kimm/wearable_robot_ws/install/ros2_socketcan/lib/libros2_socketcan.so
[0.378s] -- Up-to-date symlink: /home/kimm/wearable_robot_ws/install/ros2_socketcan/lib/libsocket_can_receiver_node.so
[0.379s] -- Up-to-date symlink: /home/kimm/wearable_robot_ws/install/ros2_socketcan/lib/libsocket_can_sender_node.so
[0.380s] -- Up-to-date symlink: /home/kimm/wearable_robot_ws/install/ros2_socketcan/share/ros2_socketcan/launch/socket_can_bridge.launch.xml
[0.380s] -- Up-to-date symlink: /home/kimm/wearable_robot_ws/install/ros2_socketcan/share/ros2_socketcan/launch/socket_can_receiver.launch.py
[0.381s] -- Up-to-date symlink: /home/kimm/wearable_robot_ws/install/ros2_socketcan/share/ros2_socketcan/launch/socket_can_sender.launch.py
[0.381s] -- Up-to-date symlink: /home/kimm/wearable_robot_ws/install/ros2_socketcan/share/ament_index/resource_index/package_run_dependencies/ros2_socketcan
[0.382s] -- Up-to-date symlink: /home/kimm/wearable_robot_ws/install/ros2_socketcan/share/ament_index/resource_index/parent_prefix_path/ros2_socketcan
[0.382s] -- Up-to-date symlink: /home/kimm/wearable_robot_ws/install/ros2_socketcan/share/ros2_socketcan/environment/ament_prefix_path.sh
[0.383s] -- Up-to-date symlink: /home/kimm/wearable_robot_ws/install/ros2_socketcan/share/ros2_socketcan/environment/ament_prefix_path.dsv
[0.387s] -- Up-to-date symlink: /home/kimm/wearable_robot_ws/install/ros2_socketcan/share/ros2_socketcan/environment/path.sh
[0.387s] -- Up-to-date symlink: /home/kimm/wearable_robot_ws/install/ros2_socketcan/share/ros2_socketcan/environment/path.dsv
[0.387s] -- Up-to-date symlink: /home/kimm/wearable_robot_ws/install/ros2_socketcan/share/ros2_socketcan/local_setup.bash
[0.387s] -- Up-to-date symlink: /home/kimm/wearable_robot_ws/install/ros2_socketcan/share/ros2_socketcan/local_setup.sh
[0.387s] -- Up-to-date symlink: /home/kimm/wearable_robot_ws/install/ros2_socketcan/share/ros2_socketcan/local_setup.zsh
[0.387s] -- Up-to-date symlink: /home/kimm/wearable_robot_ws/install/ros2_socketcan/share/ros2_socketcan/local_setup.dsv
[0.388s] -- Symlinking: /home/kimm/wearable_robot_ws/install/ros2_socketcan/share/ros2_socketcan/package.dsv
[0.407s] -- Up-to-date symlink: /home/kimm/wearable_robot_ws/install/ros2_socketcan/share/ament_index/resource_index/packages/ros2_socketcan
[0.407s] -- Up-to-date symlink: /home/kimm/wearable_robot_ws/install/ros2_socketcan/share/ament_index/resource_index/rclcpp_components/ros2_socketcan
[0.407s] -- Up-to-date symlink: /home/kimm/wearable_robot_ws/install/ros2_socketcan/share/ros2_socketcan/cmake/ament_cmake_export_dependencies-extras.cmake
[0.408s] -- Up-to-date symlink: /home/kimm/wearable_robot_ws/install/ros2_socketcan/share/ros2_socketcan/cmake/ament_cmake_export_include_directories-extras.cmake
[0.408s] -- Up-to-date symlink: /home/kimm/wearable_robot_ws/install/ros2_socketcan/share/ros2_socketcan/cmake/ament_cmake_export_libraries-extras.cmake
[0.409s] -- Up-to-date symlink: /home/kimm/wearable_robot_ws/install/ros2_socketcan/share/ros2_socketcan/cmake/ros2_socketcanConfig.cmake
[0.409s] -- Up-to-date symlink: /home/kimm/wearable_robot_ws/install/ros2_socketcan/share/ros2_socketcan/cmake/ros2_socketcanConfig-version.cmake
[0.410s] -- Up-to-date symlink: /home/kimm/wearable_robot_ws/install/ros2_socketcan/share/ros2_socketcan/package.xml
[0.417s] Invoked command in '/home/kimm/wearable_robot_ws/build/ros2_socketcan' returned '0': CMAKE_PREFIX_PATH=/home/kimm/wearable_robot_ws/install/ros2_socketcan_msgs:/home/kimm/wearable_robot_ws/install/wearable_robot_data_processing:/home/kimm/wearable_robot_ws/install/wearable_robot_interfaces:/home/kimm/wearable_robot_ws/install/wearable_robot_control:/home/kimm/wearable_robot_ws/install/wearable_robot_bringup:/home/kimm/wearable_robot_ws/install/ros2_socketcan:/home/kimm/install/can_data_extractor:/opt/ros/foxy LD_LIBRARY_PATH=/home/kimm/wearable_robot_ws/install/ros2_socketcan_msgs/lib:/home/kimm/wearable_robot_ws/install/wearable_robot_interfaces/lib:/home/kimm/wearable_robot_ws/install/ros2_socketcan/lib:/opt/ros/foxy/opt/yaml_cpp_vendor/lib:/opt/ros/foxy/opt/rviz_ogre_vendor/lib:/opt/ros/foxy/lib/aarch64-linux-gnu:/opt/ros/foxy/lib PYTHONPATH=/home/kimm/wearable_robot_ws/install/ros2_socketcan_msgs/lib/python3.8/site-packages:/home/kimm/wearable_robot_ws/install/wearable_robot_interfaces/lib/python3.8/site-packages:/opt/ros/foxy/lib/python3.8/site-packages /usr/bin/cmake --install /home/kimm/wearable_robot_ws/build/ros2_socketcan
