[0.401s] DEBUG:colcon:Command line arguments: ['/usr/bin/colcon', 'build', '--symlink-install', '--packages-select', 'ros2_socketcan']
[0.401s] DEBUG:colcon:Parsed command line arguments: Namespace(allow_overriding=[], ament_cmake_args=None, base_paths=['.'], build_base='build', catkin_cmake_args=None, catkin_skip_building_tests=False, cmake_args=None, cmake_clean_cache=False, cmake_clean_first=False, cmake_force_configure=False, cmake_target=None, cmake_target_skip_unavailable=False, continue_on_error=False, event_handlers=None, executor='parallel', ignore_user_meta=False, install_base='install', log_base=None, log_level=None, main=<bound method BuildVerb.main of <colcon_core.verb.build.BuildVerb object at 0xffff9665bcd0>>, merge_install=False, metas=['./colcon.meta'], packages_above=None, packages_above_and_dependencies=None, packages_above_depth=None, packages_end=None, packages_ignore=None, packages_ignore_regex=None, packages_select=['ros2_socketcan'], packages_select_build_failed=False, packages_select_by_dep=None, packages_select_regex=None, packages_select_test_failures=False, packages_skip=None, packages_skip_build_finished=False, packages_skip_by_dep=None, packages_skip_regex=None, packages_skip_test_passed=False, packages_skip_up_to=None, packages_start=None, packages_up_to=None, packages_up_to_regex=None, parallel_workers=8, paths=None, symlink_install=True, test_result_base=None, verb_extension=<colcon_core.verb.build.BuildVerb object at 0xffff9665bcd0>, verb_name='build', verb_parser=<colcon_defaults.argument_parser.defaults.DefaultArgumentsDecorator object at 0xffff965faee0>)
[0.700s] Level 1:colcon.colcon_core.package_discovery:discover_packages(colcon_meta) check parameters
[0.701s] Level 1:colcon.colcon_core.package_discovery:discover_packages(recursive) check parameters
[0.701s] Level 1:colcon.colcon_core.package_discovery:discover_packages(ignore) check parameters
[0.701s] Level 1:colcon.colcon_core.package_discovery:discover_packages(path) check parameters
[0.701s] Level 1:colcon.colcon_core.package_discovery:discover_packages(colcon_meta) discover
[0.701s] Level 1:colcon.colcon_core.package_discovery:discover_packages(recursive) discover
[0.701s] INFO:colcon.colcon_core.package_discovery:Crawling recursively for packages in '/home/kimm/wearable_robot_ws'
[0.702s] Level 1:colcon.colcon_core.package_identification:_identify(.) by extensions ['ignore', 'ignore_ament_install']
[0.702s] Level 1:colcon.colcon_core.package_identification:_identify(.) by extension 'ignore'
[0.702s] Level 1:colcon.colcon_core.package_identification:_identify(.) by extension 'ignore_ament_install'
[0.702s] Level 1:colcon.colcon_core.package_identification:_identify(.) by extensions ['colcon_pkg']
[0.702s] Level 1:colcon.colcon_core.package_identification:_identify(.) by extension 'colcon_pkg'
[0.702s] Level 1:colcon.colcon_core.package_identification:_identify(.) by extensions ['colcon_meta']
[0.702s] Level 1:colcon.colcon_core.package_identification:_identify(.) by extension 'colcon_meta'
[0.703s] Level 1:colcon.colcon_core.package_identification:_identify(.) by extensions ['ros']
[0.703s] Level 1:colcon.colcon_core.package_identification:_identify(.) by extension 'ros'
[0.725s] Level 1:colcon.colcon_core.package_identification:_identify(.) by extensions ['cmake', 'python']
[0.725s] Level 1:colcon.colcon_core.package_identification:_identify(.) by extension 'cmake'
[0.725s] Level 1:colcon.colcon_core.package_identification:_identify(.) by extension 'python'
[0.725s] Level 1:colcon.colcon_core.package_identification:_identify(.) by extensions ['python_setup_py']
[0.725s] Level 1:colcon.colcon_core.package_identification:_identify(.) by extension 'python_setup_py'
[0.726s] Level 1:colcon.colcon_core.package_identification:_identify(build) by extensions ['ignore', 'ignore_ament_install']
[0.726s] Level 1:colcon.colcon_core.package_identification:_identify(build) by extension 'ignore'
[0.726s] Level 1:colcon.colcon_core.package_identification:_identify(build) ignored
[0.726s] Level 1:colcon.colcon_core.package_identification:_identify(install) by extensions ['ignore', 'ignore_ament_install']
[0.726s] Level 1:colcon.colcon_core.package_identification:_identify(install) by extension 'ignore'
[0.727s] Level 1:colcon.colcon_core.package_identification:_identify(install) ignored
[0.727s] Level 1:colcon.colcon_core.package_identification:_identify(log) by extensions ['ignore', 'ignore_ament_install']
[0.727s] Level 1:colcon.colcon_core.package_identification:_identify(log) by extension 'ignore'
[0.727s] Level 1:colcon.colcon_core.package_identification:_identify(log) ignored
[0.727s] Level 1:colcon.colcon_core.package_identification:_identify(src) by extensions ['ignore', 'ignore_ament_install']
[0.728s] Level 1:colcon.colcon_core.package_identification:_identify(src) by extension 'ignore'
[0.728s] Level 1:colcon.colcon_core.package_identification:_identify(src) by extension 'ignore_ament_install'
[0.728s] Level 1:colcon.colcon_core.package_identification:_identify(src) by extensions ['colcon_pkg']
[0.728s] Level 1:colcon.colcon_core.package_identification:_identify(src) by extension 'colcon_pkg'
[0.728s] Level 1:colcon.colcon_core.package_identification:_identify(src) by extensions ['colcon_meta']
[0.728s] Level 1:colcon.colcon_core.package_identification:_identify(src) by extension 'colcon_meta'
[0.728s] Level 1:colcon.colcon_core.package_identification:_identify(src) by extensions ['ros']
[0.728s] Level 1:colcon.colcon_core.package_identification:_identify(src) by extension 'ros'
[0.728s] Level 1:colcon.colcon_core.package_identification:_identify(src) by extensions ['cmake', 'python']
[0.728s] Level 1:colcon.colcon_core.package_identification:_identify(src) by extension 'cmake'
[0.729s] Level 1:colcon.colcon_core.package_identification:_identify(src) by extension 'python'
[0.729s] Level 1:colcon.colcon_core.package_identification:_identify(src) by extensions ['python_setup_py']
[0.729s] Level 1:colcon.colcon_core.package_identification:_identify(src) by extension 'python_setup_py'
[0.729s] Level 1:colcon.colcon_core.package_identification:_identify(src/ros2_socketcan) by extensions ['ignore', 'ignore_ament_install']
[0.729s] Level 1:colcon.colcon_core.package_identification:_identify(src/ros2_socketcan) by extension 'ignore'
[0.729s] Level 1:colcon.colcon_core.package_identification:_identify(src/ros2_socketcan) by extension 'ignore_ament_install'
[0.729s] Level 1:colcon.colcon_core.package_identification:_identify(src/ros2_socketcan) by extensions ['colcon_pkg']
[0.729s] Level 1:colcon.colcon_core.package_identification:_identify(src/ros2_socketcan) by extension 'colcon_pkg'
[0.730s] Level 1:colcon.colcon_core.package_identification:_identify(src/ros2_socketcan) by extensions ['colcon_meta']
[0.730s] Level 1:colcon.colcon_core.package_identification:_identify(src/ros2_socketcan) by extension 'colcon_meta'
[0.730s] Level 1:colcon.colcon_core.package_identification:_identify(src/ros2_socketcan) by extensions ['ros']
[0.730s] Level 1:colcon.colcon_core.package_identification:_identify(src/ros2_socketcan) by extension 'ros'
[0.730s] Level 1:colcon.colcon_core.package_identification:_identify(src/ros2_socketcan) by extensions ['cmake', 'python']
[0.730s] Level 1:colcon.colcon_core.package_identification:_identify(src/ros2_socketcan) by extension 'cmake'
[0.730s] Level 1:colcon.colcon_core.package_identification:_identify(src/ros2_socketcan) by extension 'python'
[0.730s] Level 1:colcon.colcon_core.package_identification:_identify(src/ros2_socketcan) by extensions ['python_setup_py']
[0.730s] Level 1:colcon.colcon_core.package_identification:_identify(src/ros2_socketcan) by extension 'python_setup_py'
[0.731s] Level 1:colcon.colcon_core.package_identification:_identify(src/ros2_socketcan/ros2_socketcan) by extensions ['ignore', 'ignore_ament_install']
[0.731s] Level 1:colcon.colcon_core.package_identification:_identify(src/ros2_socketcan/ros2_socketcan) by extension 'ignore'
[0.731s] Level 1:colcon.colcon_core.package_identification:_identify(src/ros2_socketcan/ros2_socketcan) by extension 'ignore_ament_install'
[0.731s] Level 1:colcon.colcon_core.package_identification:_identify(src/ros2_socketcan/ros2_socketcan) by extensions ['colcon_pkg']
[0.731s] Level 1:colcon.colcon_core.package_identification:_identify(src/ros2_socketcan/ros2_socketcan) by extension 'colcon_pkg'
[0.731s] Level 1:colcon.colcon_core.package_identification:_identify(src/ros2_socketcan/ros2_socketcan) by extensions ['colcon_meta']
[0.731s] Level 1:colcon.colcon_core.package_identification:_identify(src/ros2_socketcan/ros2_socketcan) by extension 'colcon_meta'
[0.732s] Level 1:colcon.colcon_core.package_identification:_identify(src/ros2_socketcan/ros2_socketcan) by extensions ['ros']
[0.732s] Level 1:colcon.colcon_core.package_identification:_identify(src/ros2_socketcan/ros2_socketcan) by extension 'ros'
[0.738s] DEBUG:colcon.colcon_core.package_identification:Package 'src/ros2_socketcan/ros2_socketcan' with type 'ros.ament_cmake' and name 'ros2_socketcan'
[0.738s] Level 1:colcon.colcon_core.package_identification:_identify(src/ros2_socketcan/ros2_socketcan_msgs) by extensions ['ignore', 'ignore_ament_install']
[0.738s] Level 1:colcon.colcon_core.package_identification:_identify(src/ros2_socketcan/ros2_socketcan_msgs) by extension 'ignore'
[0.738s] Level 1:colcon.colcon_core.package_identification:_identify(src/ros2_socketcan/ros2_socketcan_msgs) by extension 'ignore_ament_install'
[0.738s] Level 1:colcon.colcon_core.package_identification:_identify(src/ros2_socketcan/ros2_socketcan_msgs) by extensions ['colcon_pkg']
[0.739s] Level 1:colcon.colcon_core.package_identification:_identify(src/ros2_socketcan/ros2_socketcan_msgs) by extension 'colcon_pkg'
[0.739s] Level 1:colcon.colcon_core.package_identification:_identify(src/ros2_socketcan/ros2_socketcan_msgs) by extensions ['colcon_meta']
[0.739s] Level 1:colcon.colcon_core.package_identification:_identify(src/ros2_socketcan/ros2_socketcan_msgs) by extension 'colcon_meta'
[0.739s] Level 1:colcon.colcon_core.package_identification:_identify(src/ros2_socketcan/ros2_socketcan_msgs) by extensions ['ros']
[0.739s] Level 1:colcon.colcon_core.package_identification:_identify(src/ros2_socketcan/ros2_socketcan_msgs) by extension 'ros'
[0.740s] DEBUG:colcon.colcon_core.package_identification:Package 'src/ros2_socketcan/ros2_socketcan_msgs' with type 'ros.ament_cmake' and name 'ros2_socketcan_msgs'
[0.741s] Level 1:colcon.colcon_core.package_identification:_identify(src/wearable_robot_bringup) by extensions ['ignore', 'ignore_ament_install']
[0.741s] Level 1:colcon.colcon_core.package_identification:_identify(src/wearable_robot_bringup) by extension 'ignore'
[0.741s] Level 1:colcon.colcon_core.package_identification:_identify(src/wearable_robot_bringup) by extension 'ignore_ament_install'
[0.741s] Level 1:colcon.colcon_core.package_identification:_identify(src/wearable_robot_bringup) by extensions ['colcon_pkg']
[0.741s] Level 1:colcon.colcon_core.package_identification:_identify(src/wearable_robot_bringup) by extension 'colcon_pkg'
[0.741s] Level 1:colcon.colcon_core.package_identification:_identify(src/wearable_robot_bringup) by extensions ['colcon_meta']
[0.741s] Level 1:colcon.colcon_core.package_identification:_identify(src/wearable_robot_bringup) by extension 'colcon_meta'
[0.741s] Level 1:colcon.colcon_core.package_identification:_identify(src/wearable_robot_bringup) by extensions ['ros']
[0.741s] Level 1:colcon.colcon_core.package_identification:_identify(src/wearable_robot_bringup) by extension 'ros'
[0.743s] DEBUG:colcon.colcon_core.package_identification:Package 'src/wearable_robot_bringup' with type 'ros.ament_cmake' and name 'wearable_robot_bringup'
[0.743s] Level 1:colcon.colcon_core.package_identification:_identify(src/wearable_robot_control) by extensions ['ignore', 'ignore_ament_install']
[0.743s] Level 1:colcon.colcon_core.package_identification:_identify(src/wearable_robot_control) by extension 'ignore'
[0.743s] Level 1:colcon.colcon_core.package_identification:_identify(src/wearable_robot_control) by extension 'ignore_ament_install'
[0.743s] Level 1:colcon.colcon_core.package_identification:_identify(src/wearable_robot_control) by extensions ['colcon_pkg']
[0.743s] Level 1:colcon.colcon_core.package_identification:_identify(src/wearable_robot_control) by extension 'colcon_pkg'
[0.743s] Level 1:colcon.colcon_core.package_identification:_identify(src/wearable_robot_control) by extensions ['colcon_meta']
[0.744s] Level 1:colcon.colcon_core.package_identification:_identify(src/wearable_robot_control) by extension 'colcon_meta'
[0.744s] Level 1:colcon.colcon_core.package_identification:_identify(src/wearable_robot_control) by extensions ['ros']
[0.744s] Level 1:colcon.colcon_core.package_identification:_identify(src/wearable_robot_control) by extension 'ros'
[0.745s] DEBUG:colcon.colcon_core.package_identification:Package 'src/wearable_robot_control' with type 'ros.ament_cmake' and name 'wearable_robot_control'
[0.745s] Level 1:colcon.colcon_core.package_identification:_identify(src/wearable_robot_data_processing) by extensions ['ignore', 'ignore_ament_install']
[0.745s] Level 1:colcon.colcon_core.package_identification:_identify(src/wearable_robot_data_processing) by extension 'ignore'
[0.745s] Level 1:colcon.colcon_core.package_identification:_identify(src/wearable_robot_data_processing) by extension 'ignore_ament_install'
[0.745s] Level 1:colcon.colcon_core.package_identification:_identify(src/wearable_robot_data_processing) by extensions ['colcon_pkg']
[0.745s] Level 1:colcon.colcon_core.package_identification:_identify(src/wearable_robot_data_processing) by extension 'colcon_pkg'
[0.746s] Level 1:colcon.colcon_core.package_identification:_identify(src/wearable_robot_data_processing) by extensions ['colcon_meta']
[0.746s] Level 1:colcon.colcon_core.package_identification:_identify(src/wearable_robot_data_processing) by extension 'colcon_meta'
[0.746s] Level 1:colcon.colcon_core.package_identification:_identify(src/wearable_robot_data_processing) by extensions ['ros']
[0.746s] Level 1:colcon.colcon_core.package_identification:_identify(src/wearable_robot_data_processing) by extension 'ros'
[0.747s] DEBUG:colcon.colcon_core.package_identification:Package 'src/wearable_robot_data_processing' with type 'ros.ament_cmake' and name 'wearable_robot_data_processing'
[0.747s] Level 1:colcon.colcon_core.package_identification:_identify(src/wearable_robot_hw) by extensions ['ignore', 'ignore_ament_install']
[0.748s] Level 1:colcon.colcon_core.package_identification:_identify(src/wearable_robot_hw) by extension 'ignore'
[0.748s] Level 1:colcon.colcon_core.package_identification:_identify(src/wearable_robot_hw) by extension 'ignore_ament_install'
[0.748s] Level 1:colcon.colcon_core.package_identification:_identify(src/wearable_robot_hw) by extensions ['colcon_pkg']
[0.748s] Level 1:colcon.colcon_core.package_identification:_identify(src/wearable_robot_hw) by extension 'colcon_pkg'
[0.748s] Level 1:colcon.colcon_core.package_identification:_identify(src/wearable_robot_hw) by extensions ['colcon_meta']
[0.748s] Level 1:colcon.colcon_core.package_identification:_identify(src/wearable_robot_hw) by extension 'colcon_meta'
[0.748s] Level 1:colcon.colcon_core.package_identification:_identify(src/wearable_robot_hw) by extensions ['ros']
[0.748s] Level 1:colcon.colcon_core.package_identification:_identify(src/wearable_robot_hw) by extension 'ros'
[0.750s] DEBUG:colcon.colcon_core.package_identification:Package 'src/wearable_robot_hw' with type 'ros.ament_cmake' and name 'wearable_robot_hw'
[0.750s] Level 1:colcon.colcon_core.package_identification:_identify(src/wearable_robot_interfaces) by extensions ['ignore', 'ignore_ament_install']
[0.750s] Level 1:colcon.colcon_core.package_identification:_identify(src/wearable_robot_interfaces) by extension 'ignore'
[0.750s] Level 1:colcon.colcon_core.package_identification:_identify(src/wearable_robot_interfaces) by extension 'ignore_ament_install'
[0.750s] Level 1:colcon.colcon_core.package_identification:_identify(src/wearable_robot_interfaces) by extensions ['colcon_pkg']
[0.750s] Level 1:colcon.colcon_core.package_identification:_identify(src/wearable_robot_interfaces) by extension 'colcon_pkg'
[0.751s] Level 1:colcon.colcon_core.package_identification:_identify(src/wearable_robot_interfaces) by extensions ['colcon_meta']
[0.751s] Level 1:colcon.colcon_core.package_identification:_identify(src/wearable_robot_interfaces) by extension 'colcon_meta'
[0.751s] Level 1:colcon.colcon_core.package_identification:_identify(src/wearable_robot_interfaces) by extensions ['ros']
[0.751s] Level 1:colcon.colcon_core.package_identification:_identify(src/wearable_robot_interfaces) by extension 'ros'
[0.752s] DEBUG:colcon.colcon_core.package_identification:Package 'src/wearable_robot_interfaces' with type 'ros.ament_cmake' and name 'wearable_robot_interfaces'
[0.752s] Level 1:colcon.colcon_core.package_discovery:discover_packages(recursive) using defaults
[0.752s] Level 1:colcon.colcon_core.package_discovery:discover_packages(ignore) discover
[0.752s] Level 1:colcon.colcon_core.package_discovery:discover_packages(ignore) using defaults
[0.752s] Level 1:colcon.colcon_core.package_discovery:discover_packages(path) discover
[0.752s] Level 1:colcon.colcon_core.package_discovery:discover_packages(path) using defaults
[0.787s] INFO:colcon.colcon_core.package_selection:Skipping not selected package 'ros2_socketcan_msgs' in 'src/ros2_socketcan/ros2_socketcan_msgs'
[0.787s] INFO:colcon.colcon_core.package_selection:Skipping not selected package 'wearable_robot_bringup' in 'src/wearable_robot_bringup'
[0.788s] INFO:colcon.colcon_core.package_selection:Skipping not selected package 'wearable_robot_control' in 'src/wearable_robot_control'
[0.788s] INFO:colcon.colcon_core.package_selection:Skipping not selected package 'wearable_robot_interfaces' in 'src/wearable_robot_interfaces'
[0.788s] INFO:colcon.colcon_core.package_selection:Skipping not selected package 'wearable_robot_data_processing' in 'src/wearable_robot_data_processing'
[0.788s] INFO:colcon.colcon_core.package_selection:Skipping not selected package 'wearable_robot_hw' in 'src/wearable_robot_hw'
[0.789s] Level 1:colcon.colcon_core.package_discovery:discover_packages(prefix_path) check parameters
[0.789s] Level 1:colcon.colcon_core.package_discovery:discover_packages(prefix_path) discover
[0.797s] DEBUG:colcon.colcon_installed_package_information.package_discovery:Found 5 installed packages in /home/kimm/wearable_robot_ws/install
[0.797s] DEBUG:colcon.colcon_installed_package_information.package_discovery:Found 1 installed packages in /home/kimm/install
[0.800s] DEBUG:colcon.colcon_installed_package_information.package_discovery:Found 262 installed packages in /opt/ros/foxy
[0.803s] Level 1:colcon.colcon_core.package_discovery:discover_packages(prefix_path) using defaults
[0.971s] Level 5:colcon.colcon_core.verb:set package 'ros2_socketcan' build argument 'cmake_args' from command line to 'None'
[0.972s] Level 5:colcon.colcon_core.verb:set package 'ros2_socketcan' build argument 'cmake_target' from command line to 'None'
[0.972s] Level 5:colcon.colcon_core.verb:set package 'ros2_socketcan' build argument 'cmake_target_skip_unavailable' from command line to 'False'
[0.972s] Level 5:colcon.colcon_core.verb:set package 'ros2_socketcan' build argument 'cmake_clean_cache' from command line to 'False'
[0.972s] Level 5:colcon.colcon_core.verb:set package 'ros2_socketcan' build argument 'cmake_clean_first' from command line to 'False'
[0.972s] Level 5:colcon.colcon_core.verb:set package 'ros2_socketcan' build argument 'cmake_force_configure' from command line to 'False'
[0.972s] Level 5:colcon.colcon_core.verb:set package 'ros2_socketcan' build argument 'ament_cmake_args' from command line to 'None'
[0.972s] Level 5:colcon.colcon_core.verb:set package 'ros2_socketcan' build argument 'catkin_cmake_args' from command line to 'None'
[0.972s] Level 5:colcon.colcon_core.verb:set package 'ros2_socketcan' build argument 'catkin_skip_building_tests' from command line to 'False'
[0.972s] DEBUG:colcon.colcon_core.verb:Building package 'ros2_socketcan' with the following arguments: {'ament_cmake_args': None, 'build_base': '/home/kimm/wearable_robot_ws/build/ros2_socketcan', 'catkin_cmake_args': None, 'catkin_skip_building_tests': False, 'cmake_args': None, 'cmake_clean_cache': False, 'cmake_clean_first': False, 'cmake_force_configure': False, 'cmake_target': None, 'cmake_target_skip_unavailable': False, 'install_base': '/home/kimm/wearable_robot_ws/install/ros2_socketcan', 'merge_install': False, 'path': '/home/kimm/wearable_robot_ws/src/ros2_socketcan/ros2_socketcan', 'symlink_install': True, 'test_result_base': None}
[0.972s] INFO:colcon.colcon_core.executor:Executing jobs using 'parallel' executor
[0.975s] DEBUG:colcon.colcon_parallel_executor.executor.parallel:run_until_complete
[0.975s] INFO:colcon.colcon_ros.task.ament_cmake.build:Building ROS package in '/home/kimm/wearable_robot_ws/src/ros2_socketcan/ros2_socketcan' with build type 'ament_cmake'
[0.976s] INFO:colcon.colcon_cmake.task.cmake.build:Building CMake package in '/home/kimm/wearable_robot_ws/src/ros2_socketcan/ros2_socketcan'
[0.982s] INFO:colcon.colcon_core.plugin_system:Skipping extension 'colcon_core.shell.bat': Not used on non-Windows systems
[0.982s] INFO:colcon.colcon_core.shell:Skip shell extension 'powershell' for command environment: Not usable outside of PowerShell
[0.982s] DEBUG:colcon.colcon_core.shell:Skip shell extension 'dsv' for command environment
[0.987s] ERROR:colcon.colcon_cmake.task.cmake.build:Failed to find the following files:
- /home/kimm/wearable_robot_ws/install/ros2_socketcan_msgs/share/ros2_socketcan_msgs/package.sh
Check that the following packages have been built:
- ros2_socketcan_msgs
[0.988s] Level 1:colcon.colcon_core.environment:create_environment_scripts_only(ros2_socketcan)
[0.995s] Level 1:colcon.colcon_core.environment:checking '/home/kimm/wearable_robot_ws/install/ros2_socketcan' for CMake module files
[0.995s] Level 1:colcon.colcon_core.environment:checking '/home/kimm/wearable_robot_ws/install/ros2_socketcan' for CMake config files
[0.996s] Level 1:colcon.colcon_core.environment:checking '/home/kimm/wearable_robot_ws/install/ros2_socketcan/bin'
[0.996s] Level 1:colcon.colcon_core.environment:checking '/home/kimm/wearable_robot_ws/install/ros2_socketcan/lib/pkgconfig/ros2_socketcan.pc'
[0.997s] Level 1:colcon.colcon_core.environment:checking '/home/kimm/wearable_robot_ws/install/ros2_socketcan/lib/python3.8/site-packages'
[0.997s] Level 1:colcon.colcon_core.environment:checking '/home/kimm/wearable_robot_ws/install/ros2_socketcan/bin'
[0.998s] INFO:colcon.colcon_core.shell:Creating package script '/home/kimm/wearable_robot_ws/install/ros2_socketcan/share/ros2_socketcan/package.ps1'
[1.000s] INFO:colcon.colcon_core.shell:Creating package descriptor '/home/kimm/wearable_robot_ws/install/ros2_socketcan/share/ros2_socketcan/package.dsv'
[1.001s] INFO:colcon.colcon_core.shell:Creating package script '/home/kimm/wearable_robot_ws/install/ros2_socketcan/share/ros2_socketcan/package.sh'
[1.002s] INFO:colcon.colcon_core.shell:Creating package script '/home/kimm/wearable_robot_ws/install/ros2_socketcan/share/ros2_socketcan/package.bash'
[1.004s] INFO:colcon.colcon_core.shell:Creating package script '/home/kimm/wearable_robot_ws/install/ros2_socketcan/share/ros2_socketcan/package.zsh'
[1.005s] Level 1:colcon.colcon_core.environment:create_file_with_runtime_dependencies(/home/kimm/wearable_robot_ws/install/ros2_socketcan/share/colcon-core/packages/ros2_socketcan)
[1.016s] DEBUG:colcon.colcon_parallel_executor.executor.parallel:closing loop
[1.016s] DEBUG:colcon.colcon_parallel_executor.executor.parallel:loop closed
[1.017s] DEBUG:colcon.colcon_parallel_executor.executor.parallel:run_until_complete finished with '1'
[1.017s] DEBUG:colcon.colcon_core.event_reactor:joining thread
[1.029s] INFO:colcon.colcon_core.plugin_system:Skipping extension 'colcon_notification.desktop_notification.terminal_notifier': Not used on non-Darwin systems
[1.029s] INFO:colcon.colcon_core.plugin_system:Skipping extension 'colcon_notification.desktop_notification.win32': Not used on non-Windows systems
[1.029s] INFO:colcon.colcon_notification.desktop_notification:Sending desktop notification using 'notify2'
[1.068s] DEBUG:colcon.colcon_core.event_reactor:joined thread
[1.070s] INFO:colcon.colcon_core.shell:Creating prefix script '/home/kimm/wearable_robot_ws/install/local_setup.ps1'
[1.073s] INFO:colcon.colcon_core.shell:Creating prefix util module '/home/kimm/wearable_robot_ws/install/_local_setup_util_ps1.py'
[1.078s] INFO:colcon.colcon_core.shell:Creating prefix chain script '/home/kimm/wearable_robot_ws/install/setup.ps1'
[1.083s] INFO:colcon.colcon_core.shell:Creating prefix script '/home/kimm/wearable_robot_ws/install/local_setup.sh'
[1.085s] INFO:colcon.colcon_core.shell:Creating prefix util module '/home/kimm/wearable_robot_ws/install/_local_setup_util_sh.py'
[1.086s] INFO:colcon.colcon_core.shell:Creating prefix chain script '/home/kimm/wearable_robot_ws/install/setup.sh'
[1.090s] INFO:colcon.colcon_core.shell:Creating prefix script '/home/kimm/wearable_robot_ws/install/local_setup.bash'
[1.093s] INFO:colcon.colcon_core.shell:Creating prefix chain script '/home/kimm/wearable_robot_ws/install/setup.bash'
[1.098s] INFO:colcon.colcon_core.shell:Creating prefix script '/home/kimm/wearable_robot_ws/install/local_setup.zsh'
[1.100s] INFO:colcon.colcon_core.shell:Creating prefix chain script '/home/kimm/wearable_robot_ws/install/setup.zsh'
