[0.035s] Invoking command in '/home/kimm/wearable_robot_ws/build/ros2_socketcan': CMAKE_PREFIX_PATH=/home/kimm/wearable_robot_ws/install/ros2_socketcan_msgs:/home/kimm/wearable_robot_ws/install/wearable_robot_hw:/home/kimm/wearable_robot_ws/install/wearable_robot_data_processing:/home/kimm/wearable_robot_ws/install/wearable_robot_interfaces:/home/kimm/wearable_robot_ws/install/wearable_robot_control:/home/kimm/wearable_robot_ws/install/wearable_robot_bringup:/home/kimm/wearable_robot_ws/install/ros2_socketcan:/home/kimm/wearable_robot_ws/install/can_comm:/home/kimm/install/can_data_extractor:/opt/ros/foxy LD_LIBRARY_PATH=/home/kimm/wearable_robot_ws/install/ros2_socketcan_msgs/lib:/home/kimm/wearable_robot_ws/install/wearable_robot_interfaces/lib:/home/kimm/wearable_robot_ws/install/ros2_socketcan/lib:/opt/ros/foxy/opt/yaml_cpp_vendor/lib:/opt/ros/foxy/opt/rviz_ogre_vendor/lib:/opt/ros/foxy/lib/aarch64-linux-gnu:/opt/ros/foxy/lib PYTHONPATH=/home/kimm/wearable_robot_ws/install/ros2_socketcan_msgs/lib/python3.8/site-packages:/home/kimm/wearable_robot_ws/install/wearable_robot_interfaces/lib/python3.8/site-packages:/opt/ros/foxy/lib/python3.8/site-packages /usr/bin/cmake --build /home/kimm/wearable_robot_ws/build/ros2_socketcan -- -j8 -l8
[0.179s] [  9%] Built target gtest_main
[0.186s] [ 19%] Built target gtest
[0.193s] [ 38%] Built target socket_can_receiver_node_exe
[0.194s] [ 52%] Built target ros2_socketcan
[0.202s] [ 61%] Built target socket_can_sender_node_exe
[0.253s] [ 76%] [32mBuilding CXX object CMakeFiles/socket_can_receiver_node.dir/src/socket_can_receiver_node.cpp.o[0m
[0.254s] [ 85%] Built target ros2_socketcan_test
[9.505s] [ 90%] [32m[1mLinking CXX shared library libsocket_can_receiver_node.so[0m
[9.945s] [ 90%] Built target socket_can_receiver_node
[9.974s] [35m[1mScanning dependencies of target socket_can_sender_node[0m
[10.045s] [ 95%] [32mBuilding CXX object CMakeFiles/socket_can_sender_node.dir/src/socket_can_sender_node.cpp.o[0m
[25.171s] [100%] [32m[1mLinking CXX shared library libsocket_can_sender_node.so[0m
[25.986s] [100%] Built target socket_can_sender_node
[26.015s] Invoked command in '/home/kimm/wearable_robot_ws/build/ros2_socketcan' returned '0': CMAKE_PREFIX_PATH=/home/kimm/wearable_robot_ws/install/ros2_socketcan_msgs:/home/kimm/wearable_robot_ws/install/wearable_robot_hw:/home/kimm/wearable_robot_ws/install/wearable_robot_data_processing:/home/kimm/wearable_robot_ws/install/wearable_robot_interfaces:/home/kimm/wearable_robot_ws/install/wearable_robot_control:/home/kimm/wearable_robot_ws/install/wearable_robot_bringup:/home/kimm/wearable_robot_ws/install/ros2_socketcan:/home/kimm/wearable_robot_ws/install/can_comm:/home/kimm/install/can_data_extractor:/opt/ros/foxy LD_LIBRARY_PATH=/home/kimm/wearable_robot_ws/install/ros2_socketcan_msgs/lib:/home/kimm/wearable_robot_ws/install/wearable_robot_interfaces/lib:/home/kimm/wearable_robot_ws/install/ros2_socketcan/lib:/opt/ros/foxy/opt/yaml_cpp_vendor/lib:/opt/ros/foxy/opt/rviz_ogre_vendor/lib:/opt/ros/foxy/lib/aarch64-linux-gnu:/opt/ros/foxy/lib PYTHONPATH=/home/kimm/wearable_robot_ws/install/ros2_socketcan_msgs/lib/python3.8/site-packages:/home/kimm/wearable_robot_ws/install/wearable_robot_interfaces/lib/python3.8/site-packages:/opt/ros/foxy/lib/python3.8/site-packages /usr/bin/cmake --build /home/kimm/wearable_robot_ws/build/ros2_socketcan -- -j8 -l8
[26.047s] Invoking command in '/home/kimm/wearable_robot_ws/build/ros2_socketcan': CMAKE_PREFIX_PATH=/home/kimm/wearable_robot_ws/install/ros2_socketcan_msgs:/home/kimm/wearable_robot_ws/install/wearable_robot_hw:/home/kimm/wearable_robot_ws/install/wearable_robot_data_processing:/home/kimm/wearable_robot_ws/install/wearable_robot_interfaces:/home/kimm/wearable_robot_ws/install/wearable_robot_control:/home/kimm/wearable_robot_ws/install/wearable_robot_bringup:/home/kimm/wearable_robot_ws/install/ros2_socketcan:/home/kimm/wearable_robot_ws/install/can_comm:/home/kimm/install/can_data_extractor:/opt/ros/foxy LD_LIBRARY_PATH=/home/kimm/wearable_robot_ws/install/ros2_socketcan_msgs/lib:/home/kimm/wearable_robot_ws/install/wearable_robot_interfaces/lib:/home/kimm/wearable_robot_ws/install/ros2_socketcan/lib:/opt/ros/foxy/opt/yaml_cpp_vendor/lib:/opt/ros/foxy/opt/rviz_ogre_vendor/lib:/opt/ros/foxy/lib/aarch64-linux-gnu:/opt/ros/foxy/lib PYTHONPATH=/home/kimm/wearable_robot_ws/install/ros2_socketcan_msgs/lib/python3.8/site-packages:/home/kimm/wearable_robot_ws/install/wearable_robot_interfaces/lib/python3.8/site-packages:/opt/ros/foxy/lib/python3.8/site-packages /usr/bin/cmake --install /home/kimm/wearable_robot_ws/build/ros2_socketcan
[26.073s] -- Install configuration: ""
[26.074s] -- Execute custom install script
[26.075s] -- Up-to-date symlink: /home/kimm/wearable_robot_ws/install/ros2_socketcan/lib/ros2_socketcan/socket_can_receiver_node_exe
[26.076s] -- Up-to-date symlink: /home/kimm/wearable_robot_ws/install/ros2_socketcan/lib/ros2_socketcan/socket_can_sender_node_exe
[26.077s] -- Up-to-date symlink: /home/kimm/wearable_robot_ws/install/ros2_socketcan/include/ros2_socketcan/socket_can_common.hpp
[26.078s] -- Up-to-date symlink: /home/kimm/wearable_robot_ws/install/ros2_socketcan/include/ros2_socketcan/socket_can_id.hpp
[26.079s] -- Up-to-date symlink: /home/kimm/wearable_robot_ws/install/ros2_socketcan/include/ros2_socketcan/socket_can_receiver.hpp
[26.079s] -- Up-to-date symlink: /home/kimm/wearable_robot_ws/install/ros2_socketcan/include/ros2_socketcan/socket_can_receiver_node.hpp
[26.080s] -- Up-to-date symlink: /home/kimm/wearable_robot_ws/install/ros2_socketcan/include/ros2_socketcan/socket_can_sender.hpp
[26.080s] -- Up-to-date symlink: /home/kimm/wearable_robot_ws/install/ros2_socketcan/include/ros2_socketcan/socket_can_sender_node.hpp
[26.080s] -- Up-to-date symlink: /home/kimm/wearable_robot_ws/install/ros2_socketcan/include/ros2_socketcan/visibility_control.hpp
[26.080s] -- Up-to-date symlink: /home/kimm/wearable_robot_ws/install/ros2_socketcan/share/ros2_socketcan/environment/library_path.sh
[26.081s] -- Up-to-date symlink: /home/kimm/wearable_robot_ws/install/ros2_socketcan/share/ros2_socketcan/environment/library_path.dsv
[26.081s] -- Up-to-date symlink: /home/kimm/wearable_robot_ws/install/ros2_socketcan/lib/libros2_socketcan.so
[26.081s] -- Up-to-date symlink: /home/kimm/wearable_robot_ws/install/ros2_socketcan/lib/libsocket_can_receiver_node.so
[26.082s] -- Up-to-date symlink: /home/kimm/wearable_robot_ws/install/ros2_socketcan/lib/libsocket_can_sender_node.so
[26.083s] -- Up-to-date symlink: /home/kimm/wearable_robot_ws/install/ros2_socketcan/share/ros2_socketcan/launch/socket_can_bridge.launch.xml
[26.083s] -- Up-to-date symlink: /home/kimm/wearable_robot_ws/install/ros2_socketcan/share/ros2_socketcan/launch/socket_can_receiver.launch.py
[26.084s] -- Up-to-date symlink: /home/kimm/wearable_robot_ws/install/ros2_socketcan/share/ros2_socketcan/launch/socket_can_sender.launch.py
[26.084s] -- Up-to-date symlink: /home/kimm/wearable_robot_ws/install/ros2_socketcan/share/ament_index/resource_index/package_run_dependencies/ros2_socketcan
[26.085s] -- Up-to-date symlink: /home/kimm/wearable_robot_ws/install/ros2_socketcan/share/ament_index/resource_index/parent_prefix_path/ros2_socketcan
[26.085s] -- Up-to-date symlink: /home/kimm/wearable_robot_ws/install/ros2_socketcan/share/ros2_socketcan/environment/ament_prefix_path.sh
[26.086s] -- Up-to-date symlink: /home/kimm/wearable_robot_ws/install/ros2_socketcan/share/ros2_socketcan/environment/ament_prefix_path.dsv
[26.086s] -- Up-to-date symlink: /home/kimm/wearable_robot_ws/install/ros2_socketcan/share/ros2_socketcan/environment/path.sh
[26.087s] -- Up-to-date symlink: /home/kimm/wearable_robot_ws/install/ros2_socketcan/share/ros2_socketcan/environment/path.dsv
[26.087s] -- Up-to-date symlink: /home/kimm/wearable_robot_ws/install/ros2_socketcan/share/ros2_socketcan/local_setup.bash
[26.088s] -- Up-to-date symlink: /home/kimm/wearable_robot_ws/install/ros2_socketcan/share/ros2_socketcan/local_setup.sh
[26.088s] -- Up-to-date symlink: /home/kimm/wearable_robot_ws/install/ros2_socketcan/share/ros2_socketcan/local_setup.zsh
[26.089s] -- Up-to-date symlink: /home/kimm/wearable_robot_ws/install/ros2_socketcan/share/ros2_socketcan/local_setup.dsv
[26.089s] -- Symlinking: /home/kimm/wearable_robot_ws/install/ros2_socketcan/share/ros2_socketcan/package.dsv
[26.117s] -- Up-to-date symlink: /home/kimm/wearable_robot_ws/install/ros2_socketcan/share/ament_index/resource_index/packages/ros2_socketcan
[26.117s] -- Up-to-date symlink: /home/kimm/wearable_robot_ws/install/ros2_socketcan/share/ament_index/resource_index/rclcpp_components/ros2_socketcan
[26.117s] -- Up-to-date symlink: /home/kimm/wearable_robot_ws/install/ros2_socketcan/share/ros2_socketcan/cmake/ament_cmake_export_dependencies-extras.cmake
[26.118s] -- Up-to-date symlink: /home/kimm/wearable_robot_ws/install/ros2_socketcan/share/ros2_socketcan/cmake/ament_cmake_export_include_directories-extras.cmake
[26.118s] -- Up-to-date symlink: /home/kimm/wearable_robot_ws/install/ros2_socketcan/share/ros2_socketcan/cmake/ament_cmake_export_libraries-extras.cmake
[26.119s] -- Up-to-date symlink: /home/kimm/wearable_robot_ws/install/ros2_socketcan/share/ros2_socketcan/cmake/ros2_socketcanConfig.cmake
[26.119s] -- Up-to-date symlink: /home/kimm/wearable_robot_ws/install/ros2_socketcan/share/ros2_socketcan/cmake/ros2_socketcanConfig-version.cmake
[26.120s] -- Up-to-date symlink: /home/kimm/wearable_robot_ws/install/ros2_socketcan/share/ros2_socketcan/package.xml
[26.128s] Invoked command in '/home/kimm/wearable_robot_ws/build/ros2_socketcan' returned '0': CMAKE_PREFIX_PATH=/home/kimm/wearable_robot_ws/install/ros2_socketcan_msgs:/home/kimm/wearable_robot_ws/install/wearable_robot_hw:/home/kimm/wearable_robot_ws/install/wearable_robot_data_processing:/home/kimm/wearable_robot_ws/install/wearable_robot_interfaces:/home/kimm/wearable_robot_ws/install/wearable_robot_control:/home/kimm/wearable_robot_ws/install/wearable_robot_bringup:/home/kimm/wearable_robot_ws/install/ros2_socketcan:/home/kimm/wearable_robot_ws/install/can_comm:/home/kimm/install/can_data_extractor:/opt/ros/foxy LD_LIBRARY_PATH=/home/kimm/wearable_robot_ws/install/ros2_socketcan_msgs/lib:/home/kimm/wearable_robot_ws/install/wearable_robot_interfaces/lib:/home/kimm/wearable_robot_ws/install/ros2_socketcan/lib:/opt/ros/foxy/opt/yaml_cpp_vendor/lib:/opt/ros/foxy/opt/rviz_ogre_vendor/lib:/opt/ros/foxy/lib/aarch64-linux-gnu:/opt/ros/foxy/lib PYTHONPATH=/home/kimm/wearable_robot_ws/install/ros2_socketcan_msgs/lib/python3.8/site-packages:/home/kimm/wearable_robot_ws/install/wearable_robot_interfaces/lib/python3.8/site-packages:/opt/ros/foxy/lib/python3.8/site-packages /usr/bin/cmake --install /home/kimm/wearable_robot_ws/build/ros2_socketcan
