[0.030s] Invoking command in '/home/kimm/wearable_robot_ws/build/ros2_socketcan': AMENT_PREFIX_PATH=/home/kimm/wearable_robot_ws/install/ros2_socketcan_msgs:${AMENT_PREFIX_PATH} CMAKE_PREFIX_PATH=/home/kimm/wearable_robot_ws/install/ros2_socketcan_msgs:/home/kimm/wearable_robot_ws/install/wearable_robot_hw:/home/kimm/wearable_robot_ws/install/wearable_robot_data_processing:/home/kimm/wearable_robot_ws/install/wearable_robot_interfaces:/home/kimm/wearable_robot_ws/install/wearable_robot_control:/home/kimm/wearable_robot_ws/install/wearable_robot_bringup:/home/kimm/install/can_data_extractor:/opt/ros/foxy LD_LIBRARY_PATH=/home/kimm/wearable_robot_ws/install/ros2_socketcan_msgs/lib:${LD_LIBRARY_PATH} PYTHONPATH=/home/kimm/wearable_robot_ws/install/ros2_socketcan_msgs/lib/python3.8/site-packages:${PYTHONPATH} /usr/bin/cmake /home/kimm/wearable_robot_ws/src/ros2_socketcan/ros2_socketcan -DAMENT_CMAKE_SYMLINK_INSTALL=1 -DCMAKE_INSTALL_PREFIX=/home/kimm/wearable_robot_ws/install/ros2_socketcan
[0.145s] -- The C compiler identification is GNU 9.4.0
[0.264s] -- The CXX compiler identification is GNU 9.4.0
[0.273s] -- Check for working C compiler: /usr/bin/cc
[0.419s] -- Check for working C compiler: /usr/bin/cc -- works
[0.420s] -- Detecting C compiler ABI info
[0.573s] -- Detecting C compiler ABI info - done
[0.598s] -- Detecting C compile features
[0.599s] -- Detecting C compile features - done
[0.604s] -- Check for working CXX compiler: /usr/bin/c++
[0.799s] -- Check for working CXX compiler: /usr/bin/c++ -- works
[0.802s] -- Detecting CXX compiler ABI info
[0.963s] -- Detecting CXX compiler ABI info - done
[0.985s] -- Detecting CXX compile features
[0.986s] -- Detecting CXX compile features - done
[0.990s] -- Found ament_cmake_auto: 0.9.12 (/opt/ros/foxy/share/ament_cmake_auto/cmake)
[1.064s] -- Found PythonInterp: /usr/bin/python3 (found suitable version "3.8.10", minimum required is "3") 
[1.065s] -- Using PYTHON_EXECUTABLE: /usr/bin/python3
[1.474s] -- Override CMake install command with custom implementation using symlinks instead of copying resources
[1.811s] -- Using all available rosidl_typesupport_c: rosidl_typesupport_fastrtps_c;rosidl_typesupport_introspection_c
[1.827s] -- Found rosidl_adapter: 1.3.1 (/opt/ros/foxy/share/rosidl_adapter/cmake)
[2.026s] -- Found OpenSSL: /usr/lib/aarch64-linux-gnu/libcrypto.so (found version "1.1.1f")  
[2.090s] -- Found FastRTPS: /opt/ros/foxy/include  
[2.259s] -- Using all available rosidl_typesupport_cpp: rosidl_typesupport_fastrtps_cpp;rosidl_typesupport_introspection_cpp
[2.373s] -- Found rmw_implementation_cmake: 1.0.4 (/opt/ros/foxy/share/rmw_implementation_cmake/cmake)
[2.376s] -- Using RMW implementation 'rmw_fastrtps_cpp' as default
[2.380s] -- Looking for pthread.h
[2.539s] -- Looking for pthread.h - found
[2.545s] -- Performing Test CMAKE_HAVE_LIBC_PTHREAD
[2.704s] -- Performing Test CMAKE_HAVE_LIBC_PTHREAD - Failed
[2.704s] -- Looking for pthread_create in pthreads
[2.846s] -- Looking for pthread_create in pthreads - not found
[2.846s] -- Looking for pthread_create in pthread
[2.997s] -- Looking for pthread_create in pthread - found
[2.999s] -- Found Threads: TRUE  
[3.663s] -- Found ament_lint_auto: 0.9.8 (/opt/ros/foxy/share/ament_lint_auto/cmake)
[3.711s] -- Found gtest sources under '/opt/ros/foxy/src/gtest_vendor': C++ tests using 'Google Test' will be built
[3.719s] -- Check if compiler accepts -pthread
[3.881s] -- Check if compiler accepts -pthread - yes
[3.908s] -- Added test 'copyright' to check source files copyright and LICENSE
[3.913s] -- Added test 'cppcheck' to perform static code analysis on C / C++ code
[3.914s] -- Configured cppcheck include dirs: /home/kimm/wearable_robot_ws/src/ros2_socketcan/ros2_socketcan/include
[3.914s] -- Configured cppcheck exclude dirs and/or files: 
[3.918s] -- Added test 'cpplint' to check C / C++ code against the Google style
[3.919s] -- Configured cpplint exclude dirs and/or files: 
[3.921s] -- Added test 'flake8' to check Python code syntax and style conventions
[3.922s] -- Added test 'lint_cmake' to check CMake code style
[3.923s] -- Added test 'pep257' to check Python code against some of the style conventions in PEP 257
[3.927s] -- Added test 'uncrustify' to check C / C++ code style
[3.927s] -- Configured uncrustify additional arguments: 
[3.928s] -- Added test 'xmllint' to check XML markup files
[3.947s] -- Configuring done
[4.042s] -- Generating done
[4.084s] -- Build files have been written to: /home/kimm/wearable_robot_ws/build/ros2_socketcan
[4.123s] Invoked command in '/home/kimm/wearable_robot_ws/build/ros2_socketcan' returned '0': AMENT_PREFIX_PATH=/home/kimm/wearable_robot_ws/install/ros2_socketcan_msgs:${AMENT_PREFIX_PATH} CMAKE_PREFIX_PATH=/home/kimm/wearable_robot_ws/install/ros2_socketcan_msgs:/home/kimm/wearable_robot_ws/install/wearable_robot_hw:/home/kimm/wearable_robot_ws/install/wearable_robot_data_processing:/home/kimm/wearable_robot_ws/install/wearable_robot_interfaces:/home/kimm/wearable_robot_ws/install/wearable_robot_control:/home/kimm/wearable_robot_ws/install/wearable_robot_bringup:/home/kimm/install/can_data_extractor:/opt/ros/foxy LD_LIBRARY_PATH=/home/kimm/wearable_robot_ws/install/ros2_socketcan_msgs/lib:${LD_LIBRARY_PATH} PYTHONPATH=/home/kimm/wearable_robot_ws/install/ros2_socketcan_msgs/lib/python3.8/site-packages:${PYTHONPATH} /usr/bin/cmake /home/kimm/wearable_robot_ws/src/ros2_socketcan/ros2_socketcan -DAMENT_CMAKE_SYMLINK_INSTALL=1 -DCMAKE_INSTALL_PREFIX=/home/kimm/wearable_robot_ws/install/ros2_socketcan
[4.130s] Invoking command in '/home/kimm/wearable_robot_ws/build/ros2_socketcan': AMENT_PREFIX_PATH=/home/kimm/wearable_robot_ws/install/ros2_socketcan_msgs:${AMENT_PREFIX_PATH} CMAKE_PREFIX_PATH=/home/kimm/wearable_robot_ws/install/ros2_socketcan_msgs:/home/kimm/wearable_robot_ws/install/wearable_robot_hw:/home/kimm/wearable_robot_ws/install/wearable_robot_data_processing:/home/kimm/wearable_robot_ws/install/wearable_robot_interfaces:/home/kimm/wearable_robot_ws/install/wearable_robot_control:/home/kimm/wearable_robot_ws/install/wearable_robot_bringup:/home/kimm/install/can_data_extractor:/opt/ros/foxy LD_LIBRARY_PATH=/home/kimm/wearable_robot_ws/install/ros2_socketcan_msgs/lib:${LD_LIBRARY_PATH} PYTHONPATH=/home/kimm/wearable_robot_ws/install/ros2_socketcan_msgs/lib/python3.8/site-packages:${PYTHONPATH} /usr/bin/cmake --build /home/kimm/wearable_robot_ws/build/ros2_socketcan -- -j8 -l8
[4.227s] [35m[1mScanning dependencies of target ros2_socketcan[0m
[4.227s] [35m[1mScanning dependencies of target gtest_main[0m
[4.227s] [35m[1mScanning dependencies of target socket_can_receiver_node_exe[0m
[4.228s] [35m[1mScanning dependencies of target socket_can_sender_node_exe[0m
[4.228s] [35m[1mScanning dependencies of target gtest[0m
[4.270s] [  4%] [32mBuilding CXX object CMakeFiles/ros2_socketcan.dir/src/socket_can_id.cpp.o[0m
[4.271s] [  9%] [32mBuilding CXX object CMakeFiles/ros2_socketcan.dir/src/socket_can_common.cpp.o[0m
[4.271s] [ 14%] [32mBuilding CXX object CMakeFiles/ros2_socketcan.dir/src/socket_can_receiver.cpp.o[0m
[4.285s] [ 19%] [32mBuilding CXX object CMakeFiles/ros2_socketcan.dir/src/socket_can_sender.cpp.o[0m
[4.285s] [ 23%] [32mBuilding CXX object gtest/CMakeFiles/gtest_main.dir/src/gtest_main.cc.o[0m
[4.342s] [ 28%] [32mBuilding CXX object gtest/CMakeFiles/gtest.dir/src/gtest-all.cc.o[0m
[4.357s] [ 33%] [32mBuilding CXX object CMakeFiles/socket_can_receiver_node_exe.dir/rclcpp_components/node_main_socket_can_receiver_node_exe.cpp.o[0m
[4.382s] [ 38%] [32mBuilding CXX object CMakeFiles/socket_can_sender_node_exe.dir/rclcpp_components/node_main_socket_can_sender_node_exe.cpp.o[0m
[5.875s] [ 42%] [32m[1mLinking CXX shared library libros2_socketcan.so[0m
[6.273s] [ 42%] Built target ros2_socketcan
[6.305s] [35m[1mScanning dependencies of target socket_can_receiver_node[0m
[6.451s] [ 47%] [32mBuilding CXX object CMakeFiles/socket_can_receiver_node.dir/src/socket_can_receiver_node.cpp.o[0m
[6.460s] [ 52%] [32m[1mLinking CXX static library libgtest_main.a[0m
[6.623s] [ 52%] Built target gtest_main
[10.974s] [ 57%] [32m[1mLinking CXX executable socket_can_sender_node_exe[0m
[11.079s] [ 61%] [32m[1mLinking CXX executable socket_can_receiver_node_exe[0m
[11.298s] [ 61%] Built target socket_can_sender_node_exe
[11.467s] [ 61%] Built target socket_can_receiver_node_exe
[12.905s] [ 66%] [32m[1mLinking CXX static library libgtest.a[0m
[13.038s] [ 66%] Built target gtest
[13.064s] [35m[1mScanning dependencies of target ros2_socketcan_test[0m
[13.104s] [ 76%] [32mBuilding CXX object CMakeFiles/ros2_socketcan_test.dir/test/gtest_main.cpp.o[0m
[13.105s] [ 76%] [32mBuilding CXX object CMakeFiles/ros2_socketcan_test.dir/test/receiver.cpp.o[0m
[13.119s] [ 80%] [32mBuilding CXX object CMakeFiles/ros2_socketcan_test.dir/test/sanity_checks.cpp.o[0m
[15.847s] [ 85%] [32m[1mLinking CXX executable ros2_socketcan_test[0m
[16.246s] [ 85%] Built target ros2_socketcan_test
[16.360s] [ 90%] [32m[1mLinking CXX shared library libsocket_can_receiver_node.so[0m
[16.807s] [ 90%] Built target socket_can_receiver_node
[16.832s] [35m[1mScanning dependencies of target socket_can_sender_node[0m
[16.919s] [ 95%] [32mBuilding CXX object CMakeFiles/socket_can_sender_node.dir/src/socket_can_sender_node.cpp.o[0m
[32.310s] [100%] [32m[1mLinking CXX shared library libsocket_can_sender_node.so[0m
[33.071s] [100%] Built target socket_can_sender_node
[33.106s] Invoked command in '/home/kimm/wearable_robot_ws/build/ros2_socketcan' returned '0': AMENT_PREFIX_PATH=/home/kimm/wearable_robot_ws/install/ros2_socketcan_msgs:${AMENT_PREFIX_PATH} CMAKE_PREFIX_PATH=/home/kimm/wearable_robot_ws/install/ros2_socketcan_msgs:/home/kimm/wearable_robot_ws/install/wearable_robot_hw:/home/kimm/wearable_robot_ws/install/wearable_robot_data_processing:/home/kimm/wearable_robot_ws/install/wearable_robot_interfaces:/home/kimm/wearable_robot_ws/install/wearable_robot_control:/home/kimm/wearable_robot_ws/install/wearable_robot_bringup:/home/kimm/install/can_data_extractor:/opt/ros/foxy LD_LIBRARY_PATH=/home/kimm/wearable_robot_ws/install/ros2_socketcan_msgs/lib:${LD_LIBRARY_PATH} PYTHONPATH=/home/kimm/wearable_robot_ws/install/ros2_socketcan_msgs/lib/python3.8/site-packages:${PYTHONPATH} /usr/bin/cmake --build /home/kimm/wearable_robot_ws/build/ros2_socketcan -- -j8 -l8
[33.112s] Invoking command in '/home/kimm/wearable_robot_ws/build/ros2_socketcan': AMENT_PREFIX_PATH=/home/kimm/wearable_robot_ws/install/ros2_socketcan_msgs:${AMENT_PREFIX_PATH} CMAKE_PREFIX_PATH=/home/kimm/wearable_robot_ws/install/ros2_socketcan_msgs:/home/kimm/wearable_robot_ws/install/wearable_robot_hw:/home/kimm/wearable_robot_ws/install/wearable_robot_data_processing:/home/kimm/wearable_robot_ws/install/wearable_robot_interfaces:/home/kimm/wearable_robot_ws/install/wearable_robot_control:/home/kimm/wearable_robot_ws/install/wearable_robot_bringup:/home/kimm/install/can_data_extractor:/opt/ros/foxy LD_LIBRARY_PATH=/home/kimm/wearable_robot_ws/install/ros2_socketcan_msgs/lib:${LD_LIBRARY_PATH} PYTHONPATH=/home/kimm/wearable_robot_ws/install/ros2_socketcan_msgs/lib/python3.8/site-packages:${PYTHONPATH} /usr/bin/cmake --install /home/kimm/wearable_robot_ws/build/ros2_socketcan
[33.132s] -- Install configuration: ""
[33.133s] -- Execute custom install script
[33.134s] -- Symlinking: /home/kimm/wearable_robot_ws/install/ros2_socketcan/lib/ros2_socketcan/socket_can_receiver_node_exe
[33.157s] -- Symlinking: /home/kimm/wearable_robot_ws/install/ros2_socketcan/lib/ros2_socketcan/socket_can_sender_node_exe
[33.182s] -- Symlinking: /home/kimm/wearable_robot_ws/install/ros2_socketcan/include/ros2_socketcan/socket_can_common.hpp
[33.204s] -- Symlinking: /home/kimm/wearable_robot_ws/install/ros2_socketcan/include/ros2_socketcan/socket_can_id.hpp
[33.229s] -- Symlinking: /home/kimm/wearable_robot_ws/install/ros2_socketcan/include/ros2_socketcan/socket_can_receiver.hpp
[33.253s] -- Symlinking: /home/kimm/wearable_robot_ws/install/ros2_socketcan/include/ros2_socketcan/socket_can_receiver_node.hpp
[33.275s] -- Symlinking: /home/kimm/wearable_robot_ws/install/ros2_socketcan/include/ros2_socketcan/socket_can_sender.hpp
[33.297s] -- Symlinking: /home/kimm/wearable_robot_ws/install/ros2_socketcan/include/ros2_socketcan/socket_can_sender_node.hpp
[33.316s] -- Symlinking: /home/kimm/wearable_robot_ws/install/ros2_socketcan/include/ros2_socketcan/visibility_control.hpp
[33.338s] -- Symlinking: /home/kimm/wearable_robot_ws/install/ros2_socketcan/share/ros2_socketcan/environment/library_path.sh
[33.361s] -- Symlinking: /home/kimm/wearable_robot_ws/install/ros2_socketcan/share/ros2_socketcan/environment/library_path.dsv
[33.388s] -- Symlinking: /home/kimm/wearable_robot_ws/install/ros2_socketcan/lib/libros2_socketcan.so
[33.416s] -- Symlinking: /home/kimm/wearable_robot_ws/install/ros2_socketcan/lib/libsocket_can_receiver_node.so
[33.438s] -- Symlinking: /home/kimm/wearable_robot_ws/install/ros2_socketcan/lib/libsocket_can_sender_node.so
[33.463s] -- Symlinking: /home/kimm/wearable_robot_ws/install/ros2_socketcan/share/ros2_socketcan/launch/socket_can_bridge.launch.xml
[33.486s] -- Symlinking: /home/kimm/wearable_robot_ws/install/ros2_socketcan/share/ros2_socketcan/launch/socket_can_receiver.launch.py
[33.507s] -- Symlinking: /home/kimm/wearable_robot_ws/install/ros2_socketcan/share/ros2_socketcan/launch/socket_can_sender.launch.py
[33.535s] -- Symlinking: /home/kimm/wearable_robot_ws/install/ros2_socketcan/share/ament_index/resource_index/package_run_dependencies/ros2_socketcan
[33.560s] -- Symlinking: /home/kimm/wearable_robot_ws/install/ros2_socketcan/share/ament_index/resource_index/parent_prefix_path/ros2_socketcan
[33.590s] -- Symlinking: /home/kimm/wearable_robot_ws/install/ros2_socketcan/share/ros2_socketcan/environment/ament_prefix_path.sh
[33.617s] -- Symlinking: /home/kimm/wearable_robot_ws/install/ros2_socketcan/share/ros2_socketcan/environment/ament_prefix_path.dsv
[33.642s] -- Symlinking: /home/kimm/wearable_robot_ws/install/ros2_socketcan/share/ros2_socketcan/environment/path.sh
[33.668s] -- Symlinking: /home/kimm/wearable_robot_ws/install/ros2_socketcan/share/ros2_socketcan/environment/path.dsv
[33.691s] -- Symlinking: /home/kimm/wearable_robot_ws/install/ros2_socketcan/share/ros2_socketcan/local_setup.bash
[33.715s] -- Symlinking: /home/kimm/wearable_robot_ws/install/ros2_socketcan/share/ros2_socketcan/local_setup.sh
[33.739s] -- Symlinking: /home/kimm/wearable_robot_ws/install/ros2_socketcan/share/ros2_socketcan/local_setup.zsh
[33.761s] -- Symlinking: /home/kimm/wearable_robot_ws/install/ros2_socketcan/share/ros2_socketcan/local_setup.dsv
[33.783s] -- Symlinking: /home/kimm/wearable_robot_ws/install/ros2_socketcan/share/ros2_socketcan/package.dsv
[33.804s] -- Symlinking: /home/kimm/wearable_robot_ws/install/ros2_socketcan/share/ament_index/resource_index/packages/ros2_socketcan
[33.824s] -- Symlinking: /home/kimm/wearable_robot_ws/install/ros2_socketcan/share/ament_index/resource_index/rclcpp_components/ros2_socketcan
[33.846s] -- Symlinking: /home/kimm/wearable_robot_ws/install/ros2_socketcan/share/ros2_socketcan/cmake/ament_cmake_export_dependencies-extras.cmake
[33.871s] -- Symlinking: /home/kimm/wearable_robot_ws/install/ros2_socketcan/share/ros2_socketcan/cmake/ament_cmake_export_include_directories-extras.cmake
[33.895s] -- Symlinking: /home/kimm/wearable_robot_ws/install/ros2_socketcan/share/ros2_socketcan/cmake/ament_cmake_export_libraries-extras.cmake
[33.919s] -- Symlinking: /home/kimm/wearable_robot_ws/install/ros2_socketcan/share/ros2_socketcan/cmake/ros2_socketcanConfig.cmake
[33.945s] -- Symlinking: /home/kimm/wearable_robot_ws/install/ros2_socketcan/share/ros2_socketcan/cmake/ros2_socketcanConfig-version.cmake
[33.969s] -- Symlinking: /home/kimm/wearable_robot_ws/install/ros2_socketcan/share/ros2_socketcan/package.xml
[34.006s] Invoked command in '/home/kimm/wearable_robot_ws/build/ros2_socketcan' returned '0': AMENT_PREFIX_PATH=/home/kimm/wearable_robot_ws/install/ros2_socketcan_msgs:${AMENT_PREFIX_PATH} CMAKE_PREFIX_PATH=/home/kimm/wearable_robot_ws/install/ros2_socketcan_msgs:/home/kimm/wearable_robot_ws/install/wearable_robot_hw:/home/kimm/wearable_robot_ws/install/wearable_robot_data_processing:/home/kimm/wearable_robot_ws/install/wearable_robot_interfaces:/home/kimm/wearable_robot_ws/install/wearable_robot_control:/home/kimm/wearable_robot_ws/install/wearable_robot_bringup:/home/kimm/install/can_data_extractor:/opt/ros/foxy LD_LIBRARY_PATH=/home/kimm/wearable_robot_ws/install/ros2_socketcan_msgs/lib:${LD_LIBRARY_PATH} PYTHONPATH=/home/kimm/wearable_robot_ws/install/ros2_socketcan_msgs/lib/python3.8/site-packages:${PYTHONPATH} /usr/bin/cmake --install /home/kimm/wearable_robot_ws/build/ros2_socketcan
