[0.028s] Invoking command in '/home/kimm/wearable_robot_ws/build/can_comm': CMAKE_PREFIX_PATH=${CMAKE_PREFIX_PATH}:/opt/ros/foxy /usr/bin/cmake /home/kimm/wearable_robot_ws/src/can_comm -DCMAKE_INSTALL_PREFIX=/home/kimm/wearable_robot_ws/install/can_comm
[0.417s] -- The C compiler identification is GNU 9.4.0
[1.186s] -- The CXX compiler identification is GNU 9.4.0
[1.249s] -- Check for working C compiler: /usr/bin/cc
[1.423s] -- Check for working C compiler: /usr/bin/cc -- works
[1.436s] -- Detecting C compiler ABI info
[1.604s] -- Detecting C compiler ABI info - done
[1.636s] -- Detecting C compile features
[1.639s] -- Detecting C compile features - done
[1.656s] -- Check for working CXX compiler: /usr/bin/c++
[1.811s] -- Check for working CXX compiler: /usr/bin/c++ -- works
[1.815s] -- Detecting CXX compiler ABI info
[1.985s] -- Detecting CXX compiler ABI info - done
[2.017s] -- Detecting CXX compile features
[2.018s] -- Detecting CXX compile features - done
[2.032s] -- Found ament_cmake: 0.9.12 (/opt/ros/foxy/share/ament_cmake/cmake)
[2.100s] -- Found PythonInterp: /usr/bin/python3 (found suitable version "3.8.10", minimum required is "3") 
[2.101s] -- Using PYTHON_EXECUTABLE: /usr/bin/python3
[2.582s] -- Found rclcpp: 2.4.3 (/opt/ros/foxy/share/rclcpp/cmake)
[2.690s] -- Using all available rosidl_typesupport_c: rosidl_typesupport_fastrtps_c;rosidl_typesupport_introspection_c
[2.706s] -- Found rosidl_adapter: 1.3.1 (/opt/ros/foxy/share/rosidl_adapter/cmake)
[2.969s] -- Found OpenSSL: /usr/lib/aarch64-linux-gnu/libcrypto.so (found version "1.1.1f")  
[3.033s] -- Found FastRTPS: /opt/ros/foxy/include  
[3.206s] -- Using all available rosidl_typesupport_cpp: rosidl_typesupport_fastrtps_cpp;rosidl_typesupport_introspection_cpp
[3.333s] -- Found rmw_implementation_cmake: 1.0.4 (/opt/ros/foxy/share/rmw_implementation_cmake/cmake)
[3.339s] -- Using RMW implementation 'rmw_fastrtps_cpp' as default
[3.353s] -- Looking for pthread.h
[3.497s] -- Looking for pthread.h - found
[3.497s] -- Performing Test CMAKE_HAVE_LIBC_PTHREAD
[3.643s] -- Performing Test CMAKE_HAVE_LIBC_PTHREAD - Failed
[3.644s] -- Looking for pthread_create in pthreads
[3.771s] -- Looking for pthread_create in pthreads - not found
[3.772s] -- Looking for pthread_create in pthread
[3.922s] -- Looking for pthread_create in pthread - found
[3.924s] -- Found Threads: TRUE  
[4.243s] -- Found can_msgs: 2.0.0 (/opt/ros/foxy/share/can_msgs/cmake)
[4.313s] -- Found ament_lint_auto: 0.9.8 (/opt/ros/foxy/share/ament_lint_auto/cmake)
[4.486s] -- Added test 'copyright' to check source files copyright and LICENSE
[4.488s] -- Added test 'cppcheck' to perform static code analysis on C / C++ code
[4.488s] -- Configured cppcheck include dirs: 
[4.489s] -- Configured cppcheck exclude dirs and/or files: 
[4.490s] -- Added test 'cpplint' to check C / C++ code against the Google style
[4.490s] -- Configured cpplint exclude dirs and/or files: 
[4.492s] -- Added test 'lint_cmake' to check CMake code style
[4.494s] -- Added test 'uncrustify' to check C / C++ code style
[4.494s] -- Configured uncrustify additional arguments: 
[4.495s] -- Added test 'xmllint' to check XML markup files
[4.504s] -- Configuring done
[4.518s] -- Generating done
[4.525s] -- Build files have been written to: /home/kimm/wearable_robot_ws/build/can_comm
[4.549s] Invoked command in '/home/kimm/wearable_robot_ws/build/can_comm' returned '0': CMAKE_PREFIX_PATH=${CMAKE_PREFIX_PATH}:/opt/ros/foxy /usr/bin/cmake /home/kimm/wearable_robot_ws/src/can_comm -DCMAKE_INSTALL_PREFIX=/home/kimm/wearable_robot_ws/install/can_comm
[4.557s] Invoking command in '/home/kimm/wearable_robot_ws/build/can_comm': CMAKE_PREFIX_PATH=${CMAKE_PREFIX_PATH}:/opt/ros/foxy /usr/bin/cmake --build /home/kimm/wearable_robot_ws/build/can_comm -- -j8 -l8
[4.642s] [35m[1mScanning dependencies of target can_comm_node[0m
[4.716s] [ 50%] [32mBuilding CXX object CMakeFiles/can_comm_node.dir/src/can_comm_node.cpp.o[0m
[16.577s] [100%] [32m[1mLinking CXX executable can_comm_node[0m
[17.168s] [100%] Built target can_comm_node
[17.194s] Invoked command in '/home/kimm/wearable_robot_ws/build/can_comm' returned '0': CMAKE_PREFIX_PATH=${CMAKE_PREFIX_PATH}:/opt/ros/foxy /usr/bin/cmake --build /home/kimm/wearable_robot_ws/build/can_comm -- -j8 -l8
[17.226s] Invoking command in '/home/kimm/wearable_robot_ws/build/can_comm': CMAKE_PREFIX_PATH=${CMAKE_PREFIX_PATH}:/opt/ros/foxy /usr/bin/cmake --install /home/kimm/wearable_robot_ws/build/can_comm
[17.245s] -- Install configuration: ""
[17.245s] -- Installing: /home/kimm/wearable_robot_ws/install/can_comm/lib/can_comm/can_comm_node
[17.250s] -- Set runtime path of "/home/kimm/wearable_robot_ws/install/can_comm/lib/can_comm/can_comm_node" to ""
[17.250s] -- Installing: /home/kimm/wearable_robot_ws/install/can_comm/share/ament_index/resource_index/package_run_dependencies/can_comm
[17.251s] -- Installing: /home/kimm/wearable_robot_ws/install/can_comm/share/ament_index/resource_index/parent_prefix_path/can_comm
[17.251s] -- Installing: /home/kimm/wearable_robot_ws/install/can_comm/share/can_comm/environment/ament_prefix_path.sh
[17.251s] -- Installing: /home/kimm/wearable_robot_ws/install/can_comm/share/can_comm/environment/ament_prefix_path.dsv
[17.251s] -- Installing: /home/kimm/wearable_robot_ws/install/can_comm/share/can_comm/environment/path.sh
[17.252s] -- Installing: /home/kimm/wearable_robot_ws/install/can_comm/share/can_comm/environment/path.dsv
[17.252s] -- Installing: /home/kimm/wearable_robot_ws/install/can_comm/share/can_comm/local_setup.bash
[17.252s] -- Installing: /home/kimm/wearable_robot_ws/install/can_comm/share/can_comm/local_setup.sh
[17.252s] -- Installing: /home/kimm/wearable_robot_ws/install/can_comm/share/can_comm/local_setup.zsh
[17.253s] -- Installing: /home/kimm/wearable_robot_ws/install/can_comm/share/can_comm/local_setup.dsv
[17.253s] -- Installing: /home/kimm/wearable_robot_ws/install/can_comm/share/can_comm/package.dsv
[17.253s] -- Installing: /home/kimm/wearable_robot_ws/install/can_comm/share/ament_index/resource_index/packages/can_comm
[17.254s] -- Installing: /home/kimm/wearable_robot_ws/install/can_comm/share/can_comm/cmake/can_commConfig.cmake
[17.254s] -- Installing: /home/kimm/wearable_robot_ws/install/can_comm/share/can_comm/cmake/can_commConfig-version.cmake
[17.255s] -- Installing: /home/kimm/wearable_robot_ws/install/can_comm/share/can_comm/package.xml
[17.261s] Invoked command in '/home/kimm/wearable_robot_ws/build/can_comm' returned '0': CMAKE_PREFIX_PATH=${CMAKE_PREFIX_PATH}:/opt/ros/foxy /usr/bin/cmake --install /home/kimm/wearable_robot_ws/build/can_comm
