[0.122s] Invoking command in '/home/kimm/wearable_robot_ws/build/can_msgs': CMAKE_PREFIX_PATH=${CMAKE_PREFIX_PATH}:/opt/ros/foxy /usr/bin/cmake /home/kimm/wearable_robot_ws/src/ros2can_bridge/can_msgs -DAMENT_CMAKE_SYMLINK_INSTALL=1 -DCMAKE_INSTALL_PREFIX=/home/kimm/wearable_robot_ws/install/can_msgs
[0.251s] -- The C compiler identification is GNU 9.4.0
[0.376s] -- The CXX compiler identification is GNU 9.4.0
[0.390s] -- Check for working C compiler: /usr/bin/cc
[0.548s] -- Check for working C compiler: /usr/bin/cc -- works
[0.549s] -- Detecting C compiler ABI info
[0.692s] -- Detecting C compiler ABI info - done
[0.709s] -- Detecting C compile features
[0.710s] -- Detecting C compile features - done
[0.715s] -- Check for working CXX compiler: /usr/bin/c++
[0.868s] -- Check for working CXX compiler: /usr/bin/c++ -- works
[0.870s] -- Detecting CXX compiler ABI info
[1.042s] -- Detecting CXX compiler ABI info - done
[1.062s] -- Detecting CXX compile features
[1.063s] -- Detecting CXX compile features - done
[1.071s] -- Found ament_cmake: 0.9.12 (/opt/ros/foxy/share/ament_cmake/cmake)
[1.130s] -- Found PythonInterp: /usr/bin/python3 (found suitable version "3.8.10", minimum required is "3") 
[1.130s] -- Using PYTHON_EXECUTABLE: /usr/bin/python3
[1.527s] -- Override CMake install command with custom implementation using symlinks instead of copying resources
[1.595s] -- Found builtin_interfaces: 1.0.0 (/opt/ros/foxy/share/builtin_interfaces/cmake)
[1.656s] -- Using all available rosidl_typesupport_c: rosidl_typesupport_fastrtps_c;rosidl_typesupport_introspection_c
[1.671s] -- Found rosidl_adapter: 1.3.1 (/opt/ros/foxy/share/rosidl_adapter/cmake)
[1.858s] -- Found OpenSSL: /usr/lib/aarch64-linux-gnu/libcrypto.so (found version "1.1.1f")  
[1.917s] -- Found FastRTPS: /opt/ros/foxy/include  
[2.080s] -- Using all available rosidl_typesupport_cpp: rosidl_typesupport_fastrtps_cpp;rosidl_typesupport_introspection_cpp
[2.139s] -- Found rosidl_default_generators: 1.0.1 (/opt/ros/foxy/share/rosidl_default_generators/cmake)
[2.166s] -- Found geometry_msgs: 2.0.5 (/opt/ros/foxy/share/geometry_msgs/cmake)
[2.325s] -- Found PythonInterp: /usr/bin/python3 (found version "3.8.10") 
[2.633s] CMake Error at /opt/ros/foxy/share/rosidl_cmake/cmake/rosidl_generate_interfaces.cmake:229 (message):
[2.634s]   Packages installing interfaces must include
[2.634s]   '<member_of_group>rosidl_interface_packages</member_of_group>' in their
[2.634s]   package.xml
[2.635s] Call Stack (most recent call first):
[2.635s]   CMakeLists.txt:15 (rosidl_generate_interfaces)
[2.635s] 
[2.635s] 
[2.637s] -- Configuring incomplete, errors occurred!
[2.637s] See also "/home/kimm/wearable_robot_ws/build/can_msgs/CMakeFiles/CMakeOutput.log".
[2.659s] Invoked command in '/home/kimm/wearable_robot_ws/build/can_msgs' returned '1': CMAKE_PREFIX_PATH=${CMAKE_PREFIX_PATH}:/opt/ros/foxy /usr/bin/cmake /home/kimm/wearable_robot_ws/src/ros2can_bridge/can_msgs -DAMENT_CMAKE_SYMLINK_INSTALL=1 -DCMAKE_INSTALL_PREFIX=/home/kimm/wearable_robot_ws/install/can_msgs
