[0.081s] Invoking command in '/home/kimm/wearable_robot_ws/build/wearable_robot_interfaces': CMAKE_PREFIX_PATH=${CMAKE_PREFIX_PATH}:/opt/ros/foxy /usr/bin/cmake --build /home/kimm/wearable_robot_ws/build/wearable_robot_interfaces -- -j8 -l8
[0.244s] [  1%] Built target wearable_robot_interfaces__cpp
[0.257s] [ 12%] Built target wearable_robot_interfaces__rosidl_generator_c
[0.342s] [ 24%] Built target wearable_robot_interfaces__rosidl_typesupport_cpp
[0.344s] [ 35%] Built target wearable_robot_interfaces__rosidl_typesupport_fastrtps_cpp
[0.370s] [ 47%] Built target wearable_robot_interfaces__rosidl_typesupport_introspection_cpp
[0.379s] [ 58%] Built target wearable_robot_interfaces__rosidl_typesupport_c
[0.383s] [ 70%] Built target wearable_robot_interfaces__rosidl_typesupport_introspection_c
[0.435s] [ 82%] Built target wearable_robot_interfaces__rosidl_typesupport_fastrtps_c
[0.482s] [ 82%] Built target wearable_robot_interfaces
[0.536s] [ 83%] Built target wearable_robot_interfaces__py
[0.610s] [ 93%] Built target wearable_robot_interfaces__python
[0.680s] [ 95%] Built target wearable_robot_interfaces__rosidl_typesupport_introspection_c__pyext
[0.682s] [100%] Built target wearable_robot_interfaces__rosidl_typesupport_fastrtps_c__pyext
[0.683s] [100%] Built target wearable_robot_interfaces__rosidl_typesupport_c__pyext
[0.730s] Invoked command in '/home/kimm/wearable_robot_ws/build/wearable_robot_interfaces' returned '0': CMAKE_PREFIX_PATH=${CMAKE_PREFIX_PATH}:/opt/ros/foxy /usr/bin/cmake --build /home/kimm/wearable_robot_ws/build/wearable_robot_interfaces -- -j8 -l8
[0.741s] Invoking command in '/home/kimm/wearable_robot_ws/build/wearable_robot_interfaces': CMAKE_PREFIX_PATH=${CMAKE_PREFIX_PATH}:/opt/ros/foxy /usr/bin/cmake --install /home/kimm/wearable_robot_ws/build/wearable_robot_interfaces
[0.766s] -- Install configuration: ""
[0.773s] -- Execute custom install script
[0.774s] -- Up-to-date symlink: /home/kimm/wearable_robot_ws/install/wearable_robot_interfaces/share/ament_index/resource_index/rosidl_interfaces/wearable_robot_interfaces
[0.776s] -- Up-to-date symlink: /home/kimm/wearable_robot_ws/install/wearable_robot_interfaces/include/wearable_robot_interfaces/msg/actuator_command.h
[0.776s] -- Up-to-date symlink: /home/kimm/wearable_robot_ws/install/wearable_robot_interfaces/include/wearable_robot_interfaces/msg/can_data_frame.h
[0.777s] -- Up-to-date symlink: /home/kimm/wearable_robot_ws/install/wearable_robot_interfaces/include/wearable_robot_interfaces/msg/detail/actuator_command__functions.h
[0.777s] -- Up-to-date symlink: /home/kimm/wearable_robot_ws/install/wearable_robot_interfaces/include/wearable_robot_interfaces/msg/detail/actuator_command__struct.h
[0.777s] -- Up-to-date symlink: /home/kimm/wearable_robot_ws/install/wearable_robot_interfaces/include/wearable_robot_interfaces/msg/detail/actuator_command__type_support.h
[0.777s] -- Up-to-date symlink: /home/kimm/wearable_robot_ws/install/wearable_robot_interfaces/include/wearable_robot_interfaces/msg/detail/can_data_frame__functions.h
[0.780s] -- Up-to-date symlink: /home/kimm/wearable_robot_ws/install/wearable_robot_interfaces/include/wearable_robot_interfaces/msg/detail/can_data_frame__struct.h
[0.780s] -- Up-to-date symlink: /home/kimm/wearable_robot_ws/install/wearable_robot_interfaces/include/wearable_robot_interfaces/msg/detail/can_data_frame__type_support.h
[0.780s] -- Up-to-date symlink: /home/kimm/wearable_robot_ws/install/wearable_robot_interfaces/include/wearable_robot_interfaces/msg/detail/displacement_data__functions.h
[0.780s] -- Up-to-date symlink: /home/kimm/wearable_robot_ws/install/wearable_robot_interfaces/include/wearable_robot_interfaces/msg/detail/displacement_data__struct.h
[0.781s] -- Up-to-date symlink: /home/kimm/wearable_robot_ws/install/wearable_robot_interfaces/include/wearable_robot_interfaces/msg/detail/displacement_data__type_support.h
[0.781s] -- Up-to-date symlink: /home/kimm/wearable_robot_ws/install/wearable_robot_interfaces/include/wearable_robot_interfaces/msg/detail/displacement_raw_data__functions.h
[0.782s] -- Up-to-date symlink: /home/kimm/wearable_robot_ws/install/wearable_robot_interfaces/include/wearable_robot_interfaces/msg/detail/displacement_raw_data__struct.h
[0.782s] -- Up-to-date symlink: /home/kimm/wearable_robot_ws/install/wearable_robot_interfaces/include/wearable_robot_interfaces/msg/detail/displacement_raw_data__type_support.h
[0.782s] -- Up-to-date symlink: /home/kimm/wearable_robot_ws/install/wearable_robot_interfaces/include/wearable_robot_interfaces/msg/detail/fan_command__functions.h
[0.782s] -- Up-to-date symlink: /home/kimm/wearable_robot_ws/install/wearable_robot_interfaces/include/wearable_robot_interfaces/msg/detail/fan_command__struct.h
[0.783s] -- Up-to-date symlink: /home/kimm/wearable_robot_ws/install/wearable_robot_interfaces/include/wearable_robot_interfaces/msg/detail/fan_command__type_support.h
[0.783s] -- Up-to-date symlink: /home/kimm/wearable_robot_ws/install/wearable_robot_interfaces/include/wearable_robot_interfaces/msg/detail/imu_data__functions.h
[0.783s] -- Up-to-date symlink: /home/kimm/wearable_robot_ws/install/wearable_robot_interfaces/include/wearable_robot_interfaces/msg/detail/imu_data__struct.h
[0.784s] -- Up-to-date symlink: /home/kimm/wearable_robot_ws/install/wearable_robot_interfaces/include/wearable_robot_interfaces/msg/detail/imu_data__type_support.h
[0.784s] -- Up-to-date symlink: /home/kimm/wearable_robot_ws/install/wearable_robot_interfaces/include/wearable_robot_interfaces/msg/detail/imu_type__functions.h
[0.784s] -- Up-to-date symlink: /home/kimm/wearable_robot_ws/install/wearable_robot_interfaces/include/wearable_robot_interfaces/msg/detail/imu_type__struct.h
[0.785s] -- Up-to-date symlink: /home/kimm/wearable_robot_ws/install/wearable_robot_interfaces/include/wearable_robot_interfaces/msg/detail/imu_type__type_support.h
[0.785s] -- Up-to-date symlink: /home/kimm/wearable_robot_ws/install/wearable_robot_interfaces/include/wearable_robot_interfaces/msg/detail/joint_state__functions.h
[0.786s] -- Up-to-date symlink: /home/kimm/wearable_robot_ws/install/wearable_robot_interfaces/include/wearable_robot_interfaces/msg/detail/joint_state__struct.h
[0.786s] -- Up-to-date symlink: /home/kimm/wearable_robot_ws/install/wearable_robot_interfaces/include/wearable_robot_interfaces/msg/detail/joint_state__type_support.h
[0.786s] -- Up-to-date symlink: /home/kimm/wearable_robot_ws/install/wearable_robot_interfaces/include/wearable_robot_interfaces/msg/detail/temperature_data__functions.h
[0.786s] -- Up-to-date symlink: /home/kimm/wearable_robot_ws/install/wearable_robot_interfaces/include/wearable_robot_interfaces/msg/detail/temperature_data__struct.h
[0.786s] -- Up-to-date symlink: /home/kimm/wearable_robot_ws/install/wearable_robot_interfaces/include/wearable_robot_interfaces/msg/detail/temperature_data__type_support.h
[0.787s] -- Up-to-date symlink: /home/kimm/wearable_robot_ws/install/wearable_robot_interfaces/include/wearable_robot_interfaces/msg/displacement_data.h
[0.787s] -- Up-to-date symlink: /home/kimm/wearable_robot_ws/install/wearable_robot_interfaces/include/wearable_robot_interfaces/msg/displacement_raw_data.h
[0.787s] -- Up-to-date symlink: /home/kimm/wearable_robot_ws/install/wearable_robot_interfaces/include/wearable_robot_interfaces/msg/fan_command.h
[0.787s] -- Up-to-date symlink: /home/kimm/wearable_robot_ws/install/wearable_robot_interfaces/include/wearable_robot_interfaces/msg/imu_data.h
[0.788s] -- Up-to-date symlink: /home/kimm/wearable_robot_ws/install/wearable_robot_interfaces/include/wearable_robot_interfaces/msg/imu_type.h
[0.788s] -- Up-to-date symlink: /home/kimm/wearable_robot_ws/install/wearable_robot_interfaces/include/wearable_robot_interfaces/msg/joint_state.h
[0.788s] -- Up-to-date symlink: /home/kimm/wearable_robot_ws/install/wearable_robot_interfaces/include/wearable_robot_interfaces/msg/rosidl_generator_c__visibility_control.h
[0.789s] -- Up-to-date symlink: /home/kimm/wearable_robot_ws/install/wearable_robot_interfaces/include/wearable_robot_interfaces/msg/temperature_data.h
[0.790s] -- Up-to-date symlink: /home/kimm/wearable_robot_ws/install/wearable_robot_interfaces/share/wearable_robot_interfaces/environment/library_path.sh
[0.791s] -- Up-to-date symlink: /home/kimm/wearable_robot_ws/install/wearable_robot_interfaces/share/wearable_robot_interfaces/environment/library_path.dsv
[0.793s] -- Up-to-date symlink: /home/kimm/wearable_robot_ws/install/wearable_robot_interfaces/include/wearable_robot_interfaces/msg/detail/actuator_command__rosidl_typesupport_fastrtps_c.h
[0.794s] -- Up-to-date symlink: /home/kimm/wearable_robot_ws/install/wearable_robot_interfaces/include/wearable_robot_interfaces/msg/detail/can_data_frame__rosidl_typesupport_fastrtps_c.h
[0.794s] -- Up-to-date symlink: /home/kimm/wearable_robot_ws/install/wearable_robot_interfaces/include/wearable_robot_interfaces/msg/detail/displacement_data__rosidl_typesupport_fastrtps_c.h
[0.794s] -- Up-to-date symlink: /home/kimm/wearable_robot_ws/install/wearable_robot_interfaces/include/wearable_robot_interfaces/msg/detail/displacement_raw_data__rosidl_typesupport_fastrtps_c.h
[0.795s] -- Up-to-date symlink: /home/kimm/wearable_robot_ws/install/wearable_robot_interfaces/include/wearable_robot_interfaces/msg/detail/fan_command__rosidl_typesupport_fastrtps_c.h
[0.797s] -- Up-to-date symlink: /home/kimm/wearable_robot_ws/install/wearable_robot_interfaces/include/wearable_robot_interfaces/msg/detail/imu_data__rosidl_typesupport_fastrtps_c.h
[0.798s] -- Up-to-date symlink: /home/kimm/wearable_robot_ws/install/wearable_robot_interfaces/include/wearable_robot_interfaces/msg/detail/imu_type__rosidl_typesupport_fastrtps_c.h
[0.799s] -- Up-to-date symlink: /home/kimm/wearable_robot_ws/install/wearable_robot_interfaces/include/wearable_robot_interfaces/msg/detail/joint_state__rosidl_typesupport_fastrtps_c.h
[0.800s] -- Up-to-date symlink: /home/kimm/wearable_robot_ws/install/wearable_robot_interfaces/include/wearable_robot_interfaces/msg/detail/temperature_data__rosidl_typesupport_fastrtps_c.h
[0.800s] -- Up-to-date symlink: /home/kimm/wearable_robot_ws/install/wearable_robot_interfaces/include/wearable_robot_interfaces/msg/rosidl_typesupport_fastrtps_c__visibility_control.h
[0.800s] -- Up-to-date symlink: /home/kimm/wearable_robot_ws/install/wearable_robot_interfaces/lib/libwearable_robot_interfaces__rosidl_typesupport_fastrtps_c.so
[0.801s] -- Up-to-date symlink: /home/kimm/wearable_robot_ws/install/wearable_robot_interfaces/include/wearable_robot_interfaces/msg/detail/actuator_command__rosidl_typesupport_fastrtps_cpp.hpp
[0.802s] -- Up-to-date symlink: /home/kimm/wearable_robot_ws/install/wearable_robot_interfaces/include/wearable_robot_interfaces/msg/detail/can_data_frame__rosidl_typesupport_fastrtps_cpp.hpp
[0.803s] -- Up-to-date symlink: /home/kimm/wearable_robot_ws/install/wearable_robot_interfaces/include/wearable_robot_interfaces/msg/detail/displacement_data__rosidl_typesupport_fastrtps_cpp.hpp
[0.804s] -- Up-to-date symlink: /home/kimm/wearable_robot_ws/install/wearable_robot_interfaces/include/wearable_robot_interfaces/msg/detail/displacement_raw_data__rosidl_typesupport_fastrtps_cpp.hpp
[0.805s] -- Up-to-date symlink: /home/kimm/wearable_robot_ws/install/wearable_robot_interfaces/include/wearable_robot_interfaces/msg/detail/fan_command__rosidl_typesupport_fastrtps_cpp.hpp
[0.805s] -- Up-to-date symlink: /home/kimm/wearable_robot_ws/install/wearable_robot_interfaces/include/wearable_robot_interfaces/msg/detail/imu_data__rosidl_typesupport_fastrtps_cpp.hpp
[0.806s] -- Up-to-date symlink: /home/kimm/wearable_robot_ws/install/wearable_robot_interfaces/include/wearable_robot_interfaces/msg/detail/imu_type__rosidl_typesupport_fastrtps_cpp.hpp
[0.806s] -- Up-to-date symlink: /home/kimm/wearable_robot_ws/install/wearable_robot_interfaces/include/wearable_robot_interfaces/msg/detail/joint_state__rosidl_typesupport_fastrtps_cpp.hpp
[0.807s] -- Up-to-date symlink: /home/kimm/wearable_robot_ws/install/wearable_robot_interfaces/include/wearable_robot_interfaces/msg/detail/temperature_data__rosidl_typesupport_fastrtps_cpp.hpp
[0.807s] -- Up-to-date symlink: /home/kimm/wearable_robot_ws/install/wearable_robot_interfaces/include/wearable_robot_interfaces/msg/rosidl_typesupport_fastrtps_cpp__visibility_control.h
[0.808s] -- Up-to-date symlink: /home/kimm/wearable_robot_ws/install/wearable_robot_interfaces/lib/libwearable_robot_interfaces__rosidl_typesupport_fastrtps_cpp.so
[0.809s] -- Up-to-date symlink: /home/kimm/wearable_robot_ws/install/wearable_robot_interfaces/include/wearable_robot_interfaces/msg/detail/actuator_command__rosidl_typesupport_introspection_c.h
[0.809s] -- Up-to-date symlink: /home/kimm/wearable_robot_ws/install/wearable_robot_interfaces/include/wearable_robot_interfaces/msg/detail/can_data_frame__rosidl_typesupport_introspection_c.h
[0.809s] -- Up-to-date symlink: /home/kimm/wearable_robot_ws/install/wearable_robot_interfaces/include/wearable_robot_interfaces/msg/detail/displacement_data__rosidl_typesupport_introspection_c.h
[0.809s] -- Up-to-date symlink: /home/kimm/wearable_robot_ws/install/wearable_robot_interfaces/include/wearable_robot_interfaces/msg/detail/displacement_raw_data__rosidl_typesupport_introspection_c.h
[0.812s] -- Up-to-date symlink: /home/kimm/wearable_robot_ws/install/wearable_robot_interfaces/include/wearable_robot_interfaces/msg/detail/fan_command__rosidl_typesupport_introspection_c.h
[0.812s] -- Up-to-date symlink: /home/kimm/wearable_robot_ws/install/wearable_robot_interfaces/include/wearable_robot_interfaces/msg/detail/imu_data__rosidl_typesupport_introspection_c.h
[0.812s] -- Up-to-date symlink: /home/kimm/wearable_robot_ws/install/wearable_robot_interfaces/include/wearable_robot_interfaces/msg/detail/imu_type__rosidl_typesupport_introspection_c.h
[0.813s] -- Up-to-date symlink: /home/kimm/wearable_robot_ws/install/wearable_robot_interfaces/include/wearable_robot_interfaces/msg/detail/joint_state__rosidl_typesupport_introspection_c.h
[0.813s] -- Up-to-date symlink: /home/kimm/wearable_robot_ws/install/wearable_robot_interfaces/include/wearable_robot_interfaces/msg/detail/temperature_data__rosidl_typesupport_introspection_c.h
[0.813s] -- Up-to-date symlink: /home/kimm/wearable_robot_ws/install/wearable_robot_interfaces/include/wearable_robot_interfaces/msg/rosidl_typesupport_introspection_c__visibility_control.h
[0.813s] -- Up-to-date symlink: /home/kimm/wearable_robot_ws/install/wearable_robot_interfaces/include/wearable_robot_interfaces/msg/actuator_command.hpp
[0.813s] -- Up-to-date symlink: /home/kimm/wearable_robot_ws/install/wearable_robot_interfaces/include/wearable_robot_interfaces/msg/can_data_frame.hpp
[0.814s] -- Up-to-date symlink: /home/kimm/wearable_robot_ws/install/wearable_robot_interfaces/include/wearable_robot_interfaces/msg/detail/actuator_command__builder.hpp
[0.814s] -- Up-to-date symlink: /home/kimm/wearable_robot_ws/install/wearable_robot_interfaces/include/wearable_robot_interfaces/msg/detail/actuator_command__struct.hpp
[0.814s] -- Up-to-date symlink: /home/kimm/wearable_robot_ws/install/wearable_robot_interfaces/include/wearable_robot_interfaces/msg/detail/actuator_command__traits.hpp
[0.815s] -- Up-to-date symlink: /home/kimm/wearable_robot_ws/install/wearable_robot_interfaces/include/wearable_robot_interfaces/msg/detail/actuator_command__type_support.hpp
[0.815s] -- Up-to-date symlink: /home/kimm/wearable_robot_ws/install/wearable_robot_interfaces/include/wearable_robot_interfaces/msg/detail/can_data_frame__builder.hpp
[0.816s] -- Up-to-date symlink: /home/kimm/wearable_robot_ws/install/wearable_robot_interfaces/include/wearable_robot_interfaces/msg/detail/can_data_frame__struct.hpp
[0.816s] -- Up-to-date symlink: /home/kimm/wearable_robot_ws/install/wearable_robot_interfaces/include/wearable_robot_interfaces/msg/detail/can_data_frame__traits.hpp
[0.818s] -- Up-to-date symlink: /home/kimm/wearable_robot_ws/install/wearable_robot_interfaces/include/wearable_robot_interfaces/msg/detail/can_data_frame__type_support.hpp
[0.818s] -- Up-to-date symlink: /home/kimm/wearable_robot_ws/install/wearable_robot_interfaces/include/wearable_robot_interfaces/msg/detail/displacement_data__builder.hpp
[0.819s] -- Up-to-date symlink: /home/kimm/wearable_robot_ws/install/wearable_robot_interfaces/include/wearable_robot_interfaces/msg/detail/displacement_data__struct.hpp
[0.819s] -- Up-to-date symlink: /home/kimm/wearable_robot_ws/install/wearable_robot_interfaces/include/wearable_robot_interfaces/msg/detail/displacement_data__traits.hpp
[0.820s] -- Up-to-date symlink: /home/kimm/wearable_robot_ws/install/wearable_robot_interfaces/include/wearable_robot_interfaces/msg/detail/displacement_data__type_support.hpp
[0.820s] -- Up-to-date symlink: /home/kimm/wearable_robot_ws/install/wearable_robot_interfaces/include/wearable_robot_interfaces/msg/detail/displacement_raw_data__builder.hpp
[0.821s] -- Up-to-date symlink: /home/kimm/wearable_robot_ws/install/wearable_robot_interfaces/include/wearable_robot_interfaces/msg/detail/displacement_raw_data__struct.hpp
[0.821s] -- Up-to-date symlink: /home/kimm/wearable_robot_ws/install/wearable_robot_interfaces/include/wearable_robot_interfaces/msg/detail/displacement_raw_data__traits.hpp
[0.821s] -- Up-to-date symlink: /home/kimm/wearable_robot_ws/install/wearable_robot_interfaces/include/wearable_robot_interfaces/msg/detail/displacement_raw_data__type_support.hpp
[0.821s] -- Up-to-date symlink: /home/kimm/wearable_robot_ws/install/wearable_robot_interfaces/include/wearable_robot_interfaces/msg/detail/fan_command__builder.hpp
[0.821s] -- Up-to-date symlink: /home/kimm/wearable_robot_ws/install/wearable_robot_interfaces/include/wearable_robot_interfaces/msg/detail/fan_command__struct.hpp
[0.823s] -- Up-to-date symlink: /home/kimm/wearable_robot_ws/install/wearable_robot_interfaces/include/wearable_robot_interfaces/msg/detail/fan_command__traits.hpp
[0.824s] -- Up-to-date symlink: /home/kimm/wearable_robot_ws/install/wearable_robot_interfaces/include/wearable_robot_interfaces/msg/detail/fan_command__type_support.hpp
[0.824s] -- Up-to-date symlink: /home/kimm/wearable_robot_ws/install/wearable_robot_interfaces/include/wearable_robot_interfaces/msg/detail/imu_data__builder.hpp
[0.825s] -- Up-to-date symlink: /home/kimm/wearable_robot_ws/install/wearable_robot_interfaces/include/wearable_robot_interfaces/msg/detail/imu_data__struct.hpp
[0.826s] -- Up-to-date symlink: /home/kimm/wearable_robot_ws/install/wearable_robot_interfaces/include/wearable_robot_interfaces/msg/detail/imu_data__traits.hpp
[0.826s] -- Up-to-date symlink: /home/kimm/wearable_robot_ws/install/wearable_robot_interfaces/include/wearable_robot_interfaces/msg/detail/imu_data__type_support.hpp
[0.826s] -- Up-to-date symlink: /home/kimm/wearable_robot_ws/install/wearable_robot_interfaces/include/wearable_robot_interfaces/msg/detail/imu_type__builder.hpp
[0.826s] -- Up-to-date symlink: /home/kimm/wearable_robot_ws/install/wearable_robot_interfaces/include/wearable_robot_interfaces/msg/detail/imu_type__struct.hpp
[0.827s] -- Up-to-date symlink: /home/kimm/wearable_robot_ws/install/wearable_robot_interfaces/include/wearable_robot_interfaces/msg/detail/imu_type__traits.hpp
[0.827s] -- Up-to-date symlink: /home/kimm/wearable_robot_ws/install/wearable_robot_interfaces/include/wearable_robot_interfaces/msg/detail/imu_type__type_support.hpp
[0.827s] -- Up-to-date symlink: /home/kimm/wearable_robot_ws/install/wearable_robot_interfaces/include/wearable_robot_interfaces/msg/detail/joint_state__builder.hpp
[0.828s] -- Up-to-date symlink: /home/kimm/wearable_robot_ws/install/wearable_robot_interfaces/include/wearable_robot_interfaces/msg/detail/joint_state__struct.hpp
[0.829s] -- Up-to-date symlink: /home/kimm/wearable_robot_ws/install/wearable_robot_interfaces/include/wearable_robot_interfaces/msg/detail/joint_state__traits.hpp
[0.829s] -- Up-to-date symlink: /home/kimm/wearable_robot_ws/install/wearable_robot_interfaces/include/wearable_robot_interfaces/msg/detail/joint_state__type_support.hpp
[0.830s] -- Up-to-date symlink: /home/kimm/wearable_robot_ws/install/wearable_robot_interfaces/include/wearable_robot_interfaces/msg/detail/temperature_data__builder.hpp
[0.830s] -- Up-to-date symlink: /home/kimm/wearable_robot_ws/install/wearable_robot_interfaces/include/wearable_robot_interfaces/msg/detail/temperature_data__struct.hpp
[0.831s] -- Up-to-date symlink: /home/kimm/wearable_robot_ws/install/wearable_robot_interfaces/include/wearable_robot_interfaces/msg/detail/temperature_data__traits.hpp
[0.831s] -- Up-to-date symlink: /home/kimm/wearable_robot_ws/install/wearable_robot_interfaces/include/wearable_robot_interfaces/msg/detail/temperature_data__type_support.hpp
[0.832s] -- Up-to-date symlink: /home/kimm/wearable_robot_ws/install/wearable_robot_interfaces/include/wearable_robot_interfaces/msg/displacement_data.hpp
[0.833s] -- Up-to-date symlink: /home/kimm/wearable_robot_ws/install/wearable_robot_interfaces/include/wearable_robot_interfaces/msg/displacement_raw_data.hpp
[0.833s] -- Up-to-date symlink: /home/kimm/wearable_robot_ws/install/wearable_robot_interfaces/include/wearable_robot_interfaces/msg/fan_command.hpp
[0.835s] -- Up-to-date symlink: /home/kimm/wearable_robot_ws/install/wearable_robot_interfaces/include/wearable_robot_interfaces/msg/imu_data.hpp
[0.836s] -- Up-to-date symlink: /home/kimm/wearable_robot_ws/install/wearable_robot_interfaces/include/wearable_robot_interfaces/msg/imu_type.hpp
[0.836s] -- Up-to-date symlink: /home/kimm/wearable_robot_ws/install/wearable_robot_interfaces/include/wearable_robot_interfaces/msg/joint_state.hpp
[0.837s] -- Up-to-date symlink: /home/kimm/wearable_robot_ws/install/wearable_robot_interfaces/include/wearable_robot_interfaces/msg/rosidl_generator_cpp__visibility_control.hpp
[0.837s] -- Up-to-date symlink: /home/kimm/wearable_robot_ws/install/wearable_robot_interfaces/include/wearable_robot_interfaces/msg/temperature_data.hpp
[0.839s] -- Up-to-date symlink: /home/kimm/wearable_robot_ws/install/wearable_robot_interfaces/include/wearable_robot_interfaces/msg/detail/actuator_command__rosidl_typesupport_introspection_cpp.hpp
[0.839s] -- Up-to-date symlink: /home/kimm/wearable_robot_ws/install/wearable_robot_interfaces/include/wearable_robot_interfaces/msg/detail/can_data_frame__rosidl_typesupport_introspection_cpp.hpp
[0.840s] -- Up-to-date symlink: /home/kimm/wearable_robot_ws/install/wearable_robot_interfaces/include/wearable_robot_interfaces/msg/detail/displacement_data__rosidl_typesupport_introspection_cpp.hpp
[0.840s] -- Up-to-date symlink: /home/kimm/wearable_robot_ws/install/wearable_robot_interfaces/include/wearable_robot_interfaces/msg/detail/displacement_raw_data__rosidl_typesupport_introspection_cpp.hpp
[0.842s] -- Up-to-date symlink: /home/kimm/wearable_robot_ws/install/wearable_robot_interfaces/include/wearable_robot_interfaces/msg/detail/fan_command__rosidl_typesupport_introspection_cpp.hpp
[0.843s] -- Up-to-date symlink: /home/kimm/wearable_robot_ws/install/wearable_robot_interfaces/include/wearable_robot_interfaces/msg/detail/imu_data__rosidl_typesupport_introspection_cpp.hpp
[0.843s] -- Up-to-date symlink: /home/kimm/wearable_robot_ws/install/wearable_robot_interfaces/include/wearable_robot_interfaces/msg/detail/imu_type__rosidl_typesupport_introspection_cpp.hpp
[0.843s] -- Up-to-date symlink: /home/kimm/wearable_robot_ws/install/wearable_robot_interfaces/include/wearable_robot_interfaces/msg/detail/joint_state__rosidl_typesupport_introspection_cpp.hpp
[0.843s] -- Up-to-date symlink: /home/kimm/wearable_robot_ws/install/wearable_robot_interfaces/include/wearable_robot_interfaces/msg/detail/temperature_data__rosidl_typesupport_introspection_cpp.hpp
[0.847s] -- Up-to-date symlink: /home/kimm/wearable_robot_ws/install/wearable_robot_interfaces/share/wearable_robot_interfaces/environment/pythonpath.sh
[0.847s] -- Up-to-date symlink: /home/kimm/wearable_robot_ws/install/wearable_robot_interfaces/share/wearable_robot_interfaces/environment/pythonpath.dsv
[0.848s] -- Up-to-date symlink: /home/kimm/wearable_robot_ws/install/wearable_robot_interfaces/lib/python3.8/site-packages/wearable_robot_interfaces/__init__.py
[0.855s] -- Up-to-date symlink: /home/kimm/wearable_robot_ws/install/wearable_robot_interfaces/lib/python3.8/site-packages/wearable_robot_interfaces/msg/__init__.py
[0.855s] -- Up-to-date symlink: /home/kimm/wearable_robot_ws/install/wearable_robot_interfaces/lib/python3.8/site-packages/wearable_robot_interfaces/msg/_actuator_command.py
[0.855s] -- Up-to-date symlink: /home/kimm/wearable_robot_ws/install/wearable_robot_interfaces/lib/python3.8/site-packages/wearable_robot_interfaces/msg/_can_data_frame.py
[0.855s] -- Up-to-date symlink: /home/kimm/wearable_robot_ws/install/wearable_robot_interfaces/lib/python3.8/site-packages/wearable_robot_interfaces/msg/_displacement_data.py
[0.856s] -- Up-to-date symlink: /home/kimm/wearable_robot_ws/install/wearable_robot_interfaces/lib/python3.8/site-packages/wearable_robot_interfaces/msg/_displacement_raw_data.py
[0.856s] -- Up-to-date symlink: /home/kimm/wearable_robot_ws/install/wearable_robot_interfaces/lib/python3.8/site-packages/wearable_robot_interfaces/msg/_fan_command.py
[0.856s] -- Up-to-date symlink: /home/kimm/wearable_robot_ws/install/wearable_robot_interfaces/lib/python3.8/site-packages/wearable_robot_interfaces/msg/_imu_data.py
[0.856s] -- Up-to-date symlink: /home/kimm/wearable_robot_ws/install/wearable_robot_interfaces/lib/python3.8/site-packages/wearable_robot_interfaces/msg/_imu_type.py
[0.856s] -- Up-to-date symlink: /home/kimm/wearable_robot_ws/install/wearable_robot_interfaces/lib/python3.8/site-packages/wearable_robot_interfaces/msg/_joint_state.py
[0.857s] -- Up-to-date symlink: /home/kimm/wearable_robot_ws/install/wearable_robot_interfaces/lib/python3.8/site-packages/wearable_robot_interfaces/msg/_temperature_data.py
[0.868s] -- Up-to-date symlink: /home/kimm/wearable_robot_ws/install/wearable_robot_interfaces/lib/python3.8/site-packages/wearable_robot_interfaces/wearable_robot_interfaces_s__rosidl_typesupport_fastrtps_c.cpython-38-aarch64-linux-gnu.so
[0.879s] -- Up-to-date symlink: /home/kimm/wearable_robot_ws/install/wearable_robot_interfaces/lib/python3.8/site-packages/wearable_robot_interfaces/wearable_robot_interfaces_s__rosidl_typesupport_introspection_c.cpython-38-aarch64-linux-gnu.so
[0.879s] -- Up-to-date symlink: /home/kimm/wearable_robot_ws/install/wearable_robot_interfaces/lib/python3.8/site-packages/wearable_robot_interfaces/wearable_robot_interfaces_s__rosidl_typesupport_c.cpython-38-aarch64-linux-gnu.so
[0.880s] -- Up-to-date symlink: /home/kimm/wearable_robot_ws/install/wearable_robot_interfaces/lib/libwearable_robot_interfaces__python.so
[0.880s] -- Up-to-date symlink: /home/kimm/wearable_robot_ws/install/wearable_robot_interfaces/share/wearable_robot_interfaces/msg/DisplacementRawData.idl
[0.880s] -- Up-to-date symlink: /home/kimm/wearable_robot_ws/install/wearable_robot_interfaces/share/wearable_robot_interfaces/msg/DisplacementData.idl
[0.881s] -- Up-to-date symlink: /home/kimm/wearable_robot_ws/install/wearable_robot_interfaces/share/wearable_robot_interfaces/msg/IMUData.idl
[0.881s] -- Up-to-date symlink: /home/kimm/wearable_robot_ws/install/wearable_robot_interfaces/share/wearable_robot_interfaces/msg/IMUType.idl
[0.881s] -- Up-to-date symlink: /home/kimm/wearable_robot_ws/install/wearable_robot_interfaces/share/wearable_robot_interfaces/msg/TemperatureData.idl
[0.881s] -- Up-to-date symlink: /home/kimm/wearable_robot_ws/install/wearable_robot_interfaces/share/wearable_robot_interfaces/msg/ActuatorCommand.idl
[0.881s] -- Up-to-date symlink: /home/kimm/wearable_robot_ws/install/wearable_robot_interfaces/share/wearable_robot_interfaces/msg/FanCommand.idl
[0.881s] -- Up-to-date symlink: /home/kimm/wearable_robot_ws/install/wearable_robot_interfaces/share/wearable_robot_interfaces/msg/CANDataFrame.idl
[0.882s] -- Up-to-date symlink: /home/kimm/wearable_robot_ws/install/wearable_robot_interfaces/share/wearable_robot_interfaces/msg/JointState.idl
[0.882s] -- Up-to-date symlink: /home/kimm/wearable_robot_ws/install/wearable_robot_interfaces/share/wearable_robot_interfaces/msg/DisplacementRawData.msg
[0.884s] -- Up-to-date symlink: /home/kimm/wearable_robot_ws/install/wearable_robot_interfaces/share/wearable_robot_interfaces/msg/DisplacementData.msg
[0.884s] -- Up-to-date symlink: /home/kimm/wearable_robot_ws/install/wearable_robot_interfaces/share/wearable_robot_interfaces/msg/IMUData.msg
[0.885s] -- Up-to-date symlink: /home/kimm/wearable_robot_ws/install/wearable_robot_interfaces/share/wearable_robot_interfaces/msg/IMUType.msg
[0.885s] -- Up-to-date symlink: /home/kimm/wearable_robot_ws/install/wearable_robot_interfaces/share/wearable_robot_interfaces/msg/TemperatureData.msg
[0.885s] -- Up-to-date symlink: /home/kimm/wearable_robot_ws/install/wearable_robot_interfaces/share/wearable_robot_interfaces/msg/ActuatorCommand.msg
[0.886s] -- Up-to-date symlink: /home/kimm/wearable_robot_ws/install/wearable_robot_interfaces/share/wearable_robot_interfaces/msg/FanCommand.msg
[0.886s] -- Up-to-date symlink: /home/kimm/wearable_robot_ws/install/wearable_robot_interfaces/share/wearable_robot_interfaces/msg/CANDataFrame.msg
[0.886s] -- Up-to-date symlink: /home/kimm/wearable_robot_ws/install/wearable_robot_interfaces/share/wearable_robot_interfaces/msg/JointState.msg
[0.886s] -- Up-to-date symlink: /home/kimm/wearable_robot_ws/install/wearable_robot_interfaces/share/ament_index/resource_index/package_run_dependencies/wearable_robot_interfaces
[0.886s] -- Up-to-date symlink: /home/kimm/wearable_robot_ws/install/wearable_robot_interfaces/share/ament_index/resource_index/parent_prefix_path/wearable_robot_interfaces
[0.886s] -- Up-to-date symlink: /home/kimm/wearable_robot_ws/install/wearable_robot_interfaces/share/wearable_robot_interfaces/environment/ament_prefix_path.sh
[0.886s] -- Up-to-date symlink: /home/kimm/wearable_robot_ws/install/wearable_robot_interfaces/share/wearable_robot_interfaces/environment/ament_prefix_path.dsv
[0.887s] -- Up-to-date symlink: /home/kimm/wearable_robot_ws/install/wearable_robot_interfaces/share/wearable_robot_interfaces/environment/path.sh
[0.887s] -- Up-to-date symlink: /home/kimm/wearable_robot_ws/install/wearable_robot_interfaces/share/wearable_robot_interfaces/environment/path.dsv
[0.888s] -- Up-to-date symlink: /home/kimm/wearable_robot_ws/install/wearable_robot_interfaces/share/wearable_robot_interfaces/local_setup.bash
[0.888s] -- Up-to-date symlink: /home/kimm/wearable_robot_ws/install/wearable_robot_interfaces/share/wearable_robot_interfaces/local_setup.sh
[0.888s] -- Up-to-date symlink: /home/kimm/wearable_robot_ws/install/wearable_robot_interfaces/share/wearable_robot_interfaces/local_setup.zsh
[0.889s] -- Up-to-date symlink: /home/kimm/wearable_robot_ws/install/wearable_robot_interfaces/share/wearable_robot_interfaces/local_setup.dsv
[0.889s] -- Symlinking: /home/kimm/wearable_robot_ws/install/wearable_robot_interfaces/share/wearable_robot_interfaces/package.dsv
[0.944s] -- Up-to-date symlink: /home/kimm/wearable_robot_ws/install/wearable_robot_interfaces/share/ament_index/resource_index/packages/wearable_robot_interfaces
[0.944s] -- Up-to-date symlink: /home/kimm/wearable_robot_ws/install/wearable_robot_interfaces/share/wearable_robot_interfaces/cmake/rosidl_cmake-extras.cmake
[0.945s] -- Up-to-date symlink: /home/kimm/wearable_robot_ws/install/wearable_robot_interfaces/share/wearable_robot_interfaces/cmake/ament_cmake_export_dependencies-extras.cmake
[0.945s] -- Up-to-date symlink: /home/kimm/wearable_robot_ws/install/wearable_robot_interfaces/share/wearable_robot_interfaces/cmake/ament_cmake_export_libraries-extras.cmake
[0.946s] -- Up-to-date symlink: /home/kimm/wearable_robot_ws/install/wearable_robot_interfaces/share/wearable_robot_interfaces/cmake/ament_cmake_export_targets-extras.cmake
[0.946s] -- Up-to-date symlink: /home/kimm/wearable_robot_ws/install/wearable_robot_interfaces/share/wearable_robot_interfaces/cmake/ament_cmake_export_include_directories-extras.cmake
[0.946s] -- Up-to-date symlink: /home/kimm/wearable_robot_ws/install/wearable_robot_interfaces/share/wearable_robot_interfaces/cmake/rosidl_cmake_export_typesupport_libraries-extras.cmake
[0.946s] -- Up-to-date symlink: /home/kimm/wearable_robot_ws/install/wearable_robot_interfaces/share/wearable_robot_interfaces/cmake/rosidl_cmake_export_typesupport_targets-extras.cmake
[0.946s] -- Up-to-date symlink: /home/kimm/wearable_robot_ws/install/wearable_robot_interfaces/share/wearable_robot_interfaces/cmake/wearable_robot_interfacesConfig.cmake
[0.946s] -- Up-to-date symlink: /home/kimm/wearable_robot_ws/install/wearable_robot_interfaces/share/wearable_robot_interfaces/cmake/wearable_robot_interfacesConfig-version.cmake
[0.947s] -- Up-to-date symlink: /home/kimm/wearable_robot_ws/install/wearable_robot_interfaces/share/wearable_robot_interfaces/package.xml
[0.947s] -- Up-to-date: /home/kimm/wearable_robot_ws/install/wearable_robot_interfaces/lib/libwearable_robot_interfaces__rosidl_generator_c.so
[0.947s] -- Up-to-date: /home/kimm/wearable_robot_ws/install/wearable_robot_interfaces/lib/libwearable_robot_interfaces__rosidl_typesupport_introspection_c.so
[0.947s] -- Up-to-date: /home/kimm/wearable_robot_ws/install/wearable_robot_interfaces/lib/libwearable_robot_interfaces__rosidl_typesupport_c.so
[0.948s] -- Up-to-date: /home/kimm/wearable_robot_ws/install/wearable_robot_interfaces/lib/libwearable_robot_interfaces__rosidl_typesupport_introspection_cpp.so
[0.948s] -- Up-to-date: /home/kimm/wearable_robot_ws/install/wearable_robot_interfaces/lib/libwearable_robot_interfaces__rosidl_typesupport_cpp.so
[1.025s] -- Up-to-date: /home/kimm/wearable_robot_ws/install/wearable_robot_interfaces/share/wearable_robot_interfaces/cmake/wearable_robot_interfaces__rosidl_generator_cExport.cmake
[1.026s] -- Up-to-date: /home/kimm/wearable_robot_ws/install/wearable_robot_interfaces/share/wearable_robot_interfaces/cmake/wearable_robot_interfaces__rosidl_generator_cExport-noconfig.cmake
[1.026s] -- Up-to-date: /home/kimm/wearable_robot_ws/install/wearable_robot_interfaces/share/wearable_robot_interfaces/cmake/wearable_robot_interfaces__rosidl_typesupport_introspection_cExport.cmake
[1.027s] -- Up-to-date: /home/kimm/wearable_robot_ws/install/wearable_robot_interfaces/share/wearable_robot_interfaces/cmake/wearable_robot_interfaces__rosidl_typesupport_introspection_cExport-noconfig.cmake
[1.028s] -- Up-to-date: /home/kimm/wearable_robot_ws/install/wearable_robot_interfaces/share/wearable_robot_interfaces/cmake/wearable_robot_interfaces__rosidl_typesupport_cExport.cmake
[1.028s] -- Up-to-date: /home/kimm/wearable_robot_ws/install/wearable_robot_interfaces/share/wearable_robot_interfaces/cmake/wearable_robot_interfaces__rosidl_typesupport_cExport-noconfig.cmake
[1.028s] -- Up-to-date: /home/kimm/wearable_robot_ws/install/wearable_robot_interfaces/share/wearable_robot_interfaces/cmake/wearable_robot_interfaces__rosidl_generator_cppExport.cmake
[1.030s] -- Up-to-date: /home/kimm/wearable_robot_ws/install/wearable_robot_interfaces/share/wearable_robot_interfaces/cmake/wearable_robot_interfaces__rosidl_typesupport_introspection_cppExport.cmake
[1.031s] -- Up-to-date: /home/kimm/wearable_robot_ws/install/wearable_robot_interfaces/share/wearable_robot_interfaces/cmake/wearable_robot_interfaces__rosidl_typesupport_introspection_cppExport-noconfig.cmake
[1.031s] -- Up-to-date: /home/kimm/wearable_robot_ws/install/wearable_robot_interfaces/share/wearable_robot_interfaces/cmake/wearable_robot_interfaces__rosidl_typesupport_cppExport.cmake
[1.032s] -- Up-to-date: /home/kimm/wearable_robot_ws/install/wearable_robot_interfaces/share/wearable_robot_interfaces/cmake/wearable_robot_interfaces__rosidl_typesupport_cppExport-noconfig.cmake
[1.060s] Invoked command in '/home/kimm/wearable_robot_ws/build/wearable_robot_interfaces' returned '0': CMAKE_PREFIX_PATH=${CMAKE_PREFIX_PATH}:/opt/ros/foxy /usr/bin/cmake --install /home/kimm/wearable_robot_ws/build/wearable_robot_interfaces
