[ 50%] Built target actuator_temp_control_node
[100%] Built target temperature_logger_node
-- Install configuration: ""
-- Execute custom install script
-- Up-to-date symlink: /home/kimm/wearable_robot_ws/install/wearable_robot_control/lib/wearable_robot_control/actuator_temp_control_node
-- Up-to-date symlink: /home/kimm/wearable_robot_ws/install/wearable_robot_control/lib/wearable_robot_control/temperature_logger_node
-- Symlinking: /home/kimm/wearable_robot_ws/install/wearable_robot_control/share/wearable_robot_control/launch/temperature_control.launch.py
-- Symlinking: /home/kimm/wearable_robot_ws/install/wearable_robot_control/share/wearable_robot_control/config/temperature_control_params.yaml
-- Up-to-date symlink: /home/kimm/wearable_robot_ws/install/wearable_robot_control/share/ament_index/resource_index/package_run_dependencies/wearable_robot_control
-- Up-to-date symlink: /home/kimm/wearable_robot_ws/install/wearable_robot_control/share/ament_index/resource_index/parent_prefix_path/wearable_robot_control
-- Up-to-date symlink: /home/kimm/wearable_robot_ws/install/wearable_robot_control/share/wearable_robot_control/environment/ament_prefix_path.sh
-- Up-to-date symlink: /home/kimm/wearable_robot_ws/install/wearable_robot_control/share/wearable_robot_control/environment/ament_prefix_path.dsv
-- Up-to-date symlink: /home/kimm/wearable_robot_ws/install/wearable_robot_control/share/wearable_robot_control/environment/path.sh
-- Up-to-date symlink: /home/kimm/wearable_robot_ws/install/wearable_robot_control/share/wearable_robot_control/environment/path.dsv
-- Up-to-date symlink: /home/kimm/wearable_robot_ws/install/wearable_robot_control/share/wearable_robot_control/local_setup.bash
-- Up-to-date symlink: /home/kimm/wearable_robot_ws/install/wearable_robot_control/share/wearable_robot_control/local_setup.sh
-- Up-to-date symlink: /home/kimm/wearable_robot_ws/install/wearable_robot_control/share/wearable_robot_control/local_setup.zsh
-- Up-to-date symlink: /home/kimm/wearable_robot_ws/install/wearable_robot_control/share/wearable_robot_control/local_setup.dsv
-- Symlinking: /home/kimm/wearable_robot_ws/install/wearable_robot_control/share/wearable_robot_control/package.dsv
-- Up-to-date symlink: /home/kimm/wearable_robot_ws/install/wearable_robot_control/share/ament_index/resource_index/packages/wearable_robot_control
-- Up-to-date symlink: /home/kimm/wearable_robot_ws/install/wearable_robot_control/share/wearable_robot_control/cmake/wearable_robot_controlConfig.cmake
-- Up-to-date symlink: /home/kimm/wearable_robot_ws/install/wearable_robot_control/share/wearable_robot_control/cmake/wearable_robot_controlConfig-version.cmake
-- Up-to-date symlink: /home/kimm/wearable_robot_ws/install/wearable_robot_control/share/wearable_robot_control/package.xml
