[0.093s] Invoking command in '/home/kimm/wearable_robot_ws/build/wearable_robot_control': CMAKE_PREFIX_PATH=${CMAKE_PREFIX_PATH}:/opt/ros/foxy /usr/bin/cmake --build /home/kimm/wearable_robot_ws/build/wearable_robot_control -- -j8 -l8
[0.235s] [ 50%] Built target actuator_temp_control_node
[0.251s] [100%] Built target temperature_logger_node
[0.324s] Invoked command in '/home/kimm/wearable_robot_ws/build/wearable_robot_control' returned '0': CMAKE_PREFIX_PATH=${CMAKE_PREFIX_PATH}:/opt/ros/foxy /usr/bin/cmake --build /home/kimm/wearable_robot_ws/build/wearable_robot_control -- -j8 -l8
[0.332s] Invoking command in '/home/kimm/wearable_robot_ws/build/wearable_robot_control': CMAKE_PREFIX_PATH=${CMAKE_PREFIX_PATH}:/opt/ros/foxy /usr/bin/cmake --install /home/kimm/wearable_robot_ws/build/wearable_robot_control
[0.353s] -- Install configuration: ""
[0.353s] -- Execute custom install script
[0.353s] -- Up-to-date symlink: /home/kimm/wearable_robot_ws/install/wearable_robot_control/lib/wearable_robot_control/actuator_temp_control_node
[0.354s] -- Up-to-date symlink: /home/kimm/wearable_robot_ws/install/wearable_robot_control/lib/wearable_robot_control/temperature_logger_node
[0.355s] -- Symlinking: /home/kimm/wearable_robot_ws/install/wearable_robot_control/share/wearable_robot_control/launch/temperature_control.launch.py
[0.382s] -- Symlinking: /home/kimm/wearable_robot_ws/install/wearable_robot_control/share/wearable_robot_control/config/temperature_control_params.yaml
[0.405s] -- Up-to-date symlink: /home/kimm/wearable_robot_ws/install/wearable_robot_control/share/ament_index/resource_index/package_run_dependencies/wearable_robot_control
[0.405s] -- Up-to-date symlink: /home/kimm/wearable_robot_ws/install/wearable_robot_control/share/ament_index/resource_index/parent_prefix_path/wearable_robot_control
[0.405s] -- Up-to-date symlink: /home/kimm/wearable_robot_ws/install/wearable_robot_control/share/wearable_robot_control/environment/ament_prefix_path.sh
[0.407s] -- Up-to-date symlink: /home/kimm/wearable_robot_ws/install/wearable_robot_control/share/wearable_robot_control/environment/ament_prefix_path.dsv
[0.408s] -- Up-to-date symlink: /home/kimm/wearable_robot_ws/install/wearable_robot_control/share/wearable_robot_control/environment/path.sh
[0.408s] -- Up-to-date symlink: /home/kimm/wearable_robot_ws/install/wearable_robot_control/share/wearable_robot_control/environment/path.dsv
[0.408s] -- Up-to-date symlink: /home/kimm/wearable_robot_ws/install/wearable_robot_control/share/wearable_robot_control/local_setup.bash
[0.409s] -- Up-to-date symlink: /home/kimm/wearable_robot_ws/install/wearable_robot_control/share/wearable_robot_control/local_setup.sh
[0.409s] -- Up-to-date symlink: /home/kimm/wearable_robot_ws/install/wearable_robot_control/share/wearable_robot_control/local_setup.zsh
[0.410s] -- Up-to-date symlink: /home/kimm/wearable_robot_ws/install/wearable_robot_control/share/wearable_robot_control/local_setup.dsv
[0.410s] -- Symlinking: /home/kimm/wearable_robot_ws/install/wearable_robot_control/share/wearable_robot_control/package.dsv
[0.435s] -- Up-to-date symlink: /home/kimm/wearable_robot_ws/install/wearable_robot_control/share/ament_index/resource_index/packages/wearable_robot_control
[0.435s] -- Up-to-date symlink: /home/kimm/wearable_robot_ws/install/wearable_robot_control/share/wearable_robot_control/cmake/wearable_robot_controlConfig.cmake
[0.436s] -- Up-to-date symlink: /home/kimm/wearable_robot_ws/install/wearable_robot_control/share/wearable_robot_control/cmake/wearable_robot_controlConfig-version.cmake
[0.436s] -- Up-to-date symlink: /home/kimm/wearable_robot_ws/install/wearable_robot_control/share/wearable_robot_control/package.xml
[0.446s] Invoked command in '/home/kimm/wearable_robot_ws/build/wearable_robot_control' returned '0': CMAKE_PREFIX_PATH=${CMAKE_PREFIX_PATH}:/opt/ros/foxy /usr/bin/cmake --install /home/kimm/wearable_robot_ws/build/wearable_robot_control
