[0.052s] Invoking command in '/home/kimm/wearable_robot_ws/build/wearable_robot_data_processing': CMAKE_PREFIX_PATH=/home/kimm/wearable_robot_ws/install/ros2_socketcan:/home/kimm/wearable_robot_ws/install/wearable_robot_interfaces:/home/kimm/wearable_robot_ws/install/ros2_socketcan_msgs:/home/kimm/wearable_robot_ws/install/wearable_robot_hw:/home/kimm/wearable_robot_ws/install/wearable_robot_data_processing:/home/kimm/wearable_robot_ws/install/wearable_robot_control:/home/kimm/wearable_robot_ws/install/wearable_robot_bringup:/home/kimm/wearable_robot_ws/install/can_comm:/home/kimm/install/can_data_extractor:/opt/ros/foxy LD_LIBRARY_PATH=/home/kimm/wearable_robot_ws/install/ros2_socketcan/lib:/home/kimm/wearable_robot_ws/install/wearable_robot_interfaces/lib:/home/kimm/wearable_robot_ws/install/ros2_socketcan_msgs/lib:/opt/ros/foxy/opt/yaml_cpp_vendor/lib:/opt/ros/foxy/opt/rviz_ogre_vendor/lib:/opt/ros/foxy/lib/aarch64-linux-gnu:/opt/ros/foxy/lib /usr/bin/cmake --build /home/kimm/wearable_robot_ws/build/wearable_robot_data_processing -- -j8 -l8
[0.136s] -- Found ament_cmake: 0.9.12 (/opt/ros/foxy/share/ament_cmake/cmake)
[0.174s] -- Using PYTHON_EXECUTABLE: /usr/bin/python3
[0.587s] -- Override CMake install command with custom implementation using symlinks instead of copying resources
[0.601s] -- Found rclcpp: 2.4.3 (/opt/ros/foxy/share/rclcpp/cmake)
[0.667s] -- Using all available rosidl_typesupport_c: rosidl_typesupport_fastrtps_c;rosidl_typesupport_introspection_c
[0.673s] -- Found rosidl_adapter: 1.3.1 (/opt/ros/foxy/share/rosidl_adapter/cmake)
[0.916s] -- Using all available rosidl_typesupport_cpp: rosidl_typesupport_fastrtps_cpp;rosidl_typesupport_introspection_cpp
[1.009s] -- Found rmw_implementation_cmake: 1.0.4 (/opt/ros/foxy/share/rmw_implementation_cmake/cmake)
[1.012s] -- Using RMW implementation 'rmw_fastrtps_cpp' as default
[1.276s] -- Found wearable_robot_interfaces: 0.0.0 (/home/kimm/wearable_robot_ws/install/wearable_robot_interfaces/share/wearable_robot_interfaces/cmake)
[1.333s] -- Found rclcpp_lifecycle: 2.4.3 (/opt/ros/foxy/share/rclcpp_lifecycle/cmake)
[1.383s] -- Found can_msgs: 2.0.0 (/opt/ros/foxy/share/can_msgs/cmake)
[1.446s] -- Found ros2_socketcan: 1.3.0 (/home/kimm/wearable_robot_ws/install/ros2_socketcan/share/ros2_socketcan/cmake)
[1.883s] -- Found ament_lint_auto: 0.9.8 (/opt/ros/foxy/share/ament_lint_auto/cmake)
[2.022s] -- Added test 'copyright' to check source files copyright and LICENSE
[2.024s] -- Added test 'cppcheck' to perform static code analysis on C / C++ code
[2.026s] -- Configured cppcheck include dirs: /home/kimm/wearable_robot_ws/src/wearable_robot_data_processing/include
[2.026s] -- Configured cppcheck exclude dirs and/or files: 
[2.027s] -- Added test 'cpplint' to check C / C++ code against the Google style
[2.028s] -- Configured cpplint exclude dirs and/or files: 
[2.028s] -- Added test 'lint_cmake' to check CMake code style
[2.030s] -- Added test 'uncrustify' to check C / C++ code style
[2.031s] -- Configured uncrustify additional arguments: 
[2.031s] -- Added test 'xmllint' to check XML markup files
[2.039s] -- Configuring done
[2.128s] -- Generating done
[2.168s] -- Build files have been written to: /home/kimm/wearable_robot_ws/build/wearable_robot_data_processing
[2.262s] [  8%] [32mBuilding CXX object CMakeFiles/can_receiver_100_node.dir/src/can_receiver_100_node.cpp.o[0m
[2.262s] [ 16%] [32mBuilding CXX object CMakeFiles/can_receiver_401_node.dir/src/can_receiver_401_node.cpp.o[0m
[2.275s] [ 50%] Built target displacement_processing_node
[2.275s] [ 50%] Built target IMU_processing_node
[2.278s] [ 66%] Built target displacement_data_logger
[2.285s] [ 83%] Built target data_parser_node
[2.332s] [01m[K/home/kimm/wearable_robot_ws/src/wearable_robot_data_processing/src/can_receiver_100_node.cpp:1:10:[m[K [01;31m[Kfatal error: [m[Kcan_receiver_100_node.hpp: No such file or directory
[2.333s]     1 | #include [01;31m[K"can_receiver_100_node.hpp"[m[K
[2.333s]       |          [01;31m[K^~~~~~~~~~~~~~~~~~~~~~~~~~~[m[K
[2.333s] [01m[K/home/kimm/wearable_robot_ws/src/wearable_robot_data_processing/src/can_receiver_401_node.cpp:1:10:[m[K [01;31m[Kfatal error: [m[Kcan_receiver_401_node.hpp: No such file or directory
[2.333s]     1 | #include [01;31m[K"can_receiver_401_node.hpp"[m[K
[2.333s]       |          [01;31m[K^~~~~~~~~~~~~~~~~~~~~~~~~~~[m[K
[2.333s] compilation terminated.
[2.334s] compilation terminated.
[2.335s] make[2]: *** [CMakeFiles/can_receiver_100_node.dir/build.make:63: CMakeFiles/can_receiver_100_node.dir/src/can_receiver_100_node.cpp.o] Error 1
[2.335s] make[2]: *** [CMakeFiles/can_receiver_401_node.dir/build.make:63: CMakeFiles/can_receiver_401_node.dir/src/can_receiver_401_node.cpp.o] Error 1
[2.336s] make[1]: *** [CMakeFiles/Makefile2:88: CMakeFiles/can_receiver_100_node.dir/all] Error 2
[2.336s] make[1]: *** Waiting for unfinished jobs....
[2.336s] make[1]: *** [CMakeFiles/Makefile2:115: CMakeFiles/can_receiver_401_node.dir/all] Error 2
[2.337s] make: *** [Makefile:141: all] Error 2
[2.343s] Invoked command in '/home/kimm/wearable_robot_ws/build/wearable_robot_data_processing' returned '2': CMAKE_PREFIX_PATH=/home/kimm/wearable_robot_ws/install/ros2_socketcan:/home/kimm/wearable_robot_ws/install/wearable_robot_interfaces:/home/kimm/wearable_robot_ws/install/ros2_socketcan_msgs:/home/kimm/wearable_robot_ws/install/wearable_robot_hw:/home/kimm/wearable_robot_ws/install/wearable_robot_data_processing:/home/kimm/wearable_robot_ws/install/wearable_robot_control:/home/kimm/wearable_robot_ws/install/wearable_robot_bringup:/home/kimm/wearable_robot_ws/install/can_comm:/home/kimm/install/can_data_extractor:/opt/ros/foxy LD_LIBRARY_PATH=/home/kimm/wearable_robot_ws/install/ros2_socketcan/lib:/home/kimm/wearable_robot_ws/install/wearable_robot_interfaces/lib:/home/kimm/wearable_robot_ws/install/ros2_socketcan_msgs/lib:/opt/ros/foxy/opt/yaml_cpp_vendor/lib:/opt/ros/foxy/opt/rviz_ogre_vendor/lib:/opt/ros/foxy/lib/aarch64-linux-gnu:/opt/ros/foxy/lib /usr/bin/cmake --build /home/kimm/wearable_robot_ws/build/wearable_robot_data_processing -- -j8 -l8
