[0.047s] Invoking command in '/home/kimm/wearable_robot_ws/build/wearable_robot_hw': CMAKE_PREFIX_PATH=/home/kimm/wearable_robot_ws/install/wearable_robot_interfaces:/home/kimm/wearable_robot_ws/install/wearable_robot_hw:/home/kimm/wearable_robot_ws/install/wearable_robot_data_processing:/home/kimm/wearable_robot_ws/install/wearable_robot_control:/home/kimm/wearable_robot_ws/install/wearable_robot_bringup:/home/kimm/install/can_data_extractor:/opt/ros/foxy /usr/bin/cmake --build /home/kimm/wearable_robot_ws/build/wearable_robot_hw -- -j8 -l8
[0.144s] [35m[1mScanning dependencies of target CAN_command_transmit_node[0m
[0.185s] [ 50%] Built target CAN_data_extractor_node
[0.209s] [ 75%] [32mBuilding CXX object CMakeFiles/CAN_command_transmit_node.dir/src/CAN_command_transmit_node.cpp.o[0m
[3.313s] [01m[K/home/kimm/wearable_robot_ws/src/wearable_robot_hw/src/CAN_command_transmit_node.cpp:[m[K In member function ‘[01m[Kvoid CANCommandTransmitNode::send_command(uint32_t, const uint8_t*, size_t)[m[K’:
[3.314s] [01m[K/home/kimm/wearable_robot_ws/src/wearable_robot_hw/src/CAN_command_transmit_node.cpp:92:68:[m[K [01;35m[Kwarning: [m[Kunused parameter ‘[01m[Klength[m[K’ [[01;35m[K-Wunused-parameter[m[K]
[3.314s]    92 |     void send_command(uint32_t can_id, const uint8_t* data, [01;35m[Ksize_t length[m[K)
[3.314s]       |                                                             [01;35m[K~~~~~~~^~~~~~[m[K
[3.319s] [01m[K/home/kimm/wearable_robot_ws/src/wearable_robot_hw/src/CAN_command_transmit_node.cpp:[m[K In member function ‘[01m[Kvoid CANCommandTransmitNode::actuator_callback(wearable_robot_interfaces::msg::ActuatorCommand_<std::allocator<void> >::SharedPtr)[m[K’:
[3.320s] [01m[K/home/kimm/wearable_robot_ws/src/wearable_robot_hw/src/CAN_command_transmit_node.cpp:113:30:[m[K [01;35m[Kwarning: [m[Knarrowing conversion of ‘[01m[K((((int)((const std::__shared_ptr_access<wearable_robot_interfaces::msg::ActuatorCommand_<std::allocator<void> >, __gnu_cxx::_S_atomic, false, false>*)(& msg))->std::__shared_ptr_access<wearable_robot_interfaces::msg::ActuatorCommand_<std::allocator<void> >, __gnu_cxx::_S_atomic, false, false>::operator->()->wearable_robot_interfaces::msg::ActuatorCommand_<std::allocator<void> >::pwm0) <= 100) ? ((int)((const std::__shared_ptr_access<wearable_robot_interfaces::msg::ActuatorCommand_<std::allocator<void> >, __gnu_cxx::_S_atomic, false, false>*)(& msg))->std::__shared_ptr_access<wearable_robot_interfaces::msg::ActuatorCommand_<std::allocator<void> >, __gnu_cxx::_S_atomic, false, false>::operator->()->wearable_robot_interfaces::msg::ActuatorCommand_<std::allocator<void> >::pwm0) : 0)[m[K’ from ‘[01m[Kint[m[K’ to ‘[01m[Kuint8_t[m[K’ {aka ‘[01m[Kunsigned char[m[K’} [[01;35m[K-Wnarrowing[m[K]
[3.320s]   113 |             [01;35m[Kmsg->pwm0 <= 100 ? static_cast<uint8_t>(msg->pwm0) : 0[m[K,
[3.320s]       |             [01;35m[K~~~~~~~~~~~~~~~~~^~~~~~~~~~~~~~~~~~~~~~~~~~~~~~~~~~~~~[m[K
[3.320s] [01m[K/home/kimm/wearable_robot_ws/src/wearable_robot_hw/src/CAN_command_transmit_node.cpp:114:30:[m[K [01;35m[Kwarning: [m[Knarrowing conversion of ‘[01m[K((((int)((const std::__shared_ptr_access<wearable_robot_interfaces::msg::ActuatorCommand_<std::allocator<void> >, __gnu_cxx::_S_atomic, false, false>*)(& msg))->std::__shared_ptr_access<wearable_robot_interfaces::msg::ActuatorCommand_<std::allocator<void> >, __gnu_cxx::_S_atomic, false, false>::operator->()->wearable_robot_interfaces::msg::ActuatorCommand_<std::allocator<void> >::pwm1) <= 100) ? ((int)((const std::__shared_ptr_access<wearable_robot_interfaces::msg::ActuatorCommand_<std::allocator<void> >, __gnu_cxx::_S_atomic, false, false>*)(& msg))->std::__shared_ptr_access<wearable_robot_interfaces::msg::ActuatorCommand_<std::allocator<void> >, __gnu_cxx::_S_atomic, false, false>::operator->()->wearable_robot_interfaces::msg::ActuatorCommand_<std::allocator<void> >::pwm1) : 0)[m[K’ from ‘[01m[Kint[m[K’ to ‘[01m[Kuint8_t[m[K’ {aka ‘[01m[Kunsigned char[m[K’} [[01;35m[K-Wnarrowing[m[K]
[3.320s]   114 |             [01;35m[Kmsg->pwm1 <= 100 ? static_cast<uint8_t>(msg->pwm1) : 0[m[K,
[3.321s]       |             [01;35m[K~~~~~~~~~~~~~~~~~^~~~~~~~~~~~~~~~~~~~~~~~~~~~~~~~~~~~~[m[K
[3.321s] [01m[K/home/kimm/wearable_robot_ws/src/wearable_robot_hw/src/CAN_command_transmit_node.cpp:115:30:[m[K [01;35m[Kwarning: [m[Knarrowing conversion of ‘[01m[K((((int)((const std::__shared_ptr_access<wearable_robot_interfaces::msg::ActuatorCommand_<std::allocator<void> >, __gnu_cxx::_S_atomic, false, false>*)(& msg))->std::__shared_ptr_access<wearable_robot_interfaces::msg::ActuatorCommand_<std::allocator<void> >, __gnu_cxx::_S_atomic, false, false>::operator->()->wearable_robot_interfaces::msg::ActuatorCommand_<std::allocator<void> >::pwm2) <= 100) ? ((int)((const std::__shared_ptr_access<wearable_robot_interfaces::msg::ActuatorCommand_<std::allocator<void> >, __gnu_cxx::_S_atomic, false, false>*)(& msg))->std::__shared_ptr_access<wearable_robot_interfaces::msg::ActuatorCommand_<std::allocator<void> >, __gnu_cxx::_S_atomic, false, false>::operator->()->wearable_robot_interfaces::msg::ActuatorCommand_<std::allocator<void> >::pwm2) : 0)[m[K’ from ‘[01m[Kint[m[K’ to ‘[01m[Kuint8_t[m[K’ {aka ‘[01m[Kunsigned char[m[K’} [[01;35m[K-Wnarrowing[m[K]
[3.321s]   115 |             [01;35m[Kmsg->pwm2 <= 100 ? static_cast<uint8_t>(msg->pwm2) : 0[m[K,
[3.321s]       |             [01;35m[K~~~~~~~~~~~~~~~~~^~~~~~~~~~~~~~~~~~~~~~~~~~~~~~~~~~~~~[m[K
[3.321s] [01m[K/home/kimm/wearable_robot_ws/src/wearable_robot_hw/src/CAN_command_transmit_node.cpp:116:30:[m[K [01;35m[Kwarning: [m[Knarrowing conversion of ‘[01m[K((((int)((const std::__shared_ptr_access<wearable_robot_interfaces::msg::ActuatorCommand_<std::allocator<void> >, __gnu_cxx::_S_atomic, false, false>*)(& msg))->std::__shared_ptr_access<wearable_robot_interfaces::msg::ActuatorCommand_<std::allocator<void> >, __gnu_cxx::_S_atomic, false, false>::operator->()->wearable_robot_interfaces::msg::ActuatorCommand_<std::allocator<void> >::pwm3) <= 100) ? ((int)((const std::__shared_ptr_access<wearable_robot_interfaces::msg::ActuatorCommand_<std::allocator<void> >, __gnu_cxx::_S_atomic, false, false>*)(& msg))->std::__shared_ptr_access<wearable_robot_interfaces::msg::ActuatorCommand_<std::allocator<void> >, __gnu_cxx::_S_atomic, false, false>::operator->()->wearable_robot_interfaces::msg::ActuatorCommand_<std::allocator<void> >::pwm3) : 0)[m[K’ from ‘[01m[Kint[m[K’ to ‘[01m[Kuint8_t[m[K’ {aka ‘[01m[Kunsigned char[m[K’} [[01;35m[K-Wnarrowing[m[K]
[3.321s]   116 |             [01;35m[Kmsg->pwm3 <= 100 ? static_cast<uint8_t>(msg->pwm3) : 0[m[K
[3.322s]       |             [01;35m[K~~~~~~~~~~~~~~~~~^~~~~~~~~~~~~~~~~~~~~~~~~~~~~~~~~~~~~[m[K
[14.586s] [100%] [32m[1mLinking CXX executable CAN_command_transmit_node[0m
[15.184s] [100%] Built target CAN_command_transmit_node
[15.209s] Invoked command in '/home/kimm/wearable_robot_ws/build/wearable_robot_hw' returned '0': CMAKE_PREFIX_PATH=/home/kimm/wearable_robot_ws/install/wearable_robot_interfaces:/home/kimm/wearable_robot_ws/install/wearable_robot_hw:/home/kimm/wearable_robot_ws/install/wearable_robot_data_processing:/home/kimm/wearable_robot_ws/install/wearable_robot_control:/home/kimm/wearable_robot_ws/install/wearable_robot_bringup:/home/kimm/install/can_data_extractor:/opt/ros/foxy /usr/bin/cmake --build /home/kimm/wearable_robot_ws/build/wearable_robot_hw -- -j8 -l8
[15.218s] Invoking command in '/home/kimm/wearable_robot_ws/build/wearable_robot_hw': CMAKE_PREFIX_PATH=/home/kimm/wearable_robot_ws/install/wearable_robot_interfaces:/home/kimm/wearable_robot_ws/install/wearable_robot_hw:/home/kimm/wearable_robot_ws/install/wearable_robot_data_processing:/home/kimm/wearable_robot_ws/install/wearable_robot_control:/home/kimm/wearable_robot_ws/install/wearable_robot_bringup:/home/kimm/install/can_data_extractor:/opt/ros/foxy /usr/bin/cmake --install /home/kimm/wearable_robot_ws/build/wearable_robot_hw
[15.236s] -- Install configuration: ""
[15.236s] -- Execute custom install script
[15.237s] -- Up-to-date symlink: /home/kimm/wearable_robot_ws/install/wearable_robot_hw/lib/wearable_robot_hw/CAN_data_extractor_node
[15.238s] -- Up-to-date symlink: /home/kimm/wearable_robot_ws/install/wearable_robot_hw/lib/wearable_robot_hw/CAN_command_transmit_node
[15.238s] -- Up-to-date symlink: /home/kimm/wearable_robot_ws/install/wearable_robot_hw/share/ament_index/resource_index/package_run_dependencies/wearable_robot_hw
[15.239s] -- Up-to-date symlink: /home/kimm/wearable_robot_ws/install/wearable_robot_hw/share/ament_index/resource_index/parent_prefix_path/wearable_robot_hw
[15.239s] -- Up-to-date symlink: /home/kimm/wearable_robot_ws/install/wearable_robot_hw/share/wearable_robot_hw/environment/ament_prefix_path.sh
[15.240s] -- Up-to-date symlink: /home/kimm/wearable_robot_ws/install/wearable_robot_hw/share/wearable_robot_hw/environment/ament_prefix_path.dsv
[15.240s] -- Up-to-date symlink: /home/kimm/wearable_robot_ws/install/wearable_robot_hw/share/wearable_robot_hw/environment/path.sh
[15.241s] -- Up-to-date symlink: /home/kimm/wearable_robot_ws/install/wearable_robot_hw/share/wearable_robot_hw/environment/path.dsv
[15.241s] -- Up-to-date symlink: /home/kimm/wearable_robot_ws/install/wearable_robot_hw/share/wearable_robot_hw/local_setup.bash
[15.242s] -- Up-to-date symlink: /home/kimm/wearable_robot_ws/install/wearable_robot_hw/share/wearable_robot_hw/local_setup.sh
[15.242s] -- Up-to-date symlink: /home/kimm/wearable_robot_ws/install/wearable_robot_hw/share/wearable_robot_hw/local_setup.zsh
[15.243s] -- Up-to-date symlink: /home/kimm/wearable_robot_ws/install/wearable_robot_hw/share/wearable_robot_hw/local_setup.dsv
[15.243s] -- Symlinking: /home/kimm/wearable_robot_ws/install/wearable_robot_hw/share/wearable_robot_hw/package.dsv
[15.262s] -- Up-to-date symlink: /home/kimm/wearable_robot_ws/install/wearable_robot_hw/share/ament_index/resource_index/packages/wearable_robot_hw
[15.263s] -- Up-to-date symlink: /home/kimm/wearable_robot_ws/install/wearable_robot_hw/share/wearable_robot_hw/cmake/wearable_robot_hwConfig.cmake
[15.263s] -- Up-to-date symlink: /home/kimm/wearable_robot_ws/install/wearable_robot_hw/share/wearable_robot_hw/cmake/wearable_robot_hwConfig-version.cmake
[15.263s] -- Up-to-date symlink: /home/kimm/wearable_robot_ws/install/wearable_robot_hw/share/wearable_robot_hw/package.xml
[15.271s] Invoked command in '/home/kimm/wearable_robot_ws/build/wearable_robot_hw' returned '0': CMAKE_PREFIX_PATH=/home/kimm/wearable_robot_ws/install/wearable_robot_interfaces:/home/kimm/wearable_robot_ws/install/wearable_robot_hw:/home/kimm/wearable_robot_ws/install/wearable_robot_data_processing:/home/kimm/wearable_robot_ws/install/wearable_robot_control:/home/kimm/wearable_robot_ws/install/wearable_robot_bringup:/home/kimm/install/can_data_extractor:/opt/ros/foxy /usr/bin/cmake --install /home/kimm/wearable_robot_ws/build/wearable_robot_hw
