-- Found ament_cmake: 0.9.12 (/opt/ros/foxy/share/ament_cmake/cmake)
-- Using PYTHON_EXECUTABLE: /usr/bin/python3
-- Override CMake install command with custom implementation using symlinks instead of copying resources
-- Found rclcpp: 2.4.3 (/opt/ros/foxy/share/rclcpp/cmake)
-- Using all available rosidl_typesupport_c: rosidl_typesupport_fastrtps_c;rosidl_typesupport_introspection_c
-- Found rosidl_adapter: 1.3.1 (/opt/ros/foxy/share/rosidl_adapter/cmake)
-- Using all available rosidl_typesupport_cpp: rosidl_typesupport_fastrtps_cpp;rosidl_typesupport_introspection_cpp
-- Found rmw_implementation_cmake: 1.0.4 (/opt/ros/foxy/share/rmw_implementation_cmake/cmake)
-- Using RMW implementation 'rmw_fastrtps_cpp' as default
-- Found wearable_robot_interfaces: 0.0.0 (/home/kimm/wearable_robot_ws/install/wearable_robot_interfaces/share/wearable_robot_interfaces/cmake)
-- Found rclcpp_lifecycle: 2.4.3 (/opt/ros/foxy/share/rclcpp_lifecycle/cmake)
-- Found ros2_socketcan_msgs: 1.3.0 (/home/kimm/wearable_robot_ws/install/ros2_socketcan_msgs/share/ros2_socketcan_msgs/cmake)
-- Found ros2_socketcan: 1.3.0 (/home/kimm/wearable_robot_ws/install/ros2_socketcan/share/ros2_socketcan/cmake)
-- Found ament_lint_auto: 0.9.8 (/opt/ros/foxy/share/ament_lint_auto/cmake)
-- Added test 'copyright' to check source files copyright and LICENSE
-- Added test 'cppcheck' to perform static code analysis on C / C++ code
-- Configured cppcheck include dirs: /home/kimm/wearable_robot_ws/src/wearable_robot_data_processing/include
-- Configured cppcheck exclude dirs and/or files: 
-- Added test 'cpplint' to check C / C++ code against the Google style
-- Configured cpplint exclude dirs and/or files: 
-- Added test 'lint_cmake' to check CMake code style
-- Added test 'uncrustify' to check C / C++ code style
-- Configured uncrustify additional arguments: 
-- Added test 'xmllint' to check XML markup files
-- Configuring done
-- Generating done
-- Build files have been written to: /home/kimm/wearable_robot_ws/build/wearable_robot_data_processing
[35m[1mScanning dependencies of target can_data_processor[0m
[ 20%] Built target displacement_processing_node
[ 40%] Built target data_parser_node
[ 60%] Built target displacement_data_logger
[ 80%] Built target IMU_processing_node
[ 90%] [32mBuilding CXX object CMakeFiles/can_data_processor.dir/src/can_data_processor.cpp.o[0m
[01m[K/home/kimm/wearable_robot_ws/src/wearable_robot_data_processing/src/can_data_processor.cpp:[m[K In member function ‘[01m[Kvoid CanDataProcessor::canFdCallback(ros2_socketcan_msgs::msg::FdFrame_<std::allocator<void> >::SharedPtr)[m[K’:
[01m[K/home/kimm/wearable_robot_ws/src/wearable_robot_data_processing/src/can_data_processor.cpp:42:50:[m[K [01;31m[Kerror: [m[Kno matching function for call to ‘[01m[Krosidl_runtime_cpp::BoundedVector<unsigned char, 64, std::allocator<unsigned char> >::data()[m[K’
   42 |         const uint8_t* raw_data = msg->data.data([01;31m[K)[m[K;
      |                                                  [01;31m[K^[m[K
In file included from [01m[K/opt/ros/foxy/include/builtin_interfaces/msg/detail/duration__struct.hpp:8[m[K,
                 from [01m[K/opt/ros/foxy/include/builtin_interfaces/msg/duration.hpp:7[m[K,
                 from [01m[K/opt/ros/foxy/include/rclcpp/duration.hpp:20[m[K,
                 from [01m[K/opt/ros/foxy/include/rclcpp/qos.hpp:20[m[K,
                 from [01m[K/opt/ros/foxy/include/rclcpp/node_interfaces/node_graph_interface.hpp:31[m[K,
                 from [01m[K/opt/ros/foxy/include/rclcpp/client.hpp:34[m[K,
                 from [01m[K/opt/ros/foxy/include/rclcpp/callback_group.hpp:23[m[K,
                 from [01m[K/opt/ros/foxy/include/rclcpp/any_executable.hpp:20[m[K,
                 from [01m[K/opt/ros/foxy/include/rclcpp/memory_strategy.hpp:24[m[K,
                 from [01m[K/opt/ros/foxy/include/rclcpp/memory_strategies.hpp:18[m[K,
                 from [01m[K/opt/ros/foxy/include/rclcpp/executor_options.hpp:20[m[K,
                 from [01m[K/opt/ros/foxy/include/rclcpp/executor.hpp:33[m[K,
                 from [01m[K/opt/ros/foxy/include/rclcpp/executors/multi_threaded_executor.hpp:26[m[K,
                 from [01m[K/opt/ros/foxy/include/rclcpp/executors.hpp:21[m[K,
                 from [01m[K/opt/ros/foxy/include/rclcpp/rclcpp.hpp:146[m[K,
                 from [01m[K/home/kimm/wearable_robot_ws/src/wearable_robot_data_processing/src/can_data_processor.cpp:1[m[K:
[01m[K/opt/ros/foxy/include/rosidl_runtime_cpp/bounded_vector.hpp:418:3:[m[K [01;36m[Knote: [m[Kcandidate: ‘[01m[Ktemplate<class T, typename std::enable_if<((! std::is_same<T, unsigned char>::value) && (! std::is_same<T, bool>::value)), void>::type* <anonymous> > T* rosidl_runtime_cpp::BoundedVector<Tp, UpperBound, Alloc>::data() [with T = T; typename std::enable_if<((! std::is_same<T, Tp>::value) && (! std::is_same<T, bool>::value))>::type* <anonymous> = <enumerator>; Tp = unsigned char; long unsigned int UpperBound = 64; Alloc = std::allocator<unsigned char>][m[K’
  418 |   [01;36m[Kdata[m[K() noexcept
      |   [01;36m[K^~~~[m[K
[01m[K/opt/ros/foxy/include/rosidl_runtime_cpp/bounded_vector.hpp:418:3:[m[K [01;36m[Knote: [m[K  template argument deduction/substitution failed:
[01m[K/home/kimm/wearable_robot_ws/src/wearable_robot_data_processing/src/can_data_processor.cpp:42:50:[m[K [01;36m[Knote: [m[K  couldn’t deduce template parameter ‘[01m[KT[m[K’
   42 |         const uint8_t* raw_data = msg->data.data([01;36m[K)[m[K;
      |                                                  [01;36m[K^[m[K
In file included from [01m[K/opt/ros/foxy/include/builtin_interfaces/msg/detail/duration__struct.hpp:8[m[K,
                 from [01m[K/opt/ros/foxy/include/builtin_interfaces/msg/duration.hpp:7[m[K,
                 from [01m[K/opt/ros/foxy/include/rclcpp/duration.hpp:20[m[K,
                 from [01m[K/opt/ros/foxy/include/rclcpp/qos.hpp:20[m[K,
                 from [01m[K/opt/ros/foxy/include/rclcpp/node_interfaces/node_graph_interface.hpp:31[m[K,
                 from [01m[K/opt/ros/foxy/include/rclcpp/client.hpp:34[m[K,
                 from [01m[K/opt/ros/foxy/include/rclcpp/callback_group.hpp:23[m[K,
                 from [01m[K/opt/ros/foxy/include/rclcpp/any_executable.hpp:20[m[K,
                 from [01m[K/opt/ros/foxy/include/rclcpp/memory_strategy.hpp:24[m[K,
                 from [01m[K/opt/ros/foxy/include/rclcpp/memory_strategies.hpp:18[m[K,
                 from [01m[K/opt/ros/foxy/include/rclcpp/executor_options.hpp:20[m[K,
                 from [01m[K/opt/ros/foxy/include/rclcpp/executor.hpp:33[m[K,
                 from [01m[K/opt/ros/foxy/include/rclcpp/executors/multi_threaded_executor.hpp:26[m[K,
                 from [01m[K/opt/ros/foxy/include/rclcpp/executors.hpp:21[m[K,
                 from [01m[K/opt/ros/foxy/include/rclcpp/rclcpp.hpp:146[m[K,
                 from [01m[K/home/kimm/wearable_robot_ws/src/wearable_robot_data_processing/src/can_data_processor.cpp:1[m[K:
[01m[K/opt/ros/foxy/include/rosidl_runtime_cpp/bounded_vector.hpp:431:3:[m[K [01;36m[Knote: [m[Kcandidate: ‘[01m[Ktemplate<class T, typename std::enable_if<((! std::is_same<T, unsigned char>::value) && (! std::is_same<T, bool>::value)), void>::type* <anonymous> > const T* rosidl_runtime_cpp::BoundedVector<Tp, UpperBound, Alloc>::data() const [with T = T; typename std::enable_if<((! std::is_same<T, Tp>::value) && (! std::is_same<T, bool>::value))>::type* <anonymous> = <enumerator>; Tp = unsigned char; long unsigned int UpperBound = 64; Alloc = std::allocator<unsigned char>][m[K’
  431 |   [01;36m[Kdata[m[K() const noexcept
      |   [01;36m[K^~~~[m[K
[01m[K/opt/ros/foxy/include/rosidl_runtime_cpp/bounded_vector.hpp:431:3:[m[K [01;36m[Knote: [m[K  template argument deduction/substitution failed:
[01m[K/home/kimm/wearable_robot_ws/src/wearable_robot_data_processing/src/can_data_processor.cpp:42:50:[m[K [01;36m[Knote: [m[K  couldn’t deduce template parameter ‘[01m[KT[m[K’
   42 |         const uint8_t* raw_data = msg->data.data([01;36m[K)[m[K;
      |                                                  [01;36m[K^[m[K
[01m[K/home/kimm/wearable_robot_ws/src/wearable_robot_data_processing/src/can_data_processor.cpp:59:50:[m[K [01;31m[Kerror: [m[Kno matching function for call to ‘[01m[Krosidl_runtime_cpp::BoundedVector<unsigned char, 64, std::allocator<unsigned char> >::data()[m[K’
   59 |         const uint8_t* raw_data = msg->data.data([01;31m[K)[m[K;
      |                                                  [01;31m[K^[m[K
In file included from [01m[K/opt/ros/foxy/include/builtin_interfaces/msg/detail/duration__struct.hpp:8[m[K,
                 from [01m[K/opt/ros/foxy/include/builtin_interfaces/msg/duration.hpp:7[m[K,
                 from [01m[K/opt/ros/foxy/include/rclcpp/duration.hpp:20[m[K,
                 from [01m[K/opt/ros/foxy/include/rclcpp/qos.hpp:20[m[K,
                 from [01m[K/opt/ros/foxy/include/rclcpp/node_interfaces/node_graph_interface.hpp:31[m[K,
                 from [01m[K/opt/ros/foxy/include/rclcpp/client.hpp:34[m[K,
                 from [01m[K/opt/ros/foxy/include/rclcpp/callback_group.hpp:23[m[K,
                 from [01m[K/opt/ros/foxy/include/rclcpp/any_executable.hpp:20[m[K,
                 from [01m[K/opt/ros/foxy/include/rclcpp/memory_strategy.hpp:24[m[K,
                 from [01m[K/opt/ros/foxy/include/rclcpp/memory_strategies.hpp:18[m[K,
                 from [01m[K/opt/ros/foxy/include/rclcpp/executor_options.hpp:20[m[K,
                 from [01m[K/opt/ros/foxy/include/rclcpp/executor.hpp:33[m[K,
                 from [01m[K/opt/ros/foxy/include/rclcpp/executors/multi_threaded_executor.hpp:26[m[K,
                 from [01m[K/opt/ros/foxy/include/rclcpp/executors.hpp:21[m[K,
                 from [01m[K/opt/ros/foxy/include/rclcpp/rclcpp.hpp:146[m[K,
                 from [01m[K/home/kimm/wearable_robot_ws/src/wearable_robot_data_processing/src/can_data_processor.cpp:1[m[K:
[01m[K/opt/ros/foxy/include/rosidl_runtime_cpp/bounded_vector.hpp:418:3:[m[K [01;36m[Knote: [m[Kcandidate: ‘[01m[Ktemplate<class T, typename std::enable_if<((! std::is_same<T, unsigned char>::value) && (! std::is_same<T, bool>::value)), void>::type* <anonymous> > T* rosidl_runtime_cpp::BoundedVector<Tp, UpperBound, Alloc>::data() [with T = T; typename std::enable_if<((! std::is_same<T, Tp>::value) && (! std::is_same<T, bool>::value))>::type* <anonymous> = <enumerator>; Tp = unsigned char; long unsigned int UpperBound = 64; Alloc = std::allocator<unsigned char>][m[K’
  418 |   [01;36m[Kdata[m[K() noexcept
      |   [01;36m[K^~~~[m[K
[01m[K/opt/ros/foxy/include/rosidl_runtime_cpp/bounded_vector.hpp:418:3:[m[K [01;36m[Knote: [m[K  template argument deduction/substitution failed:
[01m[K/home/kimm/wearable_robot_ws/src/wearable_robot_data_processing/src/can_data_processor.cpp:59:50:[m[K [01;36m[Knote: [m[K  couldn’t deduce template parameter ‘[01m[KT[m[K’
   59 |         const uint8_t* raw_data = msg->data.data([01;36m[K)[m[K;
      |                                                  [01;36m[K^[m[K
In file included from [01m[K/opt/ros/foxy/include/builtin_interfaces/msg/detail/duration__struct.hpp:8[m[K,
                 from [01m[K/opt/ros/foxy/include/builtin_interfaces/msg/duration.hpp:7[m[K,
                 from [01m[K/opt/ros/foxy/include/rclcpp/duration.hpp:20[m[K,
                 from [01m[K/opt/ros/foxy/include/rclcpp/qos.hpp:20[m[K,
                 from [01m[K/opt/ros/foxy/include/rclcpp/node_interfaces/node_graph_interface.hpp:31[m[K,
                 from [01m[K/opt/ros/foxy/include/rclcpp/client.hpp:34[m[K,
                 from [01m[K/opt/ros/foxy/include/rclcpp/callback_group.hpp:23[m[K,
                 from [01m[K/opt/ros/foxy/include/rclcpp/any_executable.hpp:20[m[K,
                 from [01m[K/opt/ros/foxy/include/rclcpp/memory_strategy.hpp:24[m[K,
                 from [01m[K/opt/ros/foxy/include/rclcpp/memory_strategies.hpp:18[m[K,
                 from [01m[K/opt/ros/foxy/include/rclcpp/executor_options.hpp:20[m[K,
                 from [01m[K/opt/ros/foxy/include/rclcpp/executor.hpp:33[m[K,
                 from [01m[K/opt/ros/foxy/include/rclcpp/executors/multi_threaded_executor.hpp:26[m[K,
                 from [01m[K/opt/ros/foxy/include/rclcpp/executors.hpp:21[m[K,
                 from [01m[K/opt/ros/foxy/include/rclcpp/rclcpp.hpp:146[m[K,
                 from [01m[K/home/kimm/wearable_robot_ws/src/wearable_robot_data_processing/src/can_data_processor.cpp:1[m[K:
[01m[K/opt/ros/foxy/include/rosidl_runtime_cpp/bounded_vector.hpp:431:3:[m[K [01;36m[Knote: [m[Kcandidate: ‘[01m[Ktemplate<class T, typename std::enable_if<((! std::is_same<T, unsigned char>::value) && (! std::is_same<T, bool>::value)), void>::type* <anonymous> > const T* rosidl_runtime_cpp::BoundedVector<Tp, UpperBound, Alloc>::data() const [with T = T; typename std::enable_if<((! std::is_same<T, Tp>::value) && (! std::is_same<T, bool>::value))>::type* <anonymous> = <enumerator>; Tp = unsigned char; long unsigned int UpperBound = 64; Alloc = std::allocator<unsigned char>][m[K’
  431 |   [01;36m[Kdata[m[K() const noexcept
      |   [01;36m[K^~~~[m[K
[01m[K/opt/ros/foxy/include/rosidl_runtime_cpp/bounded_vector.hpp:431:3:[m[K [01;36m[Knote: [m[K  template argument deduction/substitution failed:
[01m[K/home/kimm/wearable_robot_ws/src/wearable_robot_data_processing/src/can_data_processor.cpp:59:50:[m[K [01;36m[Knote: [m[K  couldn’t deduce template parameter ‘[01m[KT[m[K’
   59 |         const uint8_t* raw_data = msg->data.data([01;36m[K)[m[K;
      |                                                  [01;36m[K^[m[K
make[2]: *** [CMakeFiles/can_data_processor.dir/build.make:63: CMakeFiles/can_data_processor.dir/src/can_data_processor.cpp.o] Error 1
make[1]: *** [CMakeFiles/Makefile2:86: CMakeFiles/can_data_processor.dir/all] Error 2
make: *** [Makefile:141: all] Error 2
