[0.055s] Invoking command in '/home/kimm/wearable_robot_ws/build/wearable_robot_data_processing': CMAKE_PREFIX_PATH=/home/kimm/wearable_robot_ws/install/ros2_socketcan:/home/kimm/wearable_robot_ws/install/wearable_robot_interfaces:/home/kimm/wearable_robot_ws/install/ros2_socketcan_msgs:/home/kimm/wearable_robot_ws/install/wearable_robot_hw:/home/kimm/wearable_robot_ws/install/wearable_robot_data_processing:/home/kimm/wearable_robot_ws/install/wearable_robot_control:/home/kimm/wearable_robot_ws/install/wearable_robot_bringup:/home/kimm/wearable_robot_ws/install/can_comm:/home/kimm/install/can_data_extractor:/opt/ros/foxy LD_LIBRARY_PATH=/home/kimm/wearable_robot_ws/install/ros2_socketcan/lib:/home/kimm/wearable_robot_ws/install/wearable_robot_interfaces/lib:/home/kimm/wearable_robot_ws/install/ros2_socketcan_msgs/lib:/opt/ros/foxy/opt/yaml_cpp_vendor/lib:/opt/ros/foxy/opt/rviz_ogre_vendor/lib:/opt/ros/foxy/lib/aarch64-linux-gnu:/opt/ros/foxy/lib /usr/bin/cmake --build /home/kimm/wearable_robot_ws/build/wearable_robot_data_processing -- -j8 -l8
[0.119s] -- Found ament_cmake: 0.9.12 (/opt/ros/foxy/share/ament_cmake/cmake)
[0.175s] -- Using PYTHON_EXECUTABLE: /usr/bin/python3
[0.576s] -- Override CMake install command with custom implementation using symlinks instead of copying resources
[0.593s] -- Found rclcpp: 2.4.3 (/opt/ros/foxy/share/rclcpp/cmake)
[0.663s] -- Using all available rosidl_typesupport_c: rosidl_typesupport_fastrtps_c;rosidl_typesupport_introspection_c
[0.669s] -- Found rosidl_adapter: 1.3.1 (/opt/ros/foxy/share/rosidl_adapter/cmake)
[0.934s] -- Using all available rosidl_typesupport_cpp: rosidl_typesupport_fastrtps_cpp;rosidl_typesupport_introspection_cpp
[1.034s] -- Found rmw_implementation_cmake: 1.0.4 (/opt/ros/foxy/share/rmw_implementation_cmake/cmake)
[1.036s] -- Using RMW implementation 'rmw_fastrtps_cpp' as default
[1.308s] -- Found wearable_robot_interfaces: 0.0.0 (/home/kimm/wearable_robot_ws/install/wearable_robot_interfaces/share/wearable_robot_interfaces/cmake)
[1.365s] -- Found rclcpp_lifecycle: 2.4.3 (/opt/ros/foxy/share/rclcpp_lifecycle/cmake)
[1.417s] -- Found ros2_socketcan_msgs: 1.3.0 (/home/kimm/wearable_robot_ws/install/ros2_socketcan_msgs/share/ros2_socketcan_msgs/cmake)
[1.483s] -- Found ros2_socketcan: 1.3.0 (/home/kimm/wearable_robot_ws/install/ros2_socketcan/share/ros2_socketcan/cmake)
[1.731s] -- Found ament_lint_auto: 0.9.8 (/opt/ros/foxy/share/ament_lint_auto/cmake)
[1.932s] -- Added test 'copyright' to check source files copyright and LICENSE
[1.935s] -- Added test 'cppcheck' to perform static code analysis on C / C++ code
[1.936s] -- Configured cppcheck include dirs: /home/kimm/wearable_robot_ws/src/wearable_robot_data_processing/include
[1.937s] -- Configured cppcheck exclude dirs and/or files: 
[1.940s] -- Added test 'cpplint' to check C / C++ code against the Google style
[1.941s] -- Configured cpplint exclude dirs and/or files: 
[1.942s] -- Added test 'lint_cmake' to check CMake code style
[1.945s] -- Added test 'uncrustify' to check C / C++ code style
[1.945s] -- Configured uncrustify additional arguments: 
[1.945s] -- Added test 'xmllint' to check XML markup files
[1.956s] -- Configuring done
[2.021s] -- Generating done
[2.051s] -- Build files have been written to: /home/kimm/wearable_robot_ws/build/wearable_robot_data_processing
[2.137s] [35m[1mScanning dependencies of target can_data_processor[0m
[2.171s] [ 20%] Built target displacement_processing_node
[2.173s] [ 40%] Built target data_parser_node
[2.178s] [ 60%] Built target displacement_data_logger
[2.182s] [ 80%] Built target IMU_processing_node
[2.220s] [ 90%] [32mBuilding CXX object CMakeFiles/can_data_processor.dir/src/can_data_processor.cpp.o[0m
[5.575s] [01m[K/home/kimm/wearable_robot_ws/src/wearable_robot_data_processing/src/can_data_processor.cpp:[m[K In member function ‘[01m[Kvoid CanDataProcessor::canFdCallback(ros2_socketcan_msgs::msg::FdFrame_<std::allocator<void> >::SharedPtr)[m[K’:
[5.575s] [01m[K/home/kimm/wearable_robot_ws/src/wearable_robot_data_processing/src/can_data_processor.cpp:42:50:[m[K [01;31m[Kerror: [m[Kno matching function for call to ‘[01m[Krosidl_runtime_cpp::BoundedVector<unsigned char, 64, std::allocator<unsigned char> >::data()[m[K’
[5.575s]    42 |         const uint8_t* raw_data = msg->data.data([01;31m[K)[m[K;
[5.575s]       |                                                  [01;31m[K^[m[K
[5.576s] In file included from [01m[K/opt/ros/foxy/include/builtin_interfaces/msg/detail/duration__struct.hpp:8[m[K,
[5.576s]                  from [01m[K/opt/ros/foxy/include/builtin_interfaces/msg/duration.hpp:7[m[K,
[5.576s]                  from [01m[K/opt/ros/foxy/include/rclcpp/duration.hpp:20[m[K,
[5.576s]                  from [01m[K/opt/ros/foxy/include/rclcpp/qos.hpp:20[m[K,
[5.576s]                  from [01m[K/opt/ros/foxy/include/rclcpp/node_interfaces/node_graph_interface.hpp:31[m[K,
[5.576s]                  from [01m[K/opt/ros/foxy/include/rclcpp/client.hpp:34[m[K,
[5.576s]                  from [01m[K/opt/ros/foxy/include/rclcpp/callback_group.hpp:23[m[K,
[5.577s]                  from [01m[K/opt/ros/foxy/include/rclcpp/any_executable.hpp:20[m[K,
[5.577s]                  from [01m[K/opt/ros/foxy/include/rclcpp/memory_strategy.hpp:24[m[K,
[5.577s]                  from [01m[K/opt/ros/foxy/include/rclcpp/memory_strategies.hpp:18[m[K,
[5.577s]                  from [01m[K/opt/ros/foxy/include/rclcpp/executor_options.hpp:20[m[K,
[5.577s]                  from [01m[K/opt/ros/foxy/include/rclcpp/executor.hpp:33[m[K,
[5.577s]                  from [01m[K/opt/ros/foxy/include/rclcpp/executors/multi_threaded_executor.hpp:26[m[K,
[5.577s]                  from [01m[K/opt/ros/foxy/include/rclcpp/executors.hpp:21[m[K,
[5.578s]                  from [01m[K/opt/ros/foxy/include/rclcpp/rclcpp.hpp:146[m[K,
[5.578s]                  from [01m[K/home/kimm/wearable_robot_ws/src/wearable_robot_data_processing/src/can_data_processor.cpp:1[m[K:
[5.578s] [01m[K/opt/ros/foxy/include/rosidl_runtime_cpp/bounded_vector.hpp:418:3:[m[K [01;36m[Knote: [m[Kcandidate: ‘[01m[Ktemplate<class T, typename std::enable_if<((! std::is_same<T, unsigned char>::value) && (! std::is_same<T, bool>::value)), void>::type* <anonymous> > T* rosidl_runtime_cpp::BoundedVector<Tp, UpperBound, Alloc>::data() [with T = T; typename std::enable_if<((! std::is_same<T, Tp>::value) && (! std::is_same<T, bool>::value))>::type* <anonymous> = <enumerator>; Tp = unsigned char; long unsigned int UpperBound = 64; Alloc = std::allocator<unsigned char>][m[K’
[5.578s]   418 |   [01;36m[Kdata[m[K() noexcept
[5.578s]       |   [01;36m[K^~~~[m[K
[5.578s] [01m[K/opt/ros/foxy/include/rosidl_runtime_cpp/bounded_vector.hpp:418:3:[m[K [01;36m[Knote: [m[K  template argument deduction/substitution failed:
[5.578s] [01m[K/home/kimm/wearable_robot_ws/src/wearable_robot_data_processing/src/can_data_processor.cpp:42:50:[m[K [01;36m[Knote: [m[K  couldn’t deduce template parameter ‘[01m[KT[m[K’
[5.578s]    42 |         const uint8_t* raw_data = msg->data.data([01;36m[K)[m[K;
[5.579s]       |                                                  [01;36m[K^[m[K
[5.579s] In file included from [01m[K/opt/ros/foxy/include/builtin_interfaces/msg/detail/duration__struct.hpp:8[m[K,
[5.579s]                  from [01m[K/opt/ros/foxy/include/builtin_interfaces/msg/duration.hpp:7[m[K,
[5.579s]                  from [01m[K/opt/ros/foxy/include/rclcpp/duration.hpp:20[m[K,
[5.579s]                  from [01m[K/opt/ros/foxy/include/rclcpp/qos.hpp:20[m[K,
[5.579s]                  from [01m[K/opt/ros/foxy/include/rclcpp/node_interfaces/node_graph_interface.hpp:31[m[K,
[5.579s]                  from [01m[K/opt/ros/foxy/include/rclcpp/client.hpp:34[m[K,
[5.579s]                  from [01m[K/opt/ros/foxy/include/rclcpp/callback_group.hpp:23[m[K,
[5.580s]                  from [01m[K/opt/ros/foxy/include/rclcpp/any_executable.hpp:20[m[K,
[5.580s]                  from [01m[K/opt/ros/foxy/include/rclcpp/memory_strategy.hpp:24[m[K,
[5.580s]                  from [01m[K/opt/ros/foxy/include/rclcpp/memory_strategies.hpp:18[m[K,
[5.580s]                  from [01m[K/opt/ros/foxy/include/rclcpp/executor_options.hpp:20[m[K,
[5.580s]                  from [01m[K/opt/ros/foxy/include/rclcpp/executor.hpp:33[m[K,
[5.580s]                  from [01m[K/opt/ros/foxy/include/rclcpp/executors/multi_threaded_executor.hpp:26[m[K,
[5.580s]                  from [01m[K/opt/ros/foxy/include/rclcpp/executors.hpp:21[m[K,
[5.581s]                  from [01m[K/opt/ros/foxy/include/rclcpp/rclcpp.hpp:146[m[K,
[5.581s]                  from [01m[K/home/kimm/wearable_robot_ws/src/wearable_robot_data_processing/src/can_data_processor.cpp:1[m[K:
[5.581s] [01m[K/opt/ros/foxy/include/rosidl_runtime_cpp/bounded_vector.hpp:431:3:[m[K [01;36m[Knote: [m[Kcandidate: ‘[01m[Ktemplate<class T, typename std::enable_if<((! std::is_same<T, unsigned char>::value) && (! std::is_same<T, bool>::value)), void>::type* <anonymous> > const T* rosidl_runtime_cpp::BoundedVector<Tp, UpperBound, Alloc>::data() const [with T = T; typename std::enable_if<((! std::is_same<T, Tp>::value) && (! std::is_same<T, bool>::value))>::type* <anonymous> = <enumerator>; Tp = unsigned char; long unsigned int UpperBound = 64; Alloc = std::allocator<unsigned char>][m[K’
[5.581s]   431 |   [01;36m[Kdata[m[K() const noexcept
[5.581s]       |   [01;36m[K^~~~[m[K
[5.581s] [01m[K/opt/ros/foxy/include/rosidl_runtime_cpp/bounded_vector.hpp:431:3:[m[K [01;36m[Knote: [m[K  template argument deduction/substitution failed:
[5.581s] [01m[K/home/kimm/wearable_robot_ws/src/wearable_robot_data_processing/src/can_data_processor.cpp:42:50:[m[K [01;36m[Knote: [m[K  couldn’t deduce template parameter ‘[01m[KT[m[K’
[5.582s]    42 |         const uint8_t* raw_data = msg->data.data([01;36m[K)[m[K;
[5.582s]       |                                                  [01;36m[K^[m[K
[5.594s] [01m[K/home/kimm/wearable_robot_ws/src/wearable_robot_data_processing/src/can_data_processor.cpp:59:50:[m[K [01;31m[Kerror: [m[Kno matching function for call to ‘[01m[Krosidl_runtime_cpp::BoundedVector<unsigned char, 64, std::allocator<unsigned char> >::data()[m[K’
[5.594s]    59 |         const uint8_t* raw_data = msg->data.data([01;31m[K)[m[K;
[5.594s]       |                                                  [01;31m[K^[m[K
[5.594s] In file included from [01m[K/opt/ros/foxy/include/builtin_interfaces/msg/detail/duration__struct.hpp:8[m[K,
[5.595s]                  from [01m[K/opt/ros/foxy/include/builtin_interfaces/msg/duration.hpp:7[m[K,
[5.595s]                  from [01m[K/opt/ros/foxy/include/rclcpp/duration.hpp:20[m[K,
[5.595s]                  from [01m[K/opt/ros/foxy/include/rclcpp/qos.hpp:20[m[K,
[5.595s]                  from [01m[K/opt/ros/foxy/include/rclcpp/node_interfaces/node_graph_interface.hpp:31[m[K,
[5.595s]                  from [01m[K/opt/ros/foxy/include/rclcpp/client.hpp:34[m[K,
[5.595s]                  from [01m[K/opt/ros/foxy/include/rclcpp/callback_group.hpp:23[m[K,
[5.595s]                  from [01m[K/opt/ros/foxy/include/rclcpp/any_executable.hpp:20[m[K,
[5.596s]                  from [01m[K/opt/ros/foxy/include/rclcpp/memory_strategy.hpp:24[m[K,
[5.596s]                  from [01m[K/opt/ros/foxy/include/rclcpp/memory_strategies.hpp:18[m[K,
[5.596s]                  from [01m[K/opt/ros/foxy/include/rclcpp/executor_options.hpp:20[m[K,
[5.596s]                  from [01m[K/opt/ros/foxy/include/rclcpp/executor.hpp:33[m[K,
[5.596s]                  from [01m[K/opt/ros/foxy/include/rclcpp/executors/multi_threaded_executor.hpp:26[m[K,
[5.596s]                  from [01m[K/opt/ros/foxy/include/rclcpp/executors.hpp:21[m[K,
[5.596s]                  from [01m[K/opt/ros/foxy/include/rclcpp/rclcpp.hpp:146[m[K,
[5.596s]                  from [01m[K/home/kimm/wearable_robot_ws/src/wearable_robot_data_processing/src/can_data_processor.cpp:1[m[K:
[5.597s] [01m[K/opt/ros/foxy/include/rosidl_runtime_cpp/bounded_vector.hpp:418:3:[m[K [01;36m[Knote: [m[Kcandidate: ‘[01m[Ktemplate<class T, typename std::enable_if<((! std::is_same<T, unsigned char>::value) && (! std::is_same<T, bool>::value)), void>::type* <anonymous> > T* rosidl_runtime_cpp::BoundedVector<Tp, UpperBound, Alloc>::data() [with T = T; typename std::enable_if<((! std::is_same<T, Tp>::value) && (! std::is_same<T, bool>::value))>::type* <anonymous> = <enumerator>; Tp = unsigned char; long unsigned int UpperBound = 64; Alloc = std::allocator<unsigned char>][m[K’
[5.597s]   418 |   [01;36m[Kdata[m[K() noexcept
[5.597s]       |   [01;36m[K^~~~[m[K
[5.597s] [01m[K/opt/ros/foxy/include/rosidl_runtime_cpp/bounded_vector.hpp:418:3:[m[K [01;36m[Knote: [m[K  template argument deduction/substitution failed:
[5.597s] [01m[K/home/kimm/wearable_robot_ws/src/wearable_robot_data_processing/src/can_data_processor.cpp:59:50:[m[K [01;36m[Knote: [m[K  couldn’t deduce template parameter ‘[01m[KT[m[K’
[5.597s]    59 |         const uint8_t* raw_data = msg->data.data([01;36m[K)[m[K;
[5.597s]       |                                                  [01;36m[K^[m[K
[5.597s] In file included from [01m[K/opt/ros/foxy/include/builtin_interfaces/msg/detail/duration__struct.hpp:8[m[K,
[5.598s]                  from [01m[K/opt/ros/foxy/include/builtin_interfaces/msg/duration.hpp:7[m[K,
[5.598s]                  from [01m[K/opt/ros/foxy/include/rclcpp/duration.hpp:20[m[K,
[5.598s]                  from [01m[K/opt/ros/foxy/include/rclcpp/qos.hpp:20[m[K,
[5.598s]                  from [01m[K/opt/ros/foxy/include/rclcpp/node_interfaces/node_graph_interface.hpp:31[m[K,
[5.598s]                  from [01m[K/opt/ros/foxy/include/rclcpp/client.hpp:34[m[K,
[5.598s]                  from [01m[K/opt/ros/foxy/include/rclcpp/callback_group.hpp:23[m[K,
[5.598s]                  from [01m[K/opt/ros/foxy/include/rclcpp/any_executable.hpp:20[m[K,
[5.599s]                  from [01m[K/opt/ros/foxy/include/rclcpp/memory_strategy.hpp:24[m[K,
[5.599s]                  from [01m[K/opt/ros/foxy/include/rclcpp/memory_strategies.hpp:18[m[K,
[5.599s]                  from [01m[K/opt/ros/foxy/include/rclcpp/executor_options.hpp:20[m[K,
[5.600s]                  from [01m[K/opt/ros/foxy/include/rclcpp/executor.hpp:33[m[K,
[5.600s]                  from [01m[K/opt/ros/foxy/include/rclcpp/executors/multi_threaded_executor.hpp:26[m[K,
[5.600s]                  from [01m[K/opt/ros/foxy/include/rclcpp/executors.hpp:21[m[K,
[5.600s]                  from [01m[K/opt/ros/foxy/include/rclcpp/rclcpp.hpp:146[m[K,
[5.600s]                  from [01m[K/home/kimm/wearable_robot_ws/src/wearable_robot_data_processing/src/can_data_processor.cpp:1[m[K:
[5.600s] [01m[K/opt/ros/foxy/include/rosidl_runtime_cpp/bounded_vector.hpp:431:3:[m[K [01;36m[Knote: [m[Kcandidate: ‘[01m[Ktemplate<class T, typename std::enable_if<((! std::is_same<T, unsigned char>::value) && (! std::is_same<T, bool>::value)), void>::type* <anonymous> > const T* rosidl_runtime_cpp::BoundedVector<Tp, UpperBound, Alloc>::data() const [with T = T; typename std::enable_if<((! std::is_same<T, Tp>::value) && (! std::is_same<T, bool>::value))>::type* <anonymous> = <enumerator>; Tp = unsigned char; long unsigned int UpperBound = 64; Alloc = std::allocator<unsigned char>][m[K’
[5.600s]   431 |   [01;36m[Kdata[m[K() const noexcept
[5.600s]       |   [01;36m[K^~~~[m[K
[5.601s] [01m[K/opt/ros/foxy/include/rosidl_runtime_cpp/bounded_vector.hpp:431:3:[m[K [01;36m[Knote: [m[K  template argument deduction/substitution failed:
[5.601s] [01m[K/home/kimm/wearable_robot_ws/src/wearable_robot_data_processing/src/can_data_processor.cpp:59:50:[m[K [01;36m[Knote: [m[K  couldn’t deduce template parameter ‘[01m[KT[m[K’
[5.601s]    59 |         const uint8_t* raw_data = msg->data.data([01;36m[K)[m[K;
[5.601s]       |                                                  [01;36m[K^[m[K
[9.920s] make[2]: *** [CMakeFiles/can_data_processor.dir/build.make:63: CMakeFiles/can_data_processor.dir/src/can_data_processor.cpp.o] Error 1
[9.921s] make[1]: *** [CMakeFiles/Makefile2:86: CMakeFiles/can_data_processor.dir/all] Error 2
[9.921s] make: *** [Makefile:141: all] Error 2
[9.931s] Invoked command in '/home/kimm/wearable_robot_ws/build/wearable_robot_data_processing' returned '2': CMAKE_PREFIX_PATH=/home/kimm/wearable_robot_ws/install/ros2_socketcan:/home/kimm/wearable_robot_ws/install/wearable_robot_interfaces:/home/kimm/wearable_robot_ws/install/ros2_socketcan_msgs:/home/kimm/wearable_robot_ws/install/wearable_robot_hw:/home/kimm/wearable_robot_ws/install/wearable_robot_data_processing:/home/kimm/wearable_robot_ws/install/wearable_robot_control:/home/kimm/wearable_robot_ws/install/wearable_robot_bringup:/home/kimm/wearable_robot_ws/install/can_comm:/home/kimm/install/can_data_extractor:/opt/ros/foxy LD_LIBRARY_PATH=/home/kimm/wearable_robot_ws/install/ros2_socketcan/lib:/home/kimm/wearable_robot_ws/install/wearable_robot_interfaces/lib:/home/kimm/wearable_robot_ws/install/ros2_socketcan_msgs/lib:/opt/ros/foxy/opt/yaml_cpp_vendor/lib:/opt/ros/foxy/opt/rviz_ogre_vendor/lib:/opt/ros/foxy/lib/aarch64-linux-gnu:/opt/ros/foxy/lib /usr/bin/cmake --build /home/kimm/wearable_robot_ws/build/wearable_robot_data_processing -- -j8 -l8
