[0.122s] Invoking command in '/home/kimm/wearable_robot_ws/build/wearable_robot_bringup': CMAKE_PREFIX_PATH=${CMAKE_PREFIX_PATH}:/opt/ros/foxy /usr/bin/cmake --build /home/kimm/wearable_robot_ws/build/wearable_robot_bringup -- -j8 -l8
[0.385s] Invoked command in '/home/kimm/wearable_robot_ws/build/wearable_robot_bringup' returned '0': CMAKE_PREFIX_PATH=${CMAKE_PREFIX_PATH}:/opt/ros/foxy /usr/bin/cmake --build /home/kimm/wearable_robot_ws/build/wearable_robot_bringup -- -j8 -l8
[0.398s] Invoking command in '/home/kimm/wearable_robot_ws/build/wearable_robot_bringup': CMAKE_PREFIX_PATH=${CMAKE_PREFIX_PATH}:/opt/ros/foxy /usr/bin/cmake --install /home/kimm/wearable_robot_ws/build/wearable_robot_bringup
[0.425s] -- Install configuration: ""
[0.426s] -- Execute custom install script
[0.426s] -- Up-to-date symlink: /home/kimm/wearable_robot_ws/install/wearable_robot_bringup/share/wearable_robot_bringup/launch/data_processing.launch.py
[0.426s] -- Up-to-date symlink: /home/kimm/wearable_robot_ws/install/wearable_robot_bringup/share/wearable_robot_bringup/launch/multi_serial_nodes.launch.py
[0.427s] -- Up-to-date symlink: /home/kimm/wearable_robot_ws/install/wearable_robot_bringup/share/wearable_robot_bringup/launch/system.launch.py
[0.428s] -- Up-to-date symlink: /home/kimm/wearable_robot_ws/install/wearable_robot_bringup/share/wearable_robot_bringup/config/calibration_params.yaml
[0.428s] -- Up-to-date symlink: /home/kimm/wearable_robot_ws/install/wearable_robot_bringup/share/wearable_robot_bringup/config/serial_params.yaml
[0.428s] -- Up-to-date symlink: /home/kimm/wearable_robot_ws/install/wearable_robot_bringup/share/wearable_robot_bringup/launch/data_processing.launch.py
[0.429s] -- Up-to-date symlink: /home/kimm/wearable_robot_ws/install/wearable_robot_bringup/share/wearable_robot_bringup/launch/multi_serial_nodes.launch.py
[0.431s] -- Up-to-date symlink: /home/kimm/wearable_robot_ws/install/wearable_robot_bringup/share/wearable_robot_bringup/launch/system.launch.py
[0.431s] -- Up-to-date symlink: /home/kimm/wearable_robot_ws/install/wearable_robot_bringup/share/wearable_robot_bringup/config/calibration_params.yaml
[0.432s] -- Up-to-date symlink: /home/kimm/wearable_robot_ws/install/wearable_robot_bringup/share/wearable_robot_bringup/config/serial_params.yaml
[0.432s] -- Up-to-date symlink: /home/kimm/wearable_robot_ws/install/wearable_robot_bringup/share/ament_index/resource_index/package_run_dependencies/wearable_robot_bringup
[0.434s] -- Up-to-date symlink: /home/kimm/wearable_robot_ws/install/wearable_robot_bringup/share/ament_index/resource_index/parent_prefix_path/wearable_robot_bringup
[0.434s] -- Up-to-date symlink: /home/kimm/wearable_robot_ws/install/wearable_robot_bringup/share/wearable_robot_bringup/environment/ament_prefix_path.sh
[0.435s] -- Up-to-date symlink: /home/kimm/wearable_robot_ws/install/wearable_robot_bringup/share/wearable_robot_bringup/environment/ament_prefix_path.dsv
[0.435s] -- Up-to-date symlink: /home/kimm/wearable_robot_ws/install/wearable_robot_bringup/share/wearable_robot_bringup/environment/path.sh
[0.436s] -- Up-to-date symlink: /home/kimm/wearable_robot_ws/install/wearable_robot_bringup/share/wearable_robot_bringup/environment/path.dsv
[0.436s] -- Up-to-date symlink: /home/kimm/wearable_robot_ws/install/wearable_robot_bringup/share/wearable_robot_bringup/local_setup.bash
[0.440s] -- Up-to-date symlink: /home/kimm/wearable_robot_ws/install/wearable_robot_bringup/share/wearable_robot_bringup/local_setup.sh
[0.441s] -- Up-to-date symlink: /home/kimm/wearable_robot_ws/install/wearable_robot_bringup/share/wearable_robot_bringup/local_setup.zsh
[0.441s] -- Up-to-date symlink: /home/kimm/wearable_robot_ws/install/wearable_robot_bringup/share/wearable_robot_bringup/local_setup.dsv
[0.442s] -- Symlinking: /home/kimm/wearable_robot_ws/install/wearable_robot_bringup/share/wearable_robot_bringup/package.dsv
[0.468s] -- Up-to-date symlink: /home/kimm/wearable_robot_ws/install/wearable_robot_bringup/share/ament_index/resource_index/packages/wearable_robot_bringup
[0.468s] -- Up-to-date symlink: /home/kimm/wearable_robot_ws/install/wearable_robot_bringup/share/wearable_robot_bringup/cmake/wearable_robot_bringupConfig.cmake
[0.474s] -- Up-to-date symlink: /home/kimm/wearable_robot_ws/install/wearable_robot_bringup/share/wearable_robot_bringup/cmake/wearable_robot_bringupConfig-version.cmake
[0.474s] -- Up-to-date symlink: /home/kimm/wearable_robot_ws/install/wearable_robot_bringup/share/wearable_robot_bringup/package.xml
[0.550s] Invoked command in '/home/kimm/wearable_robot_ws/build/wearable_robot_bringup' returned '0': CMAKE_PREFIX_PATH=${CMAKE_PREFIX_PATH}:/opt/ros/foxy /usr/bin/cmake --install /home/kimm/wearable_robot_ws/build/wearable_robot_bringup
