[0.035s] Invoking command in '/home/kimm/wearable_robot_ws/build/wearable_robot_data_processing': CMAKE_PREFIX_PATH=/home/kimm/wearable_robot_ws/install/wearable_robot_interfaces:/home/kimm/wearable_robot_ws/install/wearable_robot_hw:/home/kimm/wearable_robot_ws/install/wearable_robot_data_processing:/home/kimm/wearable_robot_ws/install/wearable_robot_control:/home/kimm/wearable_robot_ws/install/wearable_robot_bringup:/home/kimm/wearable_robot_ws/install/ros2_socketcan:/home/kimm/wearable_robot_ws/install/ros2_socketcan_msgs:/home/kimm/wearable_robot_ws/install/can_comm:/home/kimm/install/can_data_extractor:/opt/ros/foxy /usr/bin/cmake --build /home/kimm/wearable_robot_ws/build/wearable_robot_data_processing -- -j8 -l8
[0.107s] -- Found ament_cmake: 0.9.12 (/opt/ros/foxy/share/ament_cmake/cmake)
[0.157s] -- Using PYTHON_EXECUTABLE: /usr/bin/python3
[0.548s] -- Override CMake install command with custom implementation using symlinks instead of copying resources
[0.563s] -- Found rclcpp: 2.4.3 (/opt/ros/foxy/share/rclcpp/cmake)
[0.629s] -- Using all available rosidl_typesupport_c: rosidl_typesupport_fastrtps_c;rosidl_typesupport_introspection_c
[0.636s] -- Found rosidl_adapter: 1.3.1 (/opt/ros/foxy/share/rosidl_adapter/cmake)
[0.890s] -- Using all available rosidl_typesupport_cpp: rosidl_typesupport_fastrtps_cpp;rosidl_typesupport_introspection_cpp
[0.985s] -- Found rmw_implementation_cmake: 1.0.4 (/opt/ros/foxy/share/rmw_implementation_cmake/cmake)
[0.988s] -- Using RMW implementation 'rmw_fastrtps_cpp' as default
[1.253s] -- Found wearable_robot_interfaces: 0.0.0 (/home/kimm/wearable_robot_ws/install/wearable_robot_interfaces/share/wearable_robot_interfaces/cmake)
[1.311s] -- Found rclcpp_lifecycle: 2.4.3 (/opt/ros/foxy/share/rclcpp_lifecycle/cmake)
[1.372s] -- Found can_msgs: 2.0.0 (/opt/ros/foxy/share/can_msgs/cmake)
[1.435s] -- Found ros2_socketcan: 1.3.0 (/home/kimm/wearable_robot_ws/install/ros2_socketcan/share/ros2_socketcan/cmake)
[1.894s] -- Found ament_lint_auto: 0.9.8 (/opt/ros/foxy/share/ament_lint_auto/cmake)
[2.034s] -- Added test 'copyright' to check source files copyright and LICENSE
[2.036s] -- Added test 'cppcheck' to perform static code analysis on C / C++ code
[2.038s] -- Configured cppcheck include dirs: /home/kimm/wearable_robot_ws/src/wearable_robot_data_processing/include
[2.038s] -- Configured cppcheck exclude dirs and/or files: 
[2.040s] -- Added test 'cpplint' to check C / C++ code against the Google style
[2.040s] -- Configured cpplint exclude dirs and/or files: 
[2.041s] -- Added test 'lint_cmake' to check CMake code style
[2.043s] -- Added test 'uncrustify' to check C / C++ code style
[2.043s] -- Configured uncrustify additional arguments: 
[2.043s] -- Added test 'xmllint' to check XML markup files
[2.051s] -- Configuring done
[2.142s] -- Generating done
[2.183s] -- Build files have been written to: /home/kimm/wearable_robot_ws/build/wearable_robot_data_processing
[2.249s] [35m[1mScanning dependencies of target can_receiver_100_node[0m
[2.250s] [35m[1mScanning dependencies of target can_receiver_401_node[0m
[2.251s] [35m[1mScanning dependencies of target displacement_data_logger[0m
[2.252s] [35m[1mScanning dependencies of target data_parser_node[0m
[2.252s] [35m[1mScanning dependencies of target displacement_processing_node[0m
[2.254s] [35m[1mScanning dependencies of target IMU_processing_node[0m
[2.281s] [  8%] [32mBuilding CXX object CMakeFiles/can_receiver_100_node.dir/src/can_receiver_100_node.cpp.o[0m
[2.288s] [ 16%] [32mBuilding CXX object CMakeFiles/can_receiver_401_node.dir/src/can_receiver_401_node.cpp.o[0m
[2.294s] [ 25%] [32mBuilding CXX object CMakeFiles/displacement_processing_node.dir/src/displacement_processing_node.cpp.o[0m
[2.296s] [ 33%] [32mBuilding CXX object CMakeFiles/displacement_data_logger.dir/src/displacement_data_logger_node.cpp.o[0m
[2.296s] [ 41%] [32mBuilding CXX object CMakeFiles/data_parser_node.dir/src/data_parser_node.cpp.o[0m
[2.300s] [ 50%] [32mBuilding CXX object CMakeFiles/IMU_processing_node.dir/src/IMU_processing_node.cpp.o[0m
[2.307s] [01m[K/home/kimm/wearable_robot_ws/src/wearable_robot_data_processing/src/can_receiver_401_node.cpp:1:10:[m[K [01;31m[Kfatal error: [m[Kcan_receiver_401_node.hpp: No such file or directory
[2.308s]     1 | #include [01;31m[K"can_receiver_401_node.hpp"[m[K
[2.308s]       |          [01;31m[K^~~~~~~~~~~~~~~~~~~~~~~~~~~[m[K
[2.308s] compilation terminated.
[2.310s] make[2]: *** [CMakeFiles/can_receiver_401_node.dir/build.make:63: CMakeFiles/can_receiver_401_node.dir/src/can_receiver_401_node.cpp.o] Error 1
[2.310s] make[1]: *** [CMakeFiles/Makefile2:115: CMakeFiles/can_receiver_401_node.dir/all] Error 2
[2.311s] make[1]: *** Waiting for unfinished jobs....
[2.313s] [01m[K/home/kimm/wearable_robot_ws/src/wearable_robot_data_processing/src/can_receiver_100_node.cpp:1:10:[m[K [01;31m[Kfatal error: [m[Kcan_receiver_100_node.hpp: No such file or directory
[2.313s]     1 | #include [01;31m[K"can_receiver_100_node.hpp"[m[K
[2.313s]       |          [01;31m[K^~~~~~~~~~~~~~~~~~~~~~~~~~~[m[K
[2.314s] compilation terminated.
[2.315s] make[2]: *** [CMakeFiles/can_receiver_100_node.dir/build.make:63: CMakeFiles/can_receiver_100_node.dir/src/can_receiver_100_node.cpp.o] Error 1
[2.315s] make[1]: *** [CMakeFiles/Makefile2:88: CMakeFiles/can_receiver_100_node.dir/all] Error 2
[14.840s] [ 58%] [32m[1mLinking CXX executable displacement_data_logger[0m
[15.414s] [ 58%] Built target displacement_data_logger
[16.802s] [ 66%] [32m[1mLinking CXX executable displacement_processing_node[0m
[16.879s] [ 75%] [32m[1mLinking CXX executable IMU_processing_node[0m
[17.378s] [ 75%] Built target displacement_processing_node
[17.456s] [ 75%] Built target IMU_processing_node
[19.775s] [ 83%] [32m[1mLinking CXX executable data_parser_node[0m
[20.402s] [ 83%] Built target data_parser_node
[20.405s] make: *** [Makefile:141: all] Error 2
[20.411s] Invoked command in '/home/kimm/wearable_robot_ws/build/wearable_robot_data_processing' returned '2': CMAKE_PREFIX_PATH=/home/kimm/wearable_robot_ws/install/wearable_robot_interfaces:/home/kimm/wearable_robot_ws/install/wearable_robot_hw:/home/kimm/wearable_robot_ws/install/wearable_robot_data_processing:/home/kimm/wearable_robot_ws/install/wearable_robot_control:/home/kimm/wearable_robot_ws/install/wearable_robot_bringup:/home/kimm/wearable_robot_ws/install/ros2_socketcan:/home/kimm/wearable_robot_ws/install/ros2_socketcan_msgs:/home/kimm/wearable_robot_ws/install/can_comm:/home/kimm/install/can_data_extractor:/opt/ros/foxy /usr/bin/cmake --build /home/kimm/wearable_robot_ws/build/wearable_robot_data_processing -- -j8 -l8
